[ 2017-12-04T14:16:16+08:00 ] 1.85.217.0 /TP/
INFO: [ app_init ] --START--
INFO: Run Behavior\BuildLiteBehavior [ RunTime:0.000012s ]
INFO: [ app_init ] --END-- [ RunTime:0.000398s ]
INFO: [ app_begin ] --START--
INFO: Run Behavior\ReadHtmlCacheBehavior [ RunTime:0.000618s ]
INFO: [ app_begin ] --END-- [ RunTime:0.000645s ]
ERR: 模板不存在:./Application/Home/View/Index/Index.html

[ 2017-12-04T17:07:13+08:00 ] 183.3.227.100 /TP/?nsukey=TzMXVUM88o2F5lLQ3zlOSGFtOL2BMcIBdedIi6vqUt2q5iLMNMub52B5dHIlduqsCSvW3SC4dMo9rkzwEFYdC2B5Z03UPsigFSWRMgaxkdhNzlaE9kC3MUXkDgpEX4MTQ7QTifMZ9vACvv6itGm6Mdqlh2yHmZQ1upDeiPK8ovy74USsCabVtBe2v17ixzpb2FtTwmet2FpMPRP1j07bKSbvqbGg3D3D
INFO: [ app_init ] --START--
INFO: Run Behavior\BuildLiteBehavior [ RunTime:0.000008s ]
INFO: [ app_init ] --END-- [ RunTime:0.000075s ]
INFO: [ app_begin ] --START--
INFO: Run Behavior\ReadHtmlCacheBehavior [ RunTime:0.000070s ]
INFO: [ app_begin ] --END-- [ RunTime:0.000105s ]
ERR: 模板不存在:./Application/Home/View/Index/Index.html

[ 2017-12-04T17:07:14+08:00 ] 123.151.77.71 /TP/?nsukey=TzMXVUM88o%2F5lLQ3zlOSGFtOL%2BMcIBdedIi6vqUt2q5iLMNMub5%2B5dHIlduqsCSvW3SC4dMo9rkzwEFYdC%2B5Z03UPsigFSWRMgaxkdhNzlaE9kC3MUXkDgpEX4MTQ7QTifMZ9vACvv6itGm6Mdqlh2yHmZQ1upDeiPK8ovy74USsCabVtBe2v17ixzpb%2FtTwmet%2FpMPRP1j07bKSbvqbGg%3D%3D
INFO: [ app_init ] --START--
INFO: Run Behavior\BuildLiteBehavior [ RunTime:0.000008s ]
INFO: [ app_init ] --END-- [ RunTime:0.000064s ]
INFO: [ app_begin ] --START--
INFO: Run Behavior\ReadHtmlCacheBehavior [ RunTime:0.000034s ]
INFO: [ app_begin ] --END-- [ RunTime:0.000051s ]
ERR: 模板不存在:./Application/Home/View/Index/Index.html

[ 2017-12-04T17:07:14+08:00 ] 101.226.233.153 /TP/?nsukey=TzMXVUM88o%2F5lLQ3zlOSGFtOL%2BMcIBdedIi6vqUt2q5iLMNMub5%2B5dHIlduqsCSvW3SC4dMo9rkzwEFYdC%2B5Z03UPsigFSWRMgaxkdhNzlaE9kC3MUXkDgpEX4MTQ7QTifMZ9vACvv6itGm6Mdqlh2yHmZQ1upDeiPK8ovy74USsCabVtBe2v17ixzpb%2FtTwmet%2FpMPRP1j07bKSbvqbGg%3D%3D
INFO: [ app_init ] --START--
INFO: Run Behavior\BuildLiteBehavior [ RunTime:0.000007s ]
INFO: [ app_init ] --END-- [ RunTime:0.000057s ]
INFO: [ app_begin ] --START--
INFO: Run Behavior\ReadHtmlCacheBehavior [ RunTime:0.000032s ]
INFO: [ app_begin ] --END-- [ RunTime:0.000050s ]
ERR: 模板不存在:./Application/Home/View/Index/Index.html

[ 2017-12-04T17:07:14+08:00 ] 101.226.233.158 /TP/?nsukey=TzMXVUM88o%2F5lLQ3zlOSGFtOL%2BMcIBdedIi6vqUt2q5iLMNMub5%2B5dHIlduqsCSvW3SC4dMo9rkzwEFYdC%2B5Z03UPsigFSWRMgaxkdhNzlaE9kC3MUXkDgpEX4MTQ7QTifMZ9vACvv6itGm6Mdqlh2yHmZQ1upDeiPK8ovy74USsCabVtBe2v17ixzpb%2FtTwmet%2FpMPRP1j07bKSbvqbGg%3D%3D
INFO: [ app_init ] --START--
INFO: Run Behavior\BuildLiteBehavior [ RunTime:0.000009s ]
INFO: [ app_init ] --END-- [ RunTime:0.000081s ]
INFO: [ app_begin ] --START--
INFO: Run Behavior\ReadHtmlCacheBehavior [ RunTime:0.000046s ]
INFO: [ app_begin ] --END-- [ RunTime:0.000069s ]
ERR: 模板不存在:./Application/Home/View/Index/Index.html

[ 2017-12-04T17:07:23+08:00 ] 120.204.17.46 /TP/?nsukey=TzMXVUM88o%2F5lLQ3zlOSGFtOL%2BMcIBdedIi6vqUt2q5iLMNMub5%2B5dHIlduqsCSvW3SC4dMo9rkzwEFYdC%2B5Z03UPsigFSWRMgaxkdhNzlaE9kC3MUXkDgpEX4MTQ7QTifMZ9vACvv6itGm6Mdqlh2yHmZQ1upDeiPK8ovy74USsCabVtBe2v17ixzpb%2FtTwmet%2FpMPRP1j07bKSbvqbGg%3D%3D
INFO: [ app_init ] --START--
INFO: Run Behavior\BuildLiteBehavior [ RunTime:0.000010s ]
INFO: [ app_init ] --END-- [ RunTime:0.000086s ]
INFO: [ app_begin ] --START--
INFO: Run Behavior\ReadHtmlCacheBehavior [ RunTime:0.000045s ]
INFO: [ app_begin ] --END-- [ RunTime:0.000074s ]
ERR: 模板不存在:./Application/Home/View/Index/Index.html

[ 2017-12-04T17:07:24+08:00 ] 120.204.17.68 /TP/?nsukey=TzMXVUM88o%2F5lLQ3zlOSGFtOL%2BMcIBdedIi6vqUt2q5iLMNMub5%2B5dHIlduqsCSvW3SC4dMo9rkzwEFYdC%2B5Z03UPsigFSWRMgaxkdhNzlaE9kC3MUXkDgpEX4MTQ7QTifMZ9vACvv6itGm6Mdqlh2yHmZQ1upDeiPK8ovy74USsCabVtBe2v17ixzpb%2FtTwmet%2FpMPRP1j07bKSbvqbGg%3D%3D
INFO: [ app_init ] --START--
INFO: Run Behavior\BuildLiteBehavior [ RunTime:0.000010s ]
INFO: [ app_init ] --END-- [ RunTime:0.000112s ]
INFO: [ app_begin ] --START--
INFO: Run Behavior\ReadHtmlCacheBehavior [ RunTime:0.000048s ]
INFO: [ app_begin ] --END-- [ RunTime:0.000073s ]
ERR: 模板不存在:./Application/Home/View/Index/Index.html

[ 2017-12-04T17:07:24+08:00 ] 120.204.17.68 /TP/?nsukey=TzMXVUM88o%2F5lLQ3zlOSGFtOL%2BMcIBdedIi6vqUt2q5iLMNMub5%2B5dHIlduqsCSvW3SC4dMo9rkzwEFYdC%2B5Z03UPsigFSWRMgaxkdhNzlaE9kC3MUXkDgpEX4MTQ7QTifMZ9vACvv6itGm6Mdqlh2yHmZQ1upDeiPK8ovy74USsCabVtBe2v17ixzpb%2FtTwmet%2FpMPRP1j07bKSbvqbGg%3D%3D
INFO: [ app_init ] --START--
INFO: Run Behavior\BuildLiteBehavior [ RunTime:0.000009s ]
INFO: [ app_init ] --END-- [ RunTime:0.000085s ]
INFO: [ app_begin ] --START--
INFO: Run Behavior\ReadHtmlCacheBehavior [ RunTime:0.000048s ]
INFO: [ app_begin ] --END-- [ RunTime:0.000075s ]
ERR: 模板不存在:./Application/Home/View/Index/Index.html

[ 2017-12-04T17:07:25+08:00 ] 101.226.33.202 /TP/?nsukey=TzMXVUM88o%2F5lLQ3zlOSGFtOL%2BMcIBdedIi6vqUt2q5iLMNMub5%2B5dHIlduqsCSvW3SC4dMo9rkzwEFYdC%2B5Z03UPsigFSWRMgaxkdhNzlaE9kC3MUXkDgpEX4MTQ7QTifMZ9vACvv6itGm6Mdqlh2yHmZQ1upDeiPK8ovy74USsCabVtBe2v17ixzpb%2FtTwmet%2FpMPRP1j07bKSbvqbGg%3D%3D
INFO: [ app_init ] --START--
INFO: Run Behavior\BuildLiteBehavior [ RunTime:0.000007s ]
INFO: [ app_init ] --END-- [ RunTime:0.000069s ]
INFO: [ app_begin ] --START--
INFO: Run Behavior\ReadHtmlCacheBehavior [ RunTime:0.000037s ]
INFO: [ app_begin ] --END-- [ RunTime:0.000058s ]
ERR: 模板不存在:./Application/Home/View/Index/Index.html

[ 2017-12-04T17:07:25+08:00 ] 101.226.33.228 /TP/?nsukey=TzMXVUM88o%2F5lLQ3zlOSGFtOL%2BMcIBdedIi6vqUt2q5iLMNMub5%2B5dHIlduqsCSvW3SC4dMo9rkzwEFYdC%2B5Z03UPsigFSWRMgaxkdhNzlaE9kC3MUXkDgpEX4MTQ7QTifMZ9vACvv6itGm6Mdqlh2yHmZQ1upDeiPK8ovy74USsCabVtBe2v17ixzpb%2FtTwmet%2FpMPRP1j07bKSbvqbGg%3D%3D
INFO: [ app_init ] --START--
INFO: Run Behavior\BuildLiteBehavior [ RunTime:0.000009s ]
INFO: [ app_init ] --END-- [ RunTime:0.000084s ]
INFO: [ app_begin ] --START--
INFO: Run Behavior\ReadHtmlCacheBehavior [ RunTime:0.000049s ]
INFO: [ app_begin ] --END-- [ RunTime:0.000076s ]
ERR: 模板不存在:./Application/Home/View/Index/Index.html

[ 2017-12-04T17:09:39+08:00 ] 101.226.65.107 /TP/?nsukey=TzMXVUM88o%2F5lLQ3zlOSGFtOL%2BMcIBdedIi6vqUt2q5iLMNMub5%2B5dHIlduqsCSvW3SC4dMo9rkzwEFYdC%2B5Z03UPsigFSWRMgaxkdhNzlaE9kC3MUXkDgpEX4MTQ7QTifMZ9vACvv6itGm6Mdqlh2yHmZQ1upDeiPK8ovy74USsCabVtBe2v17ixzpb%2FtTwmet%2FpMPRP1j07bKSbvqbGg%3D%3D
INFO: [ app_init ] --START--
INFO: Run Behavior\BuildLiteBehavior [ RunTime:0.000009s ]
INFO: [ app_init ] --END-- [ RunTime:0.000084s ]
INFO: [ app_begin ] --START--
INFO: Run Behavior\ReadHtmlCacheBehavior [ RunTime:0.000084s ]
INFO: [ app_begin ] --END-- [ RunTime:0.000108s ]
ERR: 模板不存在:./Application/Home/View/Index/Index.html

[ 2017-12-04T17:09:40+08:00 ] 101.226.65.107 /TP/?nsukey=TzMXVUM88o%2F5lLQ3zlOSGFtOL%2BMcIBdedIi6vqUt2q5iLMNMub5%2B5dHIlduqsCSvW3SC4dMo9rkzwEFYdC%2B5Z03UPsigFSWRMgaxkdhNzlaE9kC3MUXkDgpEX4MTQ7QTifMZ9vACvv6itGm6Mdqlh2yHmZQ1upDeiPK8ovy74USsCabVtBe2v17ixzpb%2FtTwmet%2FpMPRP1j07bKSbvqbGg%3D%3D
INFO: [ app_init ] --START--
INFO: Run Behavior\BuildLiteBehavior [ RunTime:0.000008s ]
INFO: [ app_init ] --END-- [ RunTime:0.000074s ]
INFO: [ app_begin ] --START--
INFO: Run Behavior\ReadHtmlCacheBehavior [ RunTime:0.000040s ]
INFO: [ app_begin ] --END-- [ RunTime:0.000062s ]
ERR: 模板不存在:./Application/Home/View/Index/Index.html

[ 2017-12-04T17:25:42+08:00 ] 121.51.14.26 /TP/?nsukey=zhlQwOG9GmLFiMBSG1aOhcT3FGNUwbw6OO2jTyUPY2Fm9lKb71jmMuSt2BoQPtDEOVzhSNtopWW2BhlJJWNZX7IhJ2faBA2FqSq2BWTXDYfrpqVlhNL4bNd2BjVdjXlrlvE7lqt2BFg2F2B5J251w9Lex8VEzgYmk1bGjyUh2B0HY8diu8leZ1yz1aIzTtHqfCABGCUWSJUHybIxavTf7Si89Gxr2FUhw3D3D
INFO: [ app_init ] --START--
INFO: Run Behavior\BuildLiteBehavior [ RunTime:0.000007s ]
INFO: [ app_init ] --END-- [ RunTime:0.000080s ]
INFO: [ app_begin ] --START--
INFO: Run Behavior\ReadHtmlCacheBehavior [ RunTime:0.000056s ]
INFO: [ app_begin ] --END-- [ RunTime:0.000081s ]
ERR: 模板不存在:./Application/Home/View/Index/Index.html

[ 2017-12-04T17:25:42+08:00 ] 123.151.77.71 /TP/?nsukey=zhlQwOG9GmLFiMBSG1aOhcT3FGNUwbw6OO2jTyUPY%2Fm9lKb71jmMuSt%2BoQPtDEOVzhSNtopWW%2BhlJJWNZX7IhJ2faBA%2FqSq%2BWTXDYfrpqVlhNL4bNd%2BjVdjXlrlvE7lqt%2BFg%2F%2B5J251w9Lex8VEzgYmk1bGjyUh%2B0HY8diu8leZ1yz1aIzTtHqfCABGCUWSJUHybIxavTf7Si89Gxr%2FUhw%3D%3D
INFO: [ app_init ] --START--
INFO: Run Behavior\BuildLiteBehavior [ RunTime:0.000009s ]
INFO: [ app_init ] --END-- [ RunTime:0.000079s ]
INFO: [ app_begin ] --START--
INFO: Run Behavior\ReadHtmlCacheBehavior [ RunTime:0.000045s ]
INFO: [ app_begin ] --END-- [ RunTime:0.000068s ]
ERR: 模板不存在:./Application/Home/View/Index/Index.html

[ 2017-12-04T17:25:43+08:00 ] 101.226.233.141 /TP/?nsukey=zhlQwOG9GmLFiMBSG1aOhcT3FGNUwbw6OO2jTyUPY%2Fm9lKb71jmMuSt%2BoQPtDEOVzhSNtopWW%2BhlJJWNZX7IhJ2faBA%2FqSq%2BWTXDYfrpqVlhNL4bNd%2BjVdjXlrlvE7lqt%2BFg%2F%2B5J251w9Lex8VEzgYmk1bGjyUh%2B0HY8diu8leZ1yz1aIzTtHqfCABGCUWSJUHybIxavTf7Si89Gxr%2FUhw%3D%3D
INFO: [ app_init ] --START--
INFO: Run Behavior\BuildLiteBehavior [ RunTime:0.000009s ]
INFO: [ app_init ] --END-- [ RunTime:0.000091s ]
INFO: [ app_begin ] --START--
INFO: Run Behavior\ReadHtmlCacheBehavior [ RunTime:0.000043s ]
INFO: [ app_begin ] --END-- [ RunTime:0.000066s ]
ERR: 模板不存在:./Application/Home/View/Index/Index.html

[ 2017-12-04T17:25:43+08:00 ] 101.226.233.158 /TP/?nsukey=zhlQwOG9GmLFiMBSG1aOhcT3FGNUwbw6OO2jTyUPY%2Fm9lKb71jmMuSt%2BoQPtDEOVzhSNtopWW%2BhlJJWNZX7IhJ2faBA%2FqSq%2BWTXDYfrpqVlhNL4bNd%2BjVdjXlrlvE7lqt%2BFg%2F%2B5J251w9Lex8VEzgYmk1bGjyUh%2B0HY8diu8leZ1yz1aIzTtHqfCABGCUWSJUHybIxavTf7Si89Gxr%2FUhw%3D%3D
INFO: [ app_init ] --START--
INFO: Run Behavior\BuildLiteBehavior [ RunTime:0.000009s ]
INFO: [ app_init ] --END-- [ RunTime:0.000073s ]
INFO: [ app_begin ] --START--
INFO: Run Behavior\ReadHtmlCacheBehavior [ RunTime:0.000041s ]
INFO: [ app_begin ] --END-- [ RunTime:0.000065s ]
ERR: 模板不存在:./Application/Home/View/Index/Index.html

[ 2017-12-04T17:25:51+08:00 ] 120.204.17.67 /TP/?nsukey=zhlQwOG9GmLFiMBSG1aOhcT3FGNUwbw6OO2jTyUPY%2Fm9lKb71jmMuSt%2BoQPtDEOVzhSNtopWW%2BhlJJWNZX7IhJ2faBA%2FqSq%2BWTXDYfrpqVlhNL4bNd%2BjVdjXlrlvE7lqt%2BFg%2F%2B5J251w9Lex8VEzgYmk1bGjyUh%2B0HY8diu8leZ1yz1aIzTtHqfCABGCUWSJUHybIxavTf7Si89Gxr%2FUhw%3D%3D
INFO: [ app_init ] --START--
INFO: Run Behavior\BuildLiteBehavior [ RunTime:0.000010s ]
INFO: [ app_init ] --END-- [ RunTime:0.000078s ]
INFO: [ app_begin ] --START--
INFO: Run Behavior\ReadHtmlCacheBehavior [ RunTime:0.000055s ]
INFO: [ app_begin ] --END-- [ RunTime:0.000080s ]
ERR: 模板不存在:./Application/Home/View/Index/Index.html

[ 2017-12-04T17:25:51+08:00 ] 121.51.32.144 /TP/
INFO: [ app_init ] --START--
INFO: Run Behavior\BuildLiteBehavior [ RunTime:0.000009s ]
INFO: [ app_init ] --END-- [ RunTime:0.000076s ]
INFO: [ app_begin ] --START--
INFO: Run Behavior\ReadHtmlCacheBehavior [ RunTime:0.000041s ]
INFO: [ app_begin ] --END-- [ RunTime:0.000063s ]
ERR: 模板不存在:./Application/Home/View/Index/Index.html

[ 2017-12-04T17:25:52+08:00 ] 120.204.17.68 /TP/?nsukey=zhlQwOG9GmLFiMBSG1aOhcT3FGNUwbw6OO2jTyUPY%2Fm9lKb71jmMuSt%2BoQPtDEOVzhSNtopWW%2BhlJJWNZX7IhJ2faBA%2FqSq%2BWTXDYfrpqVlhNL4bNd%2BjVdjXlrlvE7lqt%2BFg%2F%2B5J251w9Lex8VEzgYmk1bGjyUh%2B0HY8diu8leZ1yz1aIzTtHqfCABGCUWSJUHybIxavTf7Si89Gxr%2FUhw%3D%3D
INFO: [ app_init ] --START--
INFO: Run Behavior\BuildLiteBehavior [ RunTime:0.000007s ]
INFO: [ app_init ] --END-- [ RunTime:0.000057s ]
INFO: [ app_begin ] --START--
INFO: Run Behavior\ReadHtmlCacheBehavior [ RunTime:0.000049s ]
INFO: [ app_begin ] --END-- [ RunTime:0.000074s ]
ERR: 模板不存在:./Application/Home/View/Index/Index.html

[ 2017-12-04T17:25:53+08:00 ] 101.226.33.200 /TP/?nsukey=zhlQwOG9GmLFiMBSG1aOhcT3FGNUwbw6OO2jTyUPY%2Fm9lKb71jmMuSt%2BoQPtDEOVzhSNtopWW%2BhlJJWNZX7IhJ2faBA%2FqSq%2BWTXDYfrpqVlhNL4bNd%2BjVdjXlrlvE7lqt%2BFg%2F%2B5J251w9Lex8VEzgYmk1bGjyUh%2B0HY8diu8leZ1yz1aIzTtHqfCABGCUWSJUHybIxavTf7Si89Gxr%2FUhw%3D%3D
INFO: [ app_init ] --START--
INFO: Run Behavior\BuildLiteBehavior [ RunTime:0.000007s ]
INFO: [ app_init ] --END-- [ RunTime:0.000061s ]
INFO: [ app_begin ] --START--
INFO: Run Behavior\ReadHtmlCacheBehavior [ RunTime:0.000044s ]
INFO: [ app_begin ] --END-- [ RunTime:0.000067s ]
ERR: 模板不存在:./Application/Home/View/Index/Index.html

[ 2017-12-04T17:28:11+08:00 ] 101.226.65.107 /TP/?nsukey=zhlQwOG9GmLFiMBSG1aOhcT3FGNUwbw6OO2jTyUPY%2Fm9lKb71jmMuSt%2BoQPtDEOVzhSNtopWW%2BhlJJWNZX7IhJ2faBA%2FqSq%2BWTXDYfrpqVlhNL4bNd%2BjVdjXlrlvE7lqt%2BFg%2F%2B5J251w9Lex8VEzgYmk1bGjyUh%2B0HY8diu8leZ1yz1aIzTtHqfCABGCUWSJUHybIxavTf7Si89Gxr%2FUhw%3D%3D
INFO: [ app_init ] --START--
INFO: Run Behavior\BuildLiteBehavior [ RunTime:0.000009s ]
INFO: [ app_init ] --END-- [ RunTime:0.000160s ]
INFO: [ app_begin ] --START--
INFO: Run Behavior\ReadHtmlCacheBehavior [ RunTime:0.000046s ]
INFO: [ app_begin ] --END-- [ RunTime:0.000080s ]
ERR: 模板不存在:./Application/Home/View/Index/Index.html

[ 2017-12-04T17:28:11+08:00 ] 101.226.65.107 /TP/
INFO: [ app_init ] --START--
INFO: Run Behavior\BuildLiteBehavior [ RunTime:0.000032s ]
INFO: [ app_init ] --END-- [ RunTime:0.000096s ]
INFO: [ app_begin ] --START--
INFO: Run Behavior\ReadHtmlCacheBehavior [ RunTime:0.000032s ]
INFO: [ app_begin ] --END-- [ RunTime:0.000048s ]
ERR: 模板不存在:./Application/Home/View/Index/Index.html

[ 2017-12-04T17:28:11+08:00 ] 101.226.65.107 /TP/?nsukey=zhlQwOG9GmLFiMBSG1aOhcT3FGNUwbw6OO2jTyUPY%2Fm9lKb71jmMuSt%2BoQPtDEOVzhSNtopWW%2BhlJJWNZX7IhJ2faBA%2FqSq%2BWTXDYfrpqVlhNL4bNd%2BjVdjXlrlvE7lqt%2BFg%2F%2B5J251w9Lex8VEzgYmk1bGjyUh%2B0HY8diu8leZ1yz1aIzTtHqfCABGCUWSJUHybIxavTf7Si89Gxr%2FUhw%3D%3D
INFO: [ app_init ] --START--
INFO: Run Behavior\BuildLiteBehavior [ RunTime:0.000007s ]
INFO: [ app_init ] --END-- [ RunTime:0.000057s ]
INFO: [ app_begin ] --START--
INFO: Run Behavior\ReadHtmlCacheBehavior [ RunTime:0.000042s ]
INFO: [ app_begin ] --END-- [ RunTime:0.000063s ]
ERR: 模板不存在:./Application/Home/View/Index/Index.html

[ 2017-12-04T20:08:50+08:00 ] 163.177.90.152 /TP/?nsukey%3DzhlQwOG9GmLFiMBSG1aOhcT3FGNUwbw6OO2jTyUPY%252Fm9lKb71jmMuSt%252BoQPtDEOVzhSNtopWW%252BhlJJWNZX7IhJ2faBA%252FqSq%252BWTXDYfrpqVlhNL4bNd%252BjVdjXlrlvE7lqt%252BFg%252F%252B5J251w9Lex8VEzgYmk1bGjyUh%252B0HY8diu8leZ1yz1aIzTtHqfCABGCUWSJUHybIxavTf7Si89Gxr%252FUhw%253D%253D
INFO: [ app_init ] --START--
INFO: Run Behavior\BuildLiteBehavior [ RunTime:0.000011s ]
INFO: [ app_init ] --END-- [ RunTime:0.000101s ]
INFO: [ app_begin ] --START--
INFO: Run Behavior\ReadHtmlCacheBehavior [ RunTime:0.000053s ]
INFO: [ app_begin ] --END-- [ RunTime:0.000078s ]
ERR: 模板不存在:./Application/Home/View/Index/Index.html

