[ 2017-11-15T12:04:08+08:00 ] ::1 /TP/index.php/Admin
INFO: [ app_init ] --START--
INFO: Run Behavior\BuildLiteBehavior [ RunTime:0.000000s ]
INFO: [ app_init ] --END-- [ RunTime:0.001000s ]
INFO: [ app_begin ] --START--
INFO: Run Behavior\ReadHtmlCacheBehavior [ RunTime:0.001001s ]
INFO: [ app_begin ] --END-- [ RunTime:0.001001s ]
INFO: [ view_parse ] --START--
INFO: [ template_filter ] --START--
INFO: Run Behavior\ContentReplaceBehavior [ RunTime:0.001000s ]
INFO: [ template_filter ] --END-- [ RunTime:0.001000s ]
INFO: Run Behavior\ParseTemplateBehavior [ RunTime:0.030002s ]
INFO: [ view_parse ] --END-- [ RunTime:0.030002s ]
INFO: [ view_filter ] --START--
INFO: Run Behavior\WriteHtmlCacheBehavior [ RunTime:0.002000s ]
INFO: [ view_filter ] --END-- [ RunTime:0.002000s ]

[ 2017-11-15T12:04:25+08:00 ] ::1 /TP/index.php/Admin/Index/login
INFO: [ app_init ] --START--
INFO: Run Behavior\BuildLiteBehavior [ RunTime:0.000000s ]
INFO: [ app_init ] --END-- [ RunTime:0.001000s ]
INFO: [ app_begin ] --START--
INFO: Run Behavior\ReadHtmlCacheBehavior [ RunTime:0.001000s ]
INFO: [ app_begin ] --END-- [ RunTime:0.001000s ]
SQL: SHOW COLUMNS FROM `business` [ RunTime:0.0270s ]
SQL: SELECT * FROM `business` WHERE `business_account` = '18396961313' AND `business_pass` = '14e1b600b1fd579f47433b88e8d85291' LIMIT 1   [ RunTime:0.0010s ]
INFO: [ view_parse ] --START--
INFO: [ template_filter ] --START--
INFO: Run Behavior\ContentReplaceBehavior [ RunTime:0.000000s ]
INFO: [ template_filter ] --END-- [ RunTime:0.000000s ]
INFO: Run Behavior\ParseTemplateBehavior [ RunTime:0.009001s ]
INFO: [ view_parse ] --END-- [ RunTime:0.010001s ]
INFO: [ view_filter ] --START--
INFO: Run Behavior\WriteHtmlCacheBehavior [ RunTime:0.000000s ]
INFO: [ view_filter ] --END-- [ RunTime:0.000000s ]

[ 2017-11-15T12:04:41+08:00 ] ::1 /TP/index.php/Admin/Index/login
INFO: [ app_init ] --START--
INFO: Run Behavior\BuildLiteBehavior [ RunTime:0.000000s ]
INFO: [ app_init ] --END-- [ RunTime:0.001001s ]
INFO: [ app_begin ] --START--
INFO: Run Behavior\ReadHtmlCacheBehavior [ RunTime:0.002000s ]
INFO: [ app_begin ] --END-- [ RunTime:0.002000s ]
SQL: SHOW COLUMNS FROM `business` [ RunTime:0.0010s ]
SQL: SELECT * FROM `business` WHERE `business_account` = '18396961313' AND `business_pass` = '14e1b600b1fd579f47433b88e8d85291' LIMIT 1   [ RunTime:0.0000s ]
INFO: [ view_parse ] --START--
INFO: [ template_filter ] --START--
INFO: Run Behavior\ContentReplaceBehavior [ RunTime:0.000000s ]
INFO: [ template_filter ] --END-- [ RunTime:0.000000s ]
INFO: Run Behavior\ParseTemplateBehavior [ RunTime:0.012001s ]
INFO: [ view_parse ] --END-- [ RunTime:0.012001s ]
INFO: [ view_filter ] --START--
INFO: Run Behavior\WriteHtmlCacheBehavior [ RunTime:0.001000s ]
INFO: [ view_filter ] --END-- [ RunTime:0.001000s ]

[ 2017-11-15T12:06:47+08:00 ] ::1 /TP/index.php/Admin/Index/login
INFO: [ app_init ] --START--
INFO: Run Behavior\BuildLiteBehavior [ RunTime:0.000000s ]
INFO: [ app_init ] --END-- [ RunTime:0.001000s ]
INFO: [ app_begin ] --START--
INFO: Run Behavior\ReadHtmlCacheBehavior [ RunTime:0.001000s ]
INFO: [ app_begin ] --END-- [ RunTime:0.001000s ]
SQL: SHOW COLUMNS FROM `business` [ RunTime:0.0110s ]
SQL: SELECT * FROM `business` WHERE `business_account` = '18396961313' AND `business_pass` = '14e1b600b1fd579f47433b88e8d85291' LIMIT 1   [ RunTime:0.0010s ]

[ 2017-11-15T12:07:03+08:00 ] ::1 /TP/index.php/Admin/Index/login
INFO: [ app_init ] --START--
INFO: Run Behavior\BuildLiteBehavior [ RunTime:0.000000s ]
INFO: [ app_init ] --END-- [ RunTime:0.000000s ]
INFO: [ app_begin ] --START--
INFO: Run Behavior\ReadHtmlCacheBehavior [ RunTime:0.002000s ]
INFO: [ app_begin ] --END-- [ RunTime:0.002000s ]
SQL: SHOW COLUMNS FROM `business` [ RunTime:0.0010s ]
SQL: SELECT * FROM `business` WHERE `business_account` = '18396961313' AND `business_pass` = '14e1b600b1fd579f47433b88e8d85291' LIMIT 1   [ RunTime:0.0010s ]

[ 2017-11-15T12:11:15+08:00 ] ::1 /TP/index.php/Admin/Index/login
INFO: [ app_init ] --START--
INFO: Run Behavior\BuildLiteBehavior [ RunTime:0.000000s ]
INFO: [ app_init ] --END-- [ RunTime:0.001000s ]
INFO: [ app_begin ] --START--
INFO: Run Behavior\ReadHtmlCacheBehavior [ RunTime:0.001000s ]
INFO: [ app_begin ] --END-- [ RunTime:0.001000s ]
SQL: SHOW COLUMNS FROM `business` [ RunTime:0.0370s ]
SQL: SELECT * FROM `business` WHERE `business_account` = 'mali' AND `business_pass` = '14e1b600b1fd579f47433b88e8d85291' LIMIT 1   [ RunTime:0.0000s ]
INFO: [ view_parse ] --START--
INFO: [ template_filter ] --START--
INFO: Run Behavior\ContentReplaceBehavior [ RunTime:0.000000s ]
INFO: [ template_filter ] --END-- [ RunTime:0.000000s ]
INFO: Run Behavior\ParseTemplateBehavior [ RunTime:0.010000s ]
INFO: [ view_parse ] --END-- [ RunTime:0.010000s ]
INFO: [ view_filter ] --START--
INFO: Run Behavior\WriteHtmlCacheBehavior [ RunTime:0.001001s ]
INFO: [ view_filter ] --END-- [ RunTime:0.001001s ]
INFO: [ app_end ] --START--
INFO: Run Behavior\ShowPageTraceBehavior [ RunTime:0.001000s ]
INFO: [ app_end ] --END-- [ RunTime:0.001000s ]

[ 2017-11-15T12:11:16+08:00 ] ::1 /TP/index.php/Admin/Index/index.html
INFO: [ app_init ] --START--
INFO: Run Behavior\BuildLiteBehavior [ RunTime:0.000000s ]
INFO: [ app_init ] --END-- [ RunTime:0.001000s ]
INFO: [ app_begin ] --START--
INFO: Run Behavior\ReadHtmlCacheBehavior [ RunTime:0.001000s ]
INFO: [ app_begin ] --END-- [ RunTime:0.001000s ]
SQL: SHOW COLUMNS FROM `business` [ RunTime:0.0010s ]
SQL: SHOW COLUMNS FROM `b_turnover_in_the_day` [ RunTime:0.0440s ]
SQL: SELECT * FROM `business` WHERE `business_id` = 1 LIMIT 1   [ RunTime:0.0010s ]
SQL: SELECT * FROM `b_turnover_in_the_day` WHERE ( b_turnover_in_the_day_time <= 1510758000 and b_turnover_in_the_day_time > 1510675200 and business_id = 1 ) LIMIT 1   [ RunTime:0.0190s ]
NOTIC: [8] Undefined index: b_turnover_in_the_day_integral_ord C:\wamp\www\TP\Application\Admin\Controller\IndexController.class.php 第 27 行.
SQL: SHOW COLUMNS FROM `users_integral_list` [ RunTime:0.0050s ]
SQL: SELECT * FROM `users_integral_list` WHERE ( users_integral_addtime <= 1510758000 and users_integral_addtime > 1510675200 and business_id = 1 )  [ RunTime:0.0200s ]
SQL: SHOW COLUMNS FROM `users` [ RunTime:0.0190s ]
SQL: SELECT * FROM `users_integral_list` WHERE ( users_integral_addtime <= 1510758000 and users_integral_addtime > 1510675200 and business_id = 1 )  [ RunTime:0.0010s ]
INFO: [ view_parse ] --START--
INFO: [ template_filter ] --START--
INFO: Run Behavior\ContentReplaceBehavior [ RunTime:0.001000s ]
INFO: [ template_filter ] --END-- [ RunTime:0.001000s ]
NOTIC: [8] Undefined index: b_turnover_in_the_day_money C:\wamp\www\TP\Application\Runtime\Cache\Admin\b595b808c2ebeeeb0478ffc30bb4e87a.php 第 650 行.
INFO: Run Behavior\ParseTemplateBehavior [ RunTime:0.071005s ]
INFO: [ view_parse ] --END-- [ RunTime:0.071005s ]
INFO: [ view_filter ] --START--
INFO: Run Behavior\WriteHtmlCacheBehavior [ RunTime:0.001000s ]
INFO: [ view_filter ] --END-- [ RunTime:0.002000s ]
INFO: [ app_end ] --START--
INFO: Run Behavior\ShowPageTraceBehavior [ RunTime:0.002000s ]
INFO: [ app_end ] --END-- [ RunTime:0.002000s ]

[ 2017-11-15T12:11:34+08:00 ] ::1 /TP/index.php/Admin/Index/index.html
INFO: [ app_init ] --START--
INFO: Run Behavior\BuildLiteBehavior [ RunTime:0.000000s ]
INFO: [ app_init ] --END-- [ RunTime:0.001000s ]
INFO: [ app_begin ] --START--
INFO: Run Behavior\ReadHtmlCacheBehavior [ RunTime:0.001000s ]
INFO: [ app_begin ] --END-- [ RunTime:0.001000s ]
SQL: SHOW COLUMNS FROM `business` [ RunTime:0.0270s ]
SQL: SHOW COLUMNS FROM `b_turnover_in_the_day` [ RunTime:0.0020s ]
SQL: SELECT * FROM `business` WHERE `business_id` = 1 LIMIT 1   [ RunTime:0.0010s ]
SQL: SELECT * FROM `b_turnover_in_the_day` WHERE ( b_turnover_in_the_day_time <= 1510758000 and b_turnover_in_the_day_time > 1510675200 and business_id = 1 ) LIMIT 1   [ RunTime:0.0010s ]
NOTIC: [8] Undefined index: b_turnover_in_the_day_integral_ord C:\wamp\www\TP\Application\Admin\Controller\IndexController.class.php 第 27 行.
SQL: SHOW COLUMNS FROM `users_integral_list` [ RunTime:0.0180s ]
SQL: SELECT * FROM `users_integral_list` WHERE ( users_integral_addtime <= 1510758000 and users_integral_addtime > 1510675200 and business_id = 1 )  [ RunTime:0.0010s ]
SQL: SHOW COLUMNS FROM `users` [ RunTime:0.0020s ]
SQL: SELECT * FROM `users_integral_list` WHERE ( users_integral_addtime <= 1510758000 and users_integral_addtime > 1510675200 and business_id = 1 )  [ RunTime:0.0010s ]
INFO: [ view_parse ] --START--
INFO: [ template_filter ] --START--
INFO: Run Behavior\ContentReplaceBehavior [ RunTime:0.001000s ]
INFO: [ template_filter ] --END-- [ RunTime:0.001000s ]
NOTIC: [8] Undefined index: b_turnover_in_the_day_money C:\wamp\www\TP\Application\Runtime\Cache\Admin\b595b808c2ebeeeb0478ffc30bb4e87a.php 第 650 行.
INFO: Run Behavior\ParseTemplateBehavior [ RunTime:0.033002s ]
INFO: [ view_parse ] --END-- [ RunTime:0.034002s ]
INFO: [ view_filter ] --START--
INFO: Run Behavior\WriteHtmlCacheBehavior [ RunTime:0.001000s ]
INFO: [ view_filter ] --END-- [ RunTime:0.001000s ]
INFO: [ app_end ] --START--
INFO: Run Behavior\ShowPageTraceBehavior [ RunTime:0.002000s ]
INFO: [ app_end ] --END-- [ RunTime:0.002000s ]

[ 2017-11-15T12:11:41+08:00 ] ::1 /TP/index.php/Admin/Index/index.html
INFO: [ app_init ] --START--
INFO: Run Behavior\BuildLiteBehavior [ RunTime:0.000000s ]
INFO: [ app_init ] --END-- [ RunTime:0.001000s ]
INFO: [ app_begin ] --START--
INFO: Run Behavior\ReadHtmlCacheBehavior [ RunTime:0.001000s ]
INFO: [ app_begin ] --END-- [ RunTime:0.001000s ]
SQL: SHOW COLUMNS FROM `business` [ RunTime:0.0010s ]
SQL: SHOW COLUMNS FROM `b_turnover_in_the_day` [ RunTime:0.0020s ]
SQL: SELECT * FROM `business` WHERE `business_id` = 1 LIMIT 1   [ RunTime:0.0000s ]
SQL: SELECT * FROM `b_turnover_in_the_day` WHERE ( b_turnover_in_the_day_time <= 1510758000 and b_turnover_in_the_day_time > 1510675200 and business_id = 1 ) LIMIT 1   [ RunTime:0.0000s ]
NOTIC: [8] Undefined index: b_turnover_in_the_day_integral_ord C:\wamp\www\TP\Application\Admin\Controller\IndexController.class.php 第 27 行.
SQL: SHOW COLUMNS FROM `users_integral_list` [ RunTime:0.0030s ]
SQL: SELECT * FROM `users_integral_list` WHERE ( users_integral_addtime <= 1510758000 and users_integral_addtime > 1510675200 and business_id = 1 )  [ RunTime:0.0010s ]
SQL: SHOW COLUMNS FROM `users` [ RunTime:0.0010s ]
SQL: SELECT * FROM `users_integral_list` WHERE ( users_integral_addtime <= 1510758000 and users_integral_addtime > 1510675200 and business_id = 1 )  [ RunTime:0.0000s ]
INFO: [ view_parse ] --START--
INFO: [ template_filter ] --START--
INFO: Run Behavior\ContentReplaceBehavior [ RunTime:0.001000s ]
INFO: [ template_filter ] --END-- [ RunTime:0.001000s ]
NOTIC: [8] Undefined index: b_turnover_in_the_day_money C:\wamp\www\TP\Application\Runtime\Cache\Admin\b595b808c2ebeeeb0478ffc30bb4e87a.php 第 650 行.
INFO: Run Behavior\ParseTemplateBehavior [ RunTime:0.020001s ]
INFO: [ view_parse ] --END-- [ RunTime:0.020001s ]
INFO: [ view_filter ] --START--
INFO: Run Behavior\WriteHtmlCacheBehavior [ RunTime:0.000000s ]
INFO: [ view_filter ] --END-- [ RunTime:0.000000s ]
INFO: [ app_end ] --START--
INFO: Run Behavior\ShowPageTraceBehavior [ RunTime:0.001000s ]
INFO: [ app_end ] --END-- [ RunTime:0.001000s ]

[ 2017-11-15T12:11:48+08:00 ] ::1 /TP/index.php/Admin/Index/login
INFO: [ app_init ] --START--
INFO: Run Behavior\BuildLiteBehavior [ RunTime:0.000000s ]
INFO: [ app_init ] --END-- [ RunTime:0.001000s ]
INFO: [ app_begin ] --START--
INFO: Run Behavior\ReadHtmlCacheBehavior [ RunTime:0.001000s ]
INFO: [ app_begin ] --END-- [ RunTime:0.001000s ]
INFO: [ view_parse ] --START--
INFO: [ template_filter ] --START--
INFO: Run Behavior\ContentReplaceBehavior [ RunTime:0.000000s ]
INFO: [ template_filter ] --END-- [ RunTime:0.001000s ]
INFO: Run Behavior\ParseTemplateBehavior [ RunTime:0.009001s ]
INFO: [ view_parse ] --END-- [ RunTime:0.009001s ]
INFO: [ view_filter ] --START--
INFO: Run Behavior\WriteHtmlCacheBehavior [ RunTime:0.001000s ]
INFO: [ view_filter ] --END-- [ RunTime:0.001000s ]
INFO: [ app_end ] --START--
INFO: Run Behavior\ShowPageTraceBehavior [ RunTime:0.002000s ]
INFO: [ app_end ] --END-- [ RunTime:0.002000s ]

[ 2017-11-15T12:11:56+08:00 ] ::1 /TP/index.php/Admin/Index/login
INFO: [ app_init ] --START--
INFO: Run Behavior\BuildLiteBehavior [ RunTime:0.000000s ]
INFO: [ app_init ] --END-- [ RunTime:0.001000s ]
INFO: [ app_begin ] --START--
INFO: Run Behavior\ReadHtmlCacheBehavior [ RunTime:0.001000s ]
INFO: [ app_begin ] --END-- [ RunTime:0.001000s ]
SQL: SHOW COLUMNS FROM `business` [ RunTime:0.0130s ]
SQL: SELECT * FROM `business` WHERE `business_account` = 'weipengfei' AND `business_pass` = '14e1b600b1fd579f47433b88e8d85291' LIMIT 1   [ RunTime:0.0230s ]
INFO: [ view_parse ] --START--
INFO: [ template_filter ] --START--
INFO: Run Behavior\ContentReplaceBehavior [ RunTime:0.000000s ]
INFO: [ template_filter ] --END-- [ RunTime:0.000000s ]
INFO: Run Behavior\ParseTemplateBehavior [ RunTime:0.007000s ]
INFO: [ view_parse ] --END-- [ RunTime:0.007000s ]
INFO: [ view_filter ] --START--
INFO: Run Behavior\WriteHtmlCacheBehavior [ RunTime:0.001000s ]
INFO: [ view_filter ] --END-- [ RunTime:0.001000s ]
INFO: [ app_end ] --START--
INFO: Run Behavior\ShowPageTraceBehavior [ RunTime:0.000000s ]
INFO: [ app_end ] --END-- [ RunTime:0.001000s ]

[ 2017-11-15T12:11:58+08:00 ] ::1 /TP/index.php/Admin/Index/index.html
INFO: [ app_init ] --START--
INFO: Run Behavior\BuildLiteBehavior [ RunTime:0.000000s ]
INFO: [ app_init ] --END-- [ RunTime:0.001000s ]
INFO: [ app_begin ] --START--
INFO: Run Behavior\ReadHtmlCacheBehavior [ RunTime:0.002001s ]
INFO: [ app_begin ] --END-- [ RunTime:0.002001s ]
SQL: SHOW COLUMNS FROM `business` [ RunTime:0.0000s ]
SQL: SHOW COLUMNS FROM `b_turnover_in_the_day` [ RunTime:0.0000s ]
SQL: SELECT * FROM `business` WHERE `business_id` = 2 LIMIT 1   [ RunTime:0.0000s ]
SQL: SELECT * FROM `b_turnover_in_the_day` WHERE ( b_turnover_in_the_day_time <= 1510758000 and b_turnover_in_the_day_time > 1510675200 and business_id = 2 ) LIMIT 1   [ RunTime:0.0010s ]
NOTIC: [8] Undefined index: b_turnover_in_the_day_integral_ord C:\wamp\www\TP\Application\Admin\Controller\IndexController.class.php 第 27 行.
SQL: SHOW COLUMNS FROM `users_integral_list` [ RunTime:0.0370s ]
SQL: SELECT * FROM `users_integral_list` WHERE ( users_integral_addtime <= 1510758000 and users_integral_addtime > 1510675200 and business_id = 2 )  [ RunTime:0.0000s ]
SQL: SHOW COLUMNS FROM `users` [ RunTime:0.0010s ]
SQL: SELECT * FROM `users_integral_list` WHERE ( users_integral_addtime <= 1510758000 and users_integral_addtime > 1510675200 and business_id = 2 )  [ RunTime:0.0000s ]
INFO: [ view_parse ] --START--
INFO: [ template_filter ] --START--
INFO: Run Behavior\ContentReplaceBehavior [ RunTime:0.000000s ]
INFO: [ template_filter ] --END-- [ RunTime:0.000000s ]
NOTIC: [8] Undefined index: b_turnover_in_the_day_money C:\wamp\www\TP\Application\Runtime\Cache\Admin\b595b808c2ebeeeb0478ffc30bb4e87a.php 第 650 行.
INFO: Run Behavior\ParseTemplateBehavior [ RunTime:0.017001s ]
INFO: [ view_parse ] --END-- [ RunTime:0.018001s ]
INFO: [ view_filter ] --START--
INFO: Run Behavior\WriteHtmlCacheBehavior [ RunTime:0.000000s ]
INFO: [ view_filter ] --END-- [ RunTime:0.001000s ]
INFO: [ app_end ] --START--
INFO: Run Behavior\ShowPageTraceBehavior [ RunTime:0.001000s ]
INFO: [ app_end ] --END-- [ RunTime:0.001000s ]

[ 2017-11-15T12:13:48+08:00 ] ::1 /TP/index.php/Admin/Index/index.html
INFO: [ app_init ] --START--
INFO: Run Behavior\BuildLiteBehavior [ RunTime:0.000000s ]
INFO: [ app_init ] --END-- [ RunTime:0.001000s ]
INFO: [ app_begin ] --START--
INFO: Run Behavior\ReadHtmlCacheBehavior [ RunTime:0.002000s ]
INFO: [ app_begin ] --END-- [ RunTime:0.002000s ]
SQL: SHOW COLUMNS FROM `business` [ RunTime:0.0100s ]
SQL: SHOW COLUMNS FROM `b_turnover_in_the_day` [ RunTime:0.0040s ]
SQL: SELECT * FROM `business` WHERE `business_id` = 2 LIMIT 1   [ RunTime:0.0280s ]
SQL: SELECT * FROM `b_turnover_in_the_day` WHERE ( b_turnover_in_the_day_time <= 1510758000 and b_turnover_in_the_day_time > 1510675200 and business_id = 2 ) LIMIT 1   [ RunTime:0.0010s ]
NOTIC: [8] Undefined index: b_turnover_in_the_day_integral_ord C:\wamp\www\TP\Application\Admin\Controller\IndexController.class.php 第 27 行.
SQL: SHOW COLUMNS FROM `users_integral_list` [ RunTime:0.0260s ]
SQL: SELECT * FROM `users_integral_list` WHERE ( users_integral_addtime <= 1510758000 and users_integral_addtime > 1510675200 and business_id = 2 )  [ RunTime:0.0010s ]
SQL: SHOW COLUMNS FROM `users` [ RunTime:0.0030s ]
SQL: SELECT * FROM `users_integral_list` WHERE ( users_integral_addtime <= 1510758000 and users_integral_addtime > 1510675200 and business_id = 2 )  [ RunTime:0.0010s ]
INFO: [ view_parse ] --START--
INFO: [ template_filter ] --START--
INFO: Run Behavior\ContentReplaceBehavior [ RunTime:0.001000s ]
INFO: [ template_filter ] --END-- [ RunTime:0.001000s ]
NOTIC: [8] Undefined index: b_turnover_in_the_day_money C:\wamp\www\TP\Application\Runtime\Cache\Admin\b595b808c2ebeeeb0478ffc30bb4e87a.php 第 650 行.
INFO: Run Behavior\ParseTemplateBehavior [ RunTime:0.042002s ]
INFO: [ view_parse ] --END-- [ RunTime:0.042002s ]
INFO: [ view_filter ] --START--
INFO: Run Behavior\WriteHtmlCacheBehavior [ RunTime:0.002000s ]
INFO: [ view_filter ] --END-- [ RunTime:0.002000s ]
INFO: [ app_end ] --START--
INFO: Run Behavior\ShowPageTraceBehavior [ RunTime:0.002000s ]
INFO: [ app_end ] --END-- [ RunTime:0.002000s ]

[ 2017-11-15T12:15:09+08:00 ] ::1 /TP/index.php/Admin/Index/lg
INFO: [ app_init ] --START--
INFO: Run Behavior\BuildLiteBehavior [ RunTime:0.000000s ]
INFO: [ app_init ] --END-- [ RunTime:0.001000s ]
INFO: [ app_begin ] --START--
INFO: Run Behavior\ReadHtmlCacheBehavior [ RunTime:0.001000s ]
INFO: [ app_begin ] --END-- [ RunTime:0.001000s ]
ERR: 非法操作:lg

[ 2017-11-15T12:15:14+08:00 ] ::1 /TP/index.php/Admin/Index/login
INFO: [ app_init ] --START--
INFO: Run Behavior\BuildLiteBehavior [ RunTime:0.000000s ]
INFO: [ app_init ] --END-- [ RunTime:0.001000s ]
INFO: [ app_begin ] --START--
INFO: Run Behavior\ReadHtmlCacheBehavior [ RunTime:0.001000s ]
INFO: [ app_begin ] --END-- [ RunTime:0.002000s ]
INFO: [ view_parse ] --START--
INFO: [ template_filter ] --START--
INFO: Run Behavior\ContentReplaceBehavior [ RunTime:0.000000s ]
INFO: [ template_filter ] --END-- [ RunTime:0.001000s ]
INFO: Run Behavior\ParseTemplateBehavior [ RunTime:0.011001s ]
INFO: [ view_parse ] --END-- [ RunTime:0.011001s ]
INFO: [ view_filter ] --START--
INFO: Run Behavior\WriteHtmlCacheBehavior [ RunTime:0.001000s ]
INFO: [ view_filter ] --END-- [ RunTime:0.001000s ]
INFO: [ app_end ] --START--
INFO: Run Behavior\ShowPageTraceBehavior [ RunTime:0.001000s ]
INFO: [ app_end ] --END-- [ RunTime:0.001000s ]

[ 2017-11-15T12:15:22+08:00 ] ::1 /TP/index.php/Admin/Index/login
INFO: [ app_init ] --START--
INFO: Run Behavior\BuildLiteBehavior [ RunTime:0.000000s ]
INFO: [ app_init ] --END-- [ RunTime:0.000000s ]
INFO: [ app_begin ] --START--
INFO: Run Behavior\ReadHtmlCacheBehavior [ RunTime:0.001000s ]
INFO: [ app_begin ] --END-- [ RunTime:0.001000s ]
SQL: SHOW COLUMNS FROM `business` [ RunTime:0.0090s ]
SQL: SELECT * FROM `business` WHERE `business_account` = 'weipengfei' AND `business_pass` = '14e1b600b1fd579f47433b88e8d85291' LIMIT 1   [ RunTime:0.0010s ]
INFO: [ view_parse ] --START--
INFO: [ template_filter ] --START--
INFO: Run Behavior\ContentReplaceBehavior [ RunTime:0.000000s ]
INFO: [ template_filter ] --END-- [ RunTime:0.000000s ]
INFO: Run Behavior\ParseTemplateBehavior [ RunTime:0.008000s ]
INFO: [ view_parse ] --END-- [ RunTime:0.009000s ]
INFO: [ view_filter ] --START--
INFO: Run Behavior\WriteHtmlCacheBehavior [ RunTime:0.000000s ]
INFO: [ view_filter ] --END-- [ RunTime:0.000000s ]
INFO: [ app_end ] --START--
INFO: Run Behavior\ShowPageTraceBehavior [ RunTime:0.001000s ]
INFO: [ app_end ] --END-- [ RunTime:0.001000s ]

[ 2017-11-15T12:15:23+08:00 ] ::1 /TP/index.php/Admin/Index/index.html
INFO: [ app_init ] --START--
INFO: Run Behavior\BuildLiteBehavior [ RunTime:0.000000s ]
INFO: [ app_init ] --END-- [ RunTime:0.001000s ]
INFO: [ app_begin ] --START--
INFO: Run Behavior\ReadHtmlCacheBehavior [ RunTime:0.001000s ]
INFO: [ app_begin ] --END-- [ RunTime:0.001000s ]
SQL: SHOW COLUMNS FROM `business` [ RunTime:0.0170s ]
SQL: SHOW COLUMNS FROM `b_turnover_in_the_day` [ RunTime:0.0040s ]
SQL: SELECT * FROM `business` WHERE `business_id` = 2 LIMIT 1   [ RunTime:0.0010s ]
SQL: SELECT * FROM `b_turnover_in_the_day` WHERE ( b_turnover_in_the_day_time <= 1510758000 and b_turnover_in_the_day_time > 1510675200 and business_id = 2 ) LIMIT 1   [ RunTime:0.0010s ]
NOTIC: [8] Undefined index: b_turnover_in_the_day_integral_ord C:\wamp\www\TP\Application\Admin\Controller\IndexController.class.php 第 27 行.
SQL: SHOW COLUMNS FROM `users_integral_list` [ RunTime:0.0180s ]
SQL: SELECT * FROM `users_integral_list` WHERE ( users_integral_addtime <= 1510758000 and users_integral_addtime > 1510675200 and business_id = 2 )  [ RunTime:0.0130s ]
SQL: SHOW COLUMNS FROM `users` [ RunTime:0.0030s ]
SQL: SELECT * FROM `users_integral_list` WHERE ( users_integral_addtime <= 1510758000 and users_integral_addtime > 1510675200 and business_id = 2 )  [ RunTime:0.0010s ]
INFO: [ view_parse ] --START--
INFO: [ template_filter ] --START--
INFO: Run Behavior\ContentReplaceBehavior [ RunTime:0.000000s ]
INFO: [ template_filter ] --END-- [ RunTime:0.000000s ]
NOTIC: [8] Undefined index: b_turnover_in_the_day_money C:\wamp\www\TP\Application\Runtime\Cache\Admin\b595b808c2ebeeeb0478ffc30bb4e87a.php 第 650 行.
INFO: Run Behavior\ParseTemplateBehavior [ RunTime:0.032002s ]
INFO: [ view_parse ] --END-- [ RunTime:0.032002s ]
INFO: [ view_filter ] --START--
INFO: Run Behavior\WriteHtmlCacheBehavior [ RunTime:0.001000s ]
INFO: [ view_filter ] --END-- [ RunTime:0.001000s ]
INFO: [ app_end ] --START--
INFO: Run Behavior\ShowPageTraceBehavior [ RunTime:0.001000s ]
INFO: [ app_end ] --END-- [ RunTime:0.001000s ]

[ 2017-11-15T15:52:35+08:00 ] ::1 /TP/index.php/Admin/Index/toGo
INFO: [ app_init ] --START--
INFO: Run Behavior\BuildLiteBehavior [ RunTime:0.000000s ]
INFO: [ app_init ] --END-- [ RunTime:0.000000s ]
INFO: [ app_begin ] --START--
INFO: Run Behavior\ReadHtmlCacheBehavior [ RunTime:0.000000s ]
INFO: [ app_begin ] --END-- [ RunTime:0.000000s ]
SQL: SHOW COLUMNS FROM `consume_list` [ RunTime:0.0010s ]
SQL: SELECT * FROM `consume_list` WHERE ( consume_time < 1510758000 and consume_time > 1510675200 and business_id=2 )  [ RunTime:0.0010s ]
SQL: SHOW COLUMNS FROM `users_integral_list` [ RunTime:0.0100s ]
SQL: SHOW COLUMNS FROM `b_turnover_in_the_day` [ RunTime:0.0020s ]
SQL: SELECT * FROM `b_turnover_in_the_day` WHERE ( b_turnover_in_the_day_time <= 1510758000 and b_turnover_in_the_day_time > 1510675200 and business_id=2 )  [ RunTime:0.0010s ]
SQL: SELECT * FROM `consume_list` WHERE ( consume_time < 1510758000 and consume_time > 1510675200 and business_id=2 )  [ RunTime:0.0150s ]
SQL: INSERT INTO `b_turnover_in_the_day` (`b_turnover_in_the_day_money`,`business_id`,`b_turnover_in_the_day_integral_new`,`b_turnover_in_the_day_integral_ord`,`b_turnover_in_the_day_time`,`b_turnover_in_the_day_info`) VALUES ('0','2','0','0','1510758000','无') [ RunTime:0.0000s ]
NOTIC: [2] Missing argument 1 for Admin\Controller\IndexController::getBusiness_info(), called in C:\wamp\www\TP\Application\Admin\Controller\IndexController.class.php on line 92 and defined C:\wamp\www\TP\Application\Admin\Controller\IndexController.class.php 第 127 行.
SQL: SHOW COLUMNS FROM `business_info` [ RunTime:0.0010s ]
SQL: SELECT * FROM `b_turnover_in_the_day`  [ RunTime:0.0010s ]
SQL: SELECT * FROM `business_info` WHERE `business_id` = 2 LIMIT 1   [ RunTime:0.0000s ]
SQL: INSERT INTO `business_info` (`business_info_total`,`business_id`) VALUES ('0','2') [ RunTime:0.0170s ]
SQL: SHOW COLUMNS FROM `users_integral` [ RunTime:0.0010s ]
SQL: SELECT * FROM `users_integral`  [ RunTime:0.0090s ]
SQL: SELECT * FROM `users_integral_list` WHERE `business_id` = 2  [ RunTime:0.0010s ]
SQL: SELECT `b_turnover_in_the_day_integral_new`,`b_turnover_in_the_day_money` FROM `b_turnover_in_the_day` WHERE `business_id` = 2 LIMIT 1   [ RunTime:0.0000s ]
SQL: SELECT * FROM `users_integral_list` WHERE ( users_integral_addtime <= 1510758000 and users_integral_addtime > 1510675200 and business_id=2 )  [ RunTime:0.0000s ]
INFO: [ app_end ] --START--
INFO: Run Behavior\ShowPageTraceBehavior [ RunTime:0.001000s ]
INFO: [ app_end ] --END-- [ RunTime:0.002000s ]

[ 2017-11-15T15:55:36+08:00 ] ::1 /TP/index.php/Admin/Index/login
INFO: [ app_init ] --START--
INFO: Run Behavior\BuildLiteBehavior [ RunTime:0.000000s ]
INFO: [ app_init ] --END-- [ RunTime:0.001000s ]
INFO: [ app_begin ] --START--
INFO: Run Behavior\ReadHtmlCacheBehavior [ RunTime:0.001000s ]
INFO: [ app_begin ] --END-- [ RunTime:0.001000s ]
INFO: [ view_parse ] --START--
INFO: [ template_filter ] --START--
INFO: Run Behavior\ContentReplaceBehavior [ RunTime:0.000000s ]
INFO: [ template_filter ] --END-- [ RunTime:0.000000s ]
INFO: Run Behavior\ParseTemplateBehavior [ RunTime:0.056003s ]
INFO: [ view_parse ] --END-- [ RunTime:0.056003s ]
INFO: [ view_filter ] --START--
INFO: Run Behavior\WriteHtmlCacheBehavior [ RunTime:0.001000s ]
INFO: [ view_filter ] --END-- [ RunTime:0.001000s ]
INFO: [ app_end ] --START--
INFO: Run Behavior\ShowPageTraceBehavior [ RunTime:0.001000s ]
INFO: [ app_end ] --END-- [ RunTime:0.001000s ]

[ 2017-11-15T15:55:37+08:00 ] ::1 /TP/index.php/Admin/Index/lg
INFO: [ app_init ] --START--
INFO: Run Behavior\BuildLiteBehavior [ RunTime:0.000000s ]
INFO: [ app_init ] --END-- [ RunTime:0.001000s ]
INFO: [ app_begin ] --START--
INFO: Run Behavior\ReadHtmlCacheBehavior [ RunTime:0.002000s ]
INFO: [ app_begin ] --END-- [ RunTime:0.002000s ]
ERR: 非法操作:lg

[ 2017-11-15T16:47:04+08:00 ] ::1 /TP/index.php/Admin/Index/toGo
INFO: [ app_init ] --START--
INFO: Run Behavior\BuildLiteBehavior [ RunTime:0.000000s ]
INFO: [ app_init ] --END-- [ RunTime:0.001000s ]
INFO: [ app_begin ] --START--
INFO: Run Behavior\ReadHtmlCacheBehavior [ RunTime:0.001000s ]
INFO: [ app_begin ] --END-- [ RunTime:0.001000s ]
SQL: SHOW COLUMNS FROM `consume_list` [ RunTime:0.0010s ]
SQL: SELECT * FROM `consume_list` WHERE ( consume_time < 1510758000 and consume_time > 1510675200 and business_id=2 )  [ RunTime:0.0000s ]
SQL: SHOW COLUMNS FROM `users_integral_list` [ RunTime:0.0000s ]
SQL: INSERT INTO `users_integral_list` (`users_id`,`business_id`,`users_integral_addtime`,`users_integral_num`) VALUES ('11','2','1510735525','100') [ RunTime:0.0010s ]
SQL: SHOW COLUMNS FROM `b_turnover_in_the_day` [ RunTime:0.0670s ]
SQL: SELECT * FROM `b_turnover_in_the_day` WHERE ( b_turnover_in_the_day_time <= 1510758000 and b_turnover_in_the_day_time > 1510675200 and business_id=2 )  [ RunTime:0.0000s ]
SQL: SELECT * FROM `consume_list` WHERE ( consume_time < 1510758000 and consume_time > 1510675200 and business_id=2 )  [ RunTime:0.0010s ]
SQL: INSERT INTO `b_turnover_in_the_day` (`b_turnover_in_the_day_money`,`business_id`,`b_turnover_in_the_day_integral_new`,`b_turnover_in_the_day_integral_ord`,`b_turnover_in_the_day_time`,`b_turnover_in_the_day_info`) VALUES ('100','2','5','5','1510758000','无') [ RunTime:0.0010s ]
NOTIC: [2] Missing argument 1 for Admin\Controller\IndexController::getBusiness_info(), called in C:\wamp\www\TP\Application\Admin\Controller\IndexController.class.php on line 92 and defined C:\wamp\www\TP\Application\Admin\Controller\IndexController.class.php 第 127 行.
SQL: SHOW COLUMNS FROM `business_info` [ RunTime:0.0250s ]
SQL: SELECT * FROM `b_turnover_in_the_day`  [ RunTime:0.0010s ]
SQL: SELECT * FROM `business_info` WHERE `business_id` = 2 LIMIT 1   [ RunTime:0.0010s ]
SQL: UPDATE `business_info` SET `business_id`='2',`business_info_total`='100' WHERE `business_info_id` = 6 [ RunTime:0.0400s ]
SQL: SHOW COLUMNS FROM `users_integral` [ RunTime:0.0010s ]
SQL: SELECT * FROM `users_integral`  [ RunTime:0.0000s ]
SQL: SELECT * FROM `users_integral_list` WHERE `business_id` = 2  [ RunTime:0.0000s ]
SQL: SELECT `b_turnover_in_the_day_integral_new`,`b_turnover_in_the_day_money` FROM `b_turnover_in_the_day` WHERE `business_id` = 2 LIMIT 1   [ RunTime:0.0000s ]
SQL: UPDATE `users_integral_list` SET `users_integral_num`='100',`business_id`='2',`users_get_integral`='5',`users_id`='11',`users_integral_addtime`='1510735525' WHERE `users_integral_id` = 420 [ RunTime:0.0000s ]
SQL: SELECT * FROM `users_integral_list` WHERE ( users_integral_addtime <= 1510758000 and users_integral_addtime > 1510675200 and business_id=2 )  [ RunTime:0.0010s ]
SQL: SELECT * FROM `users_integral` WHERE `business_id` = 2 AND `users_id` = 11 LIMIT 1   [ RunTime:0.0010s ]
SQL: INSERT INTO `users_integral` (`business_id`,`users_id`,`users_integral_num`,`users_integral_total_amount`) VALUES ('2','11','5','100') [ RunTime:0.0110s ]
INFO: [ app_end ] --START--
INFO: Run Behavior\ShowPageTraceBehavior [ RunTime:0.001000s ]
INFO: [ app_end ] --END-- [ RunTime:0.002000s ]

[ 2017-11-15T16:48:09+08:00 ] ::1 /TP/index.php/Admin/Index/toGo
INFO: [ app_init ] --START--
INFO: Run Behavior\BuildLiteBehavior [ RunTime:0.000000s ]
INFO: [ app_init ] --END-- [ RunTime:0.001000s ]
INFO: [ app_begin ] --START--
INFO: Run Behavior\ReadHtmlCacheBehavior [ RunTime:0.000000s ]
INFO: [ app_begin ] --END-- [ RunTime:0.001000s ]
SQL: SHOW COLUMNS FROM `consume_list` [ RunTime:0.0000s ]
SQL: SELECT * FROM `consume_list` WHERE ( consume_time < 1510758000 and consume_time > 1510675200 and business_id=2 )  [ RunTime:0.0000s ]
SQL: SHOW COLUMNS FROM `users_integral_list` [ RunTime:0.0010s ]
SQL: INSERT INTO `users_integral_list` (`users_id`,`business_id`,`users_integral_addtime`,`users_integral_num`) VALUES ('11','2','1510735525','100') [ RunTime:0.0000s ]
SQL: SHOW COLUMNS FROM `b_turnover_in_the_day` [ RunTime:0.0190s ]
SQL: SELECT * FROM `b_turnover_in_the_day` WHERE ( b_turnover_in_the_day_time <= 1510758000 and b_turnover_in_the_day_time > 1510675200 and business_id=2 )  [ RunTime:0.0000s ]
NOTIC: [2] Missing argument 1 for Admin\Controller\IndexController::getBusiness_info(), called in C:\wamp\www\TP\Application\Admin\Controller\IndexController.class.php on line 92 and defined C:\wamp\www\TP\Application\Admin\Controller\IndexController.class.php 第 127 行.
SQL: SHOW COLUMNS FROM `business_info` [ RunTime:0.0250s ]
SQL: SELECT * FROM `b_turnover_in_the_day`  [ RunTime:0.0000s ]
SQL: SELECT * FROM `business_info` WHERE `business_id` = 2 LIMIT 1   [ RunTime:0.0010s ]
SQL: UPDATE `business_info` SET `business_id`='2',`business_info_total`='200' WHERE `business_info_id` = 6 [ RunTime:0.0010s ]
SQL: SHOW COLUMNS FROM `users_integral` [ RunTime:0.0010s ]
SQL: SELECT * FROM `users_integral`  [ RunTime:0.0000s ]
SQL: SELECT * FROM `b_turnover_in_the_day` WHERE ( b_turnover_in_the_day_time <= 1510758000 and b_turnover_in_the_day_time > 1510675200 and business_id=2 )  [ RunTime:0.0000s ]
SQL: SELECT * FROM `business_info` WHERE ( business_id = 2 ) LIMIT 1   [ RunTime:0.0000s ]
SQL: UPDATE `users_integral` SET `users_integral_num`='7',`users_integral_total_amount`='100',`business_id`='2',`users_id`='11' WHERE `users_integral_id` = 150 [ RunTime:0.0000s ]
SQL: SELECT * FROM `users_integral_list` WHERE `business_id` = 2  [ RunTime:0.0010s ]
SQL: SELECT `b_turnover_in_the_day_integral_new`,`b_turnover_in_the_day_money` FROM `b_turnover_in_the_day` WHERE `business_id` = 2 LIMIT 1   [ RunTime:0.0000s ]
SQL: UPDATE `users_integral_list` SET `users_integral_num`='100',`business_id`='2',`users_get_integral`='5',`users_id`='11',`users_integral_addtime`='1510735525' WHERE `users_integral_id` = 421 [ RunTime:0.0010s ]
SQL: UPDATE `users_integral_list` SET `users_integral_num`='100',`business_id`='2',`users_get_integral`='5',`users_id`='11',`users_integral_addtime`='1510735525' WHERE `users_integral_id` = 420 [ RunTime:0.0000s ]
SQL: SELECT * FROM `users_integral_list` WHERE ( users_integral_addtime <= 1510758000 and users_integral_addtime > 1510675200 and business_id=2 )  [ RunTime:0.0000s ]
SQL: SELECT * FROM `users_integral` WHERE `business_id` = 2 AND `users_id` = 11 LIMIT 1   [ RunTime:0.0000s ]
SQL: UPDATE `users_integral` SET `users_integral_num`='12',`users_integral_total_amount`='200',`business_id`='2',`users_id`='11' WHERE `users_integral_id` = 150 [ RunTime:0.0000s ]
SQL: SELECT * FROM `users_integral` WHERE `business_id` = 2 AND `users_id` = 11 LIMIT 1   [ RunTime:0.0000s ]
SQL: UPDATE `users_integral` SET `users_integral_num`='17',`users_integral_total_amount`='300',`business_id`='2',`users_id`='11' WHERE `users_integral_id` = 150 [ RunTime:0.0000s ]
INFO: [ app_end ] --START--
INFO: Run Behavior\ShowPageTraceBehavior [ RunTime:0.001000s ]
INFO: [ app_end ] --END-- [ RunTime:0.001000s ]

[ 2017-11-15T16:51:01+08:00 ] ::1 /TP/index.php/Admin/Index/toGo
INFO: [ app_init ] --START--
INFO: Run Behavior\BuildLiteBehavior [ RunTime:0.000000s ]
INFO: [ app_init ] --END-- [ RunTime:0.000000s ]
INFO: [ app_begin ] --START--
INFO: Run Behavior\ReadHtmlCacheBehavior [ RunTime:0.001000s ]
INFO: [ app_begin ] --END-- [ RunTime:0.001000s ]
SQL: SHOW COLUMNS FROM `consume_list` [ RunTime:0.0010s ]
SQL: SELECT * FROM `consume_list` WHERE ( consume_time < 1510758000 and consume_time > 1510675200 and business_id=2 )  [ RunTime:0.0010s ]
SQL: SHOW COLUMNS FROM `users_integral_list` [ RunTime:0.0010s ]
SQL: INSERT INTO `users_integral_list` (`users_id`,`business_id`,`users_integral_addtime`,`users_integral_num`) VALUES ('11','2','1510735823','3000') [ RunTime:0.0000s ]
SQL: SHOW COLUMNS FROM `b_turnover_in_the_day` [ RunTime:0.0010s ]
SQL: SELECT * FROM `b_turnover_in_the_day` WHERE ( b_turnover_in_the_day_time <= 1510758000 and b_turnover_in_the_day_time > 1510675200 and business_id=2 )  [ RunTime:0.0000s ]
SQL: SELECT * FROM `consume_list` WHERE ( consume_time < 1510758000 and consume_time > 1510675200 and business_id=2 )  [ RunTime:0.0230s ]
SQL: INSERT INTO `b_turnover_in_the_day` (`b_turnover_in_the_day_money`,`business_id`,`b_turnover_in_the_day_integral_new`,`b_turnover_in_the_day_integral_ord`,`b_turnover_in_the_day_time`,`b_turnover_in_the_day_info`) VALUES ('3000','2','150','150','1510758000','无') [ RunTime:0.0000s ]
NOTIC: [2] Missing argument 1 for Admin\Controller\IndexController::getBusiness_info(), called in C:\wamp\www\TP\Application\Admin\Controller\IndexController.class.php on line 92 and defined C:\wamp\www\TP\Application\Admin\Controller\IndexController.class.php 第 127 行.
SQL: SHOW COLUMNS FROM `business_info` [ RunTime:0.0020s ]
SQL: SELECT * FROM `b_turnover_in_the_day`  [ RunTime:0.0010s ]
SQL: SELECT * FROM `business_info` WHERE `business_id` = 2 LIMIT 1   [ RunTime:0.0000s ]
SQL: INSERT INTO `business_info` (`business_info_total`,`business_id`) VALUES ('3000','2') [ RunTime:0.0010s ]
SQL: SHOW COLUMNS FROM `users_integral` [ RunTime:0.0000s ]
SQL: SELECT * FROM `users_integral`  [ RunTime:0.0000s ]
SQL: SELECT * FROM `users_integral_list` WHERE `business_id` = 2  [ RunTime:0.0000s ]
SQL: SELECT `b_turnover_in_the_day_integral_new`,`b_turnover_in_the_day_money` FROM `b_turnover_in_the_day` WHERE `business_id` = 2 LIMIT 1   [ RunTime:0.0000s ]
SQL: UPDATE `users_integral_list` SET `users_integral_num`='3000',`business_id`='2',`users_get_integral`='150',`users_id`='11',`users_integral_addtime`='1510735823' WHERE `users_integral_id` = 422 [ RunTime:0.0000s ]
SQL: SELECT * FROM `users_integral_list` WHERE ( users_integral_addtime <= 1510758000 and users_integral_addtime > 1510675200 and business_id=2 )  [ RunTime:0.0000s ]
SQL: SELECT * FROM `users_integral` WHERE `business_id` = 2 AND `users_id` = 11 LIMIT 1   [ RunTime:0.0000s ]
SQL: INSERT INTO `users_integral` (`business_id`,`users_id`,`users_integral_num`,`users_integral_total_amount`) VALUES ('2','11','150','3000') [ RunTime:0.0000s ]
INFO: [ app_end ] --START--
INFO: Run Behavior\ShowPageTraceBehavior [ RunTime:0.001000s ]
INFO: [ app_end ] --END-- [ RunTime:0.001000s ]

[ 2017-11-15T17:57:56+08:00 ] ::1 /TP/index.php/Admin/login
INFO: [ app_init ] --START--
INFO: Run Behavior\BuildLiteBehavior [ RunTime:0.000000s ]
INFO: [ app_init ] --END-- [ RunTime:0.002000s ]
INFO: [ app_begin ] --START--
INFO: Run Behavior\ReadHtmlCacheBehavior [ RunTime:0.001000s ]
INFO: [ app_begin ] --END-- [ RunTime:0.001000s ]
ERR: 无法加载控制器:Login

[ 2017-11-15T17:58:01+08:00 ] ::1 /TP/index.php/Admin/Index/login
INFO: [ app_init ] --START--
INFO: Run Behavior\BuildLiteBehavior [ RunTime:0.000000s ]
INFO: [ app_init ] --END-- [ RunTime:0.001000s ]
INFO: [ app_begin ] --START--
INFO: Run Behavior\ReadHtmlCacheBehavior [ RunTime:0.001000s ]
INFO: [ app_begin ] --END-- [ RunTime:0.001000s ]
INFO: [ view_parse ] --START--
INFO: [ template_filter ] --START--
INFO: Run Behavior\ContentReplaceBehavior [ RunTime:0.000000s ]
INFO: [ template_filter ] --END-- [ RunTime:0.000000s ]
INFO: Run Behavior\ParseTemplateBehavior [ RunTime:0.065004s ]
INFO: [ view_parse ] --END-- [ RunTime:0.065004s ]
INFO: [ view_filter ] --START--
INFO: Run Behavior\WriteHtmlCacheBehavior [ RunTime:0.002000s ]
INFO: [ view_filter ] --END-- [ RunTime:0.002000s ]
INFO: [ app_end ] --START--
INFO: Run Behavior\ShowPageTraceBehavior [ RunTime:0.003000s ]
INFO: [ app_end ] --END-- [ RunTime:0.003000s ]

[ 2017-11-15T17:58:20+08:00 ] ::1 /TP/index.php/Admin/Index/login
INFO: [ app_init ] --START--
INFO: Run Behavior\BuildLiteBehavior [ RunTime:0.000000s ]
INFO: [ app_init ] --END-- [ RunTime:0.001000s ]
INFO: [ app_begin ] --START--
INFO: Run Behavior\ReadHtmlCacheBehavior [ RunTime:0.002001s ]
INFO: [ app_begin ] --END-- [ RunTime:0.002001s ]
SQL: SHOW COLUMNS FROM `business` [ RunTime:0.0140s ]
SQL: SELECT * FROM `business` WHERE `business_account` = 'mali' AND `business_pass` = '14e1b600b1fd579f47433b88e8d85291' LIMIT 1   [ RunTime:0.0070s ]
INFO: [ view_parse ] --START--
INFO: [ template_filter ] --START--
INFO: Run Behavior\ContentReplaceBehavior [ RunTime:0.000000s ]
INFO: [ template_filter ] --END-- [ RunTime:0.000000s ]
INFO: Run Behavior\ParseTemplateBehavior [ RunTime:0.037002s ]
INFO: [ view_parse ] --END-- [ RunTime:0.037002s ]
INFO: [ view_filter ] --START--
INFO: Run Behavior\WriteHtmlCacheBehavior [ RunTime:0.001000s ]
INFO: [ view_filter ] --END-- [ RunTime:0.001000s ]
INFO: [ app_end ] --START--
INFO: Run Behavior\ShowPageTraceBehavior [ RunTime:0.001000s ]
INFO: [ app_end ] --END-- [ RunTime:0.001000s ]

[ 2017-11-15T17:58:21+08:00 ] ::1 /TP/index.php/Admin/Index/index.html
INFO: [ app_init ] --START--
INFO: Run Behavior\BuildLiteBehavior [ RunTime:0.000000s ]
INFO: [ app_init ] --END-- [ RunTime:0.001000s ]
INFO: [ app_begin ] --START--
INFO: Run Behavior\ReadHtmlCacheBehavior [ RunTime:0.002000s ]
INFO: [ app_begin ] --END-- [ RunTime:0.002000s ]
SQL: SHOW COLUMNS FROM `business` [ RunTime:0.0100s ]
SQL: SHOW COLUMNS FROM `b_turnover_in_the_day` [ RunTime:0.0020s ]
SQL: SELECT * FROM `business` WHERE `business_id` = 1 LIMIT 1   [ RunTime:0.0010s ]
SQL: SELECT * FROM `b_turnover_in_the_day` WHERE ( b_turnover_in_the_day_time <= 1510758000 and b_turnover_in_the_day_time > 1510675200 and business_id = 1 ) LIMIT 1   [ RunTime:0.0120s ]
NOTIC: [8] Undefined index: b_turnover_in_the_day_integral_ord C:\wamp\www\TP\Application\Admin\Controller\IndexController.class.php 第 27 行.
SQL: SHOW COLUMNS FROM `users_integral_list` [ RunTime:0.0020s ]
SQL: SELECT * FROM `users_integral_list` WHERE ( users_integral_addtime <= 1510758000 and users_integral_addtime > 1510675200 and business_id = 1 )  [ RunTime:0.0000s ]
SQL: SHOW COLUMNS FROM `users` [ RunTime:0.0060s ]
SQL: SELECT * FROM `users_integral_list` WHERE ( users_integral_addtime <= 1510758000 and users_integral_addtime > 1510675200 and business_id = 1 )  [ RunTime:0.0020s ]
INFO: [ view_parse ] --START--
INFO: [ template_filter ] --START--
INFO: Run Behavior\ContentReplaceBehavior [ RunTime:0.001000s ]
INFO: [ template_filter ] --END-- [ RunTime:0.001000s ]
NOTIC: [8] Undefined index: b_turnover_in_the_day_money C:\wamp\www\TP\Application\Runtime\Cache\Admin\b595b808c2ebeeeb0478ffc30bb4e87a.php 第 644 行.
INFO: Run Behavior\ParseTemplateBehavior [ RunTime:0.085004s ]
INFO: [ view_parse ] --END-- [ RunTime:0.085004s ]
INFO: [ view_filter ] --START--
INFO: Run Behavior\WriteHtmlCacheBehavior [ RunTime:0.003001s ]
INFO: [ view_filter ] --END-- [ RunTime:0.003001s ]
INFO: [ app_end ] --START--
INFO: Run Behavior\ShowPageTraceBehavior [ RunTime:0.002000s ]
INFO: [ app_end ] --END-- [ RunTime:0.002000s ]

[ 2017-11-15T17:58:28+08:00 ] ::1 /TP/index.php/Admin/Index/toGo
INFO: [ app_init ] --START--
INFO: Run Behavior\BuildLiteBehavior [ RunTime:0.000000s ]
INFO: [ app_init ] --END-- [ RunTime:0.001000s ]
INFO: [ app_begin ] --START--
INFO: Run Behavior\ReadHtmlCacheBehavior [ RunTime:0.001000s ]
INFO: [ app_begin ] --END-- [ RunTime:0.001000s ]
SQL: SHOW COLUMNS FROM `consume_list` [ RunTime:0.0010s ]
SQL: SELECT * FROM `consume_list` WHERE ( consume_time < 1510758000 and consume_time > 1510675200 and business_id=1 )  [ RunTime:0.0010s ]
SQL: SHOW COLUMNS FROM `users_integral_list` [ RunTime:0.0450s ]
SQL: SHOW COLUMNS FROM `b_turnover_in_the_day` [ RunTime:0.0020s ]
SQL: SELECT * FROM `b_turnover_in_the_day` WHERE ( b_turnover_in_the_day_time <= 1510758000 and b_turnover_in_the_day_time > 1510675200 and business_id=1 )  [ RunTime:0.0020s ]
SQL: SELECT * FROM `consume_list` WHERE ( consume_time < 1510758000 and consume_time > 1510675200 and business_id=1 )  [ RunTime:0.0010s ]
SQL: INSERT INTO `b_turnover_in_the_day` (`b_turnover_in_the_day_money`,`business_id`,`b_turnover_in_the_day_integral_new`,`b_turnover_in_the_day_integral_ord`,`b_turnover_in_the_day_time`,`b_turnover_in_the_day_info`) VALUES ('0','1','0','0','1510758000','无') [ RunTime:0.0260s ]
NOTIC: [2] Missing argument 1 for Admin\Controller\IndexController::getBusiness_info(), called in C:\wamp\www\TP\Application\Admin\Controller\IndexController.class.php on line 92 and defined C:\wamp\www\TP\Application\Admin\Controller\IndexController.class.php 第 127 行.
SQL: SHOW COLUMNS FROM `business_info` [ RunTime:0.0010s ]
SQL: SELECT * FROM `b_turnover_in_the_day`  [ RunTime:0.0010s ]
SQL: SELECT * FROM `business_info` WHERE `business_id` = 1 LIMIT 1   [ RunTime:0.0000s ]
SQL: INSERT INTO `business_info` (`business_info_total`,`business_id`) VALUES ('0','1') [ RunTime:0.0010s ]
SQL: SELECT * FROM `business_info` WHERE `business_id` = 2 LIMIT 1   [ RunTime:0.0000s ]
SQL: UPDATE `business_info` SET `business_id`='2',`business_info_total`='6000' WHERE `business_info_id` = 7 [ RunTime:0.0010s ]
SQL: SHOW COLUMNS FROM `users_integral` [ RunTime:0.0170s ]
SQL: SELECT * FROM `users_integral`  [ RunTime:0.0010s ]
SQL: SELECT * FROM `b_turnover_in_the_day` WHERE ( b_turnover_in_the_day_time <= 1510758000 and b_turnover_in_the_day_time > 1510675200 and business_id=2 )  [ RunTime:0.0010s ]
SQL: SELECT * FROM `business_info` WHERE ( business_id = 2 ) LIMIT 1   [ RunTime:0.0000s ]
SQL: UPDATE `users_integral` SET `users_integral_num`='225',`users_integral_total_amount`='3000',`business_id`='2',`users_id`='11' WHERE `users_integral_id` = 151 [ RunTime:0.0010s ]
SQL: SELECT * FROM `users_integral_list` WHERE `business_id` = 1  [ RunTime:0.0020s ]
SQL: SELECT `b_turnover_in_the_day_integral_new`,`b_turnover_in_the_day_money` FROM `b_turnover_in_the_day` WHERE `business_id` = 1 LIMIT 1   [ RunTime:0.0020s ]
SQL: SELECT * FROM `users_integral_list` WHERE ( users_integral_addtime <= 1510758000 and users_integral_addtime > 1510675200 and business_id=1 )  [ RunTime:0.0010s ]
INFO: [ app_end ] --START--
INFO: Run Behavior\ShowPageTraceBehavior [ RunTime:0.003000s ]
INFO: [ app_end ] --END-- [ RunTime:0.004000s ]

[ 2017-11-15T17:59:56+08:00 ] ::1 /TP/index.php/Admin/Index/toGo
INFO: [ app_init ] --START--
INFO: Run Behavior\BuildLiteBehavior [ RunTime:0.000000s ]
INFO: [ app_init ] --END-- [ RunTime:0.001000s ]
INFO: [ app_begin ] --START--
INFO: Run Behavior\ReadHtmlCacheBehavior [ RunTime:0.001000s ]
INFO: [ app_begin ] --END-- [ RunTime:0.001000s ]
SQL: SHOW COLUMNS FROM `consume_list` [ RunTime:0.0010s ]
SQL: SELECT * FROM `consume_list` WHERE ( consume_time < 1510758000 and consume_time > 1510675200 and business_id=1 )  [ RunTime:0.0010s ]
SQL: SHOW COLUMNS FROM `users_integral_list` [ RunTime:0.0010s ]
SQL: SHOW COLUMNS FROM `b_turnover_in_the_day` [ RunTime:0.0010s ]
SQL: SELECT * FROM `b_turnover_in_the_day` WHERE ( b_turnover_in_the_day_time <= 1510758000 and b_turnover_in_the_day_time > 1510675200 and business_id=1 )  [ RunTime:0.0000s ]
NOTIC: [2] Missing argument 1 for Admin\Controller\IndexController::getBusiness_info(), called in C:\wamp\www\TP\Application\Admin\Controller\IndexController.class.php on line 92 and defined C:\wamp\www\TP\Application\Admin\Controller\IndexController.class.php 第 127 行.
SQL: SHOW COLUMNS FROM `business_info` [ RunTime:0.0010s ]
SQL: SELECT * FROM `b_turnover_in_the_day`  [ RunTime:0.0110s ]
SQL: SELECT * FROM `business_info` WHERE `business_id` = 1 LIMIT 1   [ RunTime:0.0000s ]
SQL: UPDATE `business_info` SET `business_id`='1',`business_info_total`='0' WHERE `business_info_id` = 8 [ RunTime:0.0010s ]
SQL: SELECT * FROM `business_info` WHERE `business_id` = 2 LIMIT 1   [ RunTime:0.0010s ]
SQL: UPDATE `business_info` SET `business_id`='2',`business_info_total`='9000' WHERE `business_info_id` = 7 [ RunTime:0.0010s ]
SQL: SHOW COLUMNS FROM `users_integral` [ RunTime:0.0020s ]
SQL: SELECT * FROM `users_integral`  [ RunTime:0.0010s ]
SQL: SELECT * FROM `b_turnover_in_the_day` WHERE ( b_turnover_in_the_day_time <= 1510758000 and b_turnover_in_the_day_time > 1510675200 and business_id=2 )  [ RunTime:0.0010s ]
SQL: SELECT * FROM `business_info` WHERE ( business_id = 2 ) LIMIT 1   [ RunTime:0.0000s ]
SQL: UPDATE `users_integral` SET `users_integral_num`='275',`users_integral_total_amount`='3000',`business_id`='2',`users_id`='11' WHERE `users_integral_id` = 151 [ RunTime:0.0010s ]
SQL: SELECT * FROM `users_integral_list` WHERE `business_id` = 1  [ RunTime:0.0010s ]
SQL: SELECT `b_turnover_in_the_day_integral_new`,`b_turnover_in_the_day_money` FROM `b_turnover_in_the_day` WHERE `business_id` = 1 LIMIT 1   [ RunTime:0.0010s ]
SQL: SELECT * FROM `users_integral_list` WHERE ( users_integral_addtime <= 1510758000 and users_integral_addtime > 1510675200 and business_id=1 )  [ RunTime:0.0010s ]
INFO: [ app_end ] --START--
INFO: Run Behavior\ShowPageTraceBehavior [ RunTime:0.006000s ]
INFO: [ app_end ] --END-- [ RunTime:0.007000s ]

[ 2017-11-15T17:59:59+08:00 ] ::1 /TP/index.php/Admin/Index/toGo
INFO: [ app_init ] --START--
INFO: Run Behavior\BuildLiteBehavior [ RunTime:0.000000s ]
INFO: [ app_init ] --END-- [ RunTime:0.001000s ]
INFO: [ app_begin ] --START--
INFO: Run Behavior\ReadHtmlCacheBehavior [ RunTime:0.001000s ]
INFO: [ app_begin ] --END-- [ RunTime:0.001000s ]
SQL: SHOW COLUMNS FROM `consume_list` [ RunTime:0.0000s ]
SQL: SELECT * FROM `consume_list` WHERE ( consume_time < 1510758000 and consume_time > 1510675200 and business_id=1 )  [ RunTime:0.0000s ]
SQL: SHOW COLUMNS FROM `users_integral_list` [ RunTime:0.0190s ]
SQL: SHOW COLUMNS FROM `b_turnover_in_the_day` [ RunTime:0.0150s ]
SQL: SELECT * FROM `b_turnover_in_the_day` WHERE ( b_turnover_in_the_day_time <= 1510758000 and b_turnover_in_the_day_time > 1510675200 and business_id=1 )  [ RunTime:0.0180s ]
NOTIC: [2] Missing argument 1 for Admin\Controller\IndexController::getBusiness_info(), called in C:\wamp\www\TP\Application\Admin\Controller\IndexController.class.php on line 92 and defined C:\wamp\www\TP\Application\Admin\Controller\IndexController.class.php 第 127 行.
SQL: SHOW COLUMNS FROM `business_info` [ RunTime:0.0260s ]
SQL: SELECT * FROM `b_turnover_in_the_day`  [ RunTime:0.0200s ]
SQL: SELECT * FROM `business_info` WHERE `business_id` = 1 LIMIT 1   [ RunTime:0.0010s ]
SQL: UPDATE `business_info` SET `business_id`='1',`business_info_total`='0' WHERE `business_info_id` = 8 [ RunTime:0.0010s ]
SQL: SELECT * FROM `business_info` WHERE `business_id` = 2 LIMIT 1   [ RunTime:0.0010s ]
SQL: UPDATE `business_info` SET `business_id`='2',`business_info_total`='12000' WHERE `business_info_id` = 7 [ RunTime:0.0010s ]
SQL: SHOW COLUMNS FROM `users_integral` [ RunTime:0.0280s ]
SQL: SELECT * FROM `users_integral`  [ RunTime:0.0080s ]
SQL: SELECT * FROM `b_turnover_in_the_day` WHERE ( b_turnover_in_the_day_time <= 1510758000 and b_turnover_in_the_day_time > 1510675200 and business_id=2 )  [ RunTime:0.0010s ]
SQL: SELECT * FROM `business_info` WHERE ( business_id = 2 ) LIMIT 1   [ RunTime:0.0010s ]
SQL: UPDATE `users_integral` SET `users_integral_num`='312',`users_integral_total_amount`='3000',`business_id`='2',`users_id`='11' WHERE `users_integral_id` = 151 [ RunTime:0.0010s ]
SQL: SELECT * FROM `users_integral_list` WHERE `business_id` = 1  [ RunTime:0.0000s ]
SQL: SELECT `b_turnover_in_the_day_integral_new`,`b_turnover_in_the_day_money` FROM `b_turnover_in_the_day` WHERE `business_id` = 1 LIMIT 1   [ RunTime:0.0010s ]
SQL: SELECT * FROM `users_integral_list` WHERE ( users_integral_addtime <= 1510758000 and users_integral_addtime > 1510675200 and business_id=1 )  [ RunTime:0.0010s ]
INFO: [ app_end ] --START--
INFO: Run Behavior\ShowPageTraceBehavior [ RunTime:0.002000s ]
INFO: [ app_end ] --END-- [ RunTime:0.002000s ]

[ 2017-11-15T18:02:48+08:00 ] ::1 /TP/index.php/Admin/Index/index.html
INFO: [ app_init ] --START--
INFO: Run Behavior\BuildLiteBehavior [ RunTime:0.000000s ]
INFO: [ app_init ] --END-- [ RunTime:0.001000s ]
INFO: [ app_begin ] --START--
INFO: Run Behavior\ReadHtmlCacheBehavior [ RunTime:0.001000s ]
INFO: [ app_begin ] --END-- [ RunTime:0.001000s ]
SQL: SHOW COLUMNS FROM `business` [ RunTime:0.0010s ]
SQL: SHOW COLUMNS FROM `b_turnover_in_the_day` [ RunTime:0.0220s ]
SQL: SELECT * FROM `business` WHERE `business_id` = 1 LIMIT 1   [ RunTime:0.0100s ]
SQL: SELECT * FROM `b_turnover_in_the_day` WHERE ( b_turnover_in_the_day_time <= 1510758000 and b_turnover_in_the_day_time > 1510675200 and business_id = 1 ) LIMIT 1   [ RunTime:0.0190s ]
SQL: SHOW COLUMNS FROM `users_integral_list` [ RunTime:0.0030s ]
SQL: SELECT * FROM `users_integral_list` WHERE ( users_integral_addtime <= 1510758000 and users_integral_addtime > 1510675200 and business_id = 1 )  [ RunTime:0.0020s ]
SQL: SHOW COLUMNS FROM `users` [ RunTime:0.0020s ]
SQL: SELECT * FROM `users_integral_list` WHERE ( users_integral_addtime <= 1510758000 and users_integral_addtime > 1510675200 and business_id = 1 )  [ RunTime:0.0010s ]
INFO: [ view_parse ] --START--
INFO: [ template_filter ] --START--
INFO: Run Behavior\ContentReplaceBehavior [ RunTime:0.000000s ]
INFO: [ template_filter ] --END-- [ RunTime:0.000000s ]
INFO: Run Behavior\ParseTemplateBehavior [ RunTime:0.041002s ]
INFO: [ view_parse ] --END-- [ RunTime:0.041002s ]
INFO: [ view_filter ] --START--
INFO: Run Behavior\WriteHtmlCacheBehavior [ RunTime:0.001000s ]
INFO: [ view_filter ] --END-- [ RunTime:0.001000s ]
INFO: [ app_end ] --START--
INFO: Run Behavior\ShowPageTraceBehavior [ RunTime:0.002000s ]
INFO: [ app_end ] --END-- [ RunTime:0.002000s ]

[ 2017-11-15T18:02:48+08:00 ] ::1 /TP/index.php/Admin/Index/index.html
INFO: [ app_init ] --START--
INFO: Run Behavior\BuildLiteBehavior [ RunTime:0.000000s ]
INFO: [ app_init ] --END-- [ RunTime:0.001000s ]
INFO: [ app_begin ] --START--
INFO: Run Behavior\ReadHtmlCacheBehavior [ RunTime:0.001000s ]
INFO: [ app_begin ] --END-- [ RunTime:0.001000s ]
SQL: SHOW COLUMNS FROM `business` [ RunTime:0.0180s ]
SQL: SHOW COLUMNS FROM `b_turnover_in_the_day` [ RunTime:0.0010s ]
SQL: SELECT * FROM `business` WHERE `business_id` = 1 LIMIT 1   [ RunTime:0.0010s ]
SQL: SELECT * FROM `b_turnover_in_the_day` WHERE ( b_turnover_in_the_day_time <= 1510758000 and b_turnover_in_the_day_time > 1510675200 and business_id = 1 ) LIMIT 1   [ RunTime:0.0000s ]
SQL: SHOW COLUMNS FROM `users_integral_list` [ RunTime:0.0190s ]
SQL: SELECT * FROM `users_integral_list` WHERE ( users_integral_addtime <= 1510758000 and users_integral_addtime > 1510675200 and business_id = 1 )  [ RunTime:0.0090s ]
SQL: SHOW COLUMNS FROM `users` [ RunTime:0.0220s ]
SQL: SELECT * FROM `users_integral_list` WHERE ( users_integral_addtime <= 1510758000 and users_integral_addtime > 1510675200 and business_id = 1 )  [ RunTime:0.0000s ]
INFO: [ view_parse ] --START--
INFO: [ template_filter ] --START--
INFO: Run Behavior\ContentReplaceBehavior [ RunTime:0.001000s ]
INFO: [ template_filter ] --END-- [ RunTime:0.001000s ]
INFO: Run Behavior\ParseTemplateBehavior [ RunTime:0.054004s ]
INFO: [ view_parse ] --END-- [ RunTime:0.054004s ]
INFO: [ view_filter ] --START--
INFO: Run Behavior\WriteHtmlCacheBehavior [ RunTime:0.002000s ]
INFO: [ view_filter ] --END-- [ RunTime:0.002000s ]
INFO: [ app_end ] --START--
INFO: Run Behavior\ShowPageTraceBehavior [ RunTime:0.003000s ]
INFO: [ app_end ] --END-- [ RunTime:0.003000s ]

[ 2017-11-15T18:02:49+08:00 ] ::1 /TP/index.php/Admin/Index/index.html
INFO: [ app_init ] --START--
INFO: Run Behavior\BuildLiteBehavior [ RunTime:0.000000s ]
INFO: [ app_init ] --END-- [ RunTime:0.001000s ]
INFO: [ app_begin ] --START--
INFO: Run Behavior\ReadHtmlCacheBehavior [ RunTime:0.002001s ]
INFO: [ app_begin ] --END-- [ RunTime:0.002001s ]
SQL: SHOW COLUMNS FROM `business` [ RunTime:0.0010s ]
SQL: SHOW COLUMNS FROM `b_turnover_in_the_day` [ RunTime:0.0010s ]
SQL: SELECT * FROM `business` WHERE `business_id` = 1 LIMIT 1   [ RunTime:0.0010s ]
SQL: SELECT * FROM `b_turnover_in_the_day` WHERE ( b_turnover_in_the_day_time <= 1510758000 and b_turnover_in_the_day_time > 1510675200 and business_id = 1 ) LIMIT 1   [ RunTime:0.0010s ]
SQL: SHOW COLUMNS FROM `users_integral_list` [ RunTime:0.0010s ]
SQL: SELECT * FROM `users_integral_list` WHERE ( users_integral_addtime <= 1510758000 and users_integral_addtime > 1510675200 and business_id = 1 )  [ RunTime:0.0010s ]
SQL: SHOW COLUMNS FROM `users` [ RunTime:0.0010s ]
SQL: SELECT * FROM `users_integral_list` WHERE ( users_integral_addtime <= 1510758000 and users_integral_addtime > 1510675200 and business_id = 1 )  [ RunTime:0.0000s ]
INFO: [ view_parse ] --START--
INFO: [ template_filter ] --START--
INFO: Run Behavior\ContentReplaceBehavior [ RunTime:0.000000s ]
INFO: [ template_filter ] --END-- [ RunTime:0.000000s ]
INFO: Run Behavior\ParseTemplateBehavior [ RunTime:0.037002s ]
INFO: [ view_parse ] --END-- [ RunTime:0.037002s ]
INFO: [ view_filter ] --START--
INFO: Run Behavior\WriteHtmlCacheBehavior [ RunTime:0.001000s ]
INFO: [ view_filter ] --END-- [ RunTime:0.002001s ]
INFO: [ app_end ] --START--
INFO: Run Behavior\ShowPageTraceBehavior [ RunTime:0.002000s ]
INFO: [ app_end ] --END-- [ RunTime:0.003000s ]

[ 2017-11-15T18:02:49+08:00 ] ::1 /TP/index.php/Admin/Index/index.html
INFO: [ app_init ] --START--
INFO: Run Behavior\BuildLiteBehavior [ RunTime:0.000000s ]
INFO: [ app_init ] --END-- [ RunTime:0.001000s ]
INFO: [ app_begin ] --START--
INFO: Run Behavior\ReadHtmlCacheBehavior [ RunTime:0.001000s ]
INFO: [ app_begin ] --END-- [ RunTime:0.001000s ]
SQL: SHOW COLUMNS FROM `business` [ RunTime:0.0010s ]
SQL: SHOW COLUMNS FROM `b_turnover_in_the_day` [ RunTime:0.0010s ]
SQL: SELECT * FROM `business` WHERE `business_id` = 1 LIMIT 1   [ RunTime:0.0000s ]
SQL: SELECT * FROM `b_turnover_in_the_day` WHERE ( b_turnover_in_the_day_time <= 1510758000 and b_turnover_in_the_day_time > 1510675200 and business_id = 1 ) LIMIT 1   [ RunTime:0.0000s ]
SQL: SHOW COLUMNS FROM `users_integral_list` [ RunTime:0.0010s ]
SQL: SELECT * FROM `users_integral_list` WHERE ( users_integral_addtime <= 1510758000 and users_integral_addtime > 1510675200 and business_id = 1 )  [ RunTime:0.0000s ]
SQL: SHOW COLUMNS FROM `users` [ RunTime:0.0570s ]
SQL: SELECT * FROM `users_integral_list` WHERE ( users_integral_addtime <= 1510758000 and users_integral_addtime > 1510675200 and business_id = 1 )  [ RunTime:0.0010s ]
INFO: [ view_parse ] --START--
INFO: [ template_filter ] --START--
INFO: Run Behavior\ContentReplaceBehavior [ RunTime:0.000000s ]
INFO: [ template_filter ] --END-- [ RunTime:0.001000s ]
INFO: Run Behavior\ParseTemplateBehavior [ RunTime:0.018001s ]
INFO: [ view_parse ] --END-- [ RunTime:0.018001s ]
INFO: [ view_filter ] --START--
INFO: Run Behavior\WriteHtmlCacheBehavior [ RunTime:0.000000s ]
INFO: [ view_filter ] --END-- [ RunTime:0.000000s ]
INFO: [ app_end ] --START--
INFO: Run Behavior\ShowPageTraceBehavior [ RunTime:0.001000s ]
INFO: [ app_end ] --END-- [ RunTime:0.001000s ]

[ 2017-11-15T18:02:49+08:00 ] ::1 /TP/index.php/Admin/Index/index.html
INFO: [ app_init ] --START--
INFO: Run Behavior\BuildLiteBehavior [ RunTime:0.000000s ]
INFO: [ app_init ] --END-- [ RunTime:0.001001s ]
INFO: [ app_begin ] --START--
INFO: Run Behavior\ReadHtmlCacheBehavior [ RunTime:0.001000s ]
INFO: [ app_begin ] --END-- [ RunTime:0.001000s ]
SQL: SHOW COLUMNS FROM `business` [ RunTime:0.0080s ]
SQL: SHOW COLUMNS FROM `b_turnover_in_the_day` [ RunTime:0.0010s ]
SQL: SELECT * FROM `business` WHERE `business_id` = 1 LIMIT 1   [ RunTime:0.0010s ]
SQL: SELECT * FROM `b_turnover_in_the_day` WHERE ( b_turnover_in_the_day_time <= 1510758000 and b_turnover_in_the_day_time > 1510675200 and business_id = 1 ) LIMIT 1   [ RunTime:0.0000s ]
SQL: SHOW COLUMNS FROM `users_integral_list` [ RunTime:0.0120s ]
SQL: SELECT * FROM `users_integral_list` WHERE ( users_integral_addtime <= 1510758000 and users_integral_addtime > 1510675200 and business_id = 1 )  [ RunTime:0.0010s ]
SQL: SHOW COLUMNS FROM `users` [ RunTime:0.0250s ]
SQL: SELECT * FROM `users_integral_list` WHERE ( users_integral_addtime <= 1510758000 and users_integral_addtime > 1510675200 and business_id = 1 )  [ RunTime:0.0000s ]
INFO: [ view_parse ] --START--
INFO: [ template_filter ] --START--
INFO: Run Behavior\ContentReplaceBehavior [ RunTime:0.000000s ]
INFO: [ template_filter ] --END-- [ RunTime:0.000000s ]
INFO: Run Behavior\ParseTemplateBehavior [ RunTime:0.019001s ]
INFO: [ view_parse ] --END-- [ RunTime:0.020001s ]
INFO: [ view_filter ] --START--
INFO: Run Behavior\WriteHtmlCacheBehavior [ RunTime:0.000000s ]
INFO: [ view_filter ] --END-- [ RunTime:0.000000s ]
INFO: [ app_end ] --START--
INFO: Run Behavior\ShowPageTraceBehavior [ RunTime:0.001001s ]
INFO: [ app_end ] --END-- [ RunTime:0.001001s ]

[ 2017-11-15T18:02:56+08:00 ] ::1 /TP/index.php/Admin/Index/login
INFO: [ app_init ] --START--
INFO: Run Behavior\BuildLiteBehavior [ RunTime:0.000000s ]
INFO: [ app_init ] --END-- [ RunTime:0.001000s ]
INFO: [ app_begin ] --START--
INFO: Run Behavior\ReadHtmlCacheBehavior [ RunTime:0.001000s ]
INFO: [ app_begin ] --END-- [ RunTime:0.002000s ]
INFO: [ view_parse ] --START--
INFO: [ template_filter ] --START--
INFO: Run Behavior\ContentReplaceBehavior [ RunTime:0.000000s ]
INFO: [ template_filter ] --END-- [ RunTime:0.000000s ]
INFO: Run Behavior\ParseTemplateBehavior [ RunTime:0.015001s ]
INFO: [ view_parse ] --END-- [ RunTime:0.015001s ]
INFO: [ view_filter ] --START--
INFO: Run Behavior\WriteHtmlCacheBehavior [ RunTime:0.000000s ]
INFO: [ view_filter ] --END-- [ RunTime:0.000000s ]
INFO: [ app_end ] --START--
INFO: Run Behavior\ShowPageTraceBehavior [ RunTime:0.001000s ]
INFO: [ app_end ] --END-- [ RunTime:0.001000s ]

[ 2017-11-15T18:03:04+08:00 ] ::1 /TP/index.php/Admin/Index/login
INFO: [ app_init ] --START--
INFO: Run Behavior\BuildLiteBehavior [ RunTime:0.000000s ]
INFO: [ app_init ] --END-- [ RunTime:0.000000s ]
INFO: [ app_begin ] --START--
INFO: Run Behavior\ReadHtmlCacheBehavior [ RunTime:0.001000s ]
INFO: [ app_begin ] --END-- [ RunTime:0.001000s ]
SQL: SHOW COLUMNS FROM `business` [ RunTime:0.0470s ]
SQL: SELECT * FROM `business` WHERE `business_account` = 'weipengfei' AND `business_pass` = '14e1b600b1fd579f47433b88e8d85291' LIMIT 1   [ RunTime:0.0000s ]
INFO: [ view_parse ] --START--
INFO: [ template_filter ] --START--
INFO: Run Behavior\ContentReplaceBehavior [ RunTime:0.000000s ]
INFO: [ template_filter ] --END-- [ RunTime:0.000000s ]
INFO: Run Behavior\ParseTemplateBehavior [ RunTime:0.013001s ]
INFO: [ view_parse ] --END-- [ RunTime:0.013001s ]
INFO: [ view_filter ] --START--
INFO: Run Behavior\WriteHtmlCacheBehavior [ RunTime:0.001000s ]
INFO: [ view_filter ] --END-- [ RunTime:0.001000s ]
INFO: [ app_end ] --START--
INFO: Run Behavior\ShowPageTraceBehavior [ RunTime:0.001000s ]
INFO: [ app_end ] --END-- [ RunTime:0.001000s ]

[ 2017-11-15T18:03:05+08:00 ] ::1 /TP/index.php/Admin/Index/index.html
INFO: [ app_init ] --START--
INFO: Run Behavior\BuildLiteBehavior [ RunTime:0.000000s ]
INFO: [ app_init ] --END-- [ RunTime:0.001000s ]
INFO: [ app_begin ] --START--
INFO: Run Behavior\ReadHtmlCacheBehavior [ RunTime:0.002000s ]
INFO: [ app_begin ] --END-- [ RunTime:0.002000s ]
SQL: SHOW COLUMNS FROM `business` [ RunTime:0.0010s ]
SQL: SHOW COLUMNS FROM `b_turnover_in_the_day` [ RunTime:0.0010s ]
SQL: SELECT * FROM `business` WHERE `business_id` = 2 LIMIT 1   [ RunTime:0.0010s ]
SQL: SELECT * FROM `b_turnover_in_the_day` WHERE ( b_turnover_in_the_day_time <= 1510758000 and b_turnover_in_the_day_time > 1510675200 and business_id = 2 ) LIMIT 1   [ RunTime:0.0000s ]
SQL: SHOW COLUMNS FROM `users_integral_list` [ RunTime:0.0000s ]
SQL: SELECT * FROM `users_integral_list` WHERE ( users_integral_addtime <= 1510758000 and users_integral_addtime > 1510675200 and business_id = 2 )  [ RunTime:0.0010s ]
SQL: SHOW COLUMNS FROM `users` [ RunTime:0.0010s ]
SQL: SELECT * FROM `users` WHERE `users_id` = 11 LIMIT 1   [ RunTime:0.0000s ]
SQL: SELECT * FROM `users_integral_list` WHERE ( users_integral_addtime <= 1510758000 and users_integral_addtime > 1510675200 and business_id = 2 )  [ RunTime:0.0180s ]
SQL: SELECT * FROM `users` WHERE `users_id` = 11 LIMIT 1   [ RunTime:0.0000s ]
INFO: [ view_parse ] --START--
INFO: [ template_filter ] --START--
INFO: Run Behavior\ContentReplaceBehavior [ RunTime:0.001000s ]
INFO: [ template_filter ] --END-- [ RunTime:0.001000s ]
INFO: Run Behavior\ParseTemplateBehavior [ RunTime:0.041002s ]
INFO: [ view_parse ] --END-- [ RunTime:0.042003s ]
INFO: [ view_filter ] --START--
INFO: Run Behavior\WriteHtmlCacheBehavior [ RunTime:0.000000s ]
INFO: [ view_filter ] --END-- [ RunTime:0.001000s ]
INFO: [ app_end ] --START--
INFO: Run Behavior\ShowPageTraceBehavior [ RunTime:0.002000s ]
INFO: [ app_end ] --END-- [ RunTime:0.002000s ]

[ 2017-11-15T18:20:27+08:00 ] ::1 /TP/index.php/Admin/Index/toGo
INFO: [ app_init ] --START--
INFO: Run Behavior\BuildLiteBehavior [ RunTime:0.000000s ]
INFO: [ app_init ] --END-- [ RunTime:0.001000s ]
INFO: [ app_begin ] --START--
INFO: Run Behavior\ReadHtmlCacheBehavior [ RunTime:0.001000s ]
INFO: [ app_begin ] --END-- [ RunTime:0.001000s ]
SQL: SHOW COLUMNS FROM `consume_list` [ RunTime:0.0020s ]
SQL: SELECT * FROM `consume_list` WHERE ( consume_time < 1510758000 and consume_time > 1510675200 and business_id=2 )  [ RunTime:0.0000s ]
SQL: SHOW COLUMNS FROM `users_integral_list` [ RunTime:0.0010s ]
SQL: INSERT INTO `users_integral_list` (`users_id`,`business_id`,`users_integral_addtime`,`users_integral_num`) VALUES ('11','2','1510735823','3000') [ RunTime:0.0000s ]
SQL: SHOW COLUMNS FROM `b_turnover_in_the_day` [ RunTime:0.0010s ]
SQL: SELECT * FROM `b_turnover_in_the_day` WHERE ( b_turnover_in_the_day_time <= 1510758000 and b_turnover_in_the_day_time > 1510675200 and business_id=2 )  [ RunTime:0.0010s ]
NOTIC: [2] Missing argument 1 for Admin\Controller\IndexController::getBusiness_info(), called in C:\wamp\www\TP\Application\Admin\Controller\IndexController.class.php on line 93 and defined C:\wamp\www\TP\Application\Admin\Controller\IndexController.class.php 第 128 行.
SQL: SHOW COLUMNS FROM `business_info` [ RunTime:0.0020s ]
SQL: SELECT * FROM `b_turnover_in_the_day`  [ RunTime:0.0010s ]
SQL: SELECT * FROM `business_info` WHERE `business_id` = 2 LIMIT 1   [ RunTime:0.0010s ]
SQL: UPDATE `business_info` SET `business_id`='2',`business_info_total`='15000' WHERE `business_info_id` = 7 [ RunTime:0.0000s ]
SQL: SHOW COLUMNS FROM `users_integral` [ RunTime:0.0220s ]
SQL: SELECT * FROM `users_integral`  [ RunTime:0.0010s ]
SQL: SELECT * FROM `b_turnover_in_the_day` WHERE ( b_turnover_in_the_day_time <= 1510758000 and b_turnover_in_the_day_time > 1510675200 and business_id=2 )  [ RunTime:0.0010s ]
SQL: SELECT * FROM `business_info` WHERE ( business_id = 2 ) LIMIT 1   [ RunTime:0.0010s ]
SQL: UPDATE `users_integral` SET `users_integral_num`='342',`users_integral_total_amount`='3000',`business_id`='2',`users_id`='11' WHERE `users_integral_id` = 151 [ RunTime:0.0000s ]
SQL: SELECT * FROM `users_integral_list` WHERE `business_id` = 2  [ RunTime:0.0010s ]
SQL: SELECT `b_turnover_in_the_day_integral_new`,`b_turnover_in_the_day_money` FROM `b_turnover_in_the_day` WHERE `business_id` = 2 LIMIT 1   [ RunTime:0.0010s ]
SQL: UPDATE `users_integral_list` SET `users_integral_num`='3000',`business_id`='2',`users_get_integral`='150',`users_id`='11',`users_integral_addtime`='1510735823' WHERE `users_integral_id` = 423 [ RunTime:0.0010s ]
SQL: UPDATE `users_integral_list` SET `users_integral_num`='3000',`business_id`='2',`users_get_integral`='150',`users_id`='11',`users_integral_addtime`='1510735823' WHERE `users_integral_id` = 422 [ RunTime:0.0000s ]
SQL: SELECT * FROM `users_integral_list` WHERE ( users_integral_addtime <= 1510758000 and users_integral_addtime > 1510675200 and business_id=2 )  [ RunTime:0.0000s ]
SQL: SELECT * FROM `users_integral` WHERE `business_id` = 2 AND `users_id` = 11 LIMIT 1   [ RunTime:0.0010s ]
SQL: UPDATE `users_integral` SET `users_integral_num`='492',`users_integral_total_amount`='6000',`business_id`='2',`users_id`='11' WHERE `users_integral_id` = 151 [ RunTime:0.0010s ]
SQL: SELECT * FROM `users_integral` WHERE `business_id` = 2 AND `users_id` = 11 LIMIT 1   [ RunTime:0.0000s ]
SQL: UPDATE `users_integral` SET `users_integral_num`='642',`users_integral_total_amount`='9000',`business_id`='2',`users_id`='11' WHERE `users_integral_id` = 151 [ RunTime:0.0010s ]
INFO: [ app_end ] --START--
INFO: Run Behavior\ShowPageTraceBehavior [ RunTime:0.002000s ]
INFO: [ app_end ] --END-- [ RunTime:0.002000s ]

[ 2017-11-15T18:26:34+08:00 ] ::1 /TP/index.php/Admin/Index/toGo
INFO: [ app_init ] --START--
INFO: Run Behavior\BuildLiteBehavior [ RunTime:0.000000s ]
INFO: [ app_init ] --END-- [ RunTime:0.001000s ]
INFO: [ app_begin ] --START--
INFO: Run Behavior\ReadHtmlCacheBehavior [ RunTime:0.001000s ]
INFO: [ app_begin ] --END-- [ RunTime:0.002000s ]
SQL: SHOW COLUMNS FROM `consume_list` [ RunTime:0.0020s ]
SQL: SELECT * FROM `consume_list` WHERE ( consume_time < 1510758000 and consume_time > 1510675200 and business_id=2 )  [ RunTime:0.0010s ]
SQL: SHOW COLUMNS FROM `users_integral_list` [ RunTime:0.0010s ]
SQL: INSERT INTO `users_integral_list` (`users_id`,`business_id`,`users_integral_addtime`,`users_integral_num`) VALUES ('11','2','1510735823','3000') [ RunTime:0.0010s ]
SQL: SHOW COLUMNS FROM `b_turnover_in_the_day` [ RunTime:0.0020s ]
SQL: SELECT * FROM `b_turnover_in_the_day` WHERE ( b_turnover_in_the_day_time <= 1510758000 and b_turnover_in_the_day_time > 1510675200 and business_id=2 )  [ RunTime:0.0010s ]
SQL: SELECT * FROM `consume_list` WHERE ( consume_time < 1510758000 and consume_time > 1510675200 and business_id=2 )  [ RunTime:0.0010s ]
SQL: INSERT INTO `b_turnover_in_the_day` (`b_turnover_in_the_day_money`,`business_id`,`b_turnover_in_the_day_integral_new`,`b_turnover_in_the_day_integral_ord`,`b_turnover_in_the_day_time`,`b_turnover_in_the_day_info`) VALUES ('3000','2','150','150','1510758000','无') [ RunTime:0.0010s ]
NOTIC: [2] Missing argument 1 for Admin\Controller\IndexController::getBusiness_info(), called in C:\wamp\www\TP\Application\Admin\Controller\IndexController.class.php on line 93 and defined C:\wamp\www\TP\Application\Admin\Controller\IndexController.class.php 第 128 行.
SQL: SHOW COLUMNS FROM `business_info` [ RunTime:0.0010s ]
SQL: SELECT * FROM `b_turnover_in_the_day`  [ RunTime:0.0010s ]
SQL: SELECT * FROM `business_info` WHERE `business_id` = 2 LIMIT 1   [ RunTime:0.0010s ]
SQL: INSERT INTO `business_info` (`business_info_total`,`business_id`) VALUES ('3000','2') [ RunTime:0.0010s ]
SQL: SHOW COLUMNS FROM `users_integral` [ RunTime:0.0020s ]
SQL: SELECT * FROM `users_integral`  [ RunTime:0.0010s ]
SQL: SELECT * FROM `users_integral_list` WHERE `business_id` = 2  [ RunTime:0.0000s ]
SQL: SELECT `b_turnover_in_the_day_integral_new`,`b_turnover_in_the_day_money` FROM `b_turnover_in_the_day` WHERE `business_id` = 2 LIMIT 1   [ RunTime:0.0000s ]
SQL: UPDATE `users_integral_list` SET `users_integral_num`='3000',`business_id`='2',`users_get_integral`='150',`users_id`='11',`users_integral_addtime`='1510735823' WHERE `users_integral_id` = 424 [ RunTime:0.0010s ]
SQL: SELECT * FROM `users_integral_list` WHERE ( users_integral_addtime <= 1510758000 and users_integral_addtime > 1510675200 and business_id=2 )  [ RunTime:0.0010s ]
SQL: SELECT * FROM `users_integral` WHERE `business_id` = 2 AND `users_id` = 11 LIMIT 1   [ RunTime:0.0000s ]
SQL: INSERT INTO `users_integral` (`business_id`,`users_id`,`users_integral_num`,`users_integral_total_amount`) VALUES ('2','11','150','3000') [ RunTime:0.0000s ]
INFO: [ app_end ] --START--
INFO: Run Behavior\ShowPageTraceBehavior [ RunTime:0.002000s ]
INFO: [ app_end ] --END-- [ RunTime:0.003000s ]

[ 2017-11-15T18:27:57+08:00 ] ::1 /TP/index.php/Admin/Index/index.html
INFO: [ app_init ] --START--
INFO: Run Behavior\BuildLiteBehavior [ RunTime:0.000000s ]
INFO: [ app_init ] --END-- [ RunTime:0.001000s ]
INFO: [ app_begin ] --START--
INFO: Run Behavior\ReadHtmlCacheBehavior [ RunTime:0.001000s ]
INFO: [ app_begin ] --END-- [ RunTime:0.001000s ]
SQL: SHOW COLUMNS FROM `business` [ RunTime:0.0010s ]
SQL: SHOW COLUMNS FROM `b_turnover_in_the_day` [ RunTime:0.0010s ]
SQL: SELECT * FROM `business` WHERE `business_id` = 2 LIMIT 1   [ RunTime:0.0320s ]
SQL: SELECT * FROM `b_turnover_in_the_day` WHERE ( b_turnover_in_the_day_time <= 1510758000 and b_turnover_in_the_day_time > 1510675200 and business_id = 2 ) LIMIT 1   [ RunTime:0.0000s ]
SQL: SHOW COLUMNS FROM `users_integral_list` [ RunTime:0.0000s ]
SQL: SELECT * FROM `users_integral_list` WHERE ( users_integral_addtime <= 1510758000 and users_integral_addtime > 1510675200 and business_id = 2 )  [ RunTime:0.0000s ]
SQL: SHOW COLUMNS FROM `users` [ RunTime:0.0010s ]
SQL: SELECT * FROM `users` WHERE `users_id` = 11 LIMIT 1   [ RunTime:0.0010s ]
SQL: SELECT * FROM `users_integral_list` WHERE ( users_integral_addtime <= 1510758000 and users_integral_addtime > 1510675200 and business_id = 2 )  [ RunTime:0.0000s ]
SQL: SELECT * FROM `users` WHERE `users_id` = 11 LIMIT 1   [ RunTime:0.0010s ]
INFO: [ view_parse ] --START--
INFO: [ template_filter ] --START--
INFO: Run Behavior\ContentReplaceBehavior [ RunTime:0.000000s ]
INFO: [ template_filter ] --END-- [ RunTime:0.001000s ]
INFO: Run Behavior\ParseTemplateBehavior [ RunTime:0.054003s ]
INFO: [ view_parse ] --END-- [ RunTime:0.054003s ]
INFO: [ view_filter ] --START--
INFO: Run Behavior\WriteHtmlCacheBehavior [ RunTime:0.002000s ]
INFO: [ view_filter ] --END-- [ RunTime:0.002000s ]
INFO: [ app_end ] --START--
INFO: Run Behavior\ShowPageTraceBehavior [ RunTime:0.003001s ]
INFO: [ app_end ] --END-- [ RunTime:0.003001s ]

[ 2017-11-15T18:28:02+08:00 ] ::1 /TP/index.php/Admin/Index/login
INFO: [ app_init ] --START--
INFO: Run Behavior\BuildLiteBehavior [ RunTime:0.000000s ]
INFO: [ app_init ] --END-- [ RunTime:0.001000s ]
INFO: [ app_begin ] --START--
INFO: Run Behavior\ReadHtmlCacheBehavior [ RunTime:0.001000s ]
INFO: [ app_begin ] --END-- [ RunTime:0.001000s ]
INFO: [ view_parse ] --START--
INFO: [ template_filter ] --START--
INFO: Run Behavior\ContentReplaceBehavior [ RunTime:0.000000s ]
INFO: [ template_filter ] --END-- [ RunTime:0.000000s ]
INFO: Run Behavior\ParseTemplateBehavior [ RunTime:0.016001s ]
INFO: [ view_parse ] --END-- [ RunTime:0.016001s ]
INFO: [ view_filter ] --START--
INFO: Run Behavior\WriteHtmlCacheBehavior [ RunTime:0.002000s ]
INFO: [ view_filter ] --END-- [ RunTime:0.002000s ]
INFO: [ app_end ] --START--
INFO: Run Behavior\ShowPageTraceBehavior [ RunTime:0.002000s ]
INFO: [ app_end ] --END-- [ RunTime:0.002000s ]

[ 2017-11-15T18:28:29+08:00 ] ::1 /TP/index.php/Admin/Index/login
INFO: [ app_init ] --START--
INFO: Run Behavior\BuildLiteBehavior [ RunTime:0.000000s ]
INFO: [ app_init ] --END-- [ RunTime:0.001000s ]
INFO: [ app_begin ] --START--
INFO: Run Behavior\ReadHtmlCacheBehavior [ RunTime:0.002000s ]
INFO: [ app_begin ] --END-- [ RunTime:0.002000s ]
SQL: SHOW COLUMNS FROM `business` [ RunTime:0.0010s ]
SQL: SELECT * FROM `business` WHERE `business_account` = 'shaolong' AND `business_pass` = '14e1b600b1fd579f47433b88e8d85291' LIMIT 1   [ RunTime:0.0010s ]
INFO: [ view_parse ] --START--
INFO: [ template_filter ] --START--
INFO: Run Behavior\ContentReplaceBehavior [ RunTime:0.000000s ]
INFO: [ template_filter ] --END-- [ RunTime:0.000000s ]
INFO: Run Behavior\ParseTemplateBehavior [ RunTime:0.012001s ]
INFO: [ view_parse ] --END-- [ RunTime:0.012001s ]
INFO: [ view_filter ] --START--
INFO: Run Behavior\WriteHtmlCacheBehavior [ RunTime:0.001000s ]
INFO: [ view_filter ] --END-- [ RunTime:0.001000s ]
INFO: [ app_end ] --START--
INFO: Run Behavior\ShowPageTraceBehavior [ RunTime:0.001000s ]
INFO: [ app_end ] --END-- [ RunTime:0.001000s ]

[ 2017-11-15T18:28:30+08:00 ] ::1 /TP/index.php/Admin/Index/index.html
INFO: [ app_init ] --START--
INFO: Run Behavior\BuildLiteBehavior [ RunTime:0.000000s ]
INFO: [ app_init ] --END-- [ RunTime:0.001000s ]
INFO: [ app_begin ] --START--
INFO: Run Behavior\ReadHtmlCacheBehavior [ RunTime:0.001000s ]
INFO: [ app_begin ] --END-- [ RunTime:0.001000s ]
SQL: SHOW COLUMNS FROM `business` [ RunTime:0.0010s ]
SQL: SHOW COLUMNS FROM `b_turnover_in_the_day` [ RunTime:0.0010s ]
SQL: SELECT * FROM `business` WHERE `business_id` = 3 LIMIT 1   [ RunTime:0.0010s ]
SQL: SELECT * FROM `b_turnover_in_the_day` WHERE ( b_turnover_in_the_day_time <= 1510758000 and b_turnover_in_the_day_time > 1510675200 and business_id = 3 ) LIMIT 1   [ RunTime:0.0010s ]
NOTIC: [8] Undefined index: b_turnover_in_the_day_integral_ord C:\wamp\www\TP\Application\Admin\Controller\IndexController.class.php 第 27 行.
SQL: SHOW COLUMNS FROM `users_integral_list` [ RunTime:0.0450s ]
SQL: SELECT * FROM `users_integral_list` WHERE ( users_integral_addtime <= 1510758000 and users_integral_addtime > 1510675200 and business_id = 3 )  [ RunTime:0.0120s ]
SQL: SHOW COLUMNS FROM `users` [ RunTime:0.0540s ]
SQL: SELECT * FROM `users_integral_list` WHERE ( users_integral_addtime <= 1510758000 and users_integral_addtime > 1510675200 and business_id = 3 )  [ RunTime:0.0010s ]
INFO: [ view_parse ] --START--
INFO: [ template_filter ] --START--
INFO: Run Behavior\ContentReplaceBehavior [ RunTime:0.000000s ]
INFO: [ template_filter ] --END-- [ RunTime:0.000000s ]
NOTIC: [8] Undefined index: b_turnover_in_the_day_money C:\wamp\www\TP\Application\Runtime\Cache\Admin\b595b808c2ebeeeb0478ffc30bb4e87a.php 第 644 行.
INFO: Run Behavior\ParseTemplateBehavior [ RunTime:0.018001s ]
INFO: [ view_parse ] --END-- [ RunTime:0.018001s ]
INFO: [ view_filter ] --START--
INFO: Run Behavior\WriteHtmlCacheBehavior [ RunTime:0.000000s ]
INFO: [ view_filter ] --END-- [ RunTime:0.000000s ]
INFO: [ app_end ] --START--
INFO: Run Behavior\ShowPageTraceBehavior [ RunTime:0.001000s ]
INFO: [ app_end ] --END-- [ RunTime:0.001000s ]

[ 2017-11-15T18:28:36+08:00 ] ::1 /TP/index.php/Admin/Index/toGo
INFO: [ app_init ] --START--
INFO: Run Behavior\BuildLiteBehavior [ RunTime:0.000000s ]
INFO: [ app_init ] --END-- [ RunTime:0.000000s ]
INFO: [ app_begin ] --START--
INFO: Run Behavior\ReadHtmlCacheBehavior [ RunTime:0.001000s ]
INFO: [ app_begin ] --END-- [ RunTime:0.002000s ]
SQL: SHOW COLUMNS FROM `consume_list` [ RunTime:0.0010s ]
SQL: SELECT * FROM `consume_list` WHERE ( consume_time < 1510758000 and consume_time > 1510675200 and business_id=3 )  [ RunTime:0.0010s ]
SQL: SHOW COLUMNS FROM `users_integral_list` [ RunTime:0.0010s ]
SQL: INSERT INTO `users_integral_list` (`users_id`,`business_id`,`users_integral_addtime`,`users_integral_num`) VALUES ('11','3','1510741218','2000') [ RunTime:0.0010s ]
SQL: SHOW COLUMNS FROM `b_turnover_in_the_day` [ RunTime:0.0010s ]
SQL: SELECT * FROM `b_turnover_in_the_day` WHERE ( b_turnover_in_the_day_time <= 1510758000 and b_turnover_in_the_day_time > 1510675200 and business_id=3 )  [ RunTime:0.0010s ]
SQL: SELECT * FROM `consume_list` WHERE ( consume_time < 1510758000 and consume_time > 1510675200 and business_id=3 )  [ RunTime:0.0010s ]
SQL: INSERT INTO `b_turnover_in_the_day` (`b_turnover_in_the_day_money`,`business_id`,`b_turnover_in_the_day_integral_new`,`b_turnover_in_the_day_integral_ord`,`b_turnover_in_the_day_time`,`b_turnover_in_the_day_info`) VALUES ('2000','3','100','100','1510758000','无') [ RunTime:0.0000s ]
NOTIC: [2] Missing argument 1 for Admin\Controller\IndexController::getBusiness_info(), called in C:\wamp\www\TP\Application\Admin\Controller\IndexController.class.php on line 93 and defined C:\wamp\www\TP\Application\Admin\Controller\IndexController.class.php 第 128 行.
SQL: SHOW COLUMNS FROM `business_info` [ RunTime:0.0000s ]
SQL: SELECT * FROM `b_turnover_in_the_day`  [ RunTime:0.0000s ]
SQL: SELECT * FROM `business_info` WHERE `business_id` = 3 LIMIT 1   [ RunTime:0.0010s ]
SQL: INSERT INTO `business_info` (`business_info_total`,`business_id`) VALUES ('2000','3') [ RunTime:0.0000s ]
SQL: SELECT * FROM `business_info` WHERE `business_id` = 2 LIMIT 1   [ RunTime:0.0010s ]
SQL: UPDATE `business_info` SET `business_id`='2',`business_info_total`='6000' WHERE `business_info_id` = 9 [ RunTime:0.0000s ]
SQL: SHOW COLUMNS FROM `users_integral` [ RunTime:0.0010s ]
SQL: SELECT * FROM `users_integral`  [ RunTime:0.0010s ]
SQL: SELECT * FROM `b_turnover_in_the_day` WHERE ( b_turnover_in_the_day_time <= 1510758000 and b_turnover_in_the_day_time > 1510675200 and business_id=2 )  [ RunTime:0.0000s ]
SQL: SELECT * FROM `business_info` WHERE ( business_id = 2 ) LIMIT 1   [ RunTime:0.0000s ]
SQL: UPDATE `users_integral` SET `users_integral_num`='225',`users_integral_total_amount`='3000',`business_id`='2',`users_id`='11' WHERE `users_integral_id` = 152 [ RunTime:0.0010s ]
SQL: SELECT * FROM `users_integral_list` WHERE `business_id` = 3  [ RunTime:0.0000s ]
SQL: SELECT `b_turnover_in_the_day_integral_new`,`b_turnover_in_the_day_money` FROM `b_turnover_in_the_day` WHERE `business_id` = 3 LIMIT 1   [ RunTime:0.0000s ]
SQL: UPDATE `users_integral_list` SET `users_integral_num`='2000',`business_id`='3',`users_get_integral`='100',`users_id`='11',`users_integral_addtime`='1510741218' WHERE `users_integral_id` = 425 [ RunTime:0.0010s ]
SQL: SELECT * FROM `users_integral_list` WHERE ( users_integral_addtime <= 1510758000 and users_integral_addtime > 1510675200 and business_id=3 )  [ RunTime:0.0000s ]
SQL: SELECT * FROM `users_integral` WHERE `business_id` = 3 AND `users_id` = 11 LIMIT 1   [ RunTime:0.0000s ]
SQL: INSERT INTO `users_integral` (`business_id`,`users_id`,`users_integral_num`,`users_integral_total_amount`) VALUES ('3','11','100','2000') [ RunTime:0.0010s ]
INFO: [ app_end ] --START--
INFO: Run Behavior\ShowPageTraceBehavior [ RunTime:0.002000s ]
INFO: [ app_end ] --END-- [ RunTime:0.002000s ]

