[ 2017-12-11T20:24:50+08:00 ] ::1 /TP/index.php/Admin/
INFO: [ app_init ] --START--
INFO: Run Behavior\BuildLiteBehavior [ RunTime:0.000000s ]
INFO: [ app_init ] --END-- [ RunTime:0.000000s ]
INFO: [ app_begin ] --START--
INFO: Run Behavior\ReadHtmlCacheBehavior [ RunTime:0.000000s ]
INFO: [ app_begin ] --END-- [ RunTime:0.001000s ]
ERR: 非法操作:index

[ 2017-12-11T20:24:59+08:00 ] ::1 /TP/index.php/Admin/
INFO: [ app_init ] --START--
INFO: Run Behavior\BuildLiteBehavior [ RunTime:0.000000s ]
INFO: [ app_init ] --END-- [ RunTime:0.001000s ]
INFO: [ app_begin ] --START--
INFO: Run Behavior\ReadHtmlCacheBehavior [ RunTime:0.000000s ]
INFO: [ app_begin ] --END-- [ RunTime:0.000000s ]
ERR: 非法操作:index

[ 2017-12-11T20:34:52+08:00 ] ::1 /TP/index.php/Admin/Index/toGo
INFO: [ app_init ] --START--
INFO: Run Behavior\BuildLiteBehavior [ RunTime:0.000000s ]
INFO: [ app_init ] --END-- [ RunTime:0.001000s ]
INFO: [ app_begin ] --START--
INFO: Run Behavior\ReadHtmlCacheBehavior [ RunTime:0.001000s ]
INFO: [ app_begin ] --END-- [ RunTime:0.001000s ]
SQL: SHOW COLUMNS FROM `consume_list` [ RunTime:0.0010s ]
SQL: SELECT `business_id`,sum(consume_money) as b_turnover_in_the_day_money FROM `consume_list` WHERE ( `consume_time` >= 1512921600 AND `consume_time` <= 1513007999  ) GROUP BY business_id  [ RunTime:0.0000s ]
SQL: SHOW COLUMNS FROM `b_turnover_in_the_day` [ RunTime:0.0010s ]
SQL: INSERT INTO `b_turnover_in_the_day` (`business_id`,`b_turnover_in_the_day_money`,`b_turnover_in_the_day_integral_new`,`b_turnover_in_the_day_integral_ord`,`b_turnover_in_the_day_time`) VALUES ('2','330','16.5','16.5','1512995692') [ RunTime:0.0010s ]
SQL: SHOW COLUMNS FROM `business_info` [ RunTime:0.0010s ]
SQL: SELECT `b_turnover_in_the_day_money`,`business_id`,`b_turnover_in_the_day_integral_new` FROM `b_turnover_in_the_day` WHERE ( `b_turnover_in_the_day_time` >= 1512921600 AND `b_turnover_in_the_day_time` <= 1513007999  )  [ RunTime:0.0010s ]
SQL: SELECT * FROM `business_info` WHERE `business_id` = 2 LIMIT 1   [ RunTime:0.0000s ]
SQL: UPDATE `business_info` SET `business_id`='2',`business_info_total`='630' WHERE `business_info_id` = 40 [ RunTime:0.0010s ]
SQL: SELECT `b_turnover_in_the_day_money`,`business_id`,`b_turnover_in_the_day_integral_new` FROM `b_turnover_in_the_day` WHERE ( `b_turnover_in_the_day_time` >= 1512921600 AND `b_turnover_in_the_day_time` <= 1513007999  )  [ RunTime:0.0000s ]
SQL: SELECT * FROM `consume_list` WHERE ( `consume_time` >= 1512921600 AND `consume_time` <= 1513007999  )  [ RunTime:0.0000s ]
SQL: SHOW COLUMNS FROM `users_integral_list` [ RunTime:0.0010s ]
SQL: INSERT INTO `users_integral_list` (`users_id`,`users_spend_num`,`business_id`,`users_get_integral`,`users_integral_addtime`) VALUES ('24','150','2','7.65','1512995692'),('27','180','2','9.18','1512995692') [ RunTime:0.0000s ]
SQL: SELECT * FROM `consume_list` WHERE `consume_time` <= 1512921600  [ RunTime:0.0000s ]
SQL: SELECT `b_turnover_in_the_day_money`,`business_id`,`b_turnover_in_the_day_integral_new` FROM `b_turnover_in_the_day` WHERE ( `b_turnover_in_the_day_time` >= 1512921600 AND `b_turnover_in_the_day_time` <= 1513007999  )  [ RunTime:0.0000s ]
SQL: SELECT * FROM `business_info`  [ RunTime:0.0000s ]
SQL: INSERT INTO `users_integral_list` (`business_id`,`users_id`,`users_integral_addtime`,`users_get_integral`) VALUES ('2','25','1512995692','11.22'),('2','24','1512995692','5.61') [ RunTime:0.0000s ]
SQL: SELECT * FROM `users_integral_list` WHERE ( `users_integral_addtime` >= 1512921600 AND `users_integral_addtime` <= 1513007999  )  [ RunTime:0.0000s ]
SQL: SHOW COLUMNS FROM `users_integral` [ RunTime:0.0010s ]
SQL: SELECT * FROM `users_integral` WHERE `users_id` = 24 AND `business_id` = 2 LIMIT 1   [ RunTime:0.0010s ]
NOTIC: [8] Undefined index: users_integral_num D:\wamp64\www\TP\Application\Admin\Controller\IndexController.class.php 第 191 行.
SQL: UPDATE `users_integral` SET `users_integral_num`='4',`users_integral_total_amount`='250',`business_id`='2',`users_id`='24' WHERE `users_integral_id` = 218 [ RunTime:0.0000s ]
SQL: SELECT * FROM `users_integral` WHERE `users_id` = 27 AND `business_id` = 2 LIMIT 1   [ RunTime:0.0000s ]
SQL: INSERT INTO `users_integral` (`users_integral_num`,`users_integral_total_amount`,`business_id`,`users_id`) VALUES ('9.18','180','2','27') [ RunTime:0.0000s ]
SQL: SELECT * FROM `users_integral` WHERE `users_id` = 25 AND `business_id` = 2 LIMIT 1   [ RunTime:0.0010s ]
NOTIC: [8] Undefined index: users_integral_num D:\wamp64\www\TP\Application\Admin\Controller\IndexController.class.php 第 191 行.
SQL: UPDATE `users_integral` SET `users_integral_num`='9.9',`users_integral_total_amount`='200',`business_id`='2',`users_id`='25' WHERE `users_integral_id` = 219 [ RunTime:0.0000s ]
SQL: SELECT * FROM `users_integral` WHERE `users_id` = 24 AND `business_id` = 2 LIMIT 1   [ RunTime:0.0010s ]
NOTIC: [8] Undefined index: users_integral_num D:\wamp64\www\TP\Application\Admin\Controller\IndexController.class.php 第 191 行.
SQL: UPDATE `users_integral` SET `users_integral_num`='4',`users_integral_total_amount`='250',`business_id`='2',`users_id`='24' WHERE `users_integral_id` = 218 [ RunTime:0.0000s ]
INFO: [ app_end ] --START--
INFO: Run Behavior\ShowPageTraceBehavior [ RunTime:0.001000s ]
INFO: [ app_end ] --END-- [ RunTime:0.001000s ]

[ 2017-12-11T20:59:56+08:00 ] ::1 /TP/index.php/Admin/
INFO: [ app_init ] --START--
INFO: Run Behavior\BuildLiteBehavior [ RunTime:0.000000s ]
INFO: [ app_init ] --END-- [ RunTime:0.001000s ]
INFO: [ app_begin ] --START--
INFO: Run Behavior\ReadHtmlCacheBehavior [ RunTime:0.001000s ]
INFO: [ app_begin ] --END-- [ RunTime:0.001000s ]
ERR: 非法操作:index

