[ 2017-12-12T13:13:46+08:00 ] ::1 /TP/index.php/Admin/Index/toGo
INFO: [ app_init ] --START--
INFO: Run Behavior\BuildLiteBehavior [ RunTime:0.000000s ]
INFO: [ app_init ] --END-- [ RunTime:0.001000s ]
INFO: [ app_begin ] --START--
INFO: Run Behavior\ReadHtmlCacheBehavior [ RunTime:0.001000s ]
INFO: [ app_begin ] --END-- [ RunTime:0.001000s ]
SQL: SHOW COLUMNS FROM `consume_list` [ RunTime:0.0010s ]
SQL: SELECT `business_id`,sum(consume_money) as b_turnover_in_the_day_money FROM `consume_list` WHERE ( `consume_time` >= 1513008000 AND `consume_time` <= 1513094399  ) GROUP BY business_id  [ RunTime:0.0010s ]
SQL: SHOW COLUMNS FROM `b_turnover_in_the_day` [ RunTime:0.0010s ]
SQL: SHOW COLUMNS FROM `business_info` [ RunTime:0.0020s ]
SQL: SELECT `b_turnover_in_the_day_money`,`business_id`,`b_turnover_in_the_day_integral_new` FROM `b_turnover_in_the_day` WHERE ( `b_turnover_in_the_day_time` >= 1513008000 AND `b_turnover_in_the_day_time` <= 1513094399  )  [ RunTime:0.0000s ]
SQL: SELECT `b_turnover_in_the_day_money`,`business_id`,`b_turnover_in_the_day_integral_new` FROM `b_turnover_in_the_day` WHERE ( `b_turnover_in_the_day_time` >= 1513008000 AND `b_turnover_in_the_day_time` <= 1513094399  )  [ RunTime:0.0010s ]
SQL: SELECT * FROM `consume_list` WHERE ( `consume_time` >= 1513008000 AND `consume_time` <= 1513094399  )  [ RunTime:0.0000s ]
SQL: SHOW COLUMNS FROM `users_integral_list` [ RunTime:0.0020s ]
SQL: SELECT * FROM `consume_list` WHERE `consume_time` <= 1513008000  [ RunTime:0.0000s ]
SQL: SELECT `b_turnover_in_the_day_money`,`business_id`,`b_turnover_in_the_day_integral_new` FROM `b_turnover_in_the_day` WHERE ( `b_turnover_in_the_day_time` >= 1513008000 AND `b_turnover_in_the_day_time` <= 1513094399  )  [ RunTime:0.0000s ]
SQL: SELECT * FROM `business_info`  [ RunTime:0.0010s ]
NOTIC: [8] Undefined offset: 2 D:\wamp64\www\TP\Application\Admin\Controller\IndexController.class.php 第 157 行.
NOTIC: [8] Undefined offset: 2 D:\wamp64\www\TP\Application\Admin\Controller\IndexController.class.php 第 161 行.
NOTIC: [8] Undefined offset: 2 D:\wamp64\www\TP\Application\Admin\Controller\IndexController.class.php 第 157 行.
NOTIC: [8] Undefined offset: 2 D:\wamp64\www\TP\Application\Admin\Controller\IndexController.class.php 第 161 行.
NOTIC: [8] Undefined offset: 2 D:\wamp64\www\TP\Application\Admin\Controller\IndexController.class.php 第 157 行.
NOTIC: [8] Undefined offset: 2 D:\wamp64\www\TP\Application\Admin\Controller\IndexController.class.php 第 161 行.
NOTIC: [8] Undefined offset: 2 D:\wamp64\www\TP\Application\Admin\Controller\IndexController.class.php 第 157 行.
NOTIC: [8] Undefined offset: 2 D:\wamp64\www\TP\Application\Admin\Controller\IndexController.class.php 第 161 行.
SQL: INSERT INTO `users_integral_list` (`business_id`,`users_id`,`users_integral_addtime`,`users_get_integral`) VALUES ('2','24','1513055626','0'),('2','27','1513055626','0'),('2','25','1513055626','0'),('2','24','1513055626','0') [ RunTime:0.0010s ]
SQL: SELECT * FROM `users_integral_list` WHERE ( `users_integral_addtime` >= 1513008000 AND `users_integral_addtime` <= 1513094399  )  [ RunTime:0.0000s ]
SQL: SHOW COLUMNS FROM `users_integral` [ RunTime:0.0010s ]
SQL: SELECT * FROM `users_integral` WHERE `users_id` = 24 AND `business_id` = 2 LIMIT 1   [ RunTime:0.0000s ]
NOTIC: [8] Undefined index: users_integral_num D:\wamp64\www\TP\Application\Admin\Controller\IndexController.class.php 第 191 行.
SQL: UPDATE `users_integral` SET `users_integral_num`='4',`users_integral_total_amount`='250',`business_id`='2',`users_id`='24' WHERE `users_integral_id` = 218 [ RunTime:0.0000s ]
SQL: SELECT * FROM `users_integral` WHERE `users_id` = 27 AND `business_id` = 2 LIMIT 1   [ RunTime:0.0000s ]
NOTIC: [8] Undefined index: users_integral_num D:\wamp64\www\TP\Application\Admin\Controller\IndexController.class.php 第 191 行.
SQL: UPDATE `users_integral` SET `users_integral_num`='9.18',`users_integral_total_amount`='180',`business_id`='2',`users_id`='27' WHERE `users_integral_id` = 220 [ RunTime:0.0000s ]
SQL: SELECT * FROM `users_integral` WHERE `users_id` = 25 AND `business_id` = 2 LIMIT 1   [ RunTime:0.0000s ]
NOTIC: [8] Undefined index: users_integral_num D:\wamp64\www\TP\Application\Admin\Controller\IndexController.class.php 第 191 行.
SQL: UPDATE `users_integral` SET `users_integral_num`='9.9',`users_integral_total_amount`='200',`business_id`='2',`users_id`='25' WHERE `users_integral_id` = 219 [ RunTime:0.0000s ]
SQL: SELECT * FROM `users_integral` WHERE `users_id` = 24 AND `business_id` = 2 LIMIT 1   [ RunTime:0.0000s ]
NOTIC: [8] Undefined index: users_integral_num D:\wamp64\www\TP\Application\Admin\Controller\IndexController.class.php 第 191 行.
SQL: UPDATE `users_integral` SET `users_integral_num`='4',`users_integral_total_amount`='250',`business_id`='2',`users_id`='24' WHERE `users_integral_id` = 218 [ RunTime:0.0000s ]
INFO: [ app_end ] --START--
INFO: Run Behavior\ShowPageTraceBehavior [ RunTime:0.001000s ]
INFO: [ app_end ] --END-- [ RunTime:0.001000s ]

[ 2017-12-12T13:15:47+08:00 ] ::1 /TP/index.php/Admin/Index/toGo
INFO: [ app_init ] --START--
INFO: Run Behavior\BuildLiteBehavior [ RunTime:0.000000s ]
INFO: [ app_init ] --END-- [ RunTime:0.000000s ]
INFO: [ app_begin ] --START--
INFO: Run Behavior\ReadHtmlCacheBehavior [ RunTime:0.001000s ]
INFO: [ app_begin ] --END-- [ RunTime:0.001000s ]
SQL: SHOW COLUMNS FROM `consume_list` [ RunTime:0.0010s ]
SQL: SELECT `business_id`,sum(consume_money) as b_turnover_in_the_day_money FROM `consume_list` WHERE ( `consume_time` >= 1513008000 AND `consume_time` <= 1513094399  ) GROUP BY business_id  [ RunTime:0.0000s ]
SQL: SHOW COLUMNS FROM `b_turnover_in_the_day` [ RunTime:0.0010s ]
SQL: SHOW COLUMNS FROM `business_info` [ RunTime:0.0010s ]
SQL: SELECT `b_turnover_in_the_day_money`,`business_id`,`b_turnover_in_the_day_integral_new` FROM `b_turnover_in_the_day` WHERE ( `b_turnover_in_the_day_time` >= 1513008000 AND `b_turnover_in_the_day_time` <= 1513094399  )  [ RunTime:0.0010s ]
SQL: SELECT `b_turnover_in_the_day_money`,`business_id`,`b_turnover_in_the_day_integral_new` FROM `b_turnover_in_the_day` WHERE ( `b_turnover_in_the_day_time` >= 1513008000 AND `b_turnover_in_the_day_time` <= 1513094399  )  [ RunTime:0.0000s ]
SQL: SELECT * FROM `consume_list` WHERE ( `consume_time` >= 1513008000 AND `consume_time` <= 1513094399  )  [ RunTime:0.0000s ]
SQL: SHOW COLUMNS FROM `users_integral_list` [ RunTime:0.0010s ]
SQL: SELECT * FROM `consume_list` WHERE `consume_time` <= 1513008000  [ RunTime:0.0010s ]
SQL: SELECT `b_turnover_in_the_day_money`,`business_id`,`b_turnover_in_the_day_integral_new` FROM `b_turnover_in_the_day` WHERE ( `b_turnover_in_the_day_time` >= 1513008000 AND `b_turnover_in_the_day_time` <= 1513094399  )  [ RunTime:0.0000s ]
SQL: SELECT * FROM `business_info`  [ RunTime:0.0010s ]
NOTIC: [8] Undefined offset: 2 D:\wamp64\www\TP\Application\Admin\Controller\IndexController.class.php 第 157 行.
NOTIC: [8] Undefined offset: 2 D:\wamp64\www\TP\Application\Admin\Controller\IndexController.class.php 第 161 行.
NOTIC: [8] Undefined offset: 2 D:\wamp64\www\TP\Application\Admin\Controller\IndexController.class.php 第 157 行.
NOTIC: [8] Undefined offset: 2 D:\wamp64\www\TP\Application\Admin\Controller\IndexController.class.php 第 161 行.
NOTIC: [8] Undefined offset: 2 D:\wamp64\www\TP\Application\Admin\Controller\IndexController.class.php 第 157 行.
NOTIC: [8] Undefined offset: 2 D:\wamp64\www\TP\Application\Admin\Controller\IndexController.class.php 第 161 行.
NOTIC: [8] Undefined offset: 2 D:\wamp64\www\TP\Application\Admin\Controller\IndexController.class.php 第 157 行.
NOTIC: [8] Undefined offset: 2 D:\wamp64\www\TP\Application\Admin\Controller\IndexController.class.php 第 161 行.

[ 2017-12-12T13:16:45+08:00 ] ::1 /TP/index.php/Admin/Index/toGo
INFO: [ app_init ] --START--
INFO: Run Behavior\BuildLiteBehavior [ RunTime:0.000000s ]
INFO: [ app_init ] --END-- [ RunTime:0.000000s ]
INFO: [ app_begin ] --START--
INFO: Run Behavior\ReadHtmlCacheBehavior [ RunTime:0.001000s ]
INFO: [ app_begin ] --END-- [ RunTime:0.002000s ]
SQL: SHOW COLUMNS FROM `consume_list` [ RunTime:0.0010s ]
SQL: SELECT `business_id`,sum(consume_money) as b_turnover_in_the_day_money FROM `consume_list` WHERE ( `consume_time` >= 1513008000 AND `consume_time` <= 1513094399  ) GROUP BY business_id  [ RunTime:0.0000s ]
SQL: SHOW COLUMNS FROM `b_turnover_in_the_day` [ RunTime:0.0020s ]
SQL: SHOW COLUMNS FROM `business_info` [ RunTime:0.0010s ]
SQL: SELECT `b_turnover_in_the_day_money`,`business_id`,`b_turnover_in_the_day_integral_new` FROM `b_turnover_in_the_day` WHERE ( `b_turnover_in_the_day_time` >= 1513008000 AND `b_turnover_in_the_day_time` <= 1513094399  )  [ RunTime:0.0000s ]
SQL: SELECT `b_turnover_in_the_day_money`,`business_id`,`b_turnover_in_the_day_integral_new` FROM `b_turnover_in_the_day` WHERE ( `b_turnover_in_the_day_time` >= 1513008000 AND `b_turnover_in_the_day_time` <= 1513094399  )  [ RunTime:0.0010s ]
SQL: SELECT * FROM `consume_list` WHERE ( `consume_time` >= 1513008000 AND `consume_time` <= 1513094399  )  [ RunTime:0.0010s ]

[ 2017-12-12T13:17:59+08:00 ] ::1 /TP/index.php/Admin/Index/toGo
INFO: [ app_init ] --START--
INFO: Run Behavior\BuildLiteBehavior [ RunTime:0.000000s ]
INFO: [ app_init ] --END-- [ RunTime:0.001000s ]
INFO: [ app_begin ] --START--
INFO: Run Behavior\ReadHtmlCacheBehavior [ RunTime:0.001000s ]
INFO: [ app_begin ] --END-- [ RunTime:0.001000s ]
SQL: SHOW COLUMNS FROM `consume_list` [ RunTime:0.0010s ]
SQL: SELECT `business_id`,sum(consume_money) as b_turnover_in_the_day_money FROM `consume_list` WHERE ( `consume_time` >= 1513008000 AND `consume_time` <= 1513094399  ) GROUP BY business_id  [ RunTime:0.0010s ]
SQL: SHOW COLUMNS FROM `b_turnover_in_the_day` [ RunTime:0.0000s ]
SQL: INSERT INTO `b_turnover_in_the_day` (`business_id`,`b_turnover_in_the_day_money`,`b_turnover_in_the_day_integral_new`,`b_turnover_in_the_day_integral_ord`,`b_turnover_in_the_day_time`) VALUES ('2','330','16.5','16.5','1513055879') [ RunTime:0.0000s ]
SQL: SHOW COLUMNS FROM `business_info` [ RunTime:0.0010s ]
SQL: SELECT `b_turnover_in_the_day_money`,`business_id`,`b_turnover_in_the_day_integral_new` FROM `b_turnover_in_the_day` WHERE ( `b_turnover_in_the_day_time` >= 1513008000 AND `b_turnover_in_the_day_time` <= 1513094399  )  [ RunTime:0.0000s ]
SQL: SELECT * FROM `business_info` WHERE `business_id` = 2 LIMIT 1   [ RunTime:0.0000s ]
SQL: UPDATE `business_info` SET `business_id`='2',`business_info_total`='960' WHERE `business_info_id` = 40 [ RunTime:0.0000s ]
SQL: SELECT `b_turnover_in_the_day_money`,`business_id`,`b_turnover_in_the_day_integral_new` FROM `b_turnover_in_the_day` WHERE ( `b_turnover_in_the_day_time` >= 1513008000 AND `b_turnover_in_the_day_time` <= 1513094399  )  [ RunTime:0.0000s ]
SQL: SELECT * FROM `consume_list` WHERE ( `consume_time` >= 1513008000 AND `consume_time` <= 1513094399  )  [ RunTime:0.0010s ]

[ 2017-12-12T13:18:31+08:00 ] ::1 /TP/index.php/Admin/Index/toGo
INFO: [ app_init ] --START--
INFO: Run Behavior\BuildLiteBehavior [ RunTime:0.000000s ]
INFO: [ app_init ] --END-- [ RunTime:0.001000s ]
INFO: [ app_begin ] --START--
INFO: Run Behavior\ReadHtmlCacheBehavior [ RunTime:0.000000s ]
INFO: [ app_begin ] --END-- [ RunTime:0.000000s ]
SQL: SHOW COLUMNS FROM `consume_list` [ RunTime:0.0010s ]
SQL: SELECT `business_id`,sum(consume_money) as b_turnover_in_the_day_money FROM `consume_list` WHERE ( `consume_time` >= 1513008000 AND `consume_time` <= 1513094399  ) GROUP BY business_id  [ RunTime:0.0000s ]
SQL: SHOW COLUMNS FROM `b_turnover_in_the_day` [ RunTime:0.0010s ]
SQL: INSERT INTO `b_turnover_in_the_day` (`business_id`,`b_turnover_in_the_day_money`,`b_turnover_in_the_day_integral_new`,`b_turnover_in_the_day_integral_ord`,`b_turnover_in_the_day_time`) VALUES ('2','330','16.5','16.5','1513055911') [ RunTime:0.0000s ]
SQL: SHOW COLUMNS FROM `business_info` [ RunTime:0.0010s ]
SQL: SELECT `b_turnover_in_the_day_money`,`business_id`,`b_turnover_in_the_day_integral_new` FROM `b_turnover_in_the_day` WHERE ( `b_turnover_in_the_day_time` >= 1513008000 AND `b_turnover_in_the_day_time` <= 1513094399  )  [ RunTime:0.0000s ]
SQL: SELECT * FROM `business_info` WHERE `business_id` = 2 LIMIT 1   [ RunTime:0.0000s ]
SQL: UPDATE `business_info` SET `business_id`='2',`business_info_total`='1290' WHERE `business_info_id` = 40 [ RunTime:0.0010s ]
SQL: SELECT * FROM `business_info` WHERE `business_id` = 2 LIMIT 1   [ RunTime:0.0000s ]
SQL: UPDATE `business_info` SET `business_id`='2',`business_info_total`='1620' WHERE `business_info_id` = 40 [ RunTime:0.0000s ]
SQL: SELECT `b_turnover_in_the_day_money`,`business_id`,`b_turnover_in_the_day_integral_new` FROM `b_turnover_in_the_day` WHERE ( `b_turnover_in_the_day_time` >= 1513008000 AND `b_turnover_in_the_day_time` <= 1513094399  )  [ RunTime:0.0000s ]
SQL: SELECT * FROM `consume_list` WHERE ( `consume_time` >= 1513008000 AND `consume_time` <= 1513094399  )  [ RunTime:0.0000s ]

[ 2017-12-12T13:18:32+08:00 ] ::1 /TP/index.php/Admin/Index/toGo
INFO: [ app_init ] --START--
INFO: Run Behavior\BuildLiteBehavior [ RunTime:0.000000s ]
INFO: [ app_init ] --END-- [ RunTime:0.001000s ]
INFO: [ app_begin ] --START--
INFO: Run Behavior\ReadHtmlCacheBehavior [ RunTime:0.000000s ]
INFO: [ app_begin ] --END-- [ RunTime:0.000000s ]
SQL: SHOW COLUMNS FROM `consume_list` [ RunTime:0.0010s ]
SQL: SELECT `business_id`,sum(consume_money) as b_turnover_in_the_day_money FROM `consume_list` WHERE ( `consume_time` >= 1513008000 AND `consume_time` <= 1513094399  ) GROUP BY business_id  [ RunTime:0.0000s ]
SQL: SHOW COLUMNS FROM `b_turnover_in_the_day` [ RunTime:0.0000s ]
SQL: INSERT INTO `b_turnover_in_the_day` (`business_id`,`b_turnover_in_the_day_money`,`b_turnover_in_the_day_integral_new`,`b_turnover_in_the_day_integral_ord`,`b_turnover_in_the_day_time`) VALUES ('2','330','16.5','16.5','1513055912') [ RunTime:0.0000s ]
SQL: SHOW COLUMNS FROM `business_info` [ RunTime:0.0010s ]
SQL: SELECT `b_turnover_in_the_day_money`,`business_id`,`b_turnover_in_the_day_integral_new` FROM `b_turnover_in_the_day` WHERE ( `b_turnover_in_the_day_time` >= 1513008000 AND `b_turnover_in_the_day_time` <= 1513094399  )  [ RunTime:0.0010s ]
SQL: SELECT * FROM `business_info` WHERE `business_id` = 2 LIMIT 1   [ RunTime:0.0000s ]
SQL: UPDATE `business_info` SET `business_id`='2',`business_info_total`='1950' WHERE `business_info_id` = 40 [ RunTime:0.0010s ]
SQL: SELECT * FROM `business_info` WHERE `business_id` = 2 LIMIT 1   [ RunTime:0.0000s ]
SQL: UPDATE `business_info` SET `business_id`='2',`business_info_total`='2280' WHERE `business_info_id` = 40 [ RunTime:0.0000s ]
SQL: SELECT * FROM `business_info` WHERE `business_id` = 2 LIMIT 1   [ RunTime:0.0000s ]
SQL: UPDATE `business_info` SET `business_id`='2',`business_info_total`='2610' WHERE `business_info_id` = 40 [ RunTime:0.0000s ]
SQL: SELECT `b_turnover_in_the_day_money`,`business_id`,`b_turnover_in_the_day_integral_new` FROM `b_turnover_in_the_day` WHERE ( `b_turnover_in_the_day_time` >= 1513008000 AND `b_turnover_in_the_day_time` <= 1513094399  )  [ RunTime:0.0010s ]
SQL: SELECT * FROM `consume_list` WHERE ( `consume_time` >= 1513008000 AND `consume_time` <= 1513094399  )  [ RunTime:0.0000s ]
NOTIC: [8] Undefined offset: 2 D:\wamp64\www\TP\Application\Admin\Controller\IndexController.class.php 第 119 行.
NOTIC: [2] Division by zero D:\wamp64\www\TP\Application\Admin\Controller\IndexController.class.php 第 119 行.
NOTIC: [8] Undefined offset: 2 D:\wamp64\www\TP\Application\Admin\Controller\IndexController.class.php 第 120 行.
NOTIC: [8] Undefined offset: 2 D:\wamp64\www\TP\Application\Admin\Controller\IndexController.class.php 第 120 行.
NOTIC: [8] Undefined offset: 2 D:\wamp64\www\TP\Application\Admin\Controller\IndexController.class.php 第 125 行.
NOTIC: [8] Undefined offset: 2 D:\wamp64\www\TP\Application\Admin\Controller\IndexController.class.php 第 119 行.
NOTIC: [2] Division by zero D:\wamp64\www\TP\Application\Admin\Controller\IndexController.class.php 第 119 行.
NOTIC: [8] Undefined offset: 2 D:\wamp64\www\TP\Application\Admin\Controller\IndexController.class.php 第 120 行.
NOTIC: [8] Undefined offset: 2 D:\wamp64\www\TP\Application\Admin\Controller\IndexController.class.php 第 120 行.
NOTIC: [8] Undefined offset: 2 D:\wamp64\www\TP\Application\Admin\Controller\IndexController.class.php 第 125 行.

[ 2017-12-12T13:18:32+08:00 ] ::1 /TP/index.php/Admin/Index/toGo
INFO: [ app_init ] --START--
INFO: Run Behavior\BuildLiteBehavior [ RunTime:0.000000s ]
INFO: [ app_init ] --END-- [ RunTime:0.001000s ]
INFO: [ app_begin ] --START--
INFO: Run Behavior\ReadHtmlCacheBehavior [ RunTime:0.001000s ]
INFO: [ app_begin ] --END-- [ RunTime:0.001000s ]
SQL: SHOW COLUMNS FROM `consume_list` [ RunTime:0.0000s ]
SQL: SELECT `business_id`,sum(consume_money) as b_turnover_in_the_day_money FROM `consume_list` WHERE ( `consume_time` >= 1513008000 AND `consume_time` <= 1513094399  ) GROUP BY business_id  [ RunTime:0.0010s ]
SQL: SHOW COLUMNS FROM `b_turnover_in_the_day` [ RunTime:0.0010s ]
SQL: INSERT INTO `b_turnover_in_the_day` (`business_id`,`b_turnover_in_the_day_money`,`b_turnover_in_the_day_integral_new`,`b_turnover_in_the_day_integral_ord`,`b_turnover_in_the_day_time`) VALUES ('2','330','16.5','16.5','1513055912') [ RunTime:0.0000s ]
SQL: SHOW COLUMNS FROM `business_info` [ RunTime:0.0010s ]
SQL: SELECT `b_turnover_in_the_day_money`,`business_id`,`b_turnover_in_the_day_integral_new` FROM `b_turnover_in_the_day` WHERE ( `b_turnover_in_the_day_time` >= 1513008000 AND `b_turnover_in_the_day_time` <= 1513094399  )  [ RunTime:0.0000s ]
SQL: SELECT * FROM `business_info` WHERE `business_id` = 2 LIMIT 1   [ RunTime:0.0000s ]
SQL: UPDATE `business_info` SET `business_id`='2',`business_info_total`='2940' WHERE `business_info_id` = 40 [ RunTime:0.0000s ]
SQL: SELECT * FROM `business_info` WHERE `business_id` = 2 LIMIT 1   [ RunTime:0.0000s ]
SQL: UPDATE `business_info` SET `business_id`='2',`business_info_total`='3270' WHERE `business_info_id` = 40 [ RunTime:0.0000s ]
SQL: SELECT * FROM `business_info` WHERE `business_id` = 2 LIMIT 1   [ RunTime:0.0000s ]
SQL: UPDATE `business_info` SET `business_id`='2',`business_info_total`='3600' WHERE `business_info_id` = 40 [ RunTime:0.0000s ]
SQL: SELECT * FROM `business_info` WHERE `business_id` = 2 LIMIT 1   [ RunTime:0.0010s ]
SQL: UPDATE `business_info` SET `business_id`='2',`business_info_total`='3930' WHERE `business_info_id` = 40 [ RunTime:0.0000s ]
SQL: SELECT `b_turnover_in_the_day_money`,`business_id`,`b_turnover_in_the_day_integral_new` FROM `b_turnover_in_the_day` WHERE ( `b_turnover_in_the_day_time` >= 1513008000 AND `b_turnover_in_the_day_time` <= 1513094399  )  [ RunTime:0.0010s ]
SQL: SELECT * FROM `consume_list` WHERE ( `consume_time` >= 1513008000 AND `consume_time` <= 1513094399  )  [ RunTime:0.0000s ]

[ 2017-12-12T13:18:33+08:00 ] ::1 /TP/index.php/Admin/Index/toGo
INFO: [ app_init ] --START--
INFO: Run Behavior\BuildLiteBehavior [ RunTime:0.000000s ]
INFO: [ app_init ] --END-- [ RunTime:0.001000s ]
INFO: [ app_begin ] --START--
INFO: Run Behavior\ReadHtmlCacheBehavior [ RunTime:0.001000s ]
INFO: [ app_begin ] --END-- [ RunTime:0.001000s ]
SQL: SHOW COLUMNS FROM `consume_list` [ RunTime:0.0010s ]
SQL: SELECT `business_id`,sum(consume_money) as b_turnover_in_the_day_money FROM `consume_list` WHERE ( `consume_time` >= 1513008000 AND `consume_time` <= 1513094399  ) GROUP BY business_id  [ RunTime:0.0000s ]
SQL: SHOW COLUMNS FROM `b_turnover_in_the_day` [ RunTime:0.0010s ]
SQL: INSERT INTO `b_turnover_in_the_day` (`business_id`,`b_turnover_in_the_day_money`,`b_turnover_in_the_day_integral_new`,`b_turnover_in_the_day_integral_ord`,`b_turnover_in_the_day_time`) VALUES ('2','330','16.5','16.5','1513055912') [ RunTime:0.0010s ]
SQL: SHOW COLUMNS FROM `business_info` [ RunTime:0.0010s ]
SQL: SELECT `b_turnover_in_the_day_money`,`business_id`,`b_turnover_in_the_day_integral_new` FROM `b_turnover_in_the_day` WHERE ( `b_turnover_in_the_day_time` >= 1513008000 AND `b_turnover_in_the_day_time` <= 1513094399  )  [ RunTime:0.0010s ]
SQL: SELECT * FROM `business_info` WHERE `business_id` = 2 LIMIT 1   [ RunTime:0.0000s ]
SQL: UPDATE `business_info` SET `business_id`='2',`business_info_total`='4260' WHERE `business_info_id` = 40 [ RunTime:0.0000s ]
SQL: SELECT * FROM `business_info` WHERE `business_id` = 2 LIMIT 1   [ RunTime:0.0000s ]
SQL: UPDATE `business_info` SET `business_id`='2',`business_info_total`='4590' WHERE `business_info_id` = 40 [ RunTime:0.0000s ]
SQL: SELECT * FROM `business_info` WHERE `business_id` = 2 LIMIT 1   [ RunTime:0.0010s ]
SQL: UPDATE `business_info` SET `business_id`='2',`business_info_total`='4920' WHERE `business_info_id` = 40 [ RunTime:0.0000s ]
SQL: SELECT * FROM `business_info` WHERE `business_id` = 2 LIMIT 1   [ RunTime:0.0010s ]
SQL: UPDATE `business_info` SET `business_id`='2',`business_info_total`='5250' WHERE `business_info_id` = 40 [ RunTime:0.0000s ]
SQL: SELECT * FROM `business_info` WHERE `business_id` = 2 LIMIT 1   [ RunTime:0.0000s ]
SQL: UPDATE `business_info` SET `business_id`='2',`business_info_total`='5580' WHERE `business_info_id` = 40 [ RunTime:0.0010s ]
SQL: SELECT `b_turnover_in_the_day_money`,`business_id`,`b_turnover_in_the_day_integral_new` FROM `b_turnover_in_the_day` WHERE ( `b_turnover_in_the_day_time` >= 1513008000 AND `b_turnover_in_the_day_time` <= 1513094399  )  [ RunTime:0.0010s ]
SQL: SELECT * FROM `consume_list` WHERE ( `consume_time` >= 1513008000 AND `consume_time` <= 1513094399  )  [ RunTime:0.0010s ]

[ 2017-12-12T13:18:33+08:00 ] ::1 /TP/index.php/Admin/Index/toGo
INFO: [ app_init ] --START--
INFO: Run Behavior\BuildLiteBehavior [ RunTime:0.000000s ]
INFO: [ app_init ] --END-- [ RunTime:0.001000s ]
INFO: [ app_begin ] --START--
INFO: Run Behavior\ReadHtmlCacheBehavior [ RunTime:0.001000s ]
INFO: [ app_begin ] --END-- [ RunTime:0.001000s ]
SQL: SHOW COLUMNS FROM `consume_list` [ RunTime:0.0010s ]
SQL: SELECT `business_id`,sum(consume_money) as b_turnover_in_the_day_money FROM `consume_list` WHERE ( `consume_time` >= 1513008000 AND `consume_time` <= 1513094399  ) GROUP BY business_id  [ RunTime:0.0000s ]
SQL: SHOW COLUMNS FROM `b_turnover_in_the_day` [ RunTime:0.0000s ]
SQL: INSERT INTO `b_turnover_in_the_day` (`business_id`,`b_turnover_in_the_day_money`,`b_turnover_in_the_day_integral_new`,`b_turnover_in_the_day_integral_ord`,`b_turnover_in_the_day_time`) VALUES ('2','330','16.5','16.5','1513055913') [ RunTime:0.0010s ]
SQL: SHOW COLUMNS FROM `business_info` [ RunTime:0.0000s ]
SQL: SELECT `b_turnover_in_the_day_money`,`business_id`,`b_turnover_in_the_day_integral_new` FROM `b_turnover_in_the_day` WHERE ( `b_turnover_in_the_day_time` >= 1513008000 AND `b_turnover_in_the_day_time` <= 1513094399  )  [ RunTime:0.0000s ]
SQL: SELECT * FROM `business_info` WHERE `business_id` = 2 LIMIT 1   [ RunTime:0.0000s ]
SQL: UPDATE `business_info` SET `business_id`='2',`business_info_total`='5910' WHERE `business_info_id` = 40 [ RunTime:0.0000s ]
SQL: SELECT * FROM `business_info` WHERE `business_id` = 2 LIMIT 1   [ RunTime:0.0010s ]
SQL: UPDATE `business_info` SET `business_id`='2',`business_info_total`='6240' WHERE `business_info_id` = 40 [ RunTime:0.0000s ]
SQL: SELECT * FROM `business_info` WHERE `business_id` = 2 LIMIT 1   [ RunTime:0.0010s ]
SQL: UPDATE `business_info` SET `business_id`='2',`business_info_total`='6570' WHERE `business_info_id` = 40 [ RunTime:0.0000s ]
SQL: SELECT * FROM `business_info` WHERE `business_id` = 2 LIMIT 1   [ RunTime:0.0000s ]
SQL: UPDATE `business_info` SET `business_id`='2',`business_info_total`='6900' WHERE `business_info_id` = 40 [ RunTime:0.0000s ]
SQL: SELECT * FROM `business_info` WHERE `business_id` = 2 LIMIT 1   [ RunTime:0.0000s ]
SQL: UPDATE `business_info` SET `business_id`='2',`business_info_total`='7230' WHERE `business_info_id` = 40 [ RunTime:0.0010s ]
SQL: SELECT * FROM `business_info` WHERE `business_id` = 2 LIMIT 1   [ RunTime:0.0000s ]
SQL: UPDATE `business_info` SET `business_id`='2',`business_info_total`='7560' WHERE `business_info_id` = 40 [ RunTime:0.0010s ]
SQL: SELECT `b_turnover_in_the_day_money`,`business_id`,`b_turnover_in_the_day_integral_new` FROM `b_turnover_in_the_day` WHERE ( `b_turnover_in_the_day_time` >= 1513008000 AND `b_turnover_in_the_day_time` <= 1513094399  )  [ RunTime:0.0000s ]
SQL: SELECT * FROM `consume_list` WHERE ( `consume_time` >= 1513008000 AND `consume_time` <= 1513094399  )  [ RunTime:0.0010s ]

[ 2017-12-12T13:18:36+08:00 ] ::1 /TP/index.php/Admin/Index/toGo
INFO: [ app_init ] --START--
INFO: Run Behavior\BuildLiteBehavior [ RunTime:0.000000s ]
INFO: [ app_init ] --END-- [ RunTime:0.001000s ]
INFO: [ app_begin ] --START--
INFO: Run Behavior\ReadHtmlCacheBehavior [ RunTime:0.001000s ]
INFO: [ app_begin ] --END-- [ RunTime:0.001000s ]
SQL: SHOW COLUMNS FROM `consume_list` [ RunTime:0.0010s ]
SQL: SELECT `business_id`,sum(consume_money) as b_turnover_in_the_day_money FROM `consume_list` WHERE ( `consume_time` >= 1513008000 AND `consume_time` <= 1513094399  ) GROUP BY business_id  [ RunTime:0.0000s ]
SQL: SHOW COLUMNS FROM `b_turnover_in_the_day` [ RunTime:0.0000s ]
SQL: INSERT INTO `b_turnover_in_the_day` (`business_id`,`b_turnover_in_the_day_money`,`b_turnover_in_the_day_integral_new`,`b_turnover_in_the_day_integral_ord`,`b_turnover_in_the_day_time`) VALUES ('2','330','16.5','16.5','1513055916') [ RunTime:0.0000s ]
SQL: SHOW COLUMNS FROM `business_info` [ RunTime:0.0010s ]
SQL: SELECT `b_turnover_in_the_day_money`,`business_id`,`b_turnover_in_the_day_integral_new` FROM `b_turnover_in_the_day` WHERE ( `b_turnover_in_the_day_time` >= 1513008000 AND `b_turnover_in_the_day_time` <= 1513094399  )  [ RunTime:0.0000s ]
SQL: SELECT * FROM `business_info` WHERE `business_id` = 2 LIMIT 1   [ RunTime:0.0000s ]
SQL: UPDATE `business_info` SET `business_id`='2',`business_info_total`='7890' WHERE `business_info_id` = 40 [ RunTime:0.0000s ]
SQL: SELECT * FROM `business_info` WHERE `business_id` = 2 LIMIT 1   [ RunTime:0.0000s ]
SQL: UPDATE `business_info` SET `business_id`='2',`business_info_total`='8220' WHERE `business_info_id` = 40 [ RunTime:0.0000s ]
SQL: SELECT * FROM `business_info` WHERE `business_id` = 2 LIMIT 1   [ RunTime:0.0010s ]
SQL: UPDATE `business_info` SET `business_id`='2',`business_info_total`='8550' WHERE `business_info_id` = 40 [ RunTime:0.0000s ]
SQL: SELECT * FROM `business_info` WHERE `business_id` = 2 LIMIT 1   [ RunTime:0.0010s ]
SQL: UPDATE `business_info` SET `business_id`='2',`business_info_total`='8880' WHERE `business_info_id` = 40 [ RunTime:0.0000s ]
SQL: SELECT * FROM `business_info` WHERE `business_id` = 2 LIMIT 1   [ RunTime:0.0010s ]
SQL: UPDATE `business_info` SET `business_id`='2',`business_info_total`='9210' WHERE `business_info_id` = 40 [ RunTime:0.0000s ]
SQL: SELECT * FROM `business_info` WHERE `business_id` = 2 LIMIT 1   [ RunTime:0.0000s ]
SQL: UPDATE `business_info` SET `business_id`='2',`business_info_total`='9540' WHERE `business_info_id` = 40 [ RunTime:0.0010s ]
SQL: SELECT * FROM `business_info` WHERE `business_id` = 2 LIMIT 1   [ RunTime:0.0000s ]
SQL: UPDATE `business_info` SET `business_id`='2',`business_info_total`='9870' WHERE `business_info_id` = 40 [ RunTime:0.0000s ]
SQL: SELECT `b_turnover_in_the_day_money`,`business_id`,`b_turnover_in_the_day_integral_new` FROM `b_turnover_in_the_day` WHERE ( `b_turnover_in_the_day_time` >= 1513008000 AND `b_turnover_in_the_day_time` <= 1513094399  )  [ RunTime:0.0010s ]
SQL: SELECT * FROM `consume_list` WHERE ( `consume_time` >= 1513008000 AND `consume_time` <= 1513094399  )  [ RunTime:0.0000s ]

[ 2017-12-12T13:21:05+08:00 ] ::1 /TP/index.php/Admin/Index/toGo
INFO: [ app_init ] --START--
INFO: Run Behavior\BuildLiteBehavior [ RunTime:0.000000s ]
INFO: [ app_init ] --END-- [ RunTime:0.001000s ]
INFO: [ app_begin ] --START--
INFO: Run Behavior\ReadHtmlCacheBehavior [ RunTime:0.001001s ]
INFO: [ app_begin ] --END-- [ RunTime:0.001001s ]
SQL: SHOW COLUMNS FROM `consume_list` [ RunTime:0.0010s ]
SQL: SELECT `business_id`,sum(consume_money) as b_turnover_in_the_day_money FROM `consume_list` WHERE ( `consume_time` >= 1513008000 AND `consume_time` <= 1513094399  ) GROUP BY business_id  [ RunTime:0.0000s ]
SQL: SHOW COLUMNS FROM `b_turnover_in_the_day` [ RunTime:0.0010s ]
SQL: INSERT INTO `b_turnover_in_the_day` (`business_id`,`b_turnover_in_the_day_money`,`b_turnover_in_the_day_integral_new`,`b_turnover_in_the_day_integral_ord`,`b_turnover_in_the_day_time`) VALUES ('2','330','16.5','16.5','1513056065') [ RunTime:0.0000s ]
SQL: SHOW COLUMNS FROM `business_info` [ RunTime:0.0010s ]
SQL: SELECT `b_turnover_in_the_day_money`,`business_id`,`b_turnover_in_the_day_integral_new` FROM `b_turnover_in_the_day` WHERE ( `b_turnover_in_the_day_time` >= 1513008000 AND `b_turnover_in_the_day_time` <= 1513094399  )  [ RunTime:0.0000s ]
SQL: SELECT * FROM `business_info` WHERE `business_id` = 2 LIMIT 1   [ RunTime:0.0000s ]
SQL: UPDATE `business_info` SET `business_id`='2',`business_info_total`='10200' WHERE `business_info_id` = 40 [ RunTime:0.0000s ]
SQL: SELECT * FROM `business_info` WHERE `business_id` = 2 LIMIT 1   [ RunTime:0.0000s ]
SQL: UPDATE `business_info` SET `business_id`='2',`business_info_total`='10530' WHERE `business_info_id` = 40 [ RunTime:0.0010s ]
SQL: SELECT * FROM `business_info` WHERE `business_id` = 2 LIMIT 1   [ RunTime:0.0000s ]
SQL: UPDATE `business_info` SET `business_id`='2',`business_info_total`='10860' WHERE `business_info_id` = 40 [ RunTime:0.0010s ]
SQL: SELECT * FROM `business_info` WHERE `business_id` = 2 LIMIT 1   [ RunTime:0.0000s ]
SQL: UPDATE `business_info` SET `business_id`='2',`business_info_total`='11190' WHERE `business_info_id` = 40 [ RunTime:0.0000s ]
SQL: SELECT * FROM `business_info` WHERE `business_id` = 2 LIMIT 1   [ RunTime:0.0000s ]
SQL: UPDATE `business_info` SET `business_id`='2',`business_info_total`='11520' WHERE `business_info_id` = 40 [ RunTime:0.0000s ]
SQL: SELECT * FROM `business_info` WHERE `business_id` = 2 LIMIT 1   [ RunTime:0.0010s ]
SQL: UPDATE `business_info` SET `business_id`='2',`business_info_total`='11850' WHERE `business_info_id` = 40 [ RunTime:0.0000s ]
SQL: SELECT * FROM `business_info` WHERE `business_id` = 2 LIMIT 1   [ RunTime:0.0000s ]
SQL: UPDATE `business_info` SET `business_id`='2',`business_info_total`='12180' WHERE `business_info_id` = 40 [ RunTime:0.0000s ]
SQL: SELECT * FROM `business_info` WHERE `business_id` = 2 LIMIT 1   [ RunTime:0.0000s ]
SQL: UPDATE `business_info` SET `business_id`='2',`business_info_total`='12510' WHERE `business_info_id` = 40 [ RunTime:0.0010s ]
SQL: SELECT `b_turnover_in_the_day_money`,`business_id`,`b_turnover_in_the_day_integral_new` FROM `b_turnover_in_the_day` WHERE ( `b_turnover_in_the_day_time` >= 1513008000 AND `b_turnover_in_the_day_time` <= 1513094399  )  [ RunTime:0.0000s ]
SQL: SELECT * FROM `consume_list` WHERE ( `consume_time` >= 1513008000 AND `consume_time` <= 1513094399  )  [ RunTime:0.0010s ]

