[ 2017-11-17T08:48:52+08:00 ] 1.85.217.126 /TP/index.php/Admin/Index/
INFO: [ app_init ] --START--
INFO: Run Behavior\BuildLiteBehavior [ RunTime:0.000010s ]
INFO: [ app_init ] --END-- [ RunTime:0.000115s ]
INFO: [ app_begin ] --START--
INFO: Run Behavior\ReadHtmlCacheBehavior [ RunTime:0.000069s ]
INFO: [ app_begin ] --END-- [ RunTime:0.000107s ]
INFO: [ view_parse ] --START--
INFO: [ template_filter ] --START--
INFO: Run Behavior\ContentReplaceBehavior [ RunTime:0.000083s ]
INFO: [ template_filter ] --END-- [ RunTime:0.000129s ]
INFO: Run Behavior\ParseTemplateBehavior [ RunTime:0.004202s ]
INFO: [ view_parse ] --END-- [ RunTime:0.004234s ]
INFO: [ view_filter ] --START--
INFO: Run Behavior\WriteHtmlCacheBehavior [ RunTime:0.000066s ]
INFO: [ view_filter ] --END-- [ RunTime:0.000087s ]

[ 2017-11-17T08:48:55+08:00 ] 1.85.217.126 /TP/index.php/Admin/Index/login
INFO: [ app_init ] --START--
INFO: Run Behavior\BuildLiteBehavior [ RunTime:0.000007s ]
INFO: [ app_init ] --END-- [ RunTime:0.000078s ]
INFO: [ app_begin ] --START--
INFO: Run Behavior\ReadHtmlCacheBehavior [ RunTime:0.000053s ]
INFO: [ app_begin ] --END-- [ RunTime:0.000080s ]
SQL: SHOW COLUMNS FROM `business` [ RunTime:0.0004s ]
SQL: SELECT * FROM `business` WHERE `business_account` = 'weipengfei' AND `business_pass` = '14e1b600b1fd579f47433b88e8d85291' LIMIT 1   [ RunTime:0.0001s ]
INFO: [ view_parse ] --START--
INFO: [ template_filter ] --START--
INFO: Run Behavior\ContentReplaceBehavior [ RunTime:0.000025s ]
INFO: [ template_filter ] --END-- [ RunTime:0.000046s ]
INFO: Run Behavior\ParseTemplateBehavior [ RunTime:0.004432s ]
INFO: [ view_parse ] --END-- [ RunTime:0.004459s ]
INFO: [ view_filter ] --START--
INFO: Run Behavior\WriteHtmlCacheBehavior [ RunTime:0.000042s ]
INFO: [ view_filter ] --END-- [ RunTime:0.000054s ]
INFO: [ app_end ] --START--
INFO: Run Behavior\ShowPageTraceBehavior [ RunTime:0.000042s ]
INFO: [ app_end ] --END-- [ RunTime:0.000056s ]

[ 2017-11-17T08:48:56+08:00 ] 1.85.217.126 /TP/index.php/Admin/Index/index.html
INFO: [ app_init ] --START--
INFO: Run Behavior\BuildLiteBehavior [ RunTime:0.000006s ]
INFO: [ app_init ] --END-- [ RunTime:0.000082s ]
INFO: [ app_begin ] --START--
INFO: Run Behavior\ReadHtmlCacheBehavior [ RunTime:0.000060s ]
INFO: [ app_begin ] --END-- [ RunTime:0.000088s ]
SQL: SHOW COLUMNS FROM `business` [ RunTime:0.0006s ]
SQL: SHOW COLUMNS FROM `b_turnover_in_the_day` [ RunTime:0.0006s ]
SQL: SELECT * FROM `business` WHERE `business_id` = 2 LIMIT 1   [ RunTime:0.0001s ]
SQL: SELECT * FROM `b_turnover_in_the_day` WHERE ( b_turnover_in_the_day_time <= 1510930800 and b_turnover_in_the_day_time > 1510848000 and business_id = 2 ) LIMIT 1   [ RunTime:0.0003s ]
NOTIC: [8] Undefined index: b_turnover_in_the_day_integral_ord /data/wwwroot/default/TP/Application/Admin/Controller/IndexController.class.php 第 27 行.
SQL: SHOW COLUMNS FROM `users_integral_list` [ RunTime:0.0004s ]
SQL: SELECT * FROM `users_integral_list` WHERE ( users_integral_addtime <= 1510930800 and users_integral_addtime > 1510848000 and business_id = 2 )  [ RunTime:0.0004s ]
SQL: SHOW COLUMNS FROM `users` [ RunTime:0.0004s ]
SQL: SELECT * FROM `users_integral_list` WHERE ( users_integral_addtime <= 1510930800 and users_integral_addtime > 1510848000 and business_id = 2 )  [ RunTime:0.0001s ]
INFO: [ view_parse ] --START--
INFO: [ template_filter ] --START--
INFO: Run Behavior\ContentReplaceBehavior [ RunTime:0.000285s ]
INFO: [ template_filter ] --END-- [ RunTime:0.000322s ]
NOTIC: [8] Undefined index: b_turnover_in_the_day_money /data/wwwroot/default/TP/Application/Runtime/Cache/Admin/da4cd6c0f72b4897fc3959e8a3e7598e.php 第 644 行.
INFO: Run Behavior\ParseTemplateBehavior [ RunTime:0.010093s ]
INFO: [ view_parse ] --END-- [ RunTime:0.010117s ]
INFO: [ view_filter ] --START--
INFO: Run Behavior\WriteHtmlCacheBehavior [ RunTime:0.000077s ]
INFO: [ view_filter ] --END-- [ RunTime:0.000093s ]
INFO: [ app_end ] --START--
INFO: Run Behavior\ShowPageTraceBehavior [ RunTime:0.000076s ]
INFO: [ app_end ] --END-- [ RunTime:0.000107s ]

