[ 2017-11-16T19:45:37+08:00 ] 1.85.217.126 /TP/index.php/Admin/index/togo
INFO: [ app_init ] --START--
INFO: Run Behavior\BuildLiteBehavior [ RunTime:0.000009s ]
INFO: [ app_init ] --END-- [ RunTime:0.000115s ]
INFO: [ app_begin ] --START--
INFO: Run Behavior\ReadHtmlCacheBehavior [ RunTime:0.000056s ]
INFO: [ app_begin ] --END-- [ RunTime:0.000084s ]
SQL: SHOW COLUMNS FROM `consume_list` [ RunTime:0.0006s ]
NOTIC: [8] Undefined index: Admin /data/wwwroot/default/TP/Application/Admin/Controller/IndexController.class.php 第 337 行.
ERR: 1064:You have an error in your SQL syntax; check the manual that corresponds to your MySQL server version for the right syntax to use near ')' at line 1
 [ SQL语句 ] : SELECT * FROM `consume_list` WHERE ( consume_time < 1510844400 and consume_time > 1510761600 and business_id= ) 
ERR: 1064:You have an error in your SQL syntax; check the manual that corresponds to your MySQL server version for the right syntax to use near ')' at line 1
 [ SQL语句 ] : SELECT * FROM `consume_list` WHERE ( consume_time < 1510844400 and consume_time > 1510761600 and business_id= ) 

[ 2017-11-16T19:45:58+08:00 ] 1.85.217.126 /TP/index.php/Admin/
INFO: [ app_init ] --START--
INFO: Run Behavior\BuildLiteBehavior [ RunTime:0.000009s ]
INFO: [ app_init ] --END-- [ RunTime:0.000071s ]
INFO: [ app_begin ] --START--
INFO: Run Behavior\ReadHtmlCacheBehavior [ RunTime:0.000036s ]
INFO: [ app_begin ] --END-- [ RunTime:0.000054s ]
ERR: 模板不存在:./Application/Admin/View/Index/login.html

[ 2017-11-16T19:46:07+08:00 ] 1.85.217.126 /TP/index.php/Admin
INFO: [ app_init ] --START--
INFO: Run Behavior\BuildLiteBehavior [ RunTime:0.000007s ]
INFO: [ app_init ] --END-- [ RunTime:0.000056s ]
INFO: [ app_begin ] --START--
INFO: Run Behavior\ReadHtmlCacheBehavior [ RunTime:0.000055s ]
INFO: [ app_begin ] --END-- [ RunTime:0.000079s ]
ERR: 模板不存在:./Application/Admin/View/Index/login.html

[ 2017-11-16T19:46:49+08:00 ] 1.85.217.126 /TP/index.php/Admin
INFO: [ app_init ] --START--
INFO: Run Behavior\BuildLiteBehavior [ RunTime:0.000009s ]
INFO: [ app_init ] --END-- [ RunTime:0.000077s ]
INFO: [ app_begin ] --START--
INFO: Run Behavior\ReadHtmlCacheBehavior [ RunTime:0.000043s ]
INFO: [ app_begin ] --END-- [ RunTime:0.000091s ]
INFO: [ view_parse ] --START--
INFO: [ template_filter ] --START--
INFO: Run Behavior\ContentReplaceBehavior [ RunTime:0.000064s ]
INFO: [ template_filter ] --END-- [ RunTime:0.000090s ]
INFO: Run Behavior\ParseTemplateBehavior [ RunTime:0.002251s ]
INFO: [ view_parse ] --END-- [ RunTime:0.002330s ]
INFO: [ view_filter ] --START--
INFO: Run Behavior\WriteHtmlCacheBehavior [ RunTime:0.000040s ]
INFO: [ view_filter ] --END-- [ RunTime:0.000053s ]

[ 2017-11-16T19:46:58+08:00 ] 1.85.217.126 /TP/index.php/Admin/Index/login
INFO: [ app_init ] --START--
INFO: Run Behavior\BuildLiteBehavior [ RunTime:0.000009s ]
INFO: [ app_init ] --END-- [ RunTime:0.000090s ]
INFO: [ app_begin ] --START--
INFO: Run Behavior\ReadHtmlCacheBehavior [ RunTime:0.000061s ]
INFO: [ app_begin ] --END-- [ RunTime:0.000131s ]
SQL: SHOW COLUMNS FROM `business` [ RunTime:0.0006s ]
SQL: SELECT * FROM `business` WHERE `business_account` = 'weipengfei' AND `business_pass` = '14e1b600b1fd579f47433b88e8d85291' LIMIT 1   [ RunTime:0.0003s ]
INFO: [ view_parse ] --START--
INFO: [ template_filter ] --START--
INFO: Run Behavior\ContentReplaceBehavior [ RunTime:0.000092s ]
INFO: [ template_filter ] --END-- [ RunTime:0.000123s ]
INFO: Run Behavior\ParseTemplateBehavior [ RunTime:0.001313s ]
INFO: [ view_parse ] --END-- [ RunTime:0.001573s ]
INFO: [ view_filter ] --START--
INFO: Run Behavior\WriteHtmlCacheBehavior [ RunTime:0.000061s ]
INFO: [ view_filter ] --END-- [ RunTime:0.000081s ]
INFO: [ app_end ] --START--
INFO: Run Behavior\ShowPageTraceBehavior [ RunTime:0.000048s ]
INFO: [ app_end ] --END-- [ RunTime:0.000072s ]

[ 2017-11-16T19:47:00+08:00 ] 1.85.217.126 /TP/index.php/Admin/Index/index.html
INFO: [ app_init ] --START--
INFO: Run Behavior\BuildLiteBehavior [ RunTime:0.000009s ]
INFO: [ app_init ] --END-- [ RunTime:0.000077s ]
INFO: [ app_begin ] --START--
INFO: Run Behavior\ReadHtmlCacheBehavior [ RunTime:0.000056s ]
INFO: [ app_begin ] --END-- [ RunTime:0.000081s ]
SQL: SHOW COLUMNS FROM `business` [ RunTime:0.0005s ]
SQL: SHOW COLUMNS FROM `b_turnover_in_the_day` [ RunTime:0.0003s ]
SQL: SELECT * FROM `business` WHERE `business_id` = 2 LIMIT 1   [ RunTime:0.0002s ]
SQL: SELECT * FROM `b_turnover_in_the_day` WHERE ( b_turnover_in_the_day_time <= 1510844400 and b_turnover_in_the_day_time > 1510761600 and business_id = 2 ) LIMIT 1   [ RunTime:0.0002s ]
NOTIC: [8] Undefined index: b_turnover_in_the_day_integral_ord /data/wwwroot/default/TP/Application/Admin/Controller/IndexController.class.php 第 27 行.
SQL: SHOW COLUMNS FROM `users_integral_list` [ RunTime:0.0009s ]
SQL: SELECT * FROM `users_integral_list` WHERE ( users_integral_addtime <= 1510844400 and users_integral_addtime > 1510761600 and business_id = 2 )  [ RunTime:0.0005s ]
SQL: SHOW COLUMNS FROM `users` [ RunTime:0.0003s ]
SQL: SELECT * FROM `users_integral_list` WHERE ( users_integral_addtime <= 1510844400 and users_integral_addtime > 1510761600 and business_id = 2 )  [ RunTime:0.0001s ]
INFO: [ view_parse ] --START--
NOTIC: [2] file_get_contents(./Application/Admin/View/Layout/index.html): failed to open stream: No such file or directory /data/wwwroot/default/TP/ThinkPHP/Library/Think/Template.class.php 第 696 行.
INFO: [ template_filter ] --START--
INFO: Run Behavior\ContentReplaceBehavior [ RunTime:0.000017s ]
INFO: [ template_filter ] --END-- [ RunTime:0.000044s ]
INFO: Run Behavior\ParseTemplateBehavior [ RunTime:0.002658s ]
INFO: [ view_parse ] --END-- [ RunTime:0.002685s ]
INFO: [ view_filter ] --START--
INFO: Run Behavior\WriteHtmlCacheBehavior [ RunTime:0.000051s ]
INFO: [ view_filter ] --END-- [ RunTime:0.000089s ]
INFO: [ app_end ] --START--
INFO: Run Behavior\ShowPageTraceBehavior [ RunTime:0.000054s ]
INFO: [ app_end ] --END-- [ RunTime:0.000074s ]

[ 2017-11-16T19:47:10+08:00 ] 1.85.217.126 /TP/index.php/Admin/Index/
INFO: [ app_init ] --START--
INFO: Run Behavior\BuildLiteBehavior [ RunTime:0.000006s ]
INFO: [ app_init ] --END-- [ RunTime:0.000057s ]
INFO: [ app_begin ] --START--
INFO: Run Behavior\ReadHtmlCacheBehavior [ RunTime:0.000047s ]
INFO: [ app_begin ] --END-- [ RunTime:0.000069s ]
SQL: SHOW COLUMNS FROM `business` [ RunTime:0.0005s ]
SQL: SHOW COLUMNS FROM `b_turnover_in_the_day` [ RunTime:0.0003s ]
SQL: SELECT * FROM `business` WHERE `business_id` = 2 LIMIT 1   [ RunTime:0.0001s ]
SQL: SELECT * FROM `b_turnover_in_the_day` WHERE ( b_turnover_in_the_day_time <= 1510844400 and b_turnover_in_the_day_time > 1510761600 and business_id = 2 ) LIMIT 1   [ RunTime:0.0001s ]
NOTIC: [8] Undefined index: b_turnover_in_the_day_integral_ord /data/wwwroot/default/TP/Application/Admin/Controller/IndexController.class.php 第 27 行.
SQL: SHOW COLUMNS FROM `users_integral_list` [ RunTime:0.0004s ]
SQL: SELECT * FROM `users_integral_list` WHERE ( users_integral_addtime <= 1510844400 and users_integral_addtime > 1510761600 and business_id = 2 )  [ RunTime:0.0001s ]
SQL: SHOW COLUMNS FROM `users` [ RunTime:0.0003s ]
SQL: SELECT * FROM `users_integral_list` WHERE ( users_integral_addtime <= 1510844400 and users_integral_addtime > 1510761600 and business_id = 2 )  [ RunTime:0.0001s ]
INFO: [ view_parse ] --START--
NOTIC: [2] file_get_contents(./Application/Admin/View/Layout/index.html): failed to open stream: No such file or directory /data/wwwroot/default/TP/ThinkPHP/Library/Think/Template.class.php 第 696 行.
INFO: [ template_filter ] --START--
INFO: Run Behavior\ContentReplaceBehavior [ RunTime:0.000015s ]
INFO: [ template_filter ] --END-- [ RunTime:0.000037s ]
INFO: Run Behavior\ParseTemplateBehavior [ RunTime:0.001190s ]
INFO: [ view_parse ] --END-- [ RunTime:0.001226s ]
INFO: [ view_filter ] --START--
INFO: Run Behavior\WriteHtmlCacheBehavior [ RunTime:0.000041s ]
INFO: [ view_filter ] --END-- [ RunTime:0.000053s ]
INFO: [ app_end ] --START--
INFO: Run Behavior\ShowPageTraceBehavior [ RunTime:0.000035s ]
INFO: [ app_end ] --END-- [ RunTime:0.000051s ]

[ 2017-11-16T19:47:31+08:00 ] 1.85.217.126 /TP/index.php/Admin/Index/togo
INFO: [ app_init ] --START--
INFO: Run Behavior\BuildLiteBehavior [ RunTime:0.000007s ]
INFO: [ app_init ] --END-- [ RunTime:0.000061s ]
INFO: [ app_begin ] --START--
INFO: Run Behavior\ReadHtmlCacheBehavior [ RunTime:0.000048s ]
INFO: [ app_begin ] --END-- [ RunTime:0.000072s ]
SQL: SHOW COLUMNS FROM `consume_list` [ RunTime:0.0005s ]
SQL: SELECT * FROM `consume_list` WHERE ( consume_time < 1510844400 and consume_time > 1510761600 and business_id=2 )  [ RunTime:0.0002s ]
SQL: SHOW COLUMNS FROM `users_integral_list` [ RunTime:0.0004s ]
SQL: INSERT INTO `users_integral_list` (`users_id`,`business_id`,`users_integral_addtime`,`users_integral_num`) VALUES ('11','2','1510832699','20') [ RunTime:0.0023s ]
SQL: SHOW COLUMNS FROM `b_turnover_in_the_day` [ RunTime:0.0006s ]
SQL: SELECT * FROM `b_turnover_in_the_day` WHERE ( b_turnover_in_the_day_time <= 1510844400 and b_turnover_in_the_day_time > 1510761600 and business_id=2 )  [ RunTime:0.0003s ]
SQL: SELECT * FROM `consume_list` WHERE ( consume_time < 1510844400 and consume_time > 1510761600 and business_id=2 )  [ RunTime:0.0001s ]
SQL: INSERT INTO `b_turnover_in_the_day` (`b_turnover_in_the_day_money`,`business_id`,`b_turnover_in_the_day_integral_new`,`b_turnover_in_the_day_integral_ord`,`b_turnover_in_the_day_time`,`b_turnover_in_the_day_info`) VALUES ('20','2','1','1','1510844400','无') [ RunTime:0.0045s ]
NOTIC: [2] Missing argument 1 for Admin\Controller\IndexController::getBusiness_info(), called in /data/wwwroot/default/TP/Application/Admin/Controller/IndexController.class.php on line 93 and defined /data/wwwroot/default/TP/Application/Admin/Controller/IndexController.class.php 第 128 行.
SQL: SHOW COLUMNS FROM `business_info` [ RunTime:0.0021s ]
SQL: SELECT * FROM `b_turnover_in_the_day`  [ RunTime:0.0002s ]
SQL: SELECT * FROM `business_info` WHERE `business_id` = 3 LIMIT 1   [ RunTime:0.0005s ]
SQL: UPDATE `business_info` SET `business_id`='3',`business_info_total`='4000' WHERE `business_info_id` = 10 [ RunTime:0.0016s ]
SQL: SELECT * FROM `business_info` WHERE `business_id` = 2 LIMIT 1   [ RunTime:0.0002s ]
SQL: UPDATE `business_info` SET `business_id`='2',`business_info_total`='6000' WHERE `business_info_id` = 9 [ RunTime:0.0017s ]
SQL: SELECT * FROM `business_info` WHERE `business_id` = 2 LIMIT 1   [ RunTime:0.0002s ]
SQL: UPDATE `business_info` SET `business_id`='2',`business_info_total`='6020' WHERE `business_info_id` = 9 [ RunTime:0.0012s ]
SQL: SHOW COLUMNS FROM `users_integral` [ RunTime:0.0008s ]
SQL: SELECT * FROM `users_integral`  [ RunTime:0.0001s ]
SQL: SELECT * FROM `b_turnover_in_the_day` WHERE ( b_turnover_in_the_day_time <= 1510844400 and b_turnover_in_the_day_time > 1510761600 and business_id=3 )  [ RunTime:0.0002s ]
NOTIC: [8] Undefined offset: 0 /data/wwwroot/default/TP/Application/Admin/Controller/IndexController.class.php 第 108 行.
SQL: SELECT * FROM `business_info` WHERE ( business_id = 3 ) LIMIT 1   [ RunTime:0.0002s ]
SQL: UPDATE `users_integral` SET `users_integral_num`='100',`users_integral_total_amount`='2000',`business_id`='3',`users_id`='11' WHERE `users_integral_id` = 153 [ RunTime:0.0012s ]
SQL: SELECT * FROM `b_turnover_in_the_day` WHERE ( b_turnover_in_the_day_time <= 1510844400 and b_turnover_in_the_day_time > 1510761600 and business_id=2 )  [ RunTime:0.0003s ]
SQL: SELECT * FROM `business_info` WHERE ( business_id = 2 ) LIMIT 1   [ RunTime:0.0002s ]
SQL: UPDATE `users_integral` SET `users_integral_num`='225',`users_integral_total_amount`='3000',`business_id`='2',`users_id`='11' WHERE `users_integral_id` = 152 [ RunTime:0.0010s ]
SQL: SELECT * FROM `users_integral_list` WHERE `business_id` = 2  [ RunTime:0.0003s ]
SQL: SELECT `b_turnover_in_the_day_integral_new`,`b_turnover_in_the_day_money` FROM `b_turnover_in_the_day` WHERE `business_id` = 2 LIMIT 1   [ RunTime:0.0002s ]
SQL: UPDATE `users_integral_list` SET `users_integral_num`='3000',`business_id`='2',`users_get_integral`='150',`users_id`='11',`users_integral_addtime`='1510735823' WHERE `users_integral_id` = 424 [ RunTime:0.0010s ]
SQL: UPDATE `users_integral_list` SET `users_integral_num`='20',`business_id`='2',`users_get_integral`='1',`users_id`='11',`users_integral_addtime`='1510832699' WHERE `users_integral_id` = 426 [ RunTime:0.0011s ]
SQL: SELECT * FROM `users_integral_list` WHERE ( users_integral_addtime <= 1510844400 and users_integral_addtime > 1510761600 and business_id=2 )  [ RunTime:0.0002s ]
SQL: SELECT * FROM `users_integral` WHERE `business_id` = 2 AND `users_id` = 11 LIMIT 1   [ RunTime:0.0002s ]
SQL: UPDATE `users_integral` SET `users_integral_num`='226',`users_integral_total_amount`='3020',`business_id`='2',`users_id`='11' WHERE `users_integral_id` = 152 [ RunTime:0.0013s ]
INFO: [ app_end ] --START--
INFO: Run Behavior\ShowPageTraceBehavior [ RunTime:0.000080s ]
INFO: [ app_end ] --END-- [ RunTime:0.000096s ]

[ 2017-11-16T19:48:04+08:00 ] 1.85.217.126 /TP/index.php/Admin/Index/
INFO: [ app_init ] --START--
INFO: Run Behavior\BuildLiteBehavior [ RunTime:0.000007s ]
INFO: [ app_init ] --END-- [ RunTime:0.000088s ]
INFO: [ app_begin ] --START--
INFO: Run Behavior\ReadHtmlCacheBehavior [ RunTime:0.000040s ]
INFO: [ app_begin ] --END-- [ RunTime:0.000057s ]
SQL: SHOW COLUMNS FROM `business` [ RunTime:0.0006s ]
SQL: SHOW COLUMNS FROM `b_turnover_in_the_day` [ RunTime:0.0004s ]
SQL: SELECT * FROM `business` WHERE `business_id` = 2 LIMIT 1   [ RunTime:0.0001s ]
SQL: SELECT * FROM `b_turnover_in_the_day` WHERE ( b_turnover_in_the_day_time <= 1510844400 and b_turnover_in_the_day_time > 1510761600 and business_id = 2 ) LIMIT 1   [ RunTime:0.0003s ]
SQL: SHOW COLUMNS FROM `users_integral_list` [ RunTime:0.0004s ]
SQL: SELECT * FROM `users_integral_list` WHERE ( users_integral_addtime <= 1510844400 and users_integral_addtime > 1510761600 and business_id = 2 )  [ RunTime:0.0002s ]
SQL: SHOW COLUMNS FROM `users` [ RunTime:0.0008s ]
SQL: SELECT * FROM `users` WHERE `users_id` = 11 LIMIT 1   [ RunTime:0.0002s ]
SQL: SELECT * FROM `users_integral_list` WHERE ( users_integral_addtime <= 1510844400 and users_integral_addtime > 1510761600 and business_id = 2 )  [ RunTime:0.0001s ]
SQL: SELECT * FROM `users` WHERE `users_id` = 11 LIMIT 1   [ RunTime:0.0000s ]
INFO: [ view_parse ] --START--
NOTIC: [2] file_get_contents(./Application/Admin/View/Layout/index.html): failed to open stream: No such file or directory /data/wwwroot/default/TP/ThinkPHP/Library/Think/Template.class.php 第 696 行.
INFO: [ template_filter ] --START--
INFO: Run Behavior\ContentReplaceBehavior [ RunTime:0.000022s ]
INFO: [ template_filter ] --END-- [ RunTime:0.000050s ]
INFO: Run Behavior\ParseTemplateBehavior [ RunTime:0.001512s ]
INFO: [ view_parse ] --END-- [ RunTime:0.001540s ]
INFO: [ view_filter ] --START--
INFO: Run Behavior\WriteHtmlCacheBehavior [ RunTime:0.000054s ]
INFO: [ view_filter ] --END-- [ RunTime:0.000072s ]
INFO: [ app_end ] --START--
INFO: Run Behavior\ShowPageTraceBehavior [ RunTime:0.000050s ]
INFO: [ app_end ] --END-- [ RunTime:0.000071s ]

[ 2017-11-16T19:48:42+08:00 ] 1.85.217.126 /TP/index.php/Admin/Index/
INFO: [ app_init ] --START--
INFO: Run Behavior\BuildLiteBehavior [ RunTime:0.000009s ]
INFO: [ app_init ] --END-- [ RunTime:0.000082s ]
INFO: [ app_begin ] --START--
INFO: Run Behavior\ReadHtmlCacheBehavior [ RunTime:0.000048s ]
INFO: [ app_begin ] --END-- [ RunTime:0.000073s ]
SQL: SHOW COLUMNS FROM `business` [ RunTime:0.0006s ]
SQL: SHOW COLUMNS FROM `b_turnover_in_the_day` [ RunTime:0.0004s ]
SQL: SELECT * FROM `business` WHERE `business_id` = 2 LIMIT 1   [ RunTime:0.0001s ]
SQL: SELECT * FROM `b_turnover_in_the_day` WHERE ( b_turnover_in_the_day_time <= 1510844400 and b_turnover_in_the_day_time > 1510761600 and business_id = 2 ) LIMIT 1   [ RunTime:0.0001s ]
SQL: SHOW COLUMNS FROM `users_integral_list` [ RunTime:0.0004s ]
SQL: SELECT * FROM `users_integral_list` WHERE ( users_integral_addtime <= 1510844400 and users_integral_addtime > 1510761600 and business_id = 2 )  [ RunTime:0.0000s ]
SQL: SHOW COLUMNS FROM `users` [ RunTime:0.0003s ]
SQL: SELECT * FROM `users` WHERE `users_id` = 11 LIMIT 1   [ RunTime:0.0000s ]
SQL: SELECT * FROM `users_integral_list` WHERE ( users_integral_addtime <= 1510844400 and users_integral_addtime > 1510761600 and business_id = 2 )  [ RunTime:0.0000s ]
SQL: SELECT * FROM `users` WHERE `users_id` = 11 LIMIT 1   [ RunTime:0.0000s ]
ERR: 模板不存在:./Application/Admin/View/Index/index.html

[ 2017-11-16T19:48:43+08:00 ] 1.85.217.126 /TP/index.php/Admin/Index/
INFO: [ app_init ] --START--
INFO: Run Behavior\BuildLiteBehavior [ RunTime:0.000009s ]
INFO: [ app_init ] --END-- [ RunTime:0.000101s ]
INFO: [ app_begin ] --START--
INFO: Run Behavior\ReadHtmlCacheBehavior [ RunTime:0.000048s ]
INFO: [ app_begin ] --END-- [ RunTime:0.000073s ]
SQL: SHOW COLUMNS FROM `business` [ RunTime:0.0006s ]
SQL: SHOW COLUMNS FROM `b_turnover_in_the_day` [ RunTime:0.0004s ]
SQL: SELECT * FROM `business` WHERE `business_id` = 2 LIMIT 1   [ RunTime:0.0001s ]
SQL: SELECT * FROM `b_turnover_in_the_day` WHERE ( b_turnover_in_the_day_time <= 1510844400 and b_turnover_in_the_day_time > 1510761600 and business_id = 2 ) LIMIT 1   [ RunTime:0.0001s ]
SQL: SHOW COLUMNS FROM `users_integral_list` [ RunTime:0.0004s ]
SQL: SELECT * FROM `users_integral_list` WHERE ( users_integral_addtime <= 1510844400 and users_integral_addtime > 1510761600 and business_id = 2 )  [ RunTime:0.0001s ]
SQL: SHOW COLUMNS FROM `users` [ RunTime:0.0004s ]
SQL: SELECT * FROM `users` WHERE `users_id` = 11 LIMIT 1   [ RunTime:0.0001s ]
SQL: SELECT * FROM `users_integral_list` WHERE ( users_integral_addtime <= 1510844400 and users_integral_addtime > 1510761600 and business_id = 2 )  [ RunTime:0.0001s ]
SQL: SELECT * FROM `users` WHERE `users_id` = 11 LIMIT 1   [ RunTime:0.0001s ]
ERR: 模板不存在:./Application/Admin/View/Index/index.html

[ 2017-11-16T19:48:43+08:00 ] 1.85.217.126 /TP/index.php/Admin/Index/
INFO: [ app_init ] --START--
INFO: Run Behavior\BuildLiteBehavior [ RunTime:0.000009s ]
INFO: [ app_init ] --END-- [ RunTime:0.000079s ]
INFO: [ app_begin ] --START--
INFO: Run Behavior\ReadHtmlCacheBehavior [ RunTime:0.000041s ]
INFO: [ app_begin ] --END-- [ RunTime:0.000063s ]
SQL: SHOW COLUMNS FROM `business` [ RunTime:0.0007s ]
SQL: SHOW COLUMNS FROM `b_turnover_in_the_day` [ RunTime:0.0004s ]
SQL: SELECT * FROM `business` WHERE `business_id` = 2 LIMIT 1   [ RunTime:0.0001s ]
SQL: SELECT * FROM `b_turnover_in_the_day` WHERE ( b_turnover_in_the_day_time <= 1510844400 and b_turnover_in_the_day_time > 1510761600 and business_id = 2 ) LIMIT 1   [ RunTime:0.0000s ]
SQL: SHOW COLUMNS FROM `users_integral_list` [ RunTime:0.0003s ]
SQL: SELECT * FROM `users_integral_list` WHERE ( users_integral_addtime <= 1510844400 and users_integral_addtime > 1510761600 and business_id = 2 )  [ RunTime:0.0001s ]
SQL: SHOW COLUMNS FROM `users` [ RunTime:0.0003s ]
SQL: SELECT * FROM `users` WHERE `users_id` = 11 LIMIT 1   [ RunTime:0.0000s ]
SQL: SELECT * FROM `users_integral_list` WHERE ( users_integral_addtime <= 1510844400 and users_integral_addtime > 1510761600 and business_id = 2 )  [ RunTime:0.0000s ]
SQL: SELECT * FROM `users` WHERE `users_id` = 11 LIMIT 1   [ RunTime:0.0000s ]
ERR: 模板不存在:./Application/Admin/View/Index/index.html

[ 2017-11-16T19:48:43+08:00 ] 1.85.217.126 /TP/index.php/Admin/Index/
INFO: [ app_init ] --START--
INFO: Run Behavior\BuildLiteBehavior [ RunTime:0.000010s ]
INFO: [ app_init ] --END-- [ RunTime:0.000085s ]
INFO: [ app_begin ] --START--
INFO: Run Behavior\ReadHtmlCacheBehavior [ RunTime:0.000047s ]
INFO: [ app_begin ] --END-- [ RunTime:0.000073s ]
SQL: SHOW COLUMNS FROM `business` [ RunTime:0.0006s ]
SQL: SHOW COLUMNS FROM `b_turnover_in_the_day` [ RunTime:0.0004s ]
SQL: SELECT * FROM `business` WHERE `business_id` = 2 LIMIT 1   [ RunTime:0.0001s ]
SQL: SELECT * FROM `b_turnover_in_the_day` WHERE ( b_turnover_in_the_day_time <= 1510844400 and b_turnover_in_the_day_time > 1510761600 and business_id = 2 ) LIMIT 1   [ RunTime:0.0001s ]
SQL: SHOW COLUMNS FROM `users_integral_list` [ RunTime:0.0004s ]
SQL: SELECT * FROM `users_integral_list` WHERE ( users_integral_addtime <= 1510844400 and users_integral_addtime > 1510761600 and business_id = 2 )  [ RunTime:0.0001s ]
SQL: SHOW COLUMNS FROM `users` [ RunTime:0.0004s ]
SQL: SELECT * FROM `users` WHERE `users_id` = 11 LIMIT 1   [ RunTime:0.0001s ]
SQL: SELECT * FROM `users_integral_list` WHERE ( users_integral_addtime <= 1510844400 and users_integral_addtime > 1510761600 and business_id = 2 )  [ RunTime:0.0001s ]
SQL: SELECT * FROM `users` WHERE `users_id` = 11 LIMIT 1   [ RunTime:0.0001s ]
ERR: 模板不存在:./Application/Admin/View/Index/index.html

[ 2017-11-16T19:49:17+08:00 ] 1.85.217.126 /TP/index.php/Admin/Index/
INFO: [ app_init ] --START--
INFO: Run Behavior\BuildLiteBehavior [ RunTime:0.000010s ]
INFO: [ app_init ] --END-- [ RunTime:0.000110s ]
INFO: [ app_begin ] --START--
INFO: Run Behavior\ReadHtmlCacheBehavior [ RunTime:0.000047s ]
INFO: [ app_begin ] --END-- [ RunTime:0.000070s ]
SQL: SHOW COLUMNS FROM `business` [ RunTime:0.0006s ]
SQL: SHOW COLUMNS FROM `b_turnover_in_the_day` [ RunTime:0.0005s ]
SQL: SELECT * FROM `business` WHERE `business_id` = 2 LIMIT 1   [ RunTime:0.0001s ]
SQL: SELECT * FROM `b_turnover_in_the_day` WHERE ( b_turnover_in_the_day_time <= 1510844400 and b_turnover_in_the_day_time > 1510761600 and business_id = 2 ) LIMIT 1   [ RunTime:0.0001s ]
SQL: SHOW COLUMNS FROM `users_integral_list` [ RunTime:0.0005s ]
SQL: SELECT * FROM `users_integral_list` WHERE ( users_integral_addtime <= 1510844400 and users_integral_addtime > 1510761600 and business_id = 2 )  [ RunTime:0.0001s ]
SQL: SHOW COLUMNS FROM `users` [ RunTime:0.0003s ]
SQL: SELECT * FROM `users` WHERE `users_id` = 11 LIMIT 1   [ RunTime:0.0001s ]
SQL: SELECT * FROM `users_integral_list` WHERE ( users_integral_addtime <= 1510844400 and users_integral_addtime > 1510761600 and business_id = 2 )  [ RunTime:0.0001s ]
SQL: SELECT * FROM `users` WHERE `users_id` = 11 LIMIT 1   [ RunTime:0.0000s ]
INFO: [ view_parse ] --START--
NOTIC: [2] file_get_contents(./Application/Admin/View/Layout/index.html): failed to open stream: No such file or directory /data/wwwroot/default/TP/ThinkPHP/Library/Think/Template.class.php 第 696 行.
INFO: [ template_filter ] --START--
INFO: Run Behavior\ContentReplaceBehavior [ RunTime:0.000016s ]
INFO: [ template_filter ] --END-- [ RunTime:0.000036s ]
INFO: Run Behavior\ParseTemplateBehavior [ RunTime:0.001044s ]
INFO: [ view_parse ] --END-- [ RunTime:0.001063s ]
INFO: [ view_filter ] --START--
INFO: Run Behavior\WriteHtmlCacheBehavior [ RunTime:0.000078s ]
INFO: [ view_filter ] --END-- [ RunTime:0.000092s ]
INFO: [ app_end ] --START--
INFO: Run Behavior\ShowPageTraceBehavior [ RunTime:0.000037s ]
INFO: [ app_end ] --END-- [ RunTime:0.000049s ]

[ 2017-11-16T19:49:45+08:00 ] 1.85.217.126 /TP/index.php/Admin/Index/
INFO: [ app_init ] --START--
INFO: Run Behavior\BuildLiteBehavior [ RunTime:0.000009s ]
INFO: [ app_init ] --END-- [ RunTime:0.000070s ]
INFO: [ app_begin ] --START--
INFO: Run Behavior\ReadHtmlCacheBehavior [ RunTime:0.000032s ]
INFO: [ app_begin ] --END-- [ RunTime:0.000050s ]
SQL: SHOW COLUMNS FROM `business` [ RunTime:0.0005s ]
SQL: SHOW COLUMNS FROM `b_turnover_in_the_day` [ RunTime:0.0003s ]
SQL: SELECT * FROM `business` WHERE `business_id` = 2 LIMIT 1   [ RunTime:0.0001s ]
SQL: SELECT * FROM `b_turnover_in_the_day` WHERE ( b_turnover_in_the_day_time <= 1510844400 and b_turnover_in_the_day_time > 1510761600 and business_id = 2 ) LIMIT 1   [ RunTime:0.0001s ]
SQL: SHOW COLUMNS FROM `users_integral_list` [ RunTime:0.0003s ]
SQL: SELECT * FROM `users_integral_list` WHERE ( users_integral_addtime <= 1510844400 and users_integral_addtime > 1510761600 and business_id = 2 )  [ RunTime:0.0001s ]
SQL: SHOW COLUMNS FROM `users` [ RunTime:0.0003s ]
SQL: SELECT * FROM `users` WHERE `users_id` = 11 LIMIT 1   [ RunTime:0.0000s ]
SQL: SELECT * FROM `users_integral_list` WHERE ( users_integral_addtime <= 1510844400 and users_integral_addtime > 1510761600 and business_id = 2 )  [ RunTime:0.0000s ]
SQL: SELECT * FROM `users` WHERE `users_id` = 11 LIMIT 1   [ RunTime:0.0000s ]
INFO: [ view_parse ] --START--
NOTIC: [2] file_get_contents(./Application/Admin/View/Layout/index.html): failed to open stream: No such file or directory /data/wwwroot/default/TP/ThinkPHP/Library/Think/Template.class.php 第 696 行.
INFO: [ template_filter ] --START--
INFO: Run Behavior\ContentReplaceBehavior [ RunTime:0.000016s ]
INFO: [ template_filter ] --END-- [ RunTime:0.000036s ]
INFO: Run Behavior\ParseTemplateBehavior [ RunTime:0.001044s ]
INFO: [ view_parse ] --END-- [ RunTime:0.001064s ]
INFO: [ view_filter ] --START--
INFO: Run Behavior\WriteHtmlCacheBehavior [ RunTime:0.000035s ]
INFO: [ view_filter ] --END-- [ RunTime:0.000046s ]
INFO: [ app_end ] --START--
INFO: Run Behavior\ShowPageTraceBehavior [ RunTime:0.000035s ]
INFO: [ app_end ] --END-- [ RunTime:0.000049s ]

[ 2017-11-16T19:49:46+08:00 ] 1.85.217.126 /TP/index.php/Admin/Index/
INFO: [ app_init ] --START--
INFO: Run Behavior\BuildLiteBehavior [ RunTime:0.000010s ]
INFO: [ app_init ] --END-- [ RunTime:0.000085s ]
INFO: [ app_begin ] --START--
INFO: Run Behavior\ReadHtmlCacheBehavior [ RunTime:0.000059s ]
INFO: [ app_begin ] --END-- [ RunTime:0.000088s ]
SQL: SHOW COLUMNS FROM `business` [ RunTime:0.0006s ]
SQL: SHOW COLUMNS FROM `b_turnover_in_the_day` [ RunTime:0.0004s ]
SQL: SELECT * FROM `business` WHERE `business_id` = 2 LIMIT 1   [ RunTime:0.0001s ]
SQL: SELECT * FROM `b_turnover_in_the_day` WHERE ( b_turnover_in_the_day_time <= 1510844400 and b_turnover_in_the_day_time > 1510761600 and business_id = 2 ) LIMIT 1   [ RunTime:0.0001s ]
SQL: SHOW COLUMNS FROM `users_integral_list` [ RunTime:0.0005s ]
SQL: SELECT * FROM `users_integral_list` WHERE ( users_integral_addtime <= 1510844400 and users_integral_addtime > 1510761600 and business_id = 2 )  [ RunTime:0.0001s ]
SQL: SHOW COLUMNS FROM `users` [ RunTime:0.0004s ]
SQL: SELECT * FROM `users` WHERE `users_id` = 11 LIMIT 1   [ RunTime:0.0001s ]
SQL: SELECT * FROM `users_integral_list` WHERE ( users_integral_addtime <= 1510844400 and users_integral_addtime > 1510761600 and business_id = 2 )  [ RunTime:0.0001s ]
SQL: SELECT * FROM `users` WHERE `users_id` = 11 LIMIT 1   [ RunTime:0.0001s ]
INFO: [ view_parse ] --START--
NOTIC: [2] file_get_contents(./Application/Admin/View/Layout/index.html): failed to open stream: No such file or directory /data/wwwroot/default/TP/ThinkPHP/Library/Think/Template.class.php 第 696 行.
INFO: [ template_filter ] --START--
INFO: Run Behavior\ContentReplaceBehavior [ RunTime:0.000017s ]
INFO: [ template_filter ] --END-- [ RunTime:0.000037s ]
INFO: Run Behavior\ParseTemplateBehavior [ RunTime:0.001189s ]
INFO: [ view_parse ] --END-- [ RunTime:0.001212s ]
INFO: [ view_filter ] --START--
INFO: Run Behavior\WriteHtmlCacheBehavior [ RunTime:0.000038s ]
INFO: [ view_filter ] --END-- [ RunTime:0.000049s ]
INFO: [ app_end ] --START--
INFO: Run Behavior\ShowPageTraceBehavior [ RunTime:0.000032s ]
INFO: [ app_end ] --END-- [ RunTime:0.000043s ]

[ 2017-11-16T19:49:46+08:00 ] 1.85.217.126 /TP/index.php/Admin/Index/
INFO: [ app_init ] --START--
INFO: Run Behavior\BuildLiteBehavior [ RunTime:0.000009s ]
INFO: [ app_init ] --END-- [ RunTime:0.000080s ]
INFO: [ app_begin ] --START--
INFO: Run Behavior\ReadHtmlCacheBehavior [ RunTime:0.000046s ]
INFO: [ app_begin ] --END-- [ RunTime:0.000071s ]
SQL: SHOW COLUMNS FROM `business` [ RunTime:0.0006s ]
SQL: SHOW COLUMNS FROM `b_turnover_in_the_day` [ RunTime:0.0005s ]
SQL: SELECT * FROM `business` WHERE `business_id` = 2 LIMIT 1   [ RunTime:0.0001s ]
SQL: SELECT * FROM `b_turnover_in_the_day` WHERE ( b_turnover_in_the_day_time <= 1510844400 and b_turnover_in_the_day_time > 1510761600 and business_id = 2 ) LIMIT 1   [ RunTime:0.0001s ]
SQL: SHOW COLUMNS FROM `users_integral_list` [ RunTime:0.0006s ]
SQL: SELECT * FROM `users_integral_list` WHERE ( users_integral_addtime <= 1510844400 and users_integral_addtime > 1510761600 and business_id = 2 )  [ RunTime:0.0001s ]
SQL: SHOW COLUMNS FROM `users` [ RunTime:0.0004s ]
SQL: SELECT * FROM `users` WHERE `users_id` = 11 LIMIT 1   [ RunTime:0.0001s ]
SQL: SELECT * FROM `users_integral_list` WHERE ( users_integral_addtime <= 1510844400 and users_integral_addtime > 1510761600 and business_id = 2 )  [ RunTime:0.0001s ]
SQL: SELECT * FROM `users` WHERE `users_id` = 11 LIMIT 1   [ RunTime:0.0001s ]
INFO: [ view_parse ] --START--
NOTIC: [2] file_get_contents(./Application/Admin/View/Layout/index.html): failed to open stream: No such file or directory /data/wwwroot/default/TP/ThinkPHP/Library/Think/Template.class.php 第 696 行.
INFO: [ template_filter ] --START--
INFO: Run Behavior\ContentReplaceBehavior [ RunTime:0.000022s ]
INFO: [ template_filter ] --END-- [ RunTime:0.000048s ]
INFO: Run Behavior\ParseTemplateBehavior [ RunTime:0.001668s ]
INFO: [ view_parse ] --END-- [ RunTime:0.001697s ]
INFO: [ view_filter ] --START--
INFO: Run Behavior\WriteHtmlCacheBehavior [ RunTime:0.000053s ]
INFO: [ view_filter ] --END-- [ RunTime:0.000072s ]
INFO: [ app_end ] --START--
INFO: Run Behavior\ShowPageTraceBehavior [ RunTime:0.000048s ]
INFO: [ app_end ] --END-- [ RunTime:0.000067s ]

[ 2017-11-16T19:49:46+08:00 ] 1.85.217.126 /TP/index.php/Admin/Index/
INFO: [ app_init ] --START--
INFO: Run Behavior\BuildLiteBehavior [ RunTime:0.000006s ]
INFO: [ app_init ] --END-- [ RunTime:0.000057s ]
INFO: [ app_begin ] --START--
INFO: Run Behavior\ReadHtmlCacheBehavior [ RunTime:0.000034s ]
INFO: [ app_begin ] --END-- [ RunTime:0.000056s ]
SQL: SHOW COLUMNS FROM `business` [ RunTime:0.0005s ]
SQL: SHOW COLUMNS FROM `b_turnover_in_the_day` [ RunTime:0.0003s ]
SQL: SELECT * FROM `business` WHERE `business_id` = 2 LIMIT 1   [ RunTime:0.0001s ]
SQL: SELECT * FROM `b_turnover_in_the_day` WHERE ( b_turnover_in_the_day_time <= 1510844400 and b_turnover_in_the_day_time > 1510761600 and business_id = 2 ) LIMIT 1   [ RunTime:0.0001s ]
SQL: SHOW COLUMNS FROM `users_integral_list` [ RunTime:0.0007s ]
SQL: SELECT * FROM `users_integral_list` WHERE ( users_integral_addtime <= 1510844400 and users_integral_addtime > 1510761600 and business_id = 2 )  [ RunTime:0.0001s ]
SQL: SHOW COLUMNS FROM `users` [ RunTime:0.0005s ]
SQL: SELECT * FROM `users` WHERE `users_id` = 11 LIMIT 1   [ RunTime:0.0001s ]
SQL: SELECT * FROM `users_integral_list` WHERE ( users_integral_addtime <= 1510844400 and users_integral_addtime > 1510761600 and business_id = 2 )  [ RunTime:0.0001s ]
SQL: SELECT * FROM `users` WHERE `users_id` = 11 LIMIT 1   [ RunTime:0.0001s ]
INFO: [ view_parse ] --START--
NOTIC: [2] file_get_contents(./Application/Admin/View/Layout/index.html): failed to open stream: No such file or directory /data/wwwroot/default/TP/ThinkPHP/Library/Think/Template.class.php 第 696 行.
INFO: [ template_filter ] --START--
INFO: Run Behavior\ContentReplaceBehavior [ RunTime:0.000018s ]
INFO: [ template_filter ] --END-- [ RunTime:0.000040s ]
INFO: Run Behavior\ParseTemplateBehavior [ RunTime:0.001159s ]
INFO: [ view_parse ] --END-- [ RunTime:0.001187s ]
INFO: [ view_filter ] --START--
INFO: Run Behavior\WriteHtmlCacheBehavior [ RunTime:0.000040s ]
INFO: [ view_filter ] --END-- [ RunTime:0.000052s ]
INFO: [ app_end ] --START--
INFO: Run Behavior\ShowPageTraceBehavior [ RunTime:0.000041s ]
INFO: [ app_end ] --END-- [ RunTime:0.000054s ]

[ 2017-11-16T19:49:54+08:00 ] 1.85.217.126 /TP/index.php/Admin/Index/
INFO: [ app_init ] --START--
INFO: Run Behavior\BuildLiteBehavior [ RunTime:0.000008s ]
INFO: [ app_init ] --END-- [ RunTime:0.000075s ]
INFO: [ app_begin ] --START--
INFO: Run Behavior\ReadHtmlCacheBehavior [ RunTime:0.000044s ]
INFO: [ app_begin ] --END-- [ RunTime:0.000066s ]
SQL: SHOW COLUMNS FROM `business` [ RunTime:0.0006s ]
SQL: SHOW COLUMNS FROM `b_turnover_in_the_day` [ RunTime:0.0005s ]
SQL: SELECT * FROM `business` WHERE `business_id` = 2 LIMIT 1   [ RunTime:0.0001s ]
SQL: SELECT * FROM `b_turnover_in_the_day` WHERE ( b_turnover_in_the_day_time <= 1510844400 and b_turnover_in_the_day_time > 1510761600 and business_id = 2 ) LIMIT 1   [ RunTime:0.0003s ]
SQL: SHOW COLUMNS FROM `users_integral_list` [ RunTime:0.0005s ]
SQL: SELECT * FROM `users_integral_list` WHERE ( users_integral_addtime <= 1510844400 and users_integral_addtime > 1510761600 and business_id = 2 )  [ RunTime:0.0001s ]
SQL: SHOW COLUMNS FROM `users` [ RunTime:0.0004s ]
SQL: SELECT * FROM `users` WHERE `users_id` = 11 LIMIT 1   [ RunTime:0.0001s ]
SQL: SELECT * FROM `users_integral_list` WHERE ( users_integral_addtime <= 1510844400 and users_integral_addtime > 1510761600 and business_id = 2 )  [ RunTime:0.0001s ]
SQL: SELECT * FROM `users` WHERE `users_id` = 11 LIMIT 1   [ RunTime:0.0001s ]
INFO: [ view_parse ] --START--
NOTIC: [2] file_get_contents(./Application/Admin/View/Layout/index.html): failed to open stream: No such file or directory /data/wwwroot/default/TP/ThinkPHP/Library/Think/Template.class.php 第 696 行.
INFO: [ template_filter ] --START--
INFO: Run Behavior\ContentReplaceBehavior [ RunTime:0.000021s ]
INFO: [ template_filter ] --END-- [ RunTime:0.000047s ]
INFO: Run Behavior\ParseTemplateBehavior [ RunTime:0.001263s ]
INFO: [ view_parse ] --END-- [ RunTime:0.001288s ]
INFO: [ view_filter ] --START--
INFO: Run Behavior\WriteHtmlCacheBehavior [ RunTime:0.000048s ]
INFO: [ view_filter ] --END-- [ RunTime:0.000064s ]
INFO: [ app_end ] --START--
INFO: Run Behavior\ShowPageTraceBehavior [ RunTime:0.000042s ]
INFO: [ app_end ] --END-- [ RunTime:0.000057s ]

[ 2017-11-16T19:49:54+08:00 ] 1.85.217.126 /TP/index.php/Admin/Index/
INFO: [ app_init ] --START--
INFO: Run Behavior\BuildLiteBehavior [ RunTime:0.000007s ]
INFO: [ app_init ] --END-- [ RunTime:0.000061s ]
INFO: [ app_begin ] --START--
INFO: Run Behavior\ReadHtmlCacheBehavior [ RunTime:0.000037s ]
INFO: [ app_begin ] --END-- [ RunTime:0.000055s ]
SQL: SHOW COLUMNS FROM `business` [ RunTime:0.0005s ]
SQL: SHOW COLUMNS FROM `b_turnover_in_the_day` [ RunTime:0.0003s ]
SQL: SELECT * FROM `business` WHERE `business_id` = 2 LIMIT 1   [ RunTime:0.0001s ]
SQL: SELECT * FROM `b_turnover_in_the_day` WHERE ( b_turnover_in_the_day_time <= 1510844400 and b_turnover_in_the_day_time > 1510761600 and business_id = 2 ) LIMIT 1   [ RunTime:0.0001s ]
SQL: SHOW COLUMNS FROM `users_integral_list` [ RunTime:0.0005s ]
SQL: SELECT * FROM `users_integral_list` WHERE ( users_integral_addtime <= 1510844400 and users_integral_addtime > 1510761600 and business_id = 2 )  [ RunTime:0.0001s ]
SQL: SHOW COLUMNS FROM `users` [ RunTime:0.0034s ]
SQL: SELECT * FROM `users` WHERE `users_id` = 11 LIMIT 1   [ RunTime:0.0001s ]
SQL: SELECT * FROM `users_integral_list` WHERE ( users_integral_addtime <= 1510844400 and users_integral_addtime > 1510761600 and business_id = 2 )  [ RunTime:0.0001s ]
SQL: SELECT * FROM `users` WHERE `users_id` = 11 LIMIT 1   [ RunTime:0.0000s ]
INFO: [ view_parse ] --START--
NOTIC: [2] file_get_contents(./Application/Admin/View/Layout/index.html): failed to open stream: No such file or directory /data/wwwroot/default/TP/ThinkPHP/Library/Think/Template.class.php 第 696 行.
INFO: [ template_filter ] --START--
INFO: Run Behavior\ContentReplaceBehavior [ RunTime:0.000016s ]
INFO: [ template_filter ] --END-- [ RunTime:0.000035s ]
INFO: Run Behavior\ParseTemplateBehavior [ RunTime:0.000872s ]
INFO: [ view_parse ] --END-- [ RunTime:0.000892s ]
INFO: [ view_filter ] --START--
INFO: Run Behavior\WriteHtmlCacheBehavior [ RunTime:0.000040s ]
INFO: [ view_filter ] --END-- [ RunTime:0.000052s ]
INFO: [ app_end ] --START--
INFO: Run Behavior\ShowPageTraceBehavior [ RunTime:0.000035s ]
INFO: [ app_end ] --END-- [ RunTime:0.000047s ]

[ 2017-11-16T19:49:54+08:00 ] 1.85.217.126 /TP/index.php/Admin/Index/
INFO: [ app_init ] --START--
INFO: Run Behavior\BuildLiteBehavior [ RunTime:0.000010s ]
INFO: [ app_init ] --END-- [ RunTime:0.000093s ]
INFO: [ app_begin ] --START--
INFO: Run Behavior\ReadHtmlCacheBehavior [ RunTime:0.000049s ]
INFO: [ app_begin ] --END-- [ RunTime:0.000075s ]
SQL: SHOW COLUMNS FROM `business` [ RunTime:0.0006s ]
SQL: SHOW COLUMNS FROM `b_turnover_in_the_day` [ RunTime:0.0005s ]
SQL: SELECT * FROM `business` WHERE `business_id` = 2 LIMIT 1   [ RunTime:0.0001s ]
SQL: SELECT * FROM `b_turnover_in_the_day` WHERE ( b_turnover_in_the_day_time <= 1510844400 and b_turnover_in_the_day_time > 1510761600 and business_id = 2 ) LIMIT 1   [ RunTime:0.0001s ]
SQL: SHOW COLUMNS FROM `users_integral_list` [ RunTime:0.0004s ]
SQL: SELECT * FROM `users_integral_list` WHERE ( users_integral_addtime <= 1510844400 and users_integral_addtime > 1510761600 and business_id = 2 )  [ RunTime:0.0001s ]
SQL: SHOW COLUMNS FROM `users` [ RunTime:0.0004s ]
SQL: SELECT * FROM `users` WHERE `users_id` = 11 LIMIT 1   [ RunTime:0.0001s ]
SQL: SELECT * FROM `users_integral_list` WHERE ( users_integral_addtime <= 1510844400 and users_integral_addtime > 1510761600 and business_id = 2 )  [ RunTime:0.0001s ]
SQL: SELECT * FROM `users` WHERE `users_id` = 11 LIMIT 1   [ RunTime:0.0001s ]
INFO: [ view_parse ] --START--
NOTIC: [2] file_get_contents(./Application/Admin/View/Layout/index.html): failed to open stream: No such file or directory /data/wwwroot/default/TP/ThinkPHP/Library/Think/Template.class.php 第 696 行.
INFO: [ template_filter ] --START--
INFO: Run Behavior\ContentReplaceBehavior [ RunTime:0.000023s ]
INFO: [ template_filter ] --END-- [ RunTime:0.000050s ]
INFO: Run Behavior\ParseTemplateBehavior [ RunTime:0.001342s ]
INFO: [ view_parse ] --END-- [ RunTime:0.001371s ]
INFO: [ view_filter ] --START--
INFO: Run Behavior\WriteHtmlCacheBehavior [ RunTime:0.000050s ]
INFO: [ view_filter ] --END-- [ RunTime:0.000077s ]
INFO: [ app_end ] --START--
INFO: Run Behavior\ShowPageTraceBehavior [ RunTime:0.000048s ]
INFO: [ app_end ] --END-- [ RunTime:0.000068s ]

[ 2017-11-16T19:49:55+08:00 ] 1.85.217.126 /TP/index.php/Admin/Index/
INFO: [ app_init ] --START--
INFO: Run Behavior\BuildLiteBehavior [ RunTime:0.000007s ]
INFO: [ app_init ] --END-- [ RunTime:0.000081s ]
INFO: [ app_begin ] --START--
INFO: Run Behavior\ReadHtmlCacheBehavior [ RunTime:0.000057s ]
INFO: [ app_begin ] --END-- [ RunTime:0.000077s ]
SQL: SHOW COLUMNS FROM `business` [ RunTime:0.0005s ]
SQL: SHOW COLUMNS FROM `b_turnover_in_the_day` [ RunTime:0.0003s ]
SQL: SELECT * FROM `business` WHERE `business_id` = 2 LIMIT 1   [ RunTime:0.0001s ]
SQL: SELECT * FROM `b_turnover_in_the_day` WHERE ( b_turnover_in_the_day_time <= 1510844400 and b_turnover_in_the_day_time > 1510761600 and business_id = 2 ) LIMIT 1   [ RunTime:0.0001s ]
SQL: SHOW COLUMNS FROM `users_integral_list` [ RunTime:0.0003s ]
SQL: SELECT * FROM `users_integral_list` WHERE ( users_integral_addtime <= 1510844400 and users_integral_addtime > 1510761600 and business_id = 2 )  [ RunTime:0.0001s ]
SQL: SHOW COLUMNS FROM `users` [ RunTime:0.0003s ]
SQL: SELECT * FROM `users` WHERE `users_id` = 11 LIMIT 1   [ RunTime:0.0000s ]
SQL: SELECT * FROM `users_integral_list` WHERE ( users_integral_addtime <= 1510844400 and users_integral_addtime > 1510761600 and business_id = 2 )  [ RunTime:0.0000s ]
SQL: SELECT * FROM `users` WHERE `users_id` = 11 LIMIT 1   [ RunTime:0.0000s ]
INFO: [ view_parse ] --START--
NOTIC: [2] file_get_contents(./Application/Admin/View/Layout/index.html): failed to open stream: No such file or directory /data/wwwroot/default/TP/ThinkPHP/Library/Think/Template.class.php 第 696 行.
INFO: [ template_filter ] --START--
INFO: Run Behavior\ContentReplaceBehavior [ RunTime:0.000016s ]
INFO: [ template_filter ] --END-- [ RunTime:0.000034s ]
INFO: Run Behavior\ParseTemplateBehavior [ RunTime:0.000932s ]
INFO: [ view_parse ] --END-- [ RunTime:0.000951s ]
INFO: [ view_filter ] --START--
INFO: Run Behavior\WriteHtmlCacheBehavior [ RunTime:0.000088s ]
INFO: [ view_filter ] --END-- [ RunTime:0.000104s ]
INFO: [ app_end ] --START--
INFO: Run Behavior\ShowPageTraceBehavior [ RunTime:0.000037s ]
INFO: [ app_end ] --END-- [ RunTime:0.000053s ]

[ 2017-11-16T19:50:04+08:00 ] 1.85.217.126 /TP/index.php/Admin/Index/
INFO: [ app_init ] --START--
INFO: Run Behavior\BuildLiteBehavior [ RunTime:0.000010s ]
INFO: [ app_init ] --END-- [ RunTime:0.000083s ]
INFO: [ app_begin ] --START--
INFO: Run Behavior\ReadHtmlCacheBehavior [ RunTime:0.000076s ]
INFO: [ app_begin ] --END-- [ RunTime:0.000100s ]
SQL: SHOW COLUMNS FROM `business` [ RunTime:0.0006s ]
SQL: SHOW COLUMNS FROM `b_turnover_in_the_day` [ RunTime:0.0005s ]
SQL: SELECT * FROM `business` WHERE `business_id` = 2 LIMIT 1   [ RunTime:0.0001s ]
SQL: SELECT * FROM `b_turnover_in_the_day` WHERE ( b_turnover_in_the_day_time <= 1510844400 and b_turnover_in_the_day_time > 1510761600 and business_id = 2 ) LIMIT 1   [ RunTime:0.0001s ]
SQL: SHOW COLUMNS FROM `users_integral_list` [ RunTime:0.0003s ]
SQL: SELECT * FROM `users_integral_list` WHERE ( users_integral_addtime <= 1510844400 and users_integral_addtime > 1510761600 and business_id = 2 )  [ RunTime:0.0001s ]
SQL: SHOW COLUMNS FROM `users` [ RunTime:0.0003s ]
SQL: SELECT * FROM `users` WHERE `users_id` = 11 LIMIT 1   [ RunTime:0.0000s ]
SQL: SELECT * FROM `users_integral_list` WHERE ( users_integral_addtime <= 1510844400 and users_integral_addtime > 1510761600 and business_id = 2 )  [ RunTime:0.0000s ]
SQL: SELECT * FROM `users` WHERE `users_id` = 11 LIMIT 1   [ RunTime:0.0000s ]
INFO: [ view_parse ] --START--
NOTIC: [2] file_get_contents(./Application/Admin/View/Layout/index.html): failed to open stream: No such file or directory /data/wwwroot/default/TP/ThinkPHP/Library/Think/Template.class.php 第 696 行.
INFO: [ template_filter ] --START--
INFO: Run Behavior\ContentReplaceBehavior [ RunTime:0.000029s ]
INFO: [ template_filter ] --END-- [ RunTime:0.000051s ]
INFO: Run Behavior\ParseTemplateBehavior [ RunTime:0.000950s ]
INFO: [ view_parse ] --END-- [ RunTime:0.000969s ]
INFO: [ view_filter ] --START--
INFO: Run Behavior\WriteHtmlCacheBehavior [ RunTime:0.000035s ]
INFO: [ view_filter ] --END-- [ RunTime:0.000046s ]
INFO: [ app_end ] --START--
INFO: Run Behavior\ShowPageTraceBehavior [ RunTime:0.000030s ]
INFO: [ app_end ] --END-- [ RunTime:0.000040s ]

[ 2017-11-16T19:50:13+08:00 ] 1.85.217.126 /TP/index.php/Admin/Index/
INFO: [ app_init ] --START--
INFO: Run Behavior\BuildLiteBehavior [ RunTime:0.000009s ]
INFO: [ app_init ] --END-- [ RunTime:0.000081s ]
INFO: [ app_begin ] --START--
INFO: Run Behavior\ReadHtmlCacheBehavior [ RunTime:0.000046s ]
INFO: [ app_begin ] --END-- [ RunTime:0.000072s ]
SQL: SHOW COLUMNS FROM `business` [ RunTime:0.0006s ]
SQL: SHOW COLUMNS FROM `b_turnover_in_the_day` [ RunTime:0.0005s ]
SQL: SELECT * FROM `business` WHERE `business_id` = 2 LIMIT 1   [ RunTime:0.0001s ]
SQL: SELECT * FROM `b_turnover_in_the_day` WHERE ( b_turnover_in_the_day_time <= 1510844400 and b_turnover_in_the_day_time > 1510761600 and business_id = 2 ) LIMIT 1   [ RunTime:0.0001s ]
SQL: SHOW COLUMNS FROM `users_integral_list` [ RunTime:0.0004s ]
SQL: SELECT * FROM `users_integral_list` WHERE ( users_integral_addtime <= 1510844400 and users_integral_addtime > 1510761600 and business_id = 2 )  [ RunTime:0.0001s ]
SQL: SHOW COLUMNS FROM `users` [ RunTime:0.0004s ]
SQL: SELECT * FROM `users` WHERE `users_id` = 11 LIMIT 1   [ RunTime:0.0001s ]
SQL: SELECT * FROM `users_integral_list` WHERE ( users_integral_addtime <= 1510844400 and users_integral_addtime > 1510761600 and business_id = 2 )  [ RunTime:0.0001s ]
SQL: SELECT * FROM `users` WHERE `users_id` = 11 LIMIT 1   [ RunTime:0.0001s ]
INFO: [ view_parse ] --START--
NOTIC: [2] file_get_contents(./Application/Admin/View/Layout/index.html): failed to open stream: No such file or directory /data/wwwroot/default/TP/ThinkPHP/Library/Think/Template.class.php 第 696 行.
INFO: [ template_filter ] --START--
INFO: Run Behavior\ContentReplaceBehavior [ RunTime:0.000022s ]
INFO: [ template_filter ] --END-- [ RunTime:0.000048s ]
INFO: Run Behavior\ParseTemplateBehavior [ RunTime:0.001210s ]
INFO: [ view_parse ] --END-- [ RunTime:0.001238s ]
INFO: [ view_filter ] --START--
INFO: Run Behavior\WriteHtmlCacheBehavior [ RunTime:0.000048s ]
INFO: [ view_filter ] --END-- [ RunTime:0.000066s ]
INFO: [ app_end ] --START--
INFO: Run Behavior\ShowPageTraceBehavior [ RunTime:0.000044s ]
INFO: [ app_end ] --END-- [ RunTime:0.000063s ]

[ 2017-11-16T19:50:19+08:00 ] 1.85.217.126 /TP/index.php/Admin/Index/index
INFO: [ app_init ] --START--
INFO: Run Behavior\BuildLiteBehavior [ RunTime:0.000009s ]
INFO: [ app_init ] --END-- [ RunTime:0.000084s ]
INFO: [ app_begin ] --START--
INFO: Run Behavior\ReadHtmlCacheBehavior [ RunTime:0.000046s ]
INFO: [ app_begin ] --END-- [ RunTime:0.000070s ]
SQL: SHOW COLUMNS FROM `business` [ RunTime:0.0006s ]
SQL: SHOW COLUMNS FROM `b_turnover_in_the_day` [ RunTime:0.0005s ]
SQL: SELECT * FROM `business` WHERE `business_id` = 2 LIMIT 1   [ RunTime:0.0001s ]
SQL: SELECT * FROM `b_turnover_in_the_day` WHERE ( b_turnover_in_the_day_time <= 1510844400 and b_turnover_in_the_day_time > 1510761600 and business_id = 2 ) LIMIT 1   [ RunTime:0.0001s ]
SQL: SHOW COLUMNS FROM `users_integral_list` [ RunTime:0.0004s ]
SQL: SELECT * FROM `users_integral_list` WHERE ( users_integral_addtime <= 1510844400 and users_integral_addtime > 1510761600 and business_id = 2 )  [ RunTime:0.0001s ]
SQL: SHOW COLUMNS FROM `users` [ RunTime:0.0004s ]
SQL: SELECT * FROM `users` WHERE `users_id` = 11 LIMIT 1   [ RunTime:0.0001s ]
SQL: SELECT * FROM `users_integral_list` WHERE ( users_integral_addtime <= 1510844400 and users_integral_addtime > 1510761600 and business_id = 2 )  [ RunTime:0.0001s ]
SQL: SELECT * FROM `users` WHERE `users_id` = 11 LIMIT 1   [ RunTime:0.0001s ]
INFO: [ view_parse ] --START--
NOTIC: [2] file_get_contents(./Application/Admin/View/Layout/index.html): failed to open stream: No such file or directory /data/wwwroot/default/TP/ThinkPHP/Library/Think/Template.class.php 第 696 行.
INFO: [ template_filter ] --START--
INFO: Run Behavior\ContentReplaceBehavior [ RunTime:0.000021s ]
INFO: [ template_filter ] --END-- [ RunTime:0.000047s ]
INFO: Run Behavior\ParseTemplateBehavior [ RunTime:0.001293s ]
INFO: [ view_parse ] --END-- [ RunTime:0.001318s ]
INFO: [ view_filter ] --START--
INFO: Run Behavior\WriteHtmlCacheBehavior [ RunTime:0.000048s ]
INFO: [ view_filter ] --END-- [ RunTime:0.000066s ]
INFO: [ app_end ] --START--
INFO: Run Behavior\ShowPageTraceBehavior [ RunTime:0.000048s ]
INFO: [ app_end ] --END-- [ RunTime:0.000068s ]

[ 2017-11-16T19:50:25+08:00 ] 1.85.217.126 /TP/index.php/Admin/Index/
INFO: [ app_init ] --START--
INFO: Run Behavior\BuildLiteBehavior [ RunTime:0.000010s ]
INFO: [ app_init ] --END-- [ RunTime:0.000087s ]
INFO: [ app_begin ] --START--
INFO: Run Behavior\ReadHtmlCacheBehavior [ RunTime:0.000036s ]
INFO: [ app_begin ] --END-- [ RunTime:0.000054s ]
SQL: SHOW COLUMNS FROM `business` [ RunTime:0.0004s ]
SQL: SHOW COLUMNS FROM `b_turnover_in_the_day` [ RunTime:0.0004s ]
SQL: SELECT * FROM `business` WHERE `business_id` = 2 LIMIT 1   [ RunTime:0.0001s ]
SQL: SELECT * FROM `b_turnover_in_the_day` WHERE ( b_turnover_in_the_day_time <= 1510844400 and b_turnover_in_the_day_time > 1510761600 and business_id = 2 ) LIMIT 1   [ RunTime:0.0001s ]
SQL: SHOW COLUMNS FROM `users_integral_list` [ RunTime:0.0003s ]
SQL: SELECT * FROM `users_integral_list` WHERE ( users_integral_addtime <= 1510844400 and users_integral_addtime > 1510761600 and business_id = 2 )  [ RunTime:0.0001s ]
SQL: SHOW COLUMNS FROM `users` [ RunTime:0.0003s ]
SQL: SELECT * FROM `users` WHERE `users_id` = 11 LIMIT 1   [ RunTime:0.0001s ]
SQL: SELECT * FROM `users_integral_list` WHERE ( users_integral_addtime <= 1510844400 and users_integral_addtime > 1510761600 and business_id = 2 )  [ RunTime:0.0000s ]
SQL: SELECT * FROM `users` WHERE `users_id` = 11 LIMIT 1   [ RunTime:0.0000s ]
INFO: [ view_parse ] --START--
NOTIC: [2] file_get_contents(./Application/Admin/View/Layout/index.html): failed to open stream: No such file or directory /data/wwwroot/default/TP/ThinkPHP/Library/Think/Template.class.php 第 696 行.
INFO: [ template_filter ] --START--
INFO: Run Behavior\ContentReplaceBehavior [ RunTime:0.000015s ]
INFO: [ template_filter ] --END-- [ RunTime:0.000032s ]
INFO: Run Behavior\ParseTemplateBehavior [ RunTime:0.000943s ]
INFO: [ view_parse ] --END-- [ RunTime:0.000962s ]
INFO: [ view_filter ] --START--
INFO: Run Behavior\WriteHtmlCacheBehavior [ RunTime:0.000033s ]
INFO: [ view_filter ] --END-- [ RunTime:0.000044s ]
INFO: [ app_end ] --START--
INFO: Run Behavior\ShowPageTraceBehavior [ RunTime:0.000029s ]
INFO: [ app_end ] --END-- [ RunTime:0.000040s ]

[ 2017-11-16T19:50:28+08:00 ] 1.85.217.126 /TP/index.php/Admin/Index/
INFO: [ app_init ] --START--
INFO: Run Behavior\BuildLiteBehavior [ RunTime:0.000007s ]
INFO: [ app_init ] --END-- [ RunTime:0.000075s ]
INFO: [ app_begin ] --START--
INFO: Run Behavior\ReadHtmlCacheBehavior [ RunTime:0.000036s ]
INFO: [ app_begin ] --END-- [ RunTime:0.000053s ]
SQL: SHOW COLUMNS FROM `business` [ RunTime:0.0005s ]
SQL: SHOW COLUMNS FROM `b_turnover_in_the_day` [ RunTime:0.0004s ]
SQL: SELECT * FROM `business` WHERE `business_id` = 2 LIMIT 1   [ RunTime:0.0001s ]
SQL: SELECT * FROM `b_turnover_in_the_day` WHERE ( b_turnover_in_the_day_time <= 1510844400 and b_turnover_in_the_day_time > 1510761600 and business_id = 2 ) LIMIT 1   [ RunTime:0.0001s ]
SQL: SHOW COLUMNS FROM `users_integral_list` [ RunTime:0.0003s ]
SQL: SELECT * FROM `users_integral_list` WHERE ( users_integral_addtime <= 1510844400 and users_integral_addtime > 1510761600 and business_id = 2 )  [ RunTime:0.0001s ]
SQL: SHOW COLUMNS FROM `users` [ RunTime:0.0004s ]
SQL: SELECT * FROM `users` WHERE `users_id` = 11 LIMIT 1   [ RunTime:0.0000s ]
SQL: SELECT * FROM `users_integral_list` WHERE ( users_integral_addtime <= 1510844400 and users_integral_addtime > 1510761600 and business_id = 2 )  [ RunTime:0.0001s ]
SQL: SELECT * FROM `users` WHERE `users_id` = 11 LIMIT 1   [ RunTime:0.0000s ]
INFO: [ view_parse ] --START--
NOTIC: [2] file_get_contents(./Application/Admin/View/Layout/index.html): failed to open stream: No such file or directory /data/wwwroot/default/TP/ThinkPHP/Library/Think/Template.class.php 第 696 行.
INFO: [ template_filter ] --START--
INFO: Run Behavior\ContentReplaceBehavior [ RunTime:0.000024s ]
INFO: [ template_filter ] --END-- [ RunTime:0.000058s ]
INFO: Run Behavior\ParseTemplateBehavior [ RunTime:0.001028s ]
INFO: [ view_parse ] --END-- [ RunTime:0.001059s ]
INFO: [ view_filter ] --START--
INFO: Run Behavior\WriteHtmlCacheBehavior [ RunTime:0.000045s ]
INFO: [ view_filter ] --END-- [ RunTime:0.000059s ]
INFO: [ app_end ] --START--
INFO: Run Behavior\ShowPageTraceBehavior [ RunTime:0.000041s ]
INFO: [ app_end ] --END-- [ RunTime:0.000056s ]

[ 2017-11-16T19:50:28+08:00 ] 1.85.217.126 /TP/index.php/Admin/Index/
INFO: [ app_init ] --START--
INFO: Run Behavior\BuildLiteBehavior [ RunTime:0.000011s ]
INFO: [ app_init ] --END-- [ RunTime:0.000086s ]
INFO: [ app_begin ] --START--
INFO: Run Behavior\ReadHtmlCacheBehavior [ RunTime:0.000046s ]
INFO: [ app_begin ] --END-- [ RunTime:0.000069s ]
SQL: SHOW COLUMNS FROM `business` [ RunTime:0.0006s ]
SQL: SHOW COLUMNS FROM `b_turnover_in_the_day` [ RunTime:0.0005s ]
SQL: SELECT * FROM `business` WHERE `business_id` = 2 LIMIT 1   [ RunTime:0.0001s ]
SQL: SELECT * FROM `b_turnover_in_the_day` WHERE ( b_turnover_in_the_day_time <= 1510844400 and b_turnover_in_the_day_time > 1510761600 and business_id = 2 ) LIMIT 1   [ RunTime:0.0001s ]
SQL: SHOW COLUMNS FROM `users_integral_list` [ RunTime:0.0003s ]
SQL: SELECT * FROM `users_integral_list` WHERE ( users_integral_addtime <= 1510844400 and users_integral_addtime > 1510761600 and business_id = 2 )  [ RunTime:0.0001s ]
SQL: SHOW COLUMNS FROM `users` [ RunTime:0.0004s ]
SQL: SELECT * FROM `users` WHERE `users_id` = 11 LIMIT 1   [ RunTime:0.0001s ]
SQL: SELECT * FROM `users_integral_list` WHERE ( users_integral_addtime <= 1510844400 and users_integral_addtime > 1510761600 and business_id = 2 )  [ RunTime:0.0001s ]
SQL: SELECT * FROM `users` WHERE `users_id` = 11 LIMIT 1   [ RunTime:0.0001s ]
INFO: [ view_parse ] --START--
NOTIC: [2] file_get_contents(./Application/Admin/View/Layout/index.html): failed to open stream: No such file or directory /data/wwwroot/default/TP/ThinkPHP/Library/Think/Template.class.php 第 696 行.
INFO: [ template_filter ] --START--
INFO: Run Behavior\ContentReplaceBehavior [ RunTime:0.000022s ]
INFO: [ template_filter ] --END-- [ RunTime:0.000049s ]
INFO: Run Behavior\ParseTemplateBehavior [ RunTime:0.001512s ]
INFO: [ view_parse ] --END-- [ RunTime:0.001541s ]
INFO: [ view_filter ] --START--
INFO: Run Behavior\WriteHtmlCacheBehavior [ RunTime:0.000051s ]
INFO: [ view_filter ] --END-- [ RunTime:0.000069s ]
INFO: [ app_end ] --START--
INFO: Run Behavior\ShowPageTraceBehavior [ RunTime:0.000051s ]
INFO: [ app_end ] --END-- [ RunTime:0.000071s ]

[ 2017-11-16T19:51:13+08:00 ] 1.85.217.126 /TP/index.php/Admin/Index/
INFO: [ app_init ] --START--
INFO: Run Behavior\BuildLiteBehavior [ RunTime:0.000009s ]
INFO: [ app_init ] --END-- [ RunTime:0.000081s ]
INFO: [ app_begin ] --START--
INFO: Run Behavior\ReadHtmlCacheBehavior [ RunTime:0.000046s ]
INFO: [ app_begin ] --END-- [ RunTime:0.000068s ]
SQL: SHOW COLUMNS FROM `business` [ RunTime:0.0005s ]
SQL: SHOW COLUMNS FROM `b_turnover_in_the_day` [ RunTime:0.0004s ]
SQL: SELECT * FROM `business` WHERE `business_id` = 2 LIMIT 1   [ RunTime:0.0001s ]
SQL: SELECT * FROM `b_turnover_in_the_day` WHERE ( b_turnover_in_the_day_time <= 1510844400 and b_turnover_in_the_day_time > 1510761600 and business_id = 2 ) LIMIT 1   [ RunTime:0.0001s ]
SQL: SHOW COLUMNS FROM `users_integral_list` [ RunTime:0.0004s ]
SQL: SELECT * FROM `users_integral_list` WHERE ( users_integral_addtime <= 1510844400 and users_integral_addtime > 1510761600 and business_id = 2 )  [ RunTime:0.0000s ]
SQL: SHOW COLUMNS FROM `users` [ RunTime:0.0003s ]
SQL: SELECT * FROM `users` WHERE `users_id` = 11 LIMIT 1   [ RunTime:0.0001s ]
SQL: SELECT * FROM `users_integral_list` WHERE ( users_integral_addtime <= 1510844400 and users_integral_addtime > 1510761600 and business_id = 2 )  [ RunTime:0.0000s ]
SQL: SELECT * FROM `users` WHERE `users_id` = 11 LIMIT 1   [ RunTime:0.0000s ]
INFO: [ view_parse ] --START--
NOTIC: [2] file_get_contents(./Application/Admin/View/Layout/index.html): failed to open stream: No such file or directory /data/wwwroot/default/TP/ThinkPHP/Library/Think/Template.class.php 第 696 行.
INFO: [ template_filter ] --START--
INFO: Run Behavior\ContentReplaceBehavior [ RunTime:0.000021s ]
INFO: [ template_filter ] --END-- [ RunTime:0.000045s ]
INFO: Run Behavior\ParseTemplateBehavior [ RunTime:0.000923s ]
INFO: [ view_parse ] --END-- [ RunTime:0.000943s ]
INFO: [ view_filter ] --START--
INFO: Run Behavior\WriteHtmlCacheBehavior [ RunTime:0.000051s ]
INFO: [ view_filter ] --END-- [ RunTime:0.000070s ]
INFO: [ app_end ] --START--
INFO: Run Behavior\ShowPageTraceBehavior [ RunTime:0.000037s ]
INFO: [ app_end ] --END-- [ RunTime:0.000055s ]

[ 2017-11-16T19:51:13+08:00 ] 1.85.217.126 /TP/index.php/Admin/Index/
INFO: [ app_init ] --START--
INFO: Run Behavior\BuildLiteBehavior [ RunTime:0.000007s ]
INFO: [ app_init ] --END-- [ RunTime:0.000070s ]
INFO: [ app_begin ] --START--
INFO: Run Behavior\ReadHtmlCacheBehavior [ RunTime:0.000034s ]
INFO: [ app_begin ] --END-- [ RunTime:0.000052s ]
SQL: SHOW COLUMNS FROM `business` [ RunTime:0.0005s ]
SQL: SHOW COLUMNS FROM `b_turnover_in_the_day` [ RunTime:0.0004s ]
SQL: SELECT * FROM `business` WHERE `business_id` = 2 LIMIT 1   [ RunTime:0.0001s ]
SQL: SELECT * FROM `b_turnover_in_the_day` WHERE ( b_turnover_in_the_day_time <= 1510844400 and b_turnover_in_the_day_time > 1510761600 and business_id = 2 ) LIMIT 1   [ RunTime:0.0001s ]
SQL: SHOW COLUMNS FROM `users_integral_list` [ RunTime:0.0004s ]
SQL: SELECT * FROM `users_integral_list` WHERE ( users_integral_addtime <= 1510844400 and users_integral_addtime > 1510761600 and business_id = 2 )  [ RunTime:0.0001s ]
SQL: SHOW COLUMNS FROM `users` [ RunTime:0.0003s ]
SQL: SELECT * FROM `users` WHERE `users_id` = 11 LIMIT 1   [ RunTime:0.0000s ]
SQL: SELECT * FROM `users_integral_list` WHERE ( users_integral_addtime <= 1510844400 and users_integral_addtime > 1510761600 and business_id = 2 )  [ RunTime:0.0001s ]
SQL: SELECT * FROM `users` WHERE `users_id` = 11 LIMIT 1   [ RunTime:0.0000s ]
INFO: [ view_parse ] --START--
NOTIC: [2] file_get_contents(./Application/Admin/View/Layout/index.html): failed to open stream: No such file or directory /data/wwwroot/default/TP/ThinkPHP/Library/Think/Template.class.php 第 696 行.
INFO: [ template_filter ] --START--
INFO: Run Behavior\ContentReplaceBehavior [ RunTime:0.000017s ]
INFO: [ template_filter ] --END-- [ RunTime:0.000036s ]
INFO: Run Behavior\ParseTemplateBehavior [ RunTime:0.001043s ]
INFO: [ view_parse ] --END-- [ RunTime:0.001065s ]
INFO: [ view_filter ] --START--
INFO: Run Behavior\WriteHtmlCacheBehavior [ RunTime:0.000035s ]
INFO: [ view_filter ] --END-- [ RunTime:0.000046s ]
INFO: [ app_end ] --START--
INFO: Run Behavior\ShowPageTraceBehavior [ RunTime:0.000030s ]
INFO: [ app_end ] --END-- [ RunTime:0.000041s ]

[ 2017-11-16T19:51:13+08:00 ] 1.85.217.126 /TP/index.php/Admin/Index/
INFO: [ app_init ] --START--
INFO: Run Behavior\BuildLiteBehavior [ RunTime:0.000006s ]
INFO: [ app_init ] --END-- [ RunTime:0.000055s ]
INFO: [ app_begin ] --START--
INFO: Run Behavior\ReadHtmlCacheBehavior [ RunTime:0.000034s ]
INFO: [ app_begin ] --END-- [ RunTime:0.000052s ]
SQL: SHOW COLUMNS FROM `business` [ RunTime:0.0005s ]
SQL: SHOW COLUMNS FROM `b_turnover_in_the_day` [ RunTime:0.0004s ]
SQL: SELECT * FROM `business` WHERE `business_id` = 2 LIMIT 1   [ RunTime:0.0001s ]
SQL: SELECT * FROM `b_turnover_in_the_day` WHERE ( b_turnover_in_the_day_time <= 1510844400 and b_turnover_in_the_day_time > 1510761600 and business_id = 2 ) LIMIT 1   [ RunTime:0.0001s ]
SQL: SHOW COLUMNS FROM `users_integral_list` [ RunTime:0.0004s ]
SQL: SELECT * FROM `users_integral_list` WHERE ( users_integral_addtime <= 1510844400 and users_integral_addtime > 1510761600 and business_id = 2 )  [ RunTime:0.0001s ]
SQL: SHOW COLUMNS FROM `users` [ RunTime:0.0004s ]
SQL: SELECT * FROM `users` WHERE `users_id` = 11 LIMIT 1   [ RunTime:0.0000s ]
SQL: SELECT * FROM `users_integral_list` WHERE ( users_integral_addtime <= 1510844400 and users_integral_addtime > 1510761600 and business_id = 2 )  [ RunTime:0.0001s ]
SQL: SELECT * FROM `users` WHERE `users_id` = 11 LIMIT 1   [ RunTime:0.0000s ]
INFO: [ view_parse ] --START--
NOTIC: [2] file_get_contents(./Application/Admin/View/Layout/index.html): failed to open stream: No such file or directory /data/wwwroot/default/TP/ThinkPHP/Library/Think/Template.class.php 第 696 行.
INFO: [ template_filter ] --START--
INFO: Run Behavior\ContentReplaceBehavior [ RunTime:0.000015s ]
INFO: [ template_filter ] --END-- [ RunTime:0.000033s ]
INFO: Run Behavior\ParseTemplateBehavior [ RunTime:0.000935s ]
INFO: [ view_parse ] --END-- [ RunTime:0.000956s ]
INFO: [ view_filter ] --START--
INFO: Run Behavior\WriteHtmlCacheBehavior [ RunTime:0.000033s ]
INFO: [ view_filter ] --END-- [ RunTime:0.000045s ]
INFO: [ app_end ] --START--
INFO: Run Behavior\ShowPageTraceBehavior [ RunTime:0.000029s ]
INFO: [ app_end ] --END-- [ RunTime:0.000040s ]

[ 2017-11-16T19:51:14+08:00 ] 1.85.217.126 /TP/index.php/Admin/Index/
INFO: [ app_init ] --START--
INFO: Run Behavior\BuildLiteBehavior [ RunTime:0.000007s ]
INFO: [ app_init ] --END-- [ RunTime:0.000060s ]
INFO: [ app_begin ] --START--
INFO: Run Behavior\ReadHtmlCacheBehavior [ RunTime:0.000037s ]
INFO: [ app_begin ] --END-- [ RunTime:0.000059s ]
SQL: SHOW COLUMNS FROM `business` [ RunTime:0.0005s ]
SQL: SHOW COLUMNS FROM `b_turnover_in_the_day` [ RunTime:0.0003s ]
SQL: SELECT * FROM `business` WHERE `business_id` = 2 LIMIT 1   [ RunTime:0.0001s ]
SQL: SELECT * FROM `b_turnover_in_the_day` WHERE ( b_turnover_in_the_day_time <= 1510844400 and b_turnover_in_the_day_time > 1510761600 and business_id = 2 ) LIMIT 1   [ RunTime:0.0001s ]
SQL: SHOW COLUMNS FROM `users_integral_list` [ RunTime:0.0003s ]
SQL: SELECT * FROM `users_integral_list` WHERE ( users_integral_addtime <= 1510844400 and users_integral_addtime > 1510761600 and business_id = 2 )  [ RunTime:0.0001s ]
SQL: SHOW COLUMNS FROM `users` [ RunTime:0.0003s ]
SQL: SELECT * FROM `users` WHERE `users_id` = 11 LIMIT 1   [ RunTime:0.0001s ]
SQL: SELECT * FROM `users_integral_list` WHERE ( users_integral_addtime <= 1510844400 and users_integral_addtime > 1510761600 and business_id = 2 )  [ RunTime:0.0001s ]
SQL: SELECT * FROM `users` WHERE `users_id` = 11 LIMIT 1   [ RunTime:0.0000s ]
INFO: [ view_parse ] --START--
NOTIC: [2] file_get_contents(./Application/Admin/View/Layout/index.html): failed to open stream: No such file or directory /data/wwwroot/default/TP/ThinkPHP/Library/Think/Template.class.php 第 696 行.
INFO: [ template_filter ] --START--
INFO: Run Behavior\ContentReplaceBehavior [ RunTime:0.000022s ]
INFO: [ template_filter ] --END-- [ RunTime:0.000050s ]
INFO: Run Behavior\ParseTemplateBehavior [ RunTime:0.001213s ]
INFO: [ view_parse ] --END-- [ RunTime:0.001234s ]
INFO: [ view_filter ] --START--
INFO: Run Behavior\WriteHtmlCacheBehavior [ RunTime:0.000041s ]
INFO: [ view_filter ] --END-- [ RunTime:0.000064s ]
INFO: [ app_end ] --START--
INFO: Run Behavior\ShowPageTraceBehavior [ RunTime:0.000039s ]
INFO: [ app_end ] --END-- [ RunTime:0.000053s ]

[ 2017-11-16T19:51:15+08:00 ] 1.85.217.126 /TP/index.php/Admin/Index/
INFO: [ app_init ] --START--
INFO: Run Behavior\BuildLiteBehavior [ RunTime:0.000006s ]
INFO: [ app_init ] --END-- [ RunTime:0.000057s ]
INFO: [ app_begin ] --START--
INFO: Run Behavior\ReadHtmlCacheBehavior [ RunTime:0.000036s ]
INFO: [ app_begin ] --END-- [ RunTime:0.000057s ]
SQL: SHOW COLUMNS FROM `business` [ RunTime:0.0005s ]
SQL: SHOW COLUMNS FROM `b_turnover_in_the_day` [ RunTime:0.0004s ]
SQL: SELECT * FROM `business` WHERE `business_id` = 2 LIMIT 1   [ RunTime:0.0001s ]
SQL: SELECT * FROM `b_turnover_in_the_day` WHERE ( b_turnover_in_the_day_time <= 1510844400 and b_turnover_in_the_day_time > 1510761600 and business_id = 2 ) LIMIT 1   [ RunTime:0.0001s ]
SQL: SHOW COLUMNS FROM `users_integral_list` [ RunTime:0.0003s ]
SQL: SELECT * FROM `users_integral_list` WHERE ( users_integral_addtime <= 1510844400 and users_integral_addtime > 1510761600 and business_id = 2 )  [ RunTime:0.0000s ]
SQL: SHOW COLUMNS FROM `users` [ RunTime:0.0003s ]
SQL: SELECT * FROM `users` WHERE `users_id` = 11 LIMIT 1   [ RunTime:0.0000s ]
SQL: SELECT * FROM `users_integral_list` WHERE ( users_integral_addtime <= 1510844400 and users_integral_addtime > 1510761600 and business_id = 2 )  [ RunTime:0.0001s ]
SQL: SELECT * FROM `users` WHERE `users_id` = 11 LIMIT 1   [ RunTime:0.0001s ]
INFO: [ view_parse ] --START--
NOTIC: [2] file_get_contents(./Application/Admin/View/Layout/index.html): failed to open stream: No such file or directory /data/wwwroot/default/TP/ThinkPHP/Library/Think/Template.class.php 第 696 行.
INFO: [ template_filter ] --START--
INFO: Run Behavior\ContentReplaceBehavior [ RunTime:0.000019s ]
INFO: [ template_filter ] --END-- [ RunTime:0.000046s ]
INFO: Run Behavior\ParseTemplateBehavior [ RunTime:0.000890s ]
INFO: [ view_parse ] --END-- [ RunTime:0.000929s ]
INFO: [ view_filter ] --START--
INFO: Run Behavior\WriteHtmlCacheBehavior [ RunTime:0.000045s ]
INFO: [ view_filter ] --END-- [ RunTime:0.000057s ]
INFO: [ app_end ] --START--
INFO: Run Behavior\ShowPageTraceBehavior [ RunTime:0.000034s ]
INFO: [ app_end ] --END-- [ RunTime:0.000045s ]

[ 2017-11-16T19:51:23+08:00 ] 1.85.217.126 /TP/index.php/Admin/Index/
INFO: [ app_init ] --START--
INFO: Run Behavior\BuildLiteBehavior [ RunTime:0.000006s ]
INFO: [ app_init ] --END-- [ RunTime:0.000065s ]
INFO: [ app_begin ] --START--
INFO: Run Behavior\ReadHtmlCacheBehavior [ RunTime:0.000037s ]
INFO: [ app_begin ] --END-- [ RunTime:0.000053s ]
SQL: SHOW COLUMNS FROM `business` [ RunTime:0.0005s ]
SQL: SHOW COLUMNS FROM `b_turnover_in_the_day` [ RunTime:0.0003s ]
SQL: SELECT * FROM `business` WHERE `business_id` = 2 LIMIT 1   [ RunTime:0.0001s ]
SQL: SELECT * FROM `b_turnover_in_the_day` WHERE ( b_turnover_in_the_day_time <= 1510844400 and b_turnover_in_the_day_time > 1510761600 and business_id = 2 ) LIMIT 1   [ RunTime:0.0001s ]
SQL: SHOW COLUMNS FROM `users_integral_list` [ RunTime:0.0003s ]
SQL: SELECT * FROM `users_integral_list` WHERE ( users_integral_addtime <= 1510844400 and users_integral_addtime > 1510761600 and business_id = 2 )  [ RunTime:0.0001s ]
SQL: SHOW COLUMNS FROM `users` [ RunTime:0.0004s ]
SQL: SELECT * FROM `users` WHERE `users_id` = 11 LIMIT 1   [ RunTime:0.0001s ]
SQL: SELECT * FROM `users_integral_list` WHERE ( users_integral_addtime <= 1510844400 and users_integral_addtime > 1510761600 and business_id = 2 )  [ RunTime:0.0001s ]
SQL: SELECT * FROM `users` WHERE `users_id` = 11 LIMIT 1   [ RunTime:0.0000s ]
INFO: [ view_parse ] --START--
NOTIC: [2] file_get_contents(./Application/Admin/View/Layout/index.html): failed to open stream: No such file or directory /data/wwwroot/default/TP/ThinkPHP/Library/Think/Template.class.php 第 696 行.
INFO: [ template_filter ] --START--
INFO: Run Behavior\ContentReplaceBehavior [ RunTime:0.000020s ]
INFO: [ template_filter ] --END-- [ RunTime:0.000045s ]
INFO: Run Behavior\ParseTemplateBehavior [ RunTime:0.001209s ]
INFO: [ view_parse ] --END-- [ RunTime:0.001233s ]
INFO: [ view_filter ] --START--
INFO: Run Behavior\WriteHtmlCacheBehavior [ RunTime:0.000046s ]
INFO: [ view_filter ] --END-- [ RunTime:0.000062s ]
INFO: [ app_end ] --START--
INFO: Run Behavior\ShowPageTraceBehavior [ RunTime:0.000044s ]
INFO: [ app_end ] --END-- [ RunTime:0.000062s ]

[ 2017-11-16T19:52:15+08:00 ] 1.85.217.126 /TP/index.php/Admin/Index/
INFO: [ app_init ] --START--
INFO: Run Behavior\BuildLiteBehavior [ RunTime:0.000008s ]
INFO: [ app_init ] --END-- [ RunTime:0.000084s ]
INFO: [ app_begin ] --START--
INFO: Run Behavior\ReadHtmlCacheBehavior [ RunTime:0.000039s ]
INFO: [ app_begin ] --END-- [ RunTime:0.000061s ]
SQL: SHOW COLUMNS FROM `business` [ RunTime:0.0006s ]
SQL: SHOW COLUMNS FROM `b_turnover_in_the_day` [ RunTime:0.0004s ]
SQL: SELECT * FROM `business` WHERE `business_id` = 2 LIMIT 1   [ RunTime:0.0001s ]
SQL: SELECT * FROM `b_turnover_in_the_day` WHERE ( b_turnover_in_the_day_time <= 1510844400 and b_turnover_in_the_day_time > 1510761600 and business_id = 2 ) LIMIT 1   [ RunTime:0.0001s ]
SQL: SHOW COLUMNS FROM `users_integral_list` [ RunTime:0.0003s ]
SQL: SELECT * FROM `users_integral_list` WHERE ( users_integral_addtime <= 1510844400 and users_integral_addtime > 1510761600 and business_id = 2 )  [ RunTime:0.0001s ]
SQL: SHOW COLUMNS FROM `users` [ RunTime:0.0003s ]
SQL: SELECT * FROM `users` WHERE `users_id` = 11 LIMIT 1   [ RunTime:0.0000s ]
SQL: SELECT * FROM `users_integral_list` WHERE ( users_integral_addtime <= 1510844400 and users_integral_addtime > 1510761600 and business_id = 2 )  [ RunTime:0.0001s ]
SQL: SELECT * FROM `users` WHERE `users_id` = 11 LIMIT 1   [ RunTime:0.0000s ]
INFO: [ view_parse ] --START--
NOTIC: [2] file_get_contents(./Application/Admin/View/Layout/index.html): failed to open stream: No such file or directory /data/wwwroot/default/TP/ThinkPHP/Library/Think/Template.class.php 第 696 行.
INFO: [ template_filter ] --START--
INFO: Run Behavior\ContentReplaceBehavior [ RunTime:0.000016s ]
INFO: [ template_filter ] --END-- [ RunTime:0.000034s ]
INFO: Run Behavior\ParseTemplateBehavior [ RunTime:0.000971s ]
INFO: [ view_parse ] --END-- [ RunTime:0.000990s ]
INFO: [ view_filter ] --START--
INFO: Run Behavior\WriteHtmlCacheBehavior [ RunTime:0.000085s ]
INFO: [ view_filter ] --END-- [ RunTime:0.000112s ]
INFO: [ app_end ] --START--
INFO: Run Behavior\ShowPageTraceBehavior [ RunTime:0.000089s ]
INFO: [ app_end ] --END-- [ RunTime:0.000106s ]

[ 2017-11-16T19:52:16+08:00 ] 1.85.217.126 /TP/index.php/Admin/Index/
INFO: [ app_init ] --START--
INFO: Run Behavior\BuildLiteBehavior [ RunTime:0.000006s ]
INFO: [ app_init ] --END-- [ RunTime:0.000060s ]
INFO: [ app_begin ] --START--
INFO: Run Behavior\ReadHtmlCacheBehavior [ RunTime:0.000051s ]
INFO: [ app_begin ] --END-- [ RunTime:0.000075s ]
SQL: SHOW COLUMNS FROM `business` [ RunTime:0.0005s ]
SQL: SHOW COLUMNS FROM `b_turnover_in_the_day` [ RunTime:0.0003s ]
SQL: SELECT * FROM `business` WHERE `business_id` = 2 LIMIT 1   [ RunTime:0.0001s ]
SQL: SELECT * FROM `b_turnover_in_the_day` WHERE ( b_turnover_in_the_day_time <= 1510844400 and b_turnover_in_the_day_time > 1510761600 and business_id = 2 ) LIMIT 1   [ RunTime:0.0001s ]
SQL: SHOW COLUMNS FROM `users_integral_list` [ RunTime:0.0004s ]
SQL: SELECT * FROM `users_integral_list` WHERE ( users_integral_addtime <= 1510844400 and users_integral_addtime > 1510761600 and business_id = 2 )  [ RunTime:0.0001s ]
SQL: SHOW COLUMNS FROM `users` [ RunTime:0.0003s ]
SQL: SELECT * FROM `users` WHERE `users_id` = 11 LIMIT 1   [ RunTime:0.0000s ]
SQL: SELECT * FROM `users_integral_list` WHERE ( users_integral_addtime <= 1510844400 and users_integral_addtime > 1510761600 and business_id = 2 )  [ RunTime:0.0001s ]
SQL: SELECT * FROM `users` WHERE `users_id` = 11 LIMIT 1   [ RunTime:0.0001s ]
INFO: [ view_parse ] --START--
NOTIC: [2] file_get_contents(./Application/Admin/View/Layout/index.html): failed to open stream: No such file or directory /data/wwwroot/default/TP/ThinkPHP/Library/Think/Template.class.php 第 696 行.
INFO: [ template_filter ] --START--
INFO: Run Behavior\ContentReplaceBehavior [ RunTime:0.000021s ]
INFO: [ template_filter ] --END-- [ RunTime:0.000046s ]
INFO: Run Behavior\ParseTemplateBehavior [ RunTime:0.001048s ]
INFO: [ view_parse ] --END-- [ RunTime:0.001073s ]
INFO: [ view_filter ] --START--
INFO: Run Behavior\WriteHtmlCacheBehavior [ RunTime:0.000054s ]
INFO: [ view_filter ] --END-- [ RunTime:0.000073s ]
INFO: [ app_end ] --START--
INFO: Run Behavior\ShowPageTraceBehavior [ RunTime:0.000047s ]
INFO: [ app_end ] --END-- [ RunTime:0.000064s ]

[ 2017-11-16T19:52:16+08:00 ] 1.85.217.126 /TP/index.php/Admin/Index/
INFO: [ app_init ] --START--
INFO: Run Behavior\BuildLiteBehavior [ RunTime:0.000010s ]
INFO: [ app_init ] --END-- [ RunTime:0.000086s ]
INFO: [ app_begin ] --START--
INFO: Run Behavior\ReadHtmlCacheBehavior [ RunTime:0.000047s ]
INFO: [ app_begin ] --END-- [ RunTime:0.000072s ]
SQL: SHOW COLUMNS FROM `business` [ RunTime:0.0006s ]
SQL: SHOW COLUMNS FROM `b_turnover_in_the_day` [ RunTime:0.0004s ]
SQL: SELECT * FROM `business` WHERE `business_id` = 2 LIMIT 1   [ RunTime:0.0001s ]
SQL: SELECT * FROM `b_turnover_in_the_day` WHERE ( b_turnover_in_the_day_time <= 1510844400 and b_turnover_in_the_day_time > 1510761600 and business_id = 2 ) LIMIT 1   [ RunTime:0.0001s ]
SQL: SHOW COLUMNS FROM `users_integral_list` [ RunTime:0.0004s ]
SQL: SELECT * FROM `users_integral_list` WHERE ( users_integral_addtime <= 1510844400 and users_integral_addtime > 1510761600 and business_id = 2 )  [ RunTime:0.0001s ]
SQL: SHOW COLUMNS FROM `users` [ RunTime:0.0004s ]
SQL: SELECT * FROM `users` WHERE `users_id` = 11 LIMIT 1   [ RunTime:0.0001s ]
SQL: SELECT * FROM `users_integral_list` WHERE ( users_integral_addtime <= 1510844400 and users_integral_addtime > 1510761600 and business_id = 2 )  [ RunTime:0.0001s ]
SQL: SELECT * FROM `users` WHERE `users_id` = 11 LIMIT 1   [ RunTime:0.0001s ]
INFO: [ view_parse ] --START--
NOTIC: [2] file_get_contents(./Application/Admin/View/Layout/index.html): failed to open stream: No such file or directory /data/wwwroot/default/TP/ThinkPHP/Library/Think/Template.class.php 第 696 行.
INFO: [ template_filter ] --START--
INFO: Run Behavior\ContentReplaceBehavior [ RunTime:0.000020s ]
INFO: [ template_filter ] --END-- [ RunTime:0.000044s ]
INFO: Run Behavior\ParseTemplateBehavior [ RunTime:0.001176s ]
INFO: [ view_parse ] --END-- [ RunTime:0.001202s ]
INFO: [ view_filter ] --START--
INFO: Run Behavior\WriteHtmlCacheBehavior [ RunTime:0.000050s ]
INFO: [ view_filter ] --END-- [ RunTime:0.000068s ]
INFO: [ app_end ] --START--
INFO: Run Behavior\ShowPageTraceBehavior [ RunTime:0.000052s ]
INFO: [ app_end ] --END-- [ RunTime:0.000091s ]

[ 2017-11-16T19:52:16+08:00 ] 1.85.217.126 /TP/index.php/Admin/Index/
INFO: [ app_init ] --START--
INFO: Run Behavior\BuildLiteBehavior [ RunTime:0.000009s ]
INFO: [ app_init ] --END-- [ RunTime:0.000086s ]
INFO: [ app_begin ] --START--
INFO: Run Behavior\ReadHtmlCacheBehavior [ RunTime:0.000049s ]
INFO: [ app_begin ] --END-- [ RunTime:0.000073s ]
SQL: SHOW COLUMNS FROM `business` [ RunTime:0.0005s ]
SQL: SHOW COLUMNS FROM `b_turnover_in_the_day` [ RunTime:0.0004s ]
SQL: SELECT * FROM `business` WHERE `business_id` = 2 LIMIT 1   [ RunTime:0.0001s ]
SQL: SELECT * FROM `b_turnover_in_the_day` WHERE ( b_turnover_in_the_day_time <= 1510844400 and b_turnover_in_the_day_time > 1510761600 and business_id = 2 ) LIMIT 1   [ RunTime:0.0001s ]
SQL: SHOW COLUMNS FROM `users_integral_list` [ RunTime:0.0003s ]
SQL: SELECT * FROM `users_integral_list` WHERE ( users_integral_addtime <= 1510844400 and users_integral_addtime > 1510761600 and business_id = 2 )  [ RunTime:0.0001s ]
SQL: SHOW COLUMNS FROM `users` [ RunTime:0.0003s ]
SQL: SELECT * FROM `users` WHERE `users_id` = 11 LIMIT 1   [ RunTime:0.0000s ]
SQL: SELECT * FROM `users_integral_list` WHERE ( users_integral_addtime <= 1510844400 and users_integral_addtime > 1510761600 and business_id = 2 )  [ RunTime:0.0002s ]
SQL: SELECT * FROM `users` WHERE `users_id` = 11 LIMIT 1   [ RunTime:0.0001s ]
INFO: [ view_parse ] --START--
NOTIC: [2] file_get_contents(./Application/Admin/View/Layout/index.html): failed to open stream: No such file or directory /data/wwwroot/default/TP/ThinkPHP/Library/Think/Template.class.php 第 696 行.
INFO: [ template_filter ] --START--
INFO: Run Behavior\ContentReplaceBehavior [ RunTime:0.000015s ]
INFO: [ template_filter ] --END-- [ RunTime:0.000034s ]
INFO: Run Behavior\ParseTemplateBehavior [ RunTime:0.000990s ]
INFO: [ view_parse ] --END-- [ RunTime:0.001011s ]
INFO: [ view_filter ] --START--
INFO: Run Behavior\WriteHtmlCacheBehavior [ RunTime:0.000051s ]
INFO: [ view_filter ] --END-- [ RunTime:0.000067s ]
INFO: [ app_end ] --START--
INFO: Run Behavior\ShowPageTraceBehavior [ RunTime:0.000049s ]
INFO: [ app_end ] --END-- [ RunTime:0.000068s ]

[ 2017-11-16T19:52:17+08:00 ] 1.85.217.126 /TP/index.php/Admin/Index/
INFO: [ app_init ] --START--
INFO: Run Behavior\BuildLiteBehavior [ RunTime:0.000008s ]
INFO: [ app_init ] --END-- [ RunTime:0.000090s ]
INFO: [ app_begin ] --START--
INFO: Run Behavior\ReadHtmlCacheBehavior [ RunTime:0.000052s ]
INFO: [ app_begin ] --END-- [ RunTime:0.000073s ]
SQL: SHOW COLUMNS FROM `business` [ RunTime:0.0005s ]
SQL: SHOW COLUMNS FROM `b_turnover_in_the_day` [ RunTime:0.0003s ]
SQL: SELECT * FROM `business` WHERE `business_id` = 2 LIMIT 1   [ RunTime:0.0001s ]
SQL: SELECT * FROM `b_turnover_in_the_day` WHERE ( b_turnover_in_the_day_time <= 1510844400 and b_turnover_in_the_day_time > 1510761600 and business_id = 2 ) LIMIT 1   [ RunTime:0.0001s ]
SQL: SHOW COLUMNS FROM `users_integral_list` [ RunTime:0.0005s ]
SQL: SELECT * FROM `users_integral_list` WHERE ( users_integral_addtime <= 1510844400 and users_integral_addtime > 1510761600 and business_id = 2 )  [ RunTime:0.0001s ]
SQL: SHOW COLUMNS FROM `users` [ RunTime:0.0005s ]
SQL: SELECT * FROM `users` WHERE `users_id` = 11 LIMIT 1   [ RunTime:0.0001s ]
SQL: SELECT * FROM `users_integral_list` WHERE ( users_integral_addtime <= 1510844400 and users_integral_addtime > 1510761600 and business_id = 2 )  [ RunTime:0.0001s ]
SQL: SELECT * FROM `users` WHERE `users_id` = 11 LIMIT 1   [ RunTime:0.0001s ]
INFO: [ view_parse ] --START--
NOTIC: [2] file_get_contents(./Application/Admin/View/Layout/index.html): failed to open stream: No such file or directory /data/wwwroot/default/TP/ThinkPHP/Library/Think/Template.class.php 第 696 行.
INFO: [ template_filter ] --START--
INFO: Run Behavior\ContentReplaceBehavior [ RunTime:0.000017s ]
INFO: [ template_filter ] --END-- [ RunTime:0.000036s ]
INFO: Run Behavior\ParseTemplateBehavior [ RunTime:0.001021s ]
INFO: [ view_parse ] --END-- [ RunTime:0.001042s ]
INFO: [ view_filter ] --START--
INFO: Run Behavior\WriteHtmlCacheBehavior [ RunTime:0.000052s ]
INFO: [ view_filter ] --END-- [ RunTime:0.000066s ]
INFO: [ app_end ] --START--
INFO: Run Behavior\ShowPageTraceBehavior [ RunTime:0.000067s ]
INFO: [ app_end ] --END-- [ RunTime:0.000088s ]

[ 2017-11-16T19:52:18+08:00 ] 1.85.217.126 /TP/index.php/Admin/Index/
INFO: [ app_init ] --START--
INFO: Run Behavior\BuildLiteBehavior [ RunTime:0.000008s ]
INFO: [ app_init ] --END-- [ RunTime:0.000073s ]
INFO: [ app_begin ] --START--
INFO: Run Behavior\ReadHtmlCacheBehavior [ RunTime:0.000043s ]
INFO: [ app_begin ] --END-- [ RunTime:0.000064s ]
SQL: SHOW COLUMNS FROM `business` [ RunTime:0.0006s ]
SQL: SHOW COLUMNS FROM `b_turnover_in_the_day` [ RunTime:0.0005s ]
SQL: SELECT * FROM `business` WHERE `business_id` = 2 LIMIT 1   [ RunTime:0.0001s ]
SQL: SELECT * FROM `b_turnover_in_the_day` WHERE ( b_turnover_in_the_day_time <= 1510844400 and b_turnover_in_the_day_time > 1510761600 and business_id = 2 ) LIMIT 1   [ RunTime:0.0001s ]
SQL: SHOW COLUMNS FROM `users_integral_list` [ RunTime:0.0004s ]
SQL: SELECT * FROM `users_integral_list` WHERE ( users_integral_addtime <= 1510844400 and users_integral_addtime > 1510761600 and business_id = 2 )  [ RunTime:0.0001s ]
SQL: SHOW COLUMNS FROM `users` [ RunTime:0.0004s ]
SQL: SELECT * FROM `users` WHERE `users_id` = 11 LIMIT 1   [ RunTime:0.0001s ]
SQL: SELECT * FROM `users_integral_list` WHERE ( users_integral_addtime <= 1510844400 and users_integral_addtime > 1510761600 and business_id = 2 )  [ RunTime:0.0001s ]
SQL: SELECT * FROM `users` WHERE `users_id` = 11 LIMIT 1   [ RunTime:0.0000s ]
INFO: [ view_parse ] --START--
NOTIC: [2] file_get_contents(./Application/Admin/View/Layout/index.html): failed to open stream: No such file or directory /data/wwwroot/default/TP/ThinkPHP/Library/Think/Template.class.php 第 696 行.
INFO: [ template_filter ] --START--
INFO: Run Behavior\ContentReplaceBehavior [ RunTime:0.000021s ]
INFO: [ template_filter ] --END-- [ RunTime:0.000046s ]
INFO: Run Behavior\ParseTemplateBehavior [ RunTime:0.001350s ]
INFO: [ view_parse ] --END-- [ RunTime:0.001378s ]
INFO: [ view_filter ] --START--
INFO: Run Behavior\WriteHtmlCacheBehavior [ RunTime:0.000052s ]
INFO: [ view_filter ] --END-- [ RunTime:0.000068s ]
INFO: [ app_end ] --START--
INFO: Run Behavior\ShowPageTraceBehavior [ RunTime:0.000042s ]
INFO: [ app_end ] --END-- [ RunTime:0.000058s ]

[ 2017-11-16T19:52:18+08:00 ] 1.85.217.126 /TP/index.php/Admin/Index/
INFO: [ app_init ] --START--
INFO: Run Behavior\BuildLiteBehavior [ RunTime:0.000009s ]
INFO: [ app_init ] --END-- [ RunTime:0.000083s ]
INFO: [ app_begin ] --START--
INFO: Run Behavior\ReadHtmlCacheBehavior [ RunTime:0.000047s ]
INFO: [ app_begin ] --END-- [ RunTime:0.000073s ]
SQL: SHOW COLUMNS FROM `business` [ RunTime:0.0007s ]
SQL: SHOW COLUMNS FROM `b_turnover_in_the_day` [ RunTime:0.0005s ]
SQL: SELECT * FROM `business` WHERE `business_id` = 2 LIMIT 1   [ RunTime:0.0001s ]
SQL: SELECT * FROM `b_turnover_in_the_day` WHERE ( b_turnover_in_the_day_time <= 1510844400 and b_turnover_in_the_day_time > 1510761600 and business_id = 2 ) LIMIT 1   [ RunTime:0.0001s ]
SQL: SHOW COLUMNS FROM `users_integral_list` [ RunTime:0.0004s ]
SQL: SELECT * FROM `users_integral_list` WHERE ( users_integral_addtime <= 1510844400 and users_integral_addtime > 1510761600 and business_id = 2 )  [ RunTime:0.0001s ]
SQL: SHOW COLUMNS FROM `users` [ RunTime:0.0004s ]
SQL: SELECT * FROM `users` WHERE `users_id` = 11 LIMIT 1   [ RunTime:0.0001s ]
SQL: SELECT * FROM `users_integral_list` WHERE ( users_integral_addtime <= 1510844400 and users_integral_addtime > 1510761600 and business_id = 2 )  [ RunTime:0.0001s ]
SQL: SELECT * FROM `users` WHERE `users_id` = 11 LIMIT 1   [ RunTime:0.0001s ]
INFO: [ view_parse ] --START--
NOTIC: [2] file_get_contents(./Application/Admin/View/Layout/index.html): failed to open stream: No such file or directory /data/wwwroot/default/TP/ThinkPHP/Library/Think/Template.class.php 第 696 行.
INFO: [ template_filter ] --START--
INFO: Run Behavior\ContentReplaceBehavior [ RunTime:0.000030s ]
INFO: [ template_filter ] --END-- [ RunTime:0.000058s ]
INFO: Run Behavior\ParseTemplateBehavior [ RunTime:0.001193s ]
INFO: [ view_parse ] --END-- [ RunTime:0.001220s ]
INFO: [ view_filter ] --START--
INFO: Run Behavior\WriteHtmlCacheBehavior [ RunTime:0.000049s ]
INFO: [ view_filter ] --END-- [ RunTime:0.000065s ]
INFO: [ app_end ] --START--
INFO: Run Behavior\ShowPageTraceBehavior [ RunTime:0.000048s ]
INFO: [ app_end ] --END-- [ RunTime:0.000066s ]

[ 2017-11-16T19:52:29+08:00 ] 1.85.217.126 /TP/index.php/Admin/Index/
INFO: [ app_init ] --START--
INFO: Run Behavior\BuildLiteBehavior [ RunTime:0.000009s ]
INFO: [ app_init ] --END-- [ RunTime:0.000077s ]
INFO: [ app_begin ] --START--
INFO: Run Behavior\ReadHtmlCacheBehavior [ RunTime:0.000101s ]
INFO: [ app_begin ] --END-- [ RunTime:0.000127s ]
SQL: SHOW COLUMNS FROM `business` [ RunTime:0.0005s ]
SQL: SHOW COLUMNS FROM `b_turnover_in_the_day` [ RunTime:0.0004s ]
SQL: SELECT * FROM `business` WHERE `business_id` = 2 LIMIT 1   [ RunTime:0.0001s ]
SQL: SELECT * FROM `b_turnover_in_the_day` WHERE ( b_turnover_in_the_day_time <= 1510844400 and b_turnover_in_the_day_time > 1510761600 and business_id = 2 ) LIMIT 1   [ RunTime:0.0001s ]
SQL: SHOW COLUMNS FROM `users_integral_list` [ RunTime:0.0003s ]
SQL: SELECT * FROM `users_integral_list` WHERE ( users_integral_addtime <= 1510844400 and users_integral_addtime > 1510761600 and business_id = 2 )  [ RunTime:0.0000s ]
SQL: SHOW COLUMNS FROM `users` [ RunTime:0.0003s ]
SQL: SELECT * FROM `users` WHERE `users_id` = 11 LIMIT 1   [ RunTime:0.0000s ]
SQL: SELECT * FROM `users_integral_list` WHERE ( users_integral_addtime <= 1510844400 and users_integral_addtime > 1510761600 and business_id = 2 )  [ RunTime:0.0000s ]
SQL: SELECT * FROM `users` WHERE `users_id` = 11 LIMIT 1   [ RunTime:0.0001s ]
INFO: [ view_parse ] --START--
NOTIC: [2] file_get_contents(./Application/Admin/View/Layout/index.html): failed to open stream: No such file or directory /data/wwwroot/default/TP/ThinkPHP/Library/Think/Template.class.php 第 696 行.
INFO: [ template_filter ] --START--
INFO: Run Behavior\ContentReplaceBehavior [ RunTime:0.000016s ]
INFO: [ template_filter ] --END-- [ RunTime:0.000036s ]
INFO: Run Behavior\ParseTemplateBehavior [ RunTime:0.001094s ]
INFO: [ view_parse ] --END-- [ RunTime:0.001116s ]
INFO: [ view_filter ] --START--
INFO: Run Behavior\WriteHtmlCacheBehavior [ RunTime:0.000036s ]
INFO: [ view_filter ] --END-- [ RunTime:0.000047s ]
INFO: [ app_end ] --START--
INFO: Run Behavior\ShowPageTraceBehavior [ RunTime:0.000041s ]
INFO: [ app_end ] --END-- [ RunTime:0.000055s ]

[ 2017-11-16T19:53:13+08:00 ] 1.85.217.126 /TP/index.php/Admin/Index/
INFO: [ app_init ] --START--
INFO: Run Behavior\BuildLiteBehavior [ RunTime:0.000009s ]
INFO: [ app_init ] --END-- [ RunTime:0.000076s ]
INFO: [ app_begin ] --START--
INFO: Run Behavior\ReadHtmlCacheBehavior [ RunTime:0.000041s ]
INFO: [ app_begin ] --END-- [ RunTime:0.000063s ]
SQL: SHOW COLUMNS FROM `business` [ RunTime:0.0006s ]
SQL: SHOW COLUMNS FROM `b_turnover_in_the_day` [ RunTime:0.0004s ]
SQL: SELECT * FROM `business` WHERE `business_id` = 2 LIMIT 1   [ RunTime:0.0001s ]
SQL: SELECT * FROM `b_turnover_in_the_day` WHERE ( b_turnover_in_the_day_time <= 1510844400 and b_turnover_in_the_day_time > 1510761600 and business_id = 2 ) LIMIT 1   [ RunTime:0.0001s ]
SQL: SHOW COLUMNS FROM `users_integral_list` [ RunTime:0.0004s ]
SQL: SELECT * FROM `users_integral_list` WHERE ( users_integral_addtime <= 1510844400 and users_integral_addtime > 1510761600 and business_id = 2 )  [ RunTime:0.0001s ]
SQL: SHOW COLUMNS FROM `users` [ RunTime:0.0004s ]
SQL: SELECT * FROM `users` WHERE `users_id` = 11 LIMIT 1   [ RunTime:0.0001s ]
SQL: SELECT * FROM `users_integral_list` WHERE ( users_integral_addtime <= 1510844400 and users_integral_addtime > 1510761600 and business_id = 2 )  [ RunTime:0.0001s ]
SQL: SELECT * FROM `users` WHERE `users_id` = 11 LIMIT 1   [ RunTime:0.0001s ]
INFO: [ view_parse ] --START--
INFO: [ template_filter ] --START--
INFO: Run Behavior\ContentReplaceBehavior [ RunTime:0.000279s ]
INFO: [ template_filter ] --END-- [ RunTime:0.000320s ]
INFO: Run Behavior\ParseTemplateBehavior [ RunTime:0.009968s ]
INFO: [ view_parse ] --END-- [ RunTime:0.009998s ]
INFO: [ view_filter ] --START--
INFO: Run Behavior\WriteHtmlCacheBehavior [ RunTime:0.000065s ]
INFO: [ view_filter ] --END-- [ RunTime:0.000084s ]
INFO: [ app_end ] --START--
INFO: Run Behavior\ShowPageTraceBehavior [ RunTime:0.000082s ]
INFO: [ app_end ] --END-- [ RunTime:0.000116s ]

[ 2017-11-16T19:53:19+08:00 ] 1.85.217.126 /TP/index.php/Admin/Index/
INFO: [ app_init ] --START--
INFO: Run Behavior\BuildLiteBehavior [ RunTime:0.000007s ]
INFO: [ app_init ] --END-- [ RunTime:0.000057s ]
INFO: [ app_begin ] --START--
INFO: Run Behavior\ReadHtmlCacheBehavior [ RunTime:0.000042s ]
INFO: [ app_begin ] --END-- [ RunTime:0.000060s ]
SQL: SHOW COLUMNS FROM `business` [ RunTime:0.0005s ]
SQL: SHOW COLUMNS FROM `b_turnover_in_the_day` [ RunTime:0.0003s ]
SQL: SELECT * FROM `business` WHERE `business_id` = 2 LIMIT 1   [ RunTime:0.0001s ]
SQL: SELECT * FROM `b_turnover_in_the_day` WHERE ( b_turnover_in_the_day_time <= 1510844400 and b_turnover_in_the_day_time > 1510761600 and business_id = 2 ) LIMIT 1   [ RunTime:0.0001s ]
SQL: SHOW COLUMNS FROM `users_integral_list` [ RunTime:0.0003s ]
SQL: SELECT * FROM `users_integral_list` WHERE ( users_integral_addtime <= 1510844400 and users_integral_addtime > 1510761600 and business_id = 2 )  [ RunTime:0.0001s ]
SQL: SHOW COLUMNS FROM `users` [ RunTime:0.0003s ]
SQL: SELECT * FROM `users` WHERE `users_id` = 11 LIMIT 1   [ RunTime:0.0001s ]
SQL: SELECT * FROM `users_integral_list` WHERE ( users_integral_addtime <= 1510844400 and users_integral_addtime > 1510761600 and business_id = 2 )  [ RunTime:0.0000s ]
SQL: SELECT * FROM `users` WHERE `users_id` = 11 LIMIT 1   [ RunTime:0.0000s ]
INFO: [ view_parse ] --START--
INFO: [ template_filter ] --START--
INFO: Run Behavior\ContentReplaceBehavior [ RunTime:0.000252s ]
INFO: [ template_filter ] --END-- [ RunTime:0.000284s ]
INFO: Run Behavior\ParseTemplateBehavior [ RunTime:0.008158s ]
INFO: [ view_parse ] --END-- [ RunTime:0.008179s ]
INFO: [ view_filter ] --START--
INFO: Run Behavior\WriteHtmlCacheBehavior [ RunTime:0.000045s ]
INFO: [ view_filter ] --END-- [ RunTime:0.000057s ]
INFO: [ app_end ] --START--
INFO: Run Behavior\ShowPageTraceBehavior [ RunTime:0.000060s ]
INFO: [ app_end ] --END-- [ RunTime:0.000081s ]

[ 2017-11-16T19:53:20+08:00 ] 1.85.217.126 /TP/index.php/Admin/Index/
INFO: [ app_init ] --START--
INFO: Run Behavior\BuildLiteBehavior [ RunTime:0.000008s ]
INFO: [ app_init ] --END-- [ RunTime:0.000083s ]
INFO: [ app_begin ] --START--
INFO: Run Behavior\ReadHtmlCacheBehavior [ RunTime:0.000054s ]
INFO: [ app_begin ] --END-- [ RunTime:0.000080s ]
SQL: SHOW COLUMNS FROM `business` [ RunTime:0.0006s ]
SQL: SHOW COLUMNS FROM `b_turnover_in_the_day` [ RunTime:0.0004s ]
SQL: SELECT * FROM `business` WHERE `business_id` = 2 LIMIT 1   [ RunTime:0.0001s ]
SQL: SELECT * FROM `b_turnover_in_the_day` WHERE ( b_turnover_in_the_day_time <= 1510844400 and b_turnover_in_the_day_time > 1510761600 and business_id = 2 ) LIMIT 1   [ RunTime:0.0001s ]
SQL: SHOW COLUMNS FROM `users_integral_list` [ RunTime:0.0003s ]
SQL: SELECT * FROM `users_integral_list` WHERE ( users_integral_addtime <= 1510844400 and users_integral_addtime > 1510761600 and business_id = 2 )  [ RunTime:0.0001s ]
SQL: SHOW COLUMNS FROM `users` [ RunTime:0.0003s ]
SQL: SELECT * FROM `users` WHERE `users_id` = 11 LIMIT 1   [ RunTime:0.0000s ]
SQL: SELECT * FROM `users_integral_list` WHERE ( users_integral_addtime <= 1510844400 and users_integral_addtime > 1510761600 and business_id = 2 )  [ RunTime:0.0001s ]
SQL: SELECT * FROM `users` WHERE `users_id` = 11 LIMIT 1   [ RunTime:0.0001s ]
INFO: [ view_parse ] --START--
INFO: [ template_filter ] --START--
INFO: Run Behavior\ContentReplaceBehavior [ RunTime:0.000266s ]
INFO: [ template_filter ] --END-- [ RunTime:0.000306s ]
INFO: Run Behavior\ParseTemplateBehavior [ RunTime:0.009570s ]
INFO: [ view_parse ] --END-- [ RunTime:0.009595s ]
INFO: [ view_filter ] --START--
INFO: Run Behavior\WriteHtmlCacheBehavior [ RunTime:0.000064s ]
INFO: [ view_filter ] --END-- [ RunTime:0.000083s ]
INFO: [ app_end ] --START--
INFO: Run Behavior\ShowPageTraceBehavior [ RunTime:0.000050s ]
INFO: [ app_end ] --END-- [ RunTime:0.000075s ]

[ 2017-11-16T19:53:21+08:00 ] 1.85.217.126 /TP/index.php/Admin/Index/
INFO: [ app_init ] --START--
INFO: Run Behavior\BuildLiteBehavior [ RunTime:0.000007s ]
INFO: [ app_init ] --END-- [ RunTime:0.000056s ]
INFO: [ app_begin ] --START--
INFO: Run Behavior\ReadHtmlCacheBehavior [ RunTime:0.000032s ]
INFO: [ app_begin ] --END-- [ RunTime:0.000047s ]
SQL: SHOW COLUMNS FROM `business` [ RunTime:0.0005s ]
SQL: SHOW COLUMNS FROM `b_turnover_in_the_day` [ RunTime:0.0005s ]
SQL: SELECT * FROM `business` WHERE `business_id` = 2 LIMIT 1   [ RunTime:0.0001s ]
SQL: SELECT * FROM `b_turnover_in_the_day` WHERE ( b_turnover_in_the_day_time <= 1510844400 and b_turnover_in_the_day_time > 1510761600 and business_id = 2 ) LIMIT 1   [ RunTime:0.0001s ]
SQL: SHOW COLUMNS FROM `users_integral_list` [ RunTime:0.0004s ]
SQL: SELECT * FROM `users_integral_list` WHERE ( users_integral_addtime <= 1510844400 and users_integral_addtime > 1510761600 and business_id = 2 )  [ RunTime:0.0001s ]
SQL: SHOW COLUMNS FROM `users` [ RunTime:0.0016s ]
SQL: SELECT * FROM `users` WHERE `users_id` = 11 LIMIT 1   [ RunTime:0.0001s ]
SQL: SELECT * FROM `users_integral_list` WHERE ( users_integral_addtime <= 1510844400 and users_integral_addtime > 1510761600 and business_id = 2 )  [ RunTime:0.0001s ]
SQL: SELECT * FROM `users` WHERE `users_id` = 11 LIMIT 1   [ RunTime:0.0001s ]
INFO: [ view_parse ] --START--
INFO: [ template_filter ] --START--
INFO: Run Behavior\ContentReplaceBehavior [ RunTime:0.000304s ]
INFO: [ template_filter ] --END-- [ RunTime:0.000347s ]
INFO: Run Behavior\ParseTemplateBehavior [ RunTime:0.015503s ]
INFO: [ view_parse ] --END-- [ RunTime:0.015530s ]
INFO: [ view_filter ] --START--
INFO: Run Behavior\WriteHtmlCacheBehavior [ RunTime:0.000067s ]
INFO: [ view_filter ] --END-- [ RunTime:0.000087s ]
INFO: [ app_end ] --START--
INFO: Run Behavior\ShowPageTraceBehavior [ RunTime:0.000114s ]
INFO: [ app_end ] --END-- [ RunTime:0.000172s ]

[ 2017-11-16T19:53:36+08:00 ] 1.85.217.126 /TP/index.php/Admin/Index/
INFO: [ app_init ] --START--
INFO: Run Behavior\BuildLiteBehavior [ RunTime:0.000006s ]
INFO: [ app_init ] --END-- [ RunTime:0.000067s ]
INFO: [ app_begin ] --START--
INFO: Run Behavior\ReadHtmlCacheBehavior [ RunTime:0.000036s ]
INFO: [ app_begin ] --END-- [ RunTime:0.000053s ]
SQL: SHOW COLUMNS FROM `business` [ RunTime:0.0005s ]
SQL: SHOW COLUMNS FROM `b_turnover_in_the_day` [ RunTime:0.0003s ]
SQL: SELECT * FROM `business` WHERE `business_id` = 2 LIMIT 1   [ RunTime:0.0001s ]
SQL: SELECT * FROM `b_turnover_in_the_day` WHERE ( b_turnover_in_the_day_time <= 1510844400 and b_turnover_in_the_day_time > 1510761600 and business_id = 2 ) LIMIT 1   [ RunTime:0.0001s ]
SQL: SHOW COLUMNS FROM `users_integral_list` [ RunTime:0.0003s ]
SQL: SELECT * FROM `users_integral_list` WHERE ( users_integral_addtime <= 1510844400 and users_integral_addtime > 1510761600 and business_id = 2 )  [ RunTime:0.0001s ]
SQL: SHOW COLUMNS FROM `users` [ RunTime:0.0003s ]
SQL: SELECT * FROM `users` WHERE `users_id` = 11 LIMIT 1   [ RunTime:0.0001s ]
SQL: SELECT * FROM `users_integral_list` WHERE ( users_integral_addtime <= 1510844400 and users_integral_addtime > 1510761600 and business_id = 2 )  [ RunTime:0.0001s ]
SQL: SELECT * FROM `users` WHERE `users_id` = 11 LIMIT 1   [ RunTime:0.0000s ]
INFO: [ view_parse ] --START--
INFO: [ template_filter ] --START--
INFO: Run Behavior\ContentReplaceBehavior [ RunTime:0.000301s ]
INFO: [ template_filter ] --END-- [ RunTime:0.000341s ]
INFO: Run Behavior\ParseTemplateBehavior [ RunTime:0.008858s ]
INFO: [ view_parse ] --END-- [ RunTime:0.008884s ]
INFO: [ view_filter ] --START--
INFO: Run Behavior\WriteHtmlCacheBehavior [ RunTime:0.000048s ]
INFO: [ view_filter ] --END-- [ RunTime:0.000061s ]
INFO: [ app_end ] --START--
INFO: Run Behavior\ShowPageTraceBehavior [ RunTime:0.000051s ]
INFO: [ app_end ] --END-- [ RunTime:0.000073s ]

[ 2017-11-16T19:53:42+08:00 ] 1.85.217.126 /TP/index.php/Admin/Index/nestable-list.html
INFO: [ app_init ] --START--
INFO: Run Behavior\BuildLiteBehavior [ RunTime:0.000010s ]
INFO: [ app_init ] --END-- [ RunTime:0.000109s ]
INFO: [ app_begin ] --START--
INFO: Run Behavior\ReadHtmlCacheBehavior [ RunTime:0.000042s ]
INFO: [ app_begin ] --END-- [ RunTime:0.000065s ]
ERR: 非法操作:nestable-list

