[ 2017-12-13T20:16:42+08:00 ] ::1 /TP/index.php/Admin/Index/toGo
INFO: [ app_init ] --START--
INFO: Run Behavior\BuildLiteBehavior [ RunTime:0.000000s ]
INFO: [ app_init ] --END-- [ RunTime:0.001000s ]
INFO: [ app_begin ] --START--
INFO: Run Behavior\ReadHtmlCacheBehavior [ RunTime:0.001000s ]
INFO: [ app_begin ] --END-- [ RunTime:0.001000s ]
SQL: SHOW COLUMNS FROM `consume_list` [ RunTime:0.0020s ]
SQL: SELECT `business_id`,sum(consume_money) as b_turnover_in_the_day_money FROM `consume_list` WHERE ( `consume_time` >= 1513094400 AND `consume_time` <= 1513180799  ) GROUP BY business_id  [ RunTime:0.0010s ]
SQL: SHOW COLUMNS FROM `b_turnover_in_the_day` [ RunTime:0.0010s ]
SQL: INSERT INTO `b_turnover_in_the_day` (`business_id`,`b_turnover_in_the_day_money`,`b_turnover_in_the_day_integral_new`,`b_turnover_in_the_day_integral_ord`,`b_turnover_in_the_day_time`) VALUES ('2','100','5','5','1513167402') [ RunTime:0.0010s ]
SQL: SHOW COLUMNS FROM `business_info` [ RunTime:0.0010s ]
SQL: SELECT `b_turnover_in_the_day_money`,`business_id`,`b_turnover_in_the_day_integral_new` FROM `b_turnover_in_the_day` WHERE ( `b_turnover_in_the_day_time` >= 1513094400 AND `b_turnover_in_the_day_time` <= 1513180799  )  [ RunTime:0.0010s ]
SQL: SELECT * FROM `business_info` WHERE `business_id` = 2 LIMIT 1   [ RunTime:0.0000s ]
SQL: UPDATE `business_info` SET `business_id`='2',`business_info_total`='830' WHERE `business_info_id` = 40 [ RunTime:0.0010s ]
SQL: SELECT `b_turnover_in_the_day_money`,`business_id`,`b_turnover_in_the_day_integral_new` FROM `b_turnover_in_the_day` WHERE ( `b_turnover_in_the_day_time` >= 1513094400 AND `b_turnover_in_the_day_time` <= 1513180799  )  [ RunTime:0.0010s ]
SQL: SELECT * FROM `consume_list` WHERE ( `consume_time` >= 1513094400 AND `consume_time` <= 1513180799  )  [ RunTime:0.0000s ]
SQL: SHOW COLUMNS FROM `users_integral_list` [ RunTime:0.0010s ]
SQL: INSERT INTO `users_integral_list` (`users_id`,`users_spend_num`,`business_id`,`users_get_integral`,`users_integral_addtime`) VALUES ('24','100','2','5','1513167402') [ RunTime:0.0000s ]
SQL: SELECT * FROM `consume_list` WHERE `consume_time` <= 1513094400  [ RunTime:0.0000s ]
SQL: SELECT `b_turnover_in_the_day_money`,`business_id`,`b_turnover_in_the_day_integral_new` FROM `b_turnover_in_the_day` WHERE ( `b_turnover_in_the_day_time` >= 1513094400 AND `b_turnover_in_the_day_time` <= 1513180799  )  [ RunTime:0.0000s ]
SQL: SELECT * FROM `business_info`  [ RunTime:0.0000s ]
SQL: INSERT INTO `users_integral_list` (`business_id`,`users_id`,`users_integral_addtime`,`users_get_integral`) VALUES ('2','27','1513167402','0.65'),('2','24','1513167402','1'),('2','27','1513167402','1.2'),('2','25','1513167402','1.35'),('2','24','1513167402','0.65') [ RunTime:0.0000s ]
SQL: SELECT * FROM `users_integral_list` WHERE ( `users_integral_addtime` >= 1513094400 AND `users_integral_addtime` <= 1513180799  )  [ RunTime:0.0000s ]
SQL: SHOW COLUMNS FROM `users_integral` [ RunTime:0.0010s ]
SQL: SELECT * FROM `users_integral` WHERE `users_id` = 24 AND `business_id` = 2 LIMIT 1   [ RunTime:0.0010s ]
SQL: UPDATE `users_integral` SET `users_integral_num`='14',`users_integral_total_amount`='350',`business_id`='2',`users_id`='24' WHERE `users_integral_id` = 218 [ RunTime:0.0000s ]
SQL: SELECT * FROM `users_integral` WHERE `users_id` = 27 AND `business_id` = 2 LIMIT 1   [ RunTime:0.0000s ]
SQL: UPDATE `users_integral` SET `users_integral_num`='15.96',`users_integral_total_amount`='280',`business_id`='2',`users_id`='27' WHERE `users_integral_id` = 221 [ RunTime:0.0000s ]
SQL: SELECT * FROM `users_integral` WHERE `users_id` = 24 AND `business_id` = 2 LIMIT 1   [ RunTime:0.0000s ]
SQL: UPDATE `users_integral` SET `users_integral_num`='15',`users_integral_total_amount`='350',`business_id`='2',`users_id`='24' WHERE `users_integral_id` = 218 [ RunTime:0.0000s ]
SQL: SELECT * FROM `users_integral` WHERE `users_id` = 27 AND `business_id` = 2 LIMIT 1   [ RunTime:0.0000s ]
SQL: UPDATE `users_integral` SET `users_integral_num`='17.16',`users_integral_total_amount`='280',`business_id`='2',`users_id`='27' WHERE `users_integral_id` = 221 [ RunTime:0.0000s ]
SQL: SELECT * FROM `users_integral` WHERE `users_id` = 25 AND `business_id` = 2 LIMIT 1   [ RunTime:0.0000s ]
SQL: UPDATE `users_integral` SET `users_integral_num`='23.69',`users_integral_total_amount`='200',`business_id`='2',`users_id`='25' WHERE `users_integral_id` = 219 [ RunTime:0.0000s ]
SQL: SELECT * FROM `users_integral` WHERE `users_id` = 24 AND `business_id` = 2 LIMIT 1   [ RunTime:0.0000s ]
SQL: UPDATE `users_integral` SET `users_integral_num`='15.65',`users_integral_total_amount`='350',`business_id`='2',`users_id`='24' WHERE `users_integral_id` = 218 [ RunTime:0.0000s ]
INFO: [ app_end ] --START--
INFO: Run Behavior\ShowPageTraceBehavior [ RunTime:0.001000s ]
INFO: [ app_end ] --END-- [ RunTime:0.001000s ]

[ 2017-12-13T21:20:45+08:00 ] ::1 /TP/index.php/Admin/Index/toGo
INFO: [ app_init ] --START--
INFO: Run Behavior\BuildLiteBehavior [ RunTime:0.000000s ]
INFO: [ app_init ] --END-- [ RunTime:0.001000s ]
INFO: [ app_begin ] --START--
INFO: Run Behavior\ReadHtmlCacheBehavior [ RunTime:0.001000s ]
INFO: [ app_begin ] --END-- [ RunTime:0.001000s ]
SQL: SHOW COLUMNS FROM `consume_list` [ RunTime:0.0010s ]
SQL: SELECT `business_id`,sum(consume_money) as b_turnover_in_the_day_money FROM `consume_list` WHERE ( `consume_time` >= 1513094400 AND `consume_time` <= 1513180799  ) GROUP BY business_id  [ RunTime:0.0010s ]
SQL: SHOW COLUMNS FROM `b_turnover_in_the_day` [ RunTime:0.0000s ]
SQL: INSERT INTO `b_turnover_in_the_day` (`business_id`,`b_turnover_in_the_day_money`,`b_turnover_in_the_day_integral_new`,`b_turnover_in_the_day_integral_ord`,`b_turnover_in_the_day_time`) VALUES ('2','140','7','7','1513171245') [ RunTime:0.0000s ]
SQL: SHOW COLUMNS FROM `business_info` [ RunTime:0.0020s ]
SQL: SELECT `b_turnover_in_the_day_money`,`business_id`,`b_turnover_in_the_day_integral_new` FROM `b_turnover_in_the_day` WHERE ( `b_turnover_in_the_day_time` >= 1513094400 AND `b_turnover_in_the_day_time` <= 1513180799  )  [ RunTime:0.0010s ]
SQL: SELECT * FROM `business_info` WHERE `business_id` = 2 LIMIT 1   [ RunTime:0.0000s ]
NOTIC: [8] Undefined index: business_info_total D:\wamp64\www\TP\Application\Admin\Controller\IndexController.class.php 第 89 行.
SQL: INSERT INTO `business_info` (`business_id`,`business_info_total`) VALUES ('2','140') [ RunTime:0.0000s ]
SQL: SELECT `b_turnover_in_the_day_money`,`business_id`,`b_turnover_in_the_day_integral_new` FROM `b_turnover_in_the_day` WHERE ( `b_turnover_in_the_day_time` >= 1513094400 AND `b_turnover_in_the_day_time` <= 1513180799  )  [ RunTime:0.0000s ]
SQL: SELECT * FROM `consume_list` WHERE ( `consume_time` >= 1513094400 AND `consume_time` <= 1513180799  )  [ RunTime:0.0000s ]
SQL: SHOW COLUMNS FROM `users_integral_list` [ RunTime:0.0010s ]
SQL: INSERT INTO `users_integral_list` (`users_id`,`users_spend_num`,`business_id`,`users_get_integral`,`users_integral_addtime`) VALUES ('24','140','2','7','1513171245') [ RunTime:0.0000s ]
SQL: SELECT * FROM `consume_list` WHERE `consume_time` <= 1513094400  [ RunTime:0.0010s ]
SQL: SELECT `b_turnover_in_the_day_money`,`business_id`,`b_turnover_in_the_day_integral_new` FROM `b_turnover_in_the_day` WHERE ( `b_turnover_in_the_day_time` >= 1513094400 AND `b_turnover_in_the_day_time` <= 1513180799  )  [ RunTime:0.0000s ]
SQL: SELECT * FROM `business_info`  [ RunTime:0.0010s ]
SQL: SELECT * FROM `users_integral_list` WHERE ( `users_integral_addtime` >= 1513094400 AND `users_integral_addtime` <= 1513180799  )  [ RunTime:0.0000s ]
SQL: SHOW COLUMNS FROM `users_integral` [ RunTime:0.0010s ]
SQL: SELECT * FROM `users_integral` WHERE `users_id` = 24 AND `business_id` = 2 LIMIT 1   [ RunTime:0.0000s ]
SQL: INSERT INTO `users_integral` (`users_integral_num`,`users_integral_total_amount`,`business_id`,`users_id`) VALUES ('7','140','2','24') [ RunTime:0.0000s ]
INFO: [ app_end ] --START--
INFO: Run Behavior\ShowPageTraceBehavior [ RunTime:0.001000s ]
INFO: [ app_end ] --END-- [ RunTime:0.001000s ]

[ 2017-12-13T21:30:16+08:00 ] ::1 /TP/Admin/index/toGo
INFO: [ app_init ] --START--
INFO: Run Behavior\BuildLiteBehavior [ RunTime:0.000000s ]
INFO: [ app_init ] --END-- [ RunTime:0.001000s ]
INFO: [ app_begin ] --START--
INFO: Run Behavior\ReadHtmlCacheBehavior [ RunTime:0.001000s ]
INFO: [ app_begin ] --END-- [ RunTime:0.001000s ]
SQL: SHOW COLUMNS FROM `consume_list` [ RunTime:0.0010s ]
SQL: SELECT `business_id`,sum(consume_money) as b_turnover_in_the_day_money FROM `consume_list` WHERE ( `consume_time` >= 1513094400 AND `consume_time` <= 1513180799  ) GROUP BY business_id  [ RunTime:0.0000s ]
SQL: SHOW COLUMNS FROM `b_turnover_in_the_day` [ RunTime:0.0000s ]
SQL: INSERT INTO `b_turnover_in_the_day` (`business_id`,`b_turnover_in_the_day_money`,`b_turnover_in_the_day_integral_new`,`b_turnover_in_the_day_integral_ord`,`b_turnover_in_the_day_time`) VALUES ('2','1000','50','50','1513171816') [ RunTime:0.0000s ]
SQL: SHOW COLUMNS FROM `business_info` [ RunTime:0.0010s ]
SQL: SELECT `b_turnover_in_the_day_money`,`business_id`,`b_turnover_in_the_day_integral_new` FROM `b_turnover_in_the_day` WHERE ( `b_turnover_in_the_day_time` >= 1513094400 AND `b_turnover_in_the_day_time` <= 1513180799  )  [ RunTime:0.0010s ]
SQL: SELECT * FROM `business_info` WHERE `business_id` = 2 LIMIT 1   [ RunTime:0.0000s ]
SQL: UPDATE `business_info` SET `business_id`='2',`business_info_total`='1140' WHERE `business_info_id` = 41 [ RunTime:0.0000s ]
SQL: SELECT `b_turnover_in_the_day_money`,`business_id`,`b_turnover_in_the_day_integral_new` FROM `b_turnover_in_the_day` WHERE ( `b_turnover_in_the_day_time` >= 1513094400 AND `b_turnover_in_the_day_time` <= 1513180799  )  [ RunTime:0.0000s ]
SQL: SELECT * FROM `consume_list` WHERE ( `consume_time` >= 1513094400 AND `consume_time` <= 1513180799  )  [ RunTime:0.0000s ]
SQL: SHOW COLUMNS FROM `users_integral_list` [ RunTime:0.0000s ]
SQL: INSERT INTO `users_integral_list` (`users_id`,`users_spend_num`,`business_id`,`users_get_integral`,`users_integral_addtime`) VALUES ('24','300','2','15','1513171816'),('25','700','2','35','1513171816') [ RunTime:0.0000s ]
SQL: SELECT * FROM `consume_list` WHERE `consume_time` <= 1513094400  [ RunTime:0.0000s ]
SQL: SELECT `b_turnover_in_the_day_money`,`business_id`,`b_turnover_in_the_day_integral_new` FROM `b_turnover_in_the_day` WHERE ( `b_turnover_in_the_day_time` >= 1513094400 AND `b_turnover_in_the_day_time` <= 1513180799  )  [ RunTime:0.0000s ]
SQL: SELECT * FROM `business_info`  [ RunTime:0.0010s ]
SQL: SELECT * FROM `users_integral_list` WHERE ( `users_integral_addtime` >= 1513094400 AND `users_integral_addtime` <= 1513180799  )  [ RunTime:0.0000s ]
SQL: SHOW COLUMNS FROM `users_integral` [ RunTime:0.0010s ]
SQL: SELECT * FROM `users_integral` WHERE `users_id` = 24 AND `business_id` = 2 LIMIT 1   [ RunTime:0.0000s ]
SQL: INSERT INTO `users_integral` (`users_integral_num`,`users_integral_total_amount`,`business_id`,`users_id`) VALUES ('15','300','2','24') [ RunTime:0.0000s ]
SQL: SELECT * FROM `users_integral` WHERE `users_id` = 25 AND `business_id` = 2 LIMIT 1   [ RunTime:0.0000s ]
SQL: INSERT INTO `users_integral` (`users_integral_num`,`users_integral_total_amount`,`business_id`,`users_id`) VALUES ('35','700','2','25') [ RunTime:0.0000s ]
INFO: [ app_end ] --START--
INFO: Run Behavior\ShowPageTraceBehavior [ RunTime:0.001000s ]
INFO: [ app_end ] --END-- [ RunTime:0.001000s ]

