[ 2017-10-19T11:06:27+08:00 ] ::1 /TP/Admin/Index/toGo
INFO: [ app_init ] --START--
INFO: Run Behavior\BuildLiteBehavior [ RunTime:0.000000s ]
INFO: [ app_init ] --END-- [ RunTime:0.000000s ]
INFO: [ app_begin ] --START--
INFO: Run Behavior\ReadHtmlCacheBehavior [ RunTime:0.001000s ]
INFO: [ app_begin ] --END-- [ RunTime:0.002000s ]
SQL: SHOW COLUMNS FROM `consume_list` [ RunTime:0.0020s ]
NOTIC: [8] Undefined index: Admin C:\wamp\www\TP\Application\Admin\Controller\IndexController.class.php 第 351 行.
ERR: 1064:You have an error in your SQL syntax; check the manual that corresponds to your MySQL server version for the right syntax to use near ')' at line 1
 [ SQL语句 ] : SELECT * FROM `consume_list` WHERE ( consume_time < 1508425200 and consume_time > 1508342400 and business_id= ) 
ERR: 1064:You have an error in your SQL syntax; check the manual that corresponds to your MySQL server version for the right syntax to use near ')' at line 1
 [ SQL语句 ] : SELECT * FROM `consume_list` WHERE ( consume_time < 1508425200 and consume_time > 1508342400 and business_id= ) 

[ 2017-10-19T11:06:32+08:00 ] ::1 /TP/Admin/Index
INFO: [ app_init ] --START--
INFO: Run Behavior\BuildLiteBehavior [ RunTime:0.000000s ]
INFO: [ app_init ] --END-- [ RunTime:0.001000s ]
INFO: [ app_begin ] --START--
INFO: Run Behavior\ReadHtmlCacheBehavior [ RunTime:0.002000s ]
INFO: [ app_begin ] --END-- [ RunTime:0.002000s ]
INFO: [ view_parse ] --START--
INFO: [ template_filter ] --START--
INFO: Run Behavior\ContentReplaceBehavior [ RunTime:0.000000s ]
INFO: [ template_filter ] --END-- [ RunTime:0.000000s ]
INFO: Run Behavior\ParseTemplateBehavior [ RunTime:0.036002s ]
INFO: [ view_parse ] --END-- [ RunTime:0.037002s ]
INFO: [ view_filter ] --START--
INFO: Run Behavior\WriteHtmlCacheBehavior [ RunTime:0.001000s ]
INFO: [ view_filter ] --END-- [ RunTime:0.001000s ]

[ 2017-10-19T11:06:50+08:00 ] ::1 /TP/index.php/Admin/Index/login
INFO: [ app_init ] --START--
INFO: Run Behavior\BuildLiteBehavior [ RunTime:0.000000s ]
INFO: [ app_init ] --END-- [ RunTime:0.001000s ]
INFO: [ app_begin ] --START--
INFO: Run Behavior\ReadHtmlCacheBehavior [ RunTime:0.001001s ]
INFO: [ app_begin ] --END-- [ RunTime:0.001001s ]
SQL: SHOW COLUMNS FROM `business` [ RunTime:0.0700s ]
SQL: SELECT * FROM `business` WHERE `business_account` = 'weipengfei' AND `business_pass` = 'd9b1d7db4cd6e70935368a1efb10e377' LIMIT 1   [ RunTime:0.0270s ]
INFO: [ view_parse ] --START--
INFO: [ template_filter ] --START--
INFO: Run Behavior\ContentReplaceBehavior [ RunTime:0.000000s ]
INFO: [ template_filter ] --END-- [ RunTime:0.000000s ]
INFO: Run Behavior\ParseTemplateBehavior [ RunTime:0.041003s ]
INFO: [ view_parse ] --END-- [ RunTime:0.041003s ]
INFO: [ view_filter ] --START--
INFO: Run Behavior\WriteHtmlCacheBehavior [ RunTime:0.003000s ]
INFO: [ view_filter ] --END-- [ RunTime:0.004000s ]
INFO: [ app_end ] --START--
INFO: Run Behavior\ShowPageTraceBehavior [ RunTime:0.004000s ]
INFO: [ app_end ] --END-- [ RunTime:0.004000s ]

[ 2017-10-19T11:06:52+08:00 ] ::1 /TP/index.php/Admin/Index/index.html
INFO: [ app_init ] --START--
INFO: Run Behavior\BuildLiteBehavior [ RunTime:0.000000s ]
INFO: [ app_init ] --END-- [ RunTime:0.001000s ]
INFO: [ app_begin ] --START--
INFO: Run Behavior\ReadHtmlCacheBehavior [ RunTime:0.002000s ]
INFO: [ app_begin ] --END-- [ RunTime:0.002000s ]
SQL: SHOW COLUMNS FROM `business` [ RunTime:0.0020s ]
SQL: SHOW COLUMNS FROM `b_turnover_in_the_day` [ RunTime:0.0610s ]
SQL: SELECT * FROM `business` WHERE `business_id` = 2 LIMIT 1   [ RunTime:0.0100s ]
SQL: SELECT * FROM `b_turnover_in_the_day` WHERE ( b_turnover_in_the_day_time <= 1508425200 and b_turnover_in_the_day_time > 1508342400 and business_id = 2 ) LIMIT 1   [ RunTime:0.0090s ]
NOTIC: [8] Undefined index: b_turnover_in_the_day_integral_ord C:\wamp\www\TP\Application\Admin\Controller\IndexController.class.php 第 27 行.
SQL: SHOW COLUMNS FROM `users_integral_list` [ RunTime:0.0570s ]
SQL: SELECT * FROM `users_integral_list` WHERE ( users_integral_addtime <= 1508425200 and users_integral_addtime > 1508342400 and business_id = 2 )  [ RunTime:0.0090s ]
SQL: SHOW COLUMNS FROM `users` [ RunTime:0.0650s ]
SQL: SELECT * FROM `users_integral_list` WHERE ( users_integral_addtime <= 1508425200 and users_integral_addtime > 1508342400 and business_id = 2 )  [ RunTime:0.0010s ]
INFO: [ view_parse ] --START--
INFO: [ template_filter ] --START--
INFO: Run Behavior\ContentReplaceBehavior [ RunTime:0.001000s ]
INFO: [ template_filter ] --END-- [ RunTime:0.001000s ]
NOTIC: [8] Undefined index: b_turnover_in_the_day_money C:\wamp\www\TP\Application\Runtime\Cache\Admin\b595b808c2ebeeeb0478ffc30bb4e87a.php 第 650 行.
INFO: Run Behavior\ParseTemplateBehavior [ RunTime:0.106006s ]
INFO: [ view_parse ] --END-- [ RunTime:0.106006s ]
INFO: [ view_filter ] --START--
INFO: Run Behavior\WriteHtmlCacheBehavior [ RunTime:0.009000s ]
INFO: [ view_filter ] --END-- [ RunTime:0.009000s ]
INFO: [ app_end ] --START--
INFO: Run Behavior\ShowPageTraceBehavior [ RunTime:0.011001s ]
INFO: [ app_end ] --END-- [ RunTime:0.011001s ]

[ 2017-10-19T11:07:06+08:00 ] ::1 /TP/index.php/Admin/Index/toGo
INFO: [ app_init ] --START--
INFO: Run Behavior\BuildLiteBehavior [ RunTime:0.000000s ]
INFO: [ app_init ] --END-- [ RunTime:0.001000s ]
INFO: [ app_begin ] --START--
INFO: Run Behavior\ReadHtmlCacheBehavior [ RunTime:0.001000s ]
INFO: [ app_begin ] --END-- [ RunTime:0.001000s ]
SQL: SHOW COLUMNS FROM `consume_list` [ RunTime:0.0010s ]
SQL: SELECT * FROM `consume_list` WHERE ( consume_time < 1508425200 and consume_time > 1508342400 and business_id=2 )  [ RunTime:0.0000s ]
SQL: SHOW COLUMNS FROM `users_integral_list` [ RunTime:0.0020s ]
SQL: INSERT INTO `users_integral_list` (`users_id`,`business_id`,`users_integral_addtime`,`users_integral_num`) VALUES ('1','2','1508382341','100') [ RunTime:0.0000s ]
SQL: INSERT INTO `users_integral_list` (`users_id`,`business_id`,`users_integral_addtime`,`users_integral_num`) VALUES ('2','2','1508382334','200') [ RunTime:0.0000s ]
SQL: INSERT INTO `users_integral_list` (`users_id`,`business_id`,`users_integral_addtime`,`users_integral_num`) VALUES ('3','2','1508382327','300') [ RunTime:0.0000s ]
SQL: INSERT INTO `users_integral_list` (`users_id`,`business_id`,`users_integral_addtime`,`users_integral_num`) VALUES ('4','2','1508382313','800') [ RunTime:0.0000s ]
SQL: SHOW COLUMNS FROM `b_turnover_in_the_day` [ RunTime:0.0010s ]
SQL: SELECT * FROM `b_turnover_in_the_day` WHERE ( b_turnover_in_the_day_time <= 1508425200 and b_turnover_in_the_day_time > 1508342400 and business_id=2 )  [ RunTime:0.0000s ]
SQL: SELECT * FROM `consume_list` WHERE ( consume_time < 1508425200 and consume_time > 1508342400 and business_id=2 )  [ RunTime:0.0000s ]
SQL: INSERT INTO `b_turnover_in_the_day` (`b_turnover_in_the_day_money`,`business_id`,`b_turnover_in_the_day_integral_new`,`b_turnover_in_the_day_integral_ord`,`b_turnover_in_the_day_time`,`b_turnover_in_the_day_info`) VALUES ('1400','2','70','70','1508425200','无') [ RunTime:0.0000s ]
NOTIC: [2] Missing argument 1 for Admin\Controller\IndexController::getBusiness_info(), called in C:\wamp\www\TP\Application\Admin\Controller\IndexController.class.php on line 89 and defined C:\wamp\www\TP\Application\Admin\Controller\IndexController.class.php 第 125 行.
SQL: SHOW COLUMNS FROM `business_info` [ RunTime:0.0620s ]
SQL: SELECT * FROM `b_turnover_in_the_day`  [ RunTime:0.0010s ]
SQL: SELECT * FROM `business_info` WHERE `business_id` = 2 LIMIT 1   [ RunTime:0.0010s ]
SQL: UPDATE `business_info` SET `business_id`='2',`business_info_total`='4400' WHERE `business_info_id` = 4 [ RunTime:0.0170s ]
SQL: SELECT * FROM `business_info` WHERE `business_id` = 2 LIMIT 1   [ RunTime:0.0010s ]
SQL: UPDATE `business_info` SET `business_id`='2',`business_info_total`='5400' WHERE `business_info_id` = 4 [ RunTime:0.0010s ]
SQL: SHOW COLUMNS FROM `users_integral` [ RunTime:0.0570s ]
SQL: SELECT * FROM `users_integral`  [ RunTime:0.0150s ]
SQL: SELECT * FROM `b_turnover_in_the_day` WHERE ( b_turnover_in_the_day_time <= 1508425200 and b_turnover_in_the_day_time > 1508342400 and business_id=2 )  [ RunTime:0.0010s ]
SQL: SELECT * FROM `business_info` WHERE ( business_id = 2 ) LIMIT 1   [ RunTime:0.0010s ]
NOTIC: [8] Undefined index: b_turnover_in_the_day_integral_ord C:\wamp\www\TP\Application\Admin\Controller\IndexController.class.php 第 106 行.
SQL: UPDATE `users_integral` SET `users_integral_num`='30',`users_integral_total_amount`='600',`business_id`='2',`users_id`='3' WHERE `users_integral_id` = 145 [ RunTime:0.0000s ]
SQL: SELECT * FROM `b_turnover_in_the_day` WHERE ( b_turnover_in_the_day_time <= 1508425200 and b_turnover_in_the_day_time > 1508342400 and business_id=2 )  [ RunTime:0.0010s ]
SQL: SELECT * FROM `business_info` WHERE ( business_id = 2 ) LIMIT 1   [ RunTime:0.0000s ]
NOTIC: [8] Undefined index: b_turnover_in_the_day_integral_ord C:\wamp\www\TP\Application\Admin\Controller\IndexController.class.php 第 106 行.
SQL: UPDATE `users_integral` SET `users_integral_num`='60',`users_integral_total_amount`='800',`business_id`='2',`users_id`='4' WHERE `users_integral_id` = 144 [ RunTime:0.0010s ]
SQL: SELECT * FROM `b_turnover_in_the_day` WHERE ( b_turnover_in_the_day_time <= 1508425200 and b_turnover_in_the_day_time > 1508342400 and business_id=2 )  [ RunTime:0.0010s ]
SQL: SELECT * FROM `business_info` WHERE ( business_id = 2 ) LIMIT 1   [ RunTime:0.0010s ]
NOTIC: [8] Undefined index: b_turnover_in_the_day_integral_ord C:\wamp\www\TP\Application\Admin\Controller\IndexController.class.php 第 106 行.
SQL: UPDATE `users_integral` SET `users_integral_num`='80',`users_integral_total_amount`='200',`business_id`='2',`users_id`='1' WHERE `users_integral_id` = 143 [ RunTime:0.0010s ]
SQL: SELECT * FROM `b_turnover_in_the_day` WHERE ( b_turnover_in_the_day_time <= 1508425200 and b_turnover_in_the_day_time > 1508342400 and business_id=2 )  [ RunTime:0.0010s ]
SQL: SELECT * FROM `business_info` WHERE ( business_id = 2 ) LIMIT 1   [ RunTime:0.0000s ]
NOTIC: [8] Undefined index: b_turnover_in_the_day_integral_ord C:\wamp\www\TP\Application\Admin\Controller\IndexController.class.php 第 106 行.
SQL: UPDATE `users_integral` SET `users_integral_num`='100',`users_integral_total_amount`='400',`business_id`='2',`users_id`='2' WHERE `users_integral_id` = 142 [ RunTime:0.0000s ]
SQL: SELECT * FROM `users_integral_list` WHERE `business_id` = 2  [ RunTime:0.0010s ]
SQL: SELECT `b_turnover_in_the_day_integral_new`,`b_turnover_in_the_day_money` FROM `b_turnover_in_the_day` WHERE `business_id` = 2 LIMIT 1   [ RunTime:0.0010s ]
SQL: UPDATE `users_integral_list` SET `users_integral_num`='800',`business_id`='2',`users_get_integral`='40',`users_id`='4',`users_integral_addtime`='1508382313' WHERE `users_integral_id` = 355 [ RunTime:0.0010s ]
SQL: UPDATE `users_integral_list` SET `users_integral_num`='300',`business_id`='2',`users_get_integral`='15',`users_id`='3',`users_integral_addtime`='1508382327' WHERE `users_integral_id` = 354 [ RunTime:0.0010s ]
SQL: UPDATE `users_integral_list` SET `users_integral_num`='200',`business_id`='2',`users_get_integral`='10',`users_id`='2',`users_integral_addtime`='1508297557' WHERE `users_integral_id` = 350 [ RunTime:0.0000s ]
SQL: UPDATE `users_integral_list` SET `users_integral_num`='100',`business_id`='2',`users_get_integral`='5',`users_id`='1',`users_integral_addtime`='1508297546' WHERE `users_integral_id` = 351 [ RunTime:0.0010s ]
SQL: UPDATE `users_integral_list` SET `users_integral_num`='100',`business_id`='2',`users_get_integral`='5',`users_id`='1',`users_integral_addtime`='1508382341' WHERE `users_integral_id` = 352 [ RunTime:0.0010s ]
SQL: UPDATE `users_integral_list` SET `users_integral_num`='200',`business_id`='2',`users_get_integral`='10',`users_id`='2',`users_integral_addtime`='1508382334' WHERE `users_integral_id` = 353 [ RunTime:0.0010s ]
SQL: UPDATE `users_integral_list` SET `users_integral_num`='400',`business_id`='2',`users_get_integral`='20',`users_id`='4',`users_integral_addtime`='1508297574' WHERE `users_integral_id` = 348 [ RunTime:0.0010s ]
SQL: UPDATE `users_integral_list` SET `users_integral_num`='300',`business_id`='2',`users_get_integral`='15',`users_id`='3',`users_integral_addtime`='1508297566' WHERE `users_integral_id` = 349 [ RunTime:0.0010s ]
SQL: SELECT * FROM `users_integral_list` WHERE ( users_integral_addtime <= 1508425200 and users_integral_addtime > 1508342400 and business_id=2 )  [ RunTime:0.0010s ]
SQL: SELECT * FROM `users_integral` WHERE `business_id` = 2 AND `users_id` = 4 LIMIT 1   [ RunTime:0.0010s ]
SQL: UPDATE `users_integral` SET `users_integral_num`='100',`users_integral_total_amount`='1600',`business_id`='2',`users_id`='4' WHERE `users_integral_id` = 144 [ RunTime:0.0010s ]
SQL: SELECT * FROM `users_integral` WHERE `business_id` = 2 AND `users_id` = 3 LIMIT 1   [ RunTime:0.0010s ]
SQL: UPDATE `users_integral` SET `users_integral_num`='45',`users_integral_total_amount`='900',`business_id`='2',`users_id`='3' WHERE `users_integral_id` = 145 [ RunTime:0.0010s ]
SQL: SELECT * FROM `users_integral` WHERE `business_id` = 2 AND `users_id` = 1 LIMIT 1   [ RunTime:0.0010s ]
SQL: UPDATE `users_integral` SET `users_integral_num`='85',`users_integral_total_amount`='300',`business_id`='2',`users_id`='1' WHERE `users_integral_id` = 143 [ RunTime:0.0010s ]
SQL: SELECT * FROM `users_integral` WHERE `business_id` = 2 AND `users_id` = 2 LIMIT 1   [ RunTime:0.0010s ]
SQL: UPDATE `users_integral` SET `users_integral_num`='110',`users_integral_total_amount`='600',`business_id`='2',`users_id`='2' WHERE `users_integral_id` = 142 [ RunTime:0.0010s ]
INFO: [ app_end ] --START--
INFO: Run Behavior\ShowPageTraceBehavior [ RunTime:0.006001s ]
INFO: [ app_end ] --END-- [ RunTime:0.006001s ]

[ 2017-10-19T11:07:17+08:00 ] ::1 /TP/index.php/Admin/Index/
INFO: [ app_init ] --START--
INFO: Run Behavior\BuildLiteBehavior [ RunTime:0.000000s ]
INFO: [ app_init ] --END-- [ RunTime:0.000000s ]
INFO: [ app_begin ] --START--
INFO: Run Behavior\ReadHtmlCacheBehavior [ RunTime:0.001000s ]
INFO: [ app_begin ] --END-- [ RunTime:0.001000s ]
SQL: SHOW COLUMNS FROM `business` [ RunTime:0.0010s ]
SQL: SHOW COLUMNS FROM `b_turnover_in_the_day` [ RunTime:0.0020s ]
SQL: SELECT * FROM `business` WHERE `business_id` = 2 LIMIT 1   [ RunTime:0.0010s ]
SQL: SELECT * FROM `b_turnover_in_the_day` WHERE ( b_turnover_in_the_day_time <= 1508425200 and b_turnover_in_the_day_time > 1508342400 and business_id = 2 ) LIMIT 1   [ RunTime:0.0000s ]
SQL: SHOW COLUMNS FROM `users_integral_list` [ RunTime:0.0020s ]
SQL: SELECT * FROM `users_integral_list` WHERE ( users_integral_addtime <= 1508425200 and users_integral_addtime > 1508342400 and business_id = 2 )  [ RunTime:0.0000s ]
SQL: SHOW COLUMNS FROM `users` [ RunTime:0.0020s ]
SQL: SELECT * FROM `users` WHERE `users_id` = 4 LIMIT 1   [ RunTime:0.0010s ]
SQL: SELECT * FROM `users` WHERE `users_id` = 3 LIMIT 1   [ RunTime:0.0000s ]
SQL: SELECT * FROM `users` WHERE `users_id` = 1 LIMIT 1   [ RunTime:0.0010s ]
SQL: SELECT * FROM `users` WHERE `users_id` = 2 LIMIT 1   [ RunTime:0.0000s ]
SQL: SELECT * FROM `users_integral_list` WHERE ( users_integral_addtime <= 1508425200 and users_integral_addtime > 1508342400 and business_id = 2 )  [ RunTime:0.0000s ]
SQL: SELECT * FROM `users` WHERE `users_id` = 4 LIMIT 1   [ RunTime:0.0000s ]
SQL: SELECT * FROM `users` WHERE `users_id` = 3 LIMIT 1   [ RunTime:0.0000s ]
SQL: SELECT * FROM `users` WHERE `users_id` = 1 LIMIT 1   [ RunTime:0.0010s ]
SQL: SELECT * FROM `users` WHERE `users_id` = 2 LIMIT 1   [ RunTime:0.0010s ]
INFO: [ view_parse ] --START--
INFO: [ template_filter ] --START--
INFO: Run Behavior\ContentReplaceBehavior [ RunTime:0.000000s ]
INFO: [ template_filter ] --END-- [ RunTime:0.000000s ]
INFO: Run Behavior\ParseTemplateBehavior [ RunTime:0.015001s ]
INFO: [ view_parse ] --END-- [ RunTime:0.015001s ]
INFO: [ view_filter ] --START--
INFO: Run Behavior\WriteHtmlCacheBehavior [ RunTime:0.001000s ]
INFO: [ view_filter ] --END-- [ RunTime:0.001000s ]
INFO: [ app_end ] --START--
INFO: Run Behavior\ShowPageTraceBehavior [ RunTime:0.001000s ]
INFO: [ app_end ] --END-- [ RunTime:0.001000s ]

[ 2017-10-19T11:10:40+08:00 ] ::1 /TP/index.php/Admin/Index/returnPointsOrdUser
INFO: [ app_init ] --START--
INFO: Run Behavior\BuildLiteBehavior [ RunTime:0.000000s ]
INFO: [ app_init ] --END-- [ RunTime:0.001000s ]
INFO: [ app_begin ] --START--
INFO: Run Behavior\ReadHtmlCacheBehavior [ RunTime:0.001000s ]
INFO: [ app_begin ] --END-- [ RunTime:0.001000s ]
SQL: SHOW COLUMNS FROM `users_integral` [ RunTime:0.0020s ]
SQL: SELECT * FROM `users_integral`  [ RunTime:0.0000s ]
SQL: SHOW COLUMNS FROM `b_turnover_in_the_day` [ RunTime:0.0020s ]
SQL: SELECT * FROM `b_turnover_in_the_day` WHERE ( b_turnover_in_the_day_time <= 1508425200 and b_turnover_in_the_day_time > 1508342400 and business_id=2 )  [ RunTime:0.0000s ]
SQL: SHOW COLUMNS FROM `business_info` [ RunTime:0.0010s ]
SQL: SELECT * FROM `business_info` WHERE ( business_id = 2 ) LIMIT 1   [ RunTime:0.0010s ]
NOTIC: [8] Undefined index: b_turnover_in_the_day_integral_ord C:\wamp\www\TP\Application\Admin\Controller\IndexController.class.php 第 106 行.
SQL: UPDATE `users_integral` SET `users_integral_num`='45',`users_integral_total_amount`='900',`business_id`='2',`users_id`='3' WHERE `users_integral_id` = 145 [ RunTime:0.0000s ]
SQL: SELECT * FROM `b_turnover_in_the_day` WHERE ( b_turnover_in_the_day_time <= 1508425200 and b_turnover_in_the_day_time > 1508342400 and business_id=2 )  [ RunTime:0.0010s ]
SQL: SELECT * FROM `business_info` WHERE ( business_id = 2 ) LIMIT 1   [ RunTime:0.0000s ]
NOTIC: [8] Undefined index: b_turnover_in_the_day_integral_ord C:\wamp\www\TP\Application\Admin\Controller\IndexController.class.php 第 106 行.
SQL: UPDATE `users_integral` SET `users_integral_num`='100',`users_integral_total_amount`='1600',`business_id`='2',`users_id`='4' WHERE `users_integral_id` = 144 [ RunTime:0.0000s ]
SQL: SELECT * FROM `b_turnover_in_the_day` WHERE ( b_turnover_in_the_day_time <= 1508425200 and b_turnover_in_the_day_time > 1508342400 and business_id=2 )  [ RunTime:0.0000s ]
SQL: SELECT * FROM `business_info` WHERE ( business_id = 2 ) LIMIT 1   [ RunTime:0.0000s ]
NOTIC: [8] Undefined index: b_turnover_in_the_day_integral_ord C:\wamp\www\TP\Application\Admin\Controller\IndexController.class.php 第 106 行.
SQL: UPDATE `users_integral` SET `users_integral_num`='85',`users_integral_total_amount`='300',`business_id`='2',`users_id`='1' WHERE `users_integral_id` = 143 [ RunTime:0.0000s ]
SQL: SELECT * FROM `b_turnover_in_the_day` WHERE ( b_turnover_in_the_day_time <= 1508425200 and b_turnover_in_the_day_time > 1508342400 and business_id=2 )  [ RunTime:0.0000s ]
SQL: SELECT * FROM `business_info` WHERE ( business_id = 2 ) LIMIT 1   [ RunTime:0.0000s ]
NOTIC: [8] Undefined index: b_turnover_in_the_day_integral_ord C:\wamp\www\TP\Application\Admin\Controller\IndexController.class.php 第 106 行.
SQL: UPDATE `users_integral` SET `users_integral_num`='110',`users_integral_total_amount`='600',`business_id`='2',`users_id`='2' WHERE `users_integral_id` = 142 [ RunTime:0.0000s ]
INFO: [ app_end ] --START--
INFO: Run Behavior\ShowPageTraceBehavior [ RunTime:0.001000s ]
INFO: [ app_end ] --END-- [ RunTime:0.001000s ]

[ 2017-10-19T11:11:06+08:00 ] ::1 /TP/index.php/Admin/Index/returnPointsOrdUser
INFO: [ app_init ] --START--
INFO: Run Behavior\BuildLiteBehavior [ RunTime:0.000000s ]
INFO: [ app_init ] --END-- [ RunTime:0.001000s ]
INFO: [ app_begin ] --START--
INFO: Run Behavior\ReadHtmlCacheBehavior [ RunTime:0.001000s ]
INFO: [ app_begin ] --END-- [ RunTime:0.001000s ]
SQL: SHOW COLUMNS FROM `users_integral` [ RunTime:0.0020s ]
SQL: SELECT * FROM `users_integral`  [ RunTime:0.0000s ]
SQL: SHOW COLUMNS FROM `b_turnover_in_the_day` [ RunTime:0.0020s ]
SQL: SELECT * FROM `b_turnover_in_the_day` WHERE ( b_turnover_in_the_day_time <= 1508425200 and b_turnover_in_the_day_time > 1508342400 and business_id=2 )  [ RunTime:0.0010s ]
SQL: SHOW COLUMNS FROM `business_info` [ RunTime:0.0020s ]
SQL: SELECT * FROM `business_info` WHERE ( business_id = 2 ) LIMIT 1   [ RunTime:0.0010s ]
NOTIC: [8] Undefined index: b_turnover_in_the_day_integral_ord C:\wamp\www\TP\Application\Admin\Controller\IndexController.class.php 第 106 行.
NOTIC: [8] Undefined index: xx C:\wamp\www\TP\Application\Admin\Controller\IndexController.class.php 第 106 行.
SQL: UPDATE `users_integral` SET `users_integral_num`='45',`users_integral_total_amount`='900',`business_id`='2',`users_id`='3' WHERE `users_integral_id` = 145 [ RunTime:0.0010s ]
SQL: SELECT * FROM `b_turnover_in_the_day` WHERE ( b_turnover_in_the_day_time <= 1508425200 and b_turnover_in_the_day_time > 1508342400 and business_id=2 )  [ RunTime:0.0010s ]
SQL: SELECT * FROM `business_info` WHERE ( business_id = 2 ) LIMIT 1   [ RunTime:0.0000s ]
NOTIC: [8] Undefined index: b_turnover_in_the_day_integral_ord C:\wamp\www\TP\Application\Admin\Controller\IndexController.class.php 第 106 行.
NOTIC: [8] Undefined index: xx C:\wamp\www\TP\Application\Admin\Controller\IndexController.class.php 第 106 行.
SQL: UPDATE `users_integral` SET `users_integral_num`='100',`users_integral_total_amount`='1600',`business_id`='2',`users_id`='4' WHERE `users_integral_id` = 144 [ RunTime:0.0000s ]
SQL: SELECT * FROM `b_turnover_in_the_day` WHERE ( b_turnover_in_the_day_time <= 1508425200 and b_turnover_in_the_day_time > 1508342400 and business_id=2 )  [ RunTime:0.0000s ]
SQL: SELECT * FROM `business_info` WHERE ( business_id = 2 ) LIMIT 1   [ RunTime:0.0000s ]
NOTIC: [8] Undefined index: b_turnover_in_the_day_integral_ord C:\wamp\www\TP\Application\Admin\Controller\IndexController.class.php 第 106 行.
NOTIC: [8] Undefined index: xx C:\wamp\www\TP\Application\Admin\Controller\IndexController.class.php 第 106 行.
SQL: UPDATE `users_integral` SET `users_integral_num`='85',`users_integral_total_amount`='300',`business_id`='2',`users_id`='1' WHERE `users_integral_id` = 143 [ RunTime:0.0000s ]
SQL: SELECT * FROM `b_turnover_in_the_day` WHERE ( b_turnover_in_the_day_time <= 1508425200 and b_turnover_in_the_day_time > 1508342400 and business_id=2 )  [ RunTime:0.0000s ]
SQL: SELECT * FROM `business_info` WHERE ( business_id = 2 ) LIMIT 1   [ RunTime:0.0000s ]
NOTIC: [8] Undefined index: b_turnover_in_the_day_integral_ord C:\wamp\www\TP\Application\Admin\Controller\IndexController.class.php 第 106 行.
NOTIC: [8] Undefined index: xx C:\wamp\www\TP\Application\Admin\Controller\IndexController.class.php 第 106 行.
SQL: UPDATE `users_integral` SET `users_integral_num`='110',`users_integral_total_amount`='600',`business_id`='2',`users_id`='2' WHERE `users_integral_id` = 142 [ RunTime:0.0000s ]
INFO: [ app_end ] --START--
INFO: Run Behavior\ShowPageTraceBehavior [ RunTime:0.002000s ]
INFO: [ app_end ] --END-- [ RunTime:0.002000s ]

[ 2017-10-19T11:11:55+08:00 ] ::1 /TP/index.php/Admin/Index/returnPointsOrdUser
INFO: [ app_init ] --START--
INFO: Run Behavior\BuildLiteBehavior [ RunTime:0.000000s ]
INFO: [ app_init ] --END-- [ RunTime:0.001000s ]
INFO: [ app_begin ] --START--
INFO: Run Behavior\ReadHtmlCacheBehavior [ RunTime:0.002001s ]
INFO: [ app_begin ] --END-- [ RunTime:0.002001s ]
SQL: SHOW COLUMNS FROM `users_integral` [ RunTime:0.0020s ]
SQL: SELECT * FROM `users_integral`  [ RunTime:0.0000s ]
SQL: SHOW COLUMNS FROM `b_turnover_in_the_day` [ RunTime:0.0020s ]
SQL: SELECT * FROM `b_turnover_in_the_day` WHERE ( b_turnover_in_the_day_time <= 1508425200 and b_turnover_in_the_day_time > 1508342400 and business_id=2 )  [ RunTime:0.0000s ]
SQL: SHOW COLUMNS FROM `business_info` [ RunTime:0.0020s ]
SQL: SELECT * FROM `business_info` WHERE ( business_id = 2 ) LIMIT 1   [ RunTime:0.0000s ]
NOTIC: [8] Undefined index: b_turnover_in_the_day_integral_ord C:\wamp\www\TP\Application\Admin\Controller\IndexController.class.php 第 106 行.
SQL: UPDATE `users_integral` SET `users_integral_num`='45',`users_integral_total_amount`='900',`business_id`='2',`users_id`='3' WHERE `users_integral_id` = 145 [ RunTime:0.0010s ]
SQL: SELECT * FROM `b_turnover_in_the_day` WHERE ( b_turnover_in_the_day_time <= 1508425200 and b_turnover_in_the_day_time > 1508342400 and business_id=2 )  [ RunTime:0.0000s ]
SQL: SELECT * FROM `business_info` WHERE ( business_id = 2 ) LIMIT 1   [ RunTime:0.0010s ]
NOTIC: [8] Undefined index: b_turnover_in_the_day_integral_ord C:\wamp\www\TP\Application\Admin\Controller\IndexController.class.php 第 106 行.
SQL: UPDATE `users_integral` SET `users_integral_num`='100',`users_integral_total_amount`='1600',`business_id`='2',`users_id`='4' WHERE `users_integral_id` = 144 [ RunTime:0.0000s ]
SQL: SELECT * FROM `b_turnover_in_the_day` WHERE ( b_turnover_in_the_day_time <= 1508425200 and b_turnover_in_the_day_time > 1508342400 and business_id=2 )  [ RunTime:0.0000s ]
SQL: SELECT * FROM `business_info` WHERE ( business_id = 2 ) LIMIT 1   [ RunTime:0.0000s ]
NOTIC: [8] Undefined index: b_turnover_in_the_day_integral_ord C:\wamp\www\TP\Application\Admin\Controller\IndexController.class.php 第 106 行.
SQL: UPDATE `users_integral` SET `users_integral_num`='85',`users_integral_total_amount`='300',`business_id`='2',`users_id`='1' WHERE `users_integral_id` = 143 [ RunTime:0.0000s ]
SQL: SELECT * FROM `b_turnover_in_the_day` WHERE ( b_turnover_in_the_day_time <= 1508425200 and b_turnover_in_the_day_time > 1508342400 and business_id=2 )  [ RunTime:0.0010s ]
SQL: SELECT * FROM `business_info` WHERE ( business_id = 2 ) LIMIT 1   [ RunTime:0.0000s ]
NOTIC: [8] Undefined index: b_turnover_in_the_day_integral_ord C:\wamp\www\TP\Application\Admin\Controller\IndexController.class.php 第 106 行.
SQL: UPDATE `users_integral` SET `users_integral_num`='110',`users_integral_total_amount`='600',`business_id`='2',`users_id`='2' WHERE `users_integral_id` = 142 [ RunTime:0.0000s ]
INFO: [ app_end ] --START--
INFO: Run Behavior\ShowPageTraceBehavior [ RunTime:0.001000s ]
INFO: [ app_end ] --END-- [ RunTime:0.001000s ]

[ 2017-10-19T11:12:52+08:00 ] ::1 /TP/index.php/Admin/Index/returnPointsOrdUser
INFO: [ app_init ] --START--
INFO: Run Behavior\BuildLiteBehavior [ RunTime:0.000000s ]
INFO: [ app_init ] --END-- [ RunTime:0.001000s ]
INFO: [ app_begin ] --START--
INFO: Run Behavior\ReadHtmlCacheBehavior [ RunTime:0.002000s ]
INFO: [ app_begin ] --END-- [ RunTime:0.002000s ]
ERR: syntax error, unexpected '$users_integral' (T_VARIABLE), expecting ',' or ';'

[ 2017-10-19T11:12:58+08:00 ] ::1 /TP/index.php/Admin/Index/returnPointsOrdUser
INFO: [ app_init ] --START--
INFO: Run Behavior\BuildLiteBehavior [ RunTime:0.000000s ]
INFO: [ app_init ] --END-- [ RunTime:0.000000s ]
INFO: [ app_begin ] --START--
INFO: Run Behavior\ReadHtmlCacheBehavior [ RunTime:0.001000s ]
INFO: [ app_begin ] --END-- [ RunTime:0.001000s ]
SQL: SHOW COLUMNS FROM `users_integral` [ RunTime:0.0020s ]
SQL: SELECT * FROM `users_integral`  [ RunTime:0.0000s ]
SQL: SHOW COLUMNS FROM `b_turnover_in_the_day` [ RunTime:0.0020s ]
SQL: SELECT * FROM `b_turnover_in_the_day` WHERE ( b_turnover_in_the_day_time <= 1508425200 and b_turnover_in_the_day_time > 1508342400 and business_id=2 )  [ RunTime:0.0000s ]
SQL: SHOW COLUMNS FROM `business_info` [ RunTime:0.0010s ]
SQL: SELECT * FROM `business_info` WHERE ( business_id = 2 ) LIMIT 1   [ RunTime:0.0000s ]
SQL: UPDATE `users_integral` SET `users_integral_num`='45',`users_integral_total_amount`='900',`business_id`='2',`users_id`='3' WHERE `users_integral_id` = 145 [ RunTime:0.0000s ]
SQL: SELECT * FROM `b_turnover_in_the_day` WHERE ( b_turnover_in_the_day_time <= 1508425200 and b_turnover_in_the_day_time > 1508342400 and business_id=2 )  [ RunTime:0.0010s ]
SQL: SELECT * FROM `business_info` WHERE ( business_id = 2 ) LIMIT 1   [ RunTime:0.0000s ]
SQL: UPDATE `users_integral` SET `users_integral_num`='100',`users_integral_total_amount`='1600',`business_id`='2',`users_id`='4' WHERE `users_integral_id` = 144 [ RunTime:0.0010s ]
SQL: SELECT * FROM `b_turnover_in_the_day` WHERE ( b_turnover_in_the_day_time <= 1508425200 and b_turnover_in_the_day_time > 1508342400 and business_id=2 )  [ RunTime:0.0000s ]
SQL: SELECT * FROM `business_info` WHERE ( business_id = 2 ) LIMIT 1   [ RunTime:0.0010s ]
SQL: UPDATE `users_integral` SET `users_integral_num`='85',`users_integral_total_amount`='300',`business_id`='2',`users_id`='1' WHERE `users_integral_id` = 143 [ RunTime:0.0000s ]
SQL: SELECT * FROM `b_turnover_in_the_day` WHERE ( b_turnover_in_the_day_time <= 1508425200 and b_turnover_in_the_day_time > 1508342400 and business_id=2 )  [ RunTime:0.0000s ]
SQL: SELECT * FROM `business_info` WHERE ( business_id = 2 ) LIMIT 1   [ RunTime:0.0000s ]
SQL: UPDATE `users_integral` SET `users_integral_num`='110',`users_integral_total_amount`='600',`business_id`='2',`users_id`='2' WHERE `users_integral_id` = 142 [ RunTime:0.0000s ]
INFO: [ app_end ] --START--
INFO: Run Behavior\ShowPageTraceBehavior [ RunTime:0.001000s ]
INFO: [ app_end ] --END-- [ RunTime:0.001000s ]

[ 2017-10-19T11:13:28+08:00 ] ::1 /TP/index.php/Admin/Index/returnPointsOrdUser
INFO: [ app_init ] --START--
INFO: Run Behavior\BuildLiteBehavior [ RunTime:0.000000s ]
INFO: [ app_init ] --END-- [ RunTime:0.001000s ]
INFO: [ app_begin ] --START--
INFO: Run Behavior\ReadHtmlCacheBehavior [ RunTime:0.001000s ]
INFO: [ app_begin ] --END-- [ RunTime:0.001000s ]
SQL: SHOW COLUMNS FROM `users_integral` [ RunTime:0.0010s ]
SQL: SELECT * FROM `users_integral`  [ RunTime:0.0000s ]
SQL: SHOW COLUMNS FROM `b_turnover_in_the_day` [ RunTime:0.0010s ]
SQL: SELECT * FROM `b_turnover_in_the_day` WHERE ( b_turnover_in_the_day_time <= 1508425200 and b_turnover_in_the_day_time > 1508342400 and business_id=2 )  [ RunTime:0.0010s ]
SQL: SHOW COLUMNS FROM `business_info` [ RunTime:0.0000s ]
SQL: SELECT * FROM `business_info` WHERE ( business_id = 2 ) LIMIT 1   [ RunTime:0.0010s ]
NOTIC: [8] Undefined index: b_turnover_in_the_day_integral_ord C:\wamp\www\TP\Application\Admin\Controller\IndexController.class.php 第 108 行.
SQL: UPDATE `users_integral` SET `users_integral_num`='45',`users_integral_total_amount`='900',`business_id`='2',`users_id`='3' WHERE `users_integral_id` = 145 [ RunTime:0.0000s ]
SQL: SELECT * FROM `b_turnover_in_the_day` WHERE ( b_turnover_in_the_day_time <= 1508425200 and b_turnover_in_the_day_time > 1508342400 and business_id=2 )  [ RunTime:0.0000s ]
SQL: SELECT * FROM `business_info` WHERE ( business_id = 2 ) LIMIT 1   [ RunTime:0.0010s ]
NOTIC: [8] Undefined index: b_turnover_in_the_day_integral_ord C:\wamp\www\TP\Application\Admin\Controller\IndexController.class.php 第 108 行.
SQL: UPDATE `users_integral` SET `users_integral_num`='100',`users_integral_total_amount`='1600',`business_id`='2',`users_id`='4' WHERE `users_integral_id` = 144 [ RunTime:0.0000s ]
SQL: SELECT * FROM `b_turnover_in_the_day` WHERE ( b_turnover_in_the_day_time <= 1508425200 and b_turnover_in_the_day_time > 1508342400 and business_id=2 )  [ RunTime:0.0000s ]
SQL: SELECT * FROM `business_info` WHERE ( business_id = 2 ) LIMIT 1   [ RunTime:0.0000s ]
NOTIC: [8] Undefined index: b_turnover_in_the_day_integral_ord C:\wamp\www\TP\Application\Admin\Controller\IndexController.class.php 第 108 行.
SQL: UPDATE `users_integral` SET `users_integral_num`='85',`users_integral_total_amount`='300',`business_id`='2',`users_id`='1' WHERE `users_integral_id` = 143 [ RunTime:0.0000s ]
SQL: SELECT * FROM `b_turnover_in_the_day` WHERE ( b_turnover_in_the_day_time <= 1508425200 and b_turnover_in_the_day_time > 1508342400 and business_id=2 )  [ RunTime:0.0000s ]
SQL: SELECT * FROM `business_info` WHERE ( business_id = 2 ) LIMIT 1   [ RunTime:0.0000s ]
NOTIC: [8] Undefined index: b_turnover_in_the_day_integral_ord C:\wamp\www\TP\Application\Admin\Controller\IndexController.class.php 第 108 行.
SQL: UPDATE `users_integral` SET `users_integral_num`='110',`users_integral_total_amount`='600',`business_id`='2',`users_id`='2' WHERE `users_integral_id` = 142 [ RunTime:0.0000s ]
INFO: [ app_end ] --START--
INFO: Run Behavior\ShowPageTraceBehavior [ RunTime:0.001000s ]
INFO: [ app_end ] --END-- [ RunTime:0.001000s ]

[ 2017-10-19T11:13:28+08:00 ] ::1 /TP/index.php/Admin/Index/returnPointsOrdUser
INFO: [ app_init ] --START--
INFO: Run Behavior\BuildLiteBehavior [ RunTime:0.000000s ]
INFO: [ app_init ] --END-- [ RunTime:0.001000s ]
INFO: [ app_begin ] --START--
INFO: Run Behavior\ReadHtmlCacheBehavior [ RunTime:0.001000s ]
INFO: [ app_begin ] --END-- [ RunTime:0.001000s ]
SQL: SHOW COLUMNS FROM `users_integral` [ RunTime:0.0010s ]
SQL: SELECT * FROM `users_integral`  [ RunTime:0.0010s ]
SQL: SHOW COLUMNS FROM `b_turnover_in_the_day` [ RunTime:0.0020s ]
SQL: SELECT * FROM `b_turnover_in_the_day` WHERE ( b_turnover_in_the_day_time <= 1508425200 and b_turnover_in_the_day_time > 1508342400 and business_id=2 )  [ RunTime:0.0010s ]
SQL: SHOW COLUMNS FROM `business_info` [ RunTime:0.0020s ]
SQL: SELECT * FROM `business_info` WHERE ( business_id = 2 ) LIMIT 1   [ RunTime:0.0000s ]
NOTIC: [8] Undefined index: b_turnover_in_the_day_integral_ord C:\wamp\www\TP\Application\Admin\Controller\IndexController.class.php 第 108 行.
SQL: UPDATE `users_integral` SET `users_integral_num`='45',`users_integral_total_amount`='900',`business_id`='2',`users_id`='3' WHERE `users_integral_id` = 145 [ RunTime:0.0020s ]
SQL: SELECT * FROM `b_turnover_in_the_day` WHERE ( b_turnover_in_the_day_time <= 1508425200 and b_turnover_in_the_day_time > 1508342400 and business_id=2 )  [ RunTime:0.0010s ]
SQL: SELECT * FROM `business_info` WHERE ( business_id = 2 ) LIMIT 1   [ RunTime:0.0000s ]
NOTIC: [8] Undefined index: b_turnover_in_the_day_integral_ord C:\wamp\www\TP\Application\Admin\Controller\IndexController.class.php 第 108 行.
SQL: UPDATE `users_integral` SET `users_integral_num`='100',`users_integral_total_amount`='1600',`business_id`='2',`users_id`='4' WHERE `users_integral_id` = 144 [ RunTime:0.0000s ]
SQL: SELECT * FROM `b_turnover_in_the_day` WHERE ( b_turnover_in_the_day_time <= 1508425200 and b_turnover_in_the_day_time > 1508342400 and business_id=2 )  [ RunTime:0.0010s ]
SQL: SELECT * FROM `business_info` WHERE ( business_id = 2 ) LIMIT 1   [ RunTime:0.0010s ]
NOTIC: [8] Undefined index: b_turnover_in_the_day_integral_ord C:\wamp\www\TP\Application\Admin\Controller\IndexController.class.php 第 108 行.
SQL: UPDATE `users_integral` SET `users_integral_num`='85',`users_integral_total_amount`='300',`business_id`='2',`users_id`='1' WHERE `users_integral_id` = 143 [ RunTime:0.0010s ]
SQL: SELECT * FROM `b_turnover_in_the_day` WHERE ( b_turnover_in_the_day_time <= 1508425200 and b_turnover_in_the_day_time > 1508342400 and business_id=2 )  [ RunTime:0.0010s ]
SQL: SELECT * FROM `business_info` WHERE ( business_id = 2 ) LIMIT 1   [ RunTime:0.0000s ]
NOTIC: [8] Undefined index: b_turnover_in_the_day_integral_ord C:\wamp\www\TP\Application\Admin\Controller\IndexController.class.php 第 108 行.
SQL: UPDATE `users_integral` SET `users_integral_num`='110',`users_integral_total_amount`='600',`business_id`='2',`users_id`='2' WHERE `users_integral_id` = 142 [ RunTime:0.0000s ]
INFO: [ app_end ] --START--
INFO: Run Behavior\ShowPageTraceBehavior [ RunTime:0.001000s ]
INFO: [ app_end ] --END-- [ RunTime:0.002000s ]

[ 2017-10-19T11:13:28+08:00 ] ::1 /TP/index.php/Admin/Index/returnPointsOrdUser
INFO: [ app_init ] --START--
INFO: Run Behavior\BuildLiteBehavior [ RunTime:0.000000s ]
INFO: [ app_init ] --END-- [ RunTime:0.000000s ]
INFO: [ app_begin ] --START--
INFO: Run Behavior\ReadHtmlCacheBehavior [ RunTime:0.001000s ]
INFO: [ app_begin ] --END-- [ RunTime:0.001000s ]
SQL: SHOW COLUMNS FROM `users_integral` [ RunTime:0.0010s ]
SQL: SELECT * FROM `users_integral`  [ RunTime:0.0000s ]
SQL: SHOW COLUMNS FROM `b_turnover_in_the_day` [ RunTime:0.0020s ]
SQL: SELECT * FROM `b_turnover_in_the_day` WHERE ( b_turnover_in_the_day_time <= 1508425200 and b_turnover_in_the_day_time > 1508342400 and business_id=2 )  [ RunTime:0.0010s ]
SQL: SHOW COLUMNS FROM `business_info` [ RunTime:0.0010s ]
SQL: SELECT * FROM `business_info` WHERE ( business_id = 2 ) LIMIT 1   [ RunTime:0.0000s ]
NOTIC: [8] Undefined index: b_turnover_in_the_day_integral_ord C:\wamp\www\TP\Application\Admin\Controller\IndexController.class.php 第 108 行.
SQL: UPDATE `users_integral` SET `users_integral_num`='45',`users_integral_total_amount`='900',`business_id`='2',`users_id`='3' WHERE `users_integral_id` = 145 [ RunTime:0.0010s ]
SQL: SELECT * FROM `b_turnover_in_the_day` WHERE ( b_turnover_in_the_day_time <= 1508425200 and b_turnover_in_the_day_time > 1508342400 and business_id=2 )  [ RunTime:0.0010s ]
SQL: SELECT * FROM `business_info` WHERE ( business_id = 2 ) LIMIT 1   [ RunTime:0.0000s ]
NOTIC: [8] Undefined index: b_turnover_in_the_day_integral_ord C:\wamp\www\TP\Application\Admin\Controller\IndexController.class.php 第 108 行.
SQL: UPDATE `users_integral` SET `users_integral_num`='100',`users_integral_total_amount`='1600',`business_id`='2',`users_id`='4' WHERE `users_integral_id` = 144 [ RunTime:0.0000s ]
SQL: SELECT * FROM `b_turnover_in_the_day` WHERE ( b_turnover_in_the_day_time <= 1508425200 and b_turnover_in_the_day_time > 1508342400 and business_id=2 )  [ RunTime:0.0010s ]
SQL: SELECT * FROM `business_info` WHERE ( business_id = 2 ) LIMIT 1   [ RunTime:0.0000s ]
NOTIC: [8] Undefined index: b_turnover_in_the_day_integral_ord C:\wamp\www\TP\Application\Admin\Controller\IndexController.class.php 第 108 行.
SQL: UPDATE `users_integral` SET `users_integral_num`='85',`users_integral_total_amount`='300',`business_id`='2',`users_id`='1' WHERE `users_integral_id` = 143 [ RunTime:0.0010s ]
SQL: SELECT * FROM `b_turnover_in_the_day` WHERE ( b_turnover_in_the_day_time <= 1508425200 and b_turnover_in_the_day_time > 1508342400 and business_id=2 )  [ RunTime:0.0000s ]
SQL: SELECT * FROM `business_info` WHERE ( business_id = 2 ) LIMIT 1   [ RunTime:0.0010s ]
NOTIC: [8] Undefined index: b_turnover_in_the_day_integral_ord C:\wamp\www\TP\Application\Admin\Controller\IndexController.class.php 第 108 行.
SQL: UPDATE `users_integral` SET `users_integral_num`='110',`users_integral_total_amount`='600',`business_id`='2',`users_id`='2' WHERE `users_integral_id` = 142 [ RunTime:0.0000s ]
INFO: [ app_end ] --START--
INFO: Run Behavior\ShowPageTraceBehavior [ RunTime:0.002000s ]
INFO: [ app_end ] --END-- [ RunTime:0.002000s ]

[ 2017-10-19T11:13:35+08:00 ] ::1 /TP/index.php/Admin/Index/returnPointsOrdUser
INFO: [ app_init ] --START--
INFO: Run Behavior\BuildLiteBehavior [ RunTime:0.000000s ]
INFO: [ app_init ] --END-- [ RunTime:0.001000s ]
INFO: [ app_begin ] --START--
INFO: Run Behavior\ReadHtmlCacheBehavior [ RunTime:0.002000s ]
INFO: [ app_begin ] --END-- [ RunTime:0.002000s ]
SQL: SHOW COLUMNS FROM `users_integral` [ RunTime:0.0020s ]
SQL: SELECT * FROM `users_integral`  [ RunTime:0.0000s ]
SQL: SHOW COLUMNS FROM `b_turnover_in_the_day` [ RunTime:0.0020s ]
SQL: SELECT * FROM `b_turnover_in_the_day` WHERE ( b_turnover_in_the_day_time <= 1508425200 and b_turnover_in_the_day_time > 1508342400 and business_id=2 )  [ RunTime:0.0000s ]
SQL: SHOW COLUMNS FROM `business_info` [ RunTime:0.0020s ]
SQL: SELECT * FROM `business_info` WHERE ( business_id = 2 ) LIMIT 1   [ RunTime:0.0010s ]
NOTIC: [8] Undefined index: b_turnover_in_the_day_integral_ord C:\wamp\www\TP\Application\Admin\Controller\IndexController.class.php 第 108 行.
SQL: UPDATE `users_integral` SET `users_integral_num`='45',`users_integral_total_amount`='900',`business_id`='2',`users_id`='3' WHERE `users_integral_id` = 145 [ RunTime:0.0000s ]
SQL: SELECT * FROM `b_turnover_in_the_day` WHERE ( b_turnover_in_the_day_time <= 1508425200 and b_turnover_in_the_day_time > 1508342400 and business_id=2 )  [ RunTime:0.0000s ]
SQL: SELECT * FROM `business_info` WHERE ( business_id = 2 ) LIMIT 1   [ RunTime:0.0010s ]
NOTIC: [8] Undefined index: b_turnover_in_the_day_integral_ord C:\wamp\www\TP\Application\Admin\Controller\IndexController.class.php 第 108 行.
SQL: UPDATE `users_integral` SET `users_integral_num`='100',`users_integral_total_amount`='1600',`business_id`='2',`users_id`='4' WHERE `users_integral_id` = 144 [ RunTime:0.0000s ]
SQL: SELECT * FROM `b_turnover_in_the_day` WHERE ( b_turnover_in_the_day_time <= 1508425200 and b_turnover_in_the_day_time > 1508342400 and business_id=2 )  [ RunTime:0.0000s ]
SQL: SELECT * FROM `business_info` WHERE ( business_id = 2 ) LIMIT 1   [ RunTime:0.0000s ]
NOTIC: [8] Undefined index: b_turnover_in_the_day_integral_ord C:\wamp\www\TP\Application\Admin\Controller\IndexController.class.php 第 108 行.
SQL: UPDATE `users_integral` SET `users_integral_num`='85',`users_integral_total_amount`='300',`business_id`='2',`users_id`='1' WHERE `users_integral_id` = 143 [ RunTime:0.0000s ]
SQL: SELECT * FROM `b_turnover_in_the_day` WHERE ( b_turnover_in_the_day_time <= 1508425200 and b_turnover_in_the_day_time > 1508342400 and business_id=2 )  [ RunTime:0.0010s ]
SQL: SELECT * FROM `business_info` WHERE ( business_id = 2 ) LIMIT 1   [ RunTime:0.0000s ]
NOTIC: [8] Undefined index: b_turnover_in_the_day_integral_ord C:\wamp\www\TP\Application\Admin\Controller\IndexController.class.php 第 108 行.
SQL: UPDATE `users_integral` SET `users_integral_num`='110',`users_integral_total_amount`='600',`business_id`='2',`users_id`='2' WHERE `users_integral_id` = 142 [ RunTime:0.0010s ]
INFO: [ app_end ] --START--
INFO: Run Behavior\ShowPageTraceBehavior [ RunTime:0.001000s ]
INFO: [ app_end ] --END-- [ RunTime:0.001000s ]

[ 2017-10-19T11:13:47+08:00 ] ::1 /TP/index.php/Admin/Index/returnPointsOrdUser
INFO: [ app_init ] --START--
INFO: Run Behavior\BuildLiteBehavior [ RunTime:0.000000s ]
INFO: [ app_init ] --END-- [ RunTime:0.000000s ]
INFO: [ app_begin ] --START--
INFO: Run Behavior\ReadHtmlCacheBehavior [ RunTime:0.001000s ]
INFO: [ app_begin ] --END-- [ RunTime:0.001000s ]
SQL: SHOW COLUMNS FROM `users_integral` [ RunTime:0.0030s ]
SQL: SELECT * FROM `users_integral`  [ RunTime:0.0010s ]
SQL: SHOW COLUMNS FROM `b_turnover_in_the_day` [ RunTime:0.0050s ]
SQL: SELECT * FROM `b_turnover_in_the_day` WHERE ( b_turnover_in_the_day_time <= 1508425200 and b_turnover_in_the_day_time > 1508342400 and business_id=2 )  [ RunTime:0.0020s ]
SQL: SHOW COLUMNS FROM `business_info` [ RunTime:0.0030s ]
SQL: SELECT * FROM `business_info` WHERE ( business_id = 2 ) LIMIT 1   [ RunTime:0.0010s ]
NOTIC: [8] Undefined index: b_turnover_in_the_day_integral_ord C:\wamp\www\TP\Application\Admin\Controller\IndexController.class.php 第 108 行.
SQL: UPDATE `users_integral` SET `users_integral_num`='45',`users_integral_total_amount`='900',`business_id`='2',`users_id`='3' WHERE `users_integral_id` = 145 [ RunTime:0.0000s ]
SQL: SELECT * FROM `b_turnover_in_the_day` WHERE ( b_turnover_in_the_day_time <= 1508425200 and b_turnover_in_the_day_time > 1508342400 and business_id=2 )  [ RunTime:0.0010s ]
SQL: SELECT * FROM `business_info` WHERE ( business_id = 2 ) LIMIT 1   [ RunTime:0.0010s ]
NOTIC: [8] Undefined index: b_turnover_in_the_day_integral_ord C:\wamp\www\TP\Application\Admin\Controller\IndexController.class.php 第 108 行.
SQL: UPDATE `users_integral` SET `users_integral_num`='100',`users_integral_total_amount`='1600',`business_id`='2',`users_id`='4' WHERE `users_integral_id` = 144 [ RunTime:0.0000s ]
SQL: SELECT * FROM `b_turnover_in_the_day` WHERE ( b_turnover_in_the_day_time <= 1508425200 and b_turnover_in_the_day_time > 1508342400 and business_id=2 )  [ RunTime:0.0010s ]
SQL: SELECT * FROM `business_info` WHERE ( business_id = 2 ) LIMIT 1   [ RunTime:0.0000s ]
NOTIC: [8] Undefined index: b_turnover_in_the_day_integral_ord C:\wamp\www\TP\Application\Admin\Controller\IndexController.class.php 第 108 行.
SQL: UPDATE `users_integral` SET `users_integral_num`='85',`users_integral_total_amount`='300',`business_id`='2',`users_id`='1' WHERE `users_integral_id` = 143 [ RunTime:0.0010s ]
SQL: SELECT * FROM `b_turnover_in_the_day` WHERE ( b_turnover_in_the_day_time <= 1508425200 and b_turnover_in_the_day_time > 1508342400 and business_id=2 )  [ RunTime:0.0000s ]
SQL: SELECT * FROM `business_info` WHERE ( business_id = 2 ) LIMIT 1   [ RunTime:0.0000s ]
NOTIC: [8] Undefined index: b_turnover_in_the_day_integral_ord C:\wamp\www\TP\Application\Admin\Controller\IndexController.class.php 第 108 行.
SQL: UPDATE `users_integral` SET `users_integral_num`='110',`users_integral_total_amount`='600',`business_id`='2',`users_id`='2' WHERE `users_integral_id` = 142 [ RunTime:0.0010s ]
INFO: [ app_end ] --START--
INFO: Run Behavior\ShowPageTraceBehavior [ RunTime:0.001000s ]
INFO: [ app_end ] --END-- [ RunTime:0.001000s ]

[ 2017-10-19T11:14:10+08:00 ] ::1 /TP/index.php/Admin/Index/returnPointsOrdUser
INFO: [ app_init ] --START--
INFO: Run Behavior\BuildLiteBehavior [ RunTime:0.000000s ]
INFO: [ app_init ] --END-- [ RunTime:0.001000s ]
INFO: [ app_begin ] --START--
INFO: Run Behavior\ReadHtmlCacheBehavior [ RunTime:0.003000s ]
INFO: [ app_begin ] --END-- [ RunTime:0.003000s ]
SQL: SHOW COLUMNS FROM `users_integral` [ RunTime:0.0020s ]
SQL: SELECT * FROM `users_integral`  [ RunTime:0.0010s ]
SQL: SHOW COLUMNS FROM `b_turnover_in_the_day` [ RunTime:0.0010s ]
SQL: SELECT * FROM `b_turnover_in_the_day` WHERE ( b_turnover_in_the_day_time <= 1508425200 and b_turnover_in_the_day_time > 1508342400 and business_id=2 )  [ RunTime:0.0000s ]
SQL: SHOW COLUMNS FROM `business_info` [ RunTime:0.0010s ]
SQL: SELECT * FROM `business_info` WHERE ( business_id = 2 ) LIMIT 1   [ RunTime:0.0010s ]
SQL: UPDATE `users_integral` SET `users_integral_num`='45',`users_integral_total_amount`='900',`business_id`='2',`users_id`='3' WHERE `users_integral_id` = 145 [ RunTime:0.0010s ]
SQL: SELECT * FROM `b_turnover_in_the_day` WHERE ( b_turnover_in_the_day_time <= 1508425200 and b_turnover_in_the_day_time > 1508342400 and business_id=2 )  [ RunTime:0.0000s ]
SQL: SELECT * FROM `business_info` WHERE ( business_id = 2 ) LIMIT 1   [ RunTime:0.0000s ]
SQL: UPDATE `users_integral` SET `users_integral_num`='100',`users_integral_total_amount`='1600',`business_id`='2',`users_id`='4' WHERE `users_integral_id` = 144 [ RunTime:0.0010s ]
SQL: SELECT * FROM `b_turnover_in_the_day` WHERE ( b_turnover_in_the_day_time <= 1508425200 and b_turnover_in_the_day_time > 1508342400 and business_id=2 )  [ RunTime:0.0000s ]
SQL: SELECT * FROM `business_info` WHERE ( business_id = 2 ) LIMIT 1   [ RunTime:0.0000s ]
SQL: UPDATE `users_integral` SET `users_integral_num`='85',`users_integral_total_amount`='300',`business_id`='2',`users_id`='1' WHERE `users_integral_id` = 143 [ RunTime:0.0010s ]
SQL: SELECT * FROM `b_turnover_in_the_day` WHERE ( b_turnover_in_the_day_time <= 1508425200 and b_turnover_in_the_day_time > 1508342400 and business_id=2 )  [ RunTime:0.0010s ]
SQL: SELECT * FROM `business_info` WHERE ( business_id = 2 ) LIMIT 1   [ RunTime:0.0000s ]
SQL: UPDATE `users_integral` SET `users_integral_num`='110',`users_integral_total_amount`='600',`business_id`='2',`users_id`='2' WHERE `users_integral_id` = 142 [ RunTime:0.0000s ]
INFO: [ app_end ] --START--
INFO: Run Behavior\ShowPageTraceBehavior [ RunTime:0.001000s ]
INFO: [ app_end ] --END-- [ RunTime:0.001000s ]

[ 2017-10-19T11:16:14+08:00 ] ::1 /TP/index.php/Admin/Index/returnPointsOrdUser
INFO: [ app_init ] --START--
INFO: Run Behavior\BuildLiteBehavior [ RunTime:0.000000s ]
INFO: [ app_init ] --END-- [ RunTime:0.001000s ]
INFO: [ app_begin ] --START--
INFO: Run Behavior\ReadHtmlCacheBehavior [ RunTime:0.001000s ]
INFO: [ app_begin ] --END-- [ RunTime:0.001000s ]
SQL: SHOW COLUMNS FROM `users_integral` [ RunTime:0.0020s ]
SQL: SELECT * FROM `users_integral`  [ RunTime:0.0000s ]
SQL: SHOW COLUMNS FROM `b_turnover_in_the_day` [ RunTime:0.0020s ]
SQL: SELECT * FROM `b_turnover_in_the_day` WHERE ( b_turnover_in_the_day_time <= 1508425200 and b_turnover_in_the_day_time > 1508342400 and business_id=2 )  [ RunTime:0.0010s ]
SQL: SHOW COLUMNS FROM `business_info` [ RunTime:0.0010s ]
SQL: SELECT * FROM `business_info` WHERE ( business_id = 2 ) LIMIT 1   [ RunTime:0.0010s ]
SQL: UPDATE `users_integral` SET `users_integral_num`='45',`users_integral_total_amount`='900',`business_id`='2',`users_id`='3' WHERE `users_integral_id` = 145 [ RunTime:0.0000s ]
SQL: SELECT * FROM `b_turnover_in_the_day` WHERE ( b_turnover_in_the_day_time <= 1508425200 and b_turnover_in_the_day_time > 1508342400 and business_id=2 )  [ RunTime:0.0000s ]
SQL: SELECT * FROM `business_info` WHERE ( business_id = 2 ) LIMIT 1   [ RunTime:0.0000s ]
SQL: UPDATE `users_integral` SET `users_integral_num`='100',`users_integral_total_amount`='1600',`business_id`='2',`users_id`='4' WHERE `users_integral_id` = 144 [ RunTime:0.0000s ]
SQL: SELECT * FROM `b_turnover_in_the_day` WHERE ( b_turnover_in_the_day_time <= 1508425200 and b_turnover_in_the_day_time > 1508342400 and business_id=2 )  [ RunTime:0.0010s ]
SQL: SELECT * FROM `business_info` WHERE ( business_id = 2 ) LIMIT 1   [ RunTime:0.0000s ]
SQL: UPDATE `users_integral` SET `users_integral_num`='85',`users_integral_total_amount`='300',`business_id`='2',`users_id`='1' WHERE `users_integral_id` = 143 [ RunTime:0.0000s ]
SQL: SELECT * FROM `b_turnover_in_the_day` WHERE ( b_turnover_in_the_day_time <= 1508425200 and b_turnover_in_the_day_time > 1508342400 and business_id=2 )  [ RunTime:0.0000s ]
SQL: SELECT * FROM `business_info` WHERE ( business_id = 2 ) LIMIT 1   [ RunTime:0.0000s ]
SQL: UPDATE `users_integral` SET `users_integral_num`='110',`users_integral_total_amount`='600',`business_id`='2',`users_id`='2' WHERE `users_integral_id` = 142 [ RunTime:0.0010s ]
INFO: [ app_end ] --START--
INFO: Run Behavior\ShowPageTraceBehavior [ RunTime:0.001000s ]
INFO: [ app_end ] --END-- [ RunTime:0.001000s ]

[ 2017-10-19T11:16:37+08:00 ] ::1 /TP/index.php/Admin/Index/returnPointsOrdUser
INFO: [ app_init ] --START--
INFO: Run Behavior\BuildLiteBehavior [ RunTime:0.000000s ]
INFO: [ app_init ] --END-- [ RunTime:0.001000s ]
INFO: [ app_begin ] --START--
INFO: Run Behavior\ReadHtmlCacheBehavior [ RunTime:0.001000s ]
INFO: [ app_begin ] --END-- [ RunTime:0.001000s ]
SQL: SHOW COLUMNS FROM `users_integral` [ RunTime:0.0010s ]
SQL: SELECT * FROM `users_integral`  [ RunTime:0.0010s ]
SQL: SHOW COLUMNS FROM `b_turnover_in_the_day` [ RunTime:0.0000s ]
SQL: SELECT * FROM `b_turnover_in_the_day` WHERE ( b_turnover_in_the_day_time <= 1508425200 and b_turnover_in_the_day_time > 1508342400 and business_id=2 )  [ RunTime:0.0010s ]
SQL: SHOW COLUMNS FROM `business_info` [ RunTime:0.0010s ]
SQL: SELECT * FROM `business_info` WHERE ( business_id = 2 ) LIMIT 1   [ RunTime:0.0000s ]
SQL: UPDATE `users_integral` SET `users_integral_num`='45',`users_integral_total_amount`='900',`business_id`='2',`users_id`='3' WHERE `users_integral_id` = 145 [ RunTime:0.0010s ]
SQL: SELECT * FROM `b_turnover_in_the_day` WHERE ( b_turnover_in_the_day_time <= 1508425200 and b_turnover_in_the_day_time > 1508342400 and business_id=2 )  [ RunTime:0.0010s ]
SQL: SELECT * FROM `business_info` WHERE ( business_id = 2 ) LIMIT 1   [ RunTime:0.0000s ]
SQL: UPDATE `users_integral` SET `users_integral_num`='100',`users_integral_total_amount`='1600',`business_id`='2',`users_id`='4' WHERE `users_integral_id` = 144 [ RunTime:0.0000s ]
SQL: SELECT * FROM `b_turnover_in_the_day` WHERE ( b_turnover_in_the_day_time <= 1508425200 and b_turnover_in_the_day_time > 1508342400 and business_id=2 )  [ RunTime:0.0010s ]
SQL: SELECT * FROM `business_info` WHERE ( business_id = 2 ) LIMIT 1   [ RunTime:0.0000s ]
SQL: UPDATE `users_integral` SET `users_integral_num`='85',`users_integral_total_amount`='300',`business_id`='2',`users_id`='1' WHERE `users_integral_id` = 143 [ RunTime:0.0000s ]
SQL: SELECT * FROM `b_turnover_in_the_day` WHERE ( b_turnover_in_the_day_time <= 1508425200 and b_turnover_in_the_day_time > 1508342400 and business_id=2 )  [ RunTime:0.0010s ]
SQL: SELECT * FROM `business_info` WHERE ( business_id = 2 ) LIMIT 1   [ RunTime:0.0000s ]
SQL: UPDATE `users_integral` SET `users_integral_num`='110',`users_integral_total_amount`='600',`business_id`='2',`users_id`='2' WHERE `users_integral_id` = 142 [ RunTime:0.0000s ]
INFO: [ app_end ] --START--
INFO: Run Behavior\ShowPageTraceBehavior [ RunTime:0.002000s ]
INFO: [ app_end ] --END-- [ RunTime:0.002000s ]

[ 2017-10-19T11:16:46+08:00 ] ::1 /TP/index.php/Admin/Index/returnPointsOrdUser
INFO: [ app_init ] --START--
INFO: Run Behavior\BuildLiteBehavior [ RunTime:0.000000s ]
INFO: [ app_init ] --END-- [ RunTime:0.002000s ]
INFO: [ app_begin ] --START--
INFO: Run Behavior\ReadHtmlCacheBehavior [ RunTime:0.001000s ]
INFO: [ app_begin ] --END-- [ RunTime:0.001000s ]
SQL: SHOW COLUMNS FROM `users_integral` [ RunTime:0.0010s ]
SQL: SELECT * FROM `users_integral`  [ RunTime:0.0010s ]
SQL: SHOW COLUMNS FROM `b_turnover_in_the_day` [ RunTime:0.0020s ]
SQL: SELECT * FROM `b_turnover_in_the_day` WHERE ( b_turnover_in_the_day_time <= 1508425200 and b_turnover_in_the_day_time > 1508342400 and business_id=2 )  [ RunTime:0.0010s ]
SQL: SHOW COLUMNS FROM `business_info` [ RunTime:0.0010s ]
SQL: SELECT * FROM `business_info` WHERE ( business_id = 2 ) LIMIT 1   [ RunTime:0.0010s ]
SQL: UPDATE `users_integral` SET `users_integral_num`='45',`users_integral_total_amount`='900',`business_id`='2',`users_id`='3' WHERE `users_integral_id` = 145 [ RunTime:0.0010s ]
SQL: SELECT * FROM `b_turnover_in_the_day` WHERE ( b_turnover_in_the_day_time <= 1508425200 and b_turnover_in_the_day_time > 1508342400 and business_id=2 )  [ RunTime:0.0000s ]
SQL: SELECT * FROM `business_info` WHERE ( business_id = 2 ) LIMIT 1   [ RunTime:0.0000s ]
SQL: UPDATE `users_integral` SET `users_integral_num`='100',`users_integral_total_amount`='1600',`business_id`='2',`users_id`='4' WHERE `users_integral_id` = 144 [ RunTime:0.0010s ]
SQL: SELECT * FROM `b_turnover_in_the_day` WHERE ( b_turnover_in_the_day_time <= 1508425200 and b_turnover_in_the_day_time > 1508342400 and business_id=2 )  [ RunTime:0.0010s ]
SQL: SELECT * FROM `business_info` WHERE ( business_id = 2 ) LIMIT 1   [ RunTime:0.0000s ]
SQL: UPDATE `users_integral` SET `users_integral_num`='85',`users_integral_total_amount`='300',`business_id`='2',`users_id`='1' WHERE `users_integral_id` = 143 [ RunTime:0.0010s ]
SQL: SELECT * FROM `b_turnover_in_the_day` WHERE ( b_turnover_in_the_day_time <= 1508425200 and b_turnover_in_the_day_time > 1508342400 and business_id=2 )  [ RunTime:0.0010s ]
SQL: SELECT * FROM `business_info` WHERE ( business_id = 2 ) LIMIT 1   [ RunTime:0.0010s ]
SQL: UPDATE `users_integral` SET `users_integral_num`='110',`users_integral_total_amount`='600',`business_id`='2',`users_id`='2' WHERE `users_integral_id` = 142 [ RunTime:0.0000s ]
INFO: [ app_end ] --START--
INFO: Run Behavior\ShowPageTraceBehavior [ RunTime:0.002000s ]
INFO: [ app_end ] --END-- [ RunTime:0.002000s ]

[ 2017-10-19T11:17:25+08:00 ] ::1 /TP/index.php/Admin/Index/returnPointsOrdUser
INFO: [ app_init ] --START--
INFO: Run Behavior\BuildLiteBehavior [ RunTime:0.000000s ]
INFO: [ app_init ] --END-- [ RunTime:0.001000s ]
INFO: [ app_begin ] --START--
INFO: Run Behavior\ReadHtmlCacheBehavior [ RunTime:0.002000s ]
INFO: [ app_begin ] --END-- [ RunTime:0.002000s ]
SQL: SHOW COLUMNS FROM `users_integral` [ RunTime:0.0020s ]
SQL: SELECT * FROM `users_integral`  [ RunTime:0.0000s ]
SQL: SHOW COLUMNS FROM `b_turnover_in_the_day` [ RunTime:0.0020s ]
SQL: SELECT * FROM `b_turnover_in_the_day` WHERE ( b_turnover_in_the_day_time <= 1508425200 and b_turnover_in_the_day_time > 1508342400 and business_id=2 )  [ RunTime:0.0000s ]
SQL: SHOW COLUMNS FROM `business_info` [ RunTime:0.0010s ]
SQL: SELECT * FROM `business_info` WHERE ( business_id = 2 ) LIMIT 1   [ RunTime:0.0020s ]
SQL: UPDATE `users_integral` SET `users_integral_num`='56',`users_integral_total_amount`='900',`business_id`='2',`users_id`='3' WHERE `users_integral_id` = 145 [ RunTime:0.0020s ]
SQL: SELECT * FROM `b_turnover_in_the_day` WHERE ( b_turnover_in_the_day_time <= 1508425200 and b_turnover_in_the_day_time > 1508342400 and business_id=2 )  [ RunTime:0.0010s ]
SQL: SELECT * FROM `business_info` WHERE ( business_id = 2 ) LIMIT 1   [ RunTime:0.0010s ]
SQL: UPDATE `users_integral` SET `users_integral_num`='120',`users_integral_total_amount`='1600',`business_id`='2',`users_id`='4' WHERE `users_integral_id` = 144 [ RunTime:0.0010s ]
SQL: SELECT * FROM `b_turnover_in_the_day` WHERE ( b_turnover_in_the_day_time <= 1508425200 and b_turnover_in_the_day_time > 1508342400 and business_id=2 )  [ RunTime:0.0000s ]
SQL: SELECT * FROM `business_info` WHERE ( business_id = 2 ) LIMIT 1   [ RunTime:0.0010s ]
SQL: UPDATE `users_integral` SET `users_integral_num`='88',`users_integral_total_amount`='300',`business_id`='2',`users_id`='1' WHERE `users_integral_id` = 143 [ RunTime:0.0000s ]
SQL: SELECT * FROM `b_turnover_in_the_day` WHERE ( b_turnover_in_the_day_time <= 1508425200 and b_turnover_in_the_day_time > 1508342400 and business_id=2 )  [ RunTime:0.0000s ]
SQL: SELECT * FROM `business_info` WHERE ( business_id = 2 ) LIMIT 1   [ RunTime:0.0000s ]
SQL: UPDATE `users_integral` SET `users_integral_num`='117',`users_integral_total_amount`='600',`business_id`='2',`users_id`='2' WHERE `users_integral_id` = 142 [ RunTime:0.0000s ]
INFO: [ app_end ] --START--
INFO: Run Behavior\ShowPageTraceBehavior [ RunTime:0.002000s ]
INFO: [ app_end ] --END-- [ RunTime:0.002000s ]

