[ 2017-12-04T14:16:20+08:00 ] 1.85.217.0 /TP/Admin
INFO: [ app_init ] --START--
INFO: Run Behavior\BuildLiteBehavior [ RunTime:0.000011s ]
INFO: [ app_init ] --END-- [ RunTime:0.000095s ]
INFO: [ app_begin ] --START--
INFO: Run Behavior\ReadHtmlCacheBehavior [ RunTime:0.000061s ]
INFO: [ app_begin ] --END-- [ RunTime:0.000091s ]
INFO: [ view_parse ] --START--
INFO: [ template_filter ] --START--
INFO: Run Behavior\ContentReplaceBehavior [ RunTime:0.000079s ]
INFO: [ template_filter ] --END-- [ RunTime:0.000128s ]
INFO: Run Behavior\ParseTemplateBehavior [ RunTime:0.009259s ]
INFO: [ view_parse ] --END-- [ RunTime:0.009291s ]
INFO: [ view_filter ] --START--
INFO: Run Behavior\WriteHtmlCacheBehavior [ RunTime:0.000236s ]
INFO: [ view_filter ] --END-- [ RunTime:0.000258s ]

[ 2017-12-04T14:16:26+08:00 ] 1.85.217.0 /TP/index.php/Admin/Index/login
INFO: [ app_init ] --START--
INFO: Run Behavior\BuildLiteBehavior [ RunTime:0.000011s ]
INFO: [ app_init ] --END-- [ RunTime:0.000098s ]
INFO: [ app_begin ] --START--
INFO: Run Behavior\ReadHtmlCacheBehavior [ RunTime:0.000085s ]
INFO: [ app_begin ] --END-- [ RunTime:0.000124s ]
SQL: SHOW COLUMNS FROM `business` [ RunTime:0.0005s ]
SQL: SELECT * FROM `business` WHERE `business_account` = 'weipengfei' AND `business_pass` = '14e1b600b1fd579f47433b88e8d85291' LIMIT 1   [ RunTime:0.0001s ]
INFO: [ view_parse ] --START--
INFO: [ template_filter ] --START--
INFO: Run Behavior\ContentReplaceBehavior [ RunTime:0.000032s ]
INFO: [ template_filter ] --END-- [ RunTime:0.000064s ]
INFO: Run Behavior\ParseTemplateBehavior [ RunTime:0.002545s ]
INFO: [ view_parse ] --END-- [ RunTime:0.002570s ]
INFO: [ view_filter ] --START--
INFO: Run Behavior\WriteHtmlCacheBehavior [ RunTime:0.000052s ]
INFO: [ view_filter ] --END-- [ RunTime:0.000070s ]
INFO: [ app_end ] --START--
INFO: Run Behavior\ShowPageTraceBehavior [ RunTime:0.000732s ]
INFO: [ app_end ] --END-- [ RunTime:0.000755s ]

[ 2017-12-04T14:16:27+08:00 ] 1.85.217.0 /TP/index.php/Admin/Index/index.html
INFO: [ app_init ] --START--
INFO: Run Behavior\BuildLiteBehavior [ RunTime:0.000008s ]
INFO: [ app_init ] --END-- [ RunTime:0.000070s ]
INFO: [ app_begin ] --START--
INFO: Run Behavior\ReadHtmlCacheBehavior [ RunTime:0.000059s ]
INFO: [ app_begin ] --END-- [ RunTime:0.000084s ]
INFO: [ view_parse ] --START--
INFO: [ template_filter ] --START--
INFO: Run Behavior\ContentReplaceBehavior [ RunTime:0.000288s ]
INFO: [ template_filter ] --END-- [ RunTime:0.000325s ]
NOTIC: [8] Undefined variable: businessInfo /data/wwwroot/default/TP/Application/Runtime/Cache/Admin/da4cd6c0f72b4897fc3959e8a3e7598e.php 第 60 行.
INFO: Run Behavior\ParseTemplateBehavior [ RunTime:0.010254s ]
INFO: [ view_parse ] --END-- [ RunTime:0.010276s ]
INFO: [ view_filter ] --START--
INFO: Run Behavior\WriteHtmlCacheBehavior [ RunTime:0.000052s ]
INFO: [ view_filter ] --END-- [ RunTime:0.000064s ]
INFO: [ app_end ] --START--
INFO: Run Behavior\ShowPageTraceBehavior [ RunTime:0.000068s ]
INFO: [ app_end ] --END-- [ RunTime:0.000095s ]

[ 2017-12-04T14:16:30+08:00 ] 1.85.217.0 /TP/index.php/Admin/RqCode/showRq
INFO: [ app_init ] --START--
INFO: Run Behavior\BuildLiteBehavior [ RunTime:0.000011s ]
INFO: [ app_init ] --END-- [ RunTime:0.000089s ]
INFO: [ app_begin ] --START--
INFO: Run Behavior\ReadHtmlCacheBehavior [ RunTime:0.000088s ]
INFO: [ app_begin ] --END-- [ RunTime:0.000118s ]
NOTIC: [8] Undefined index: size /data/wwwroot/default/TP/Application/Admin/Controller/RqCodeController.class.php 第 32 行.
NOTIC: [2] file_get_contents(qrcode.png): failed to open stream: No such file or directory /data/wwwroot/default/TP/ThinkPHP/Library/Org/Phpqrcode/CreateRq.class.php 第 47 行.
NOTIC: [2] imagecreatefromstring(): Empty string or invalid image /data/wwwroot/default/TP/ThinkPHP/Library/Org/Phpqrcode/CreateRq.class.php 第 47 行.
NOTIC: [2] file_get_contents(logo.png): failed to open stream: No such file or directory /data/wwwroot/default/TP/ThinkPHP/Library/Org/Phpqrcode/CreateRq.class.php 第 48 行.
NOTIC: [2] imagecreatefromstring(): Empty string or invalid image /data/wwwroot/default/TP/ThinkPHP/Library/Org/Phpqrcode/CreateRq.class.php 第 48 行.
NOTIC: [2] imagesx() expects parameter 1 to be resource, boolean given /data/wwwroot/default/TP/ThinkPHP/Library/Org/Phpqrcode/CreateRq.class.php 第 49 行.
NOTIC: [2] imagesy() expects parameter 1 to be resource, boolean given /data/wwwroot/default/TP/ThinkPHP/Library/Org/Phpqrcode/CreateRq.class.php 第 50 行.
NOTIC: [2] imagesx() expects parameter 1 to be resource, boolean given /data/wwwroot/default/TP/ThinkPHP/Library/Org/Phpqrcode/CreateRq.class.php 第 51 行.
NOTIC: [2] imagesy() expects parameter 1 to be resource, boolean given /data/wwwroot/default/TP/ThinkPHP/Library/Org/Phpqrcode/CreateRq.class.php 第 52 行.
NOTIC: [2] Division by zero /data/wwwroot/default/TP/ThinkPHP/Library/Org/Phpqrcode/CreateRq.class.php 第 54 行.
NOTIC: [2] imagecopyresampled() expects parameter 1 to be resource, boolean given /data/wwwroot/default/TP/ThinkPHP/Library/Org/Phpqrcode/CreateRq.class.php 第 59 行.
INFO: [ view_parse ] --START--
INFO: [ template_filter ] --START--
INFO: Run Behavior\ContentReplaceBehavior [ RunTime:0.000316s ]
INFO: [ template_filter ] --END-- [ RunTime:0.000384s ]
NOTIC: [8] Undefined variable: businessInfo /data/wwwroot/default/TP/Application/Runtime/Cache/Admin/74f6fe415f18fd02ce20d992e13e8704.php 第 60 行.
INFO: Run Behavior\ParseTemplateBehavior [ RunTime:0.007355s ]
INFO: [ view_parse ] --END-- [ RunTime:0.007403s ]
INFO: [ view_filter ] --START--
INFO: Run Behavior\WriteHtmlCacheBehavior [ RunTime:0.000059s ]
INFO: [ view_filter ] --END-- [ RunTime:0.000096s ]
INFO: [ app_end ] --START--
INFO: Run Behavior\ShowPageTraceBehavior [ RunTime:0.000073s ]
INFO: [ app_end ] --END-- [ RunTime:0.000103s ]

[ 2017-12-04T14:16:33+08:00 ] 1.85.217.0 /TP/index.php/Admin/RqCode/showRq
INFO: [ app_init ] --START--
INFO: Run Behavior\BuildLiteBehavior [ RunTime:0.000010s ]
INFO: [ app_init ] --END-- [ RunTime:0.000084s ]
INFO: [ app_begin ] --START--
INFO: Run Behavior\ReadHtmlCacheBehavior [ RunTime:0.000052s ]
INFO: [ app_begin ] --END-- [ RunTime:0.000081s ]
NOTIC: [2] file_get_contents(qrcode.png): failed to open stream: No such file or directory /data/wwwroot/default/TP/ThinkPHP/Library/Org/Phpqrcode/CreateRq.class.php 第 47 行.
NOTIC: [2] imagecreatefromstring(): Empty string or invalid image /data/wwwroot/default/TP/ThinkPHP/Library/Org/Phpqrcode/CreateRq.class.php 第 47 行.
NOTIC: [2] file_get_contents(logo.png): failed to open stream: No such file or directory /data/wwwroot/default/TP/ThinkPHP/Library/Org/Phpqrcode/CreateRq.class.php 第 48 行.
NOTIC: [2] imagecreatefromstring(): Empty string or invalid image /data/wwwroot/default/TP/ThinkPHP/Library/Org/Phpqrcode/CreateRq.class.php 第 48 行.
NOTIC: [2] imagesx() expects parameter 1 to be resource, boolean given /data/wwwroot/default/TP/ThinkPHP/Library/Org/Phpqrcode/CreateRq.class.php 第 49 行.
NOTIC: [2] imagesy() expects parameter 1 to be resource, boolean given /data/wwwroot/default/TP/ThinkPHP/Library/Org/Phpqrcode/CreateRq.class.php 第 50 行.
NOTIC: [2] imagesx() expects parameter 1 to be resource, boolean given /data/wwwroot/default/TP/ThinkPHP/Library/Org/Phpqrcode/CreateRq.class.php 第 51 行.
NOTIC: [2] imagesy() expects parameter 1 to be resource, boolean given /data/wwwroot/default/TP/ThinkPHP/Library/Org/Phpqrcode/CreateRq.class.php 第 52 行.
NOTIC: [2] Division by zero /data/wwwroot/default/TP/ThinkPHP/Library/Org/Phpqrcode/CreateRq.class.php 第 54 行.
NOTIC: [2] imagecopyresampled() expects parameter 1 to be resource, boolean given /data/wwwroot/default/TP/ThinkPHP/Library/Org/Phpqrcode/CreateRq.class.php 第 59 行.
INFO: [ view_parse ] --START--
INFO: [ template_filter ] --START--
INFO: Run Behavior\ContentReplaceBehavior [ RunTime:0.000207s ]
INFO: [ template_filter ] --END-- [ RunTime:0.000249s ]
NOTIC: [8] Undefined variable: businessInfo /data/wwwroot/default/TP/Application/Runtime/Cache/Admin/74f6fe415f18fd02ce20d992e13e8704.php 第 60 行.
INFO: Run Behavior\ParseTemplateBehavior [ RunTime:0.007125s ]
INFO: [ view_parse ] --END-- [ RunTime:0.007147s ]
INFO: [ view_filter ] --START--
INFO: Run Behavior\WriteHtmlCacheBehavior [ RunTime:0.000052s ]
INFO: [ view_filter ] --END-- [ RunTime:0.000065s ]
INFO: [ app_end ] --START--
INFO: Run Behavior\ShowPageTraceBehavior [ RunTime:0.000055s ]
INFO: [ app_end ] --END-- [ RunTime:0.000081s ]

[ 2017-12-04T14:18:02+08:00 ] 1.85.217.0 /TP/index.php/Admin/RqCode/showRq
INFO: [ app_init ] --START--
INFO: Run Behavior\BuildLiteBehavior [ RunTime:0.000008s ]
INFO: [ app_init ] --END-- [ RunTime:0.000081s ]
INFO: [ app_begin ] --START--
INFO: Run Behavior\ReadHtmlCacheBehavior [ RunTime:0.000042s ]
INFO: [ app_begin ] --END-- [ RunTime:0.000061s ]
NOTIC: [8] Undefined index: size /data/wwwroot/default/TP/Application/Admin/Controller/RqCodeController.class.php 第 32 行.
NOTIC: [2] file_get_contents(qrcode.png): failed to open stream: No such file or directory /data/wwwroot/default/TP/ThinkPHP/Library/Org/Phpqrcode/CreateRq.class.php 第 47 行.
NOTIC: [2] imagecreatefromstring(): Empty string or invalid image /data/wwwroot/default/TP/ThinkPHP/Library/Org/Phpqrcode/CreateRq.class.php 第 47 行.
NOTIC: [2] file_get_contents(logo.png): failed to open stream: No such file or directory /data/wwwroot/default/TP/ThinkPHP/Library/Org/Phpqrcode/CreateRq.class.php 第 48 行.
NOTIC: [2] imagecreatefromstring(): Empty string or invalid image /data/wwwroot/default/TP/ThinkPHP/Library/Org/Phpqrcode/CreateRq.class.php 第 48 行.
NOTIC: [2] imagesx() expects parameter 1 to be resource, boolean given /data/wwwroot/default/TP/ThinkPHP/Library/Org/Phpqrcode/CreateRq.class.php 第 49 行.
NOTIC: [2] imagesy() expects parameter 1 to be resource, boolean given /data/wwwroot/default/TP/ThinkPHP/Library/Org/Phpqrcode/CreateRq.class.php 第 50 行.
NOTIC: [2] imagesx() expects parameter 1 to be resource, boolean given /data/wwwroot/default/TP/ThinkPHP/Library/Org/Phpqrcode/CreateRq.class.php 第 51 行.
NOTIC: [2] imagesy() expects parameter 1 to be resource, boolean given /data/wwwroot/default/TP/ThinkPHP/Library/Org/Phpqrcode/CreateRq.class.php 第 52 行.
NOTIC: [2] Division by zero /data/wwwroot/default/TP/ThinkPHP/Library/Org/Phpqrcode/CreateRq.class.php 第 54 行.
NOTIC: [2] imagecopyresampled() expects parameter 1 to be resource, boolean given /data/wwwroot/default/TP/ThinkPHP/Library/Org/Phpqrcode/CreateRq.class.php 第 59 行.
INFO: [ view_parse ] --START--
INFO: [ template_filter ] --START--
INFO: Run Behavior\ContentReplaceBehavior [ RunTime:0.000188s ]
INFO: [ template_filter ] --END-- [ RunTime:0.000225s ]
NOTIC: [8] Undefined variable: businessInfo /data/wwwroot/default/TP/Application/Runtime/Cache/Admin/74f6fe415f18fd02ce20d992e13e8704.php 第 60 行.
INFO: Run Behavior\ParseTemplateBehavior [ RunTime:0.005084s ]
INFO: [ view_parse ] --END-- [ RunTime:0.005107s ]
INFO: [ view_filter ] --START--
INFO: Run Behavior\WriteHtmlCacheBehavior [ RunTime:0.000047s ]
INFO: [ view_filter ] --END-- [ RunTime:0.000060s ]
INFO: [ app_end ] --START--
INFO: Run Behavior\ShowPageTraceBehavior [ RunTime:0.000077s ]
INFO: [ app_end ] --END-- [ RunTime:0.000100s ]

[ 2017-12-04T14:18:07+08:00 ] 1.85.217.0 /TP/index.php/Admin/RqCode/showRq
INFO: [ app_init ] --START--
INFO: Run Behavior\BuildLiteBehavior [ RunTime:0.000010s ]
INFO: [ app_init ] --END-- [ RunTime:0.000104s ]
INFO: [ app_begin ] --START--
INFO: Run Behavior\ReadHtmlCacheBehavior [ RunTime:0.000042s ]
INFO: [ app_begin ] --END-- [ RunTime:0.000064s ]
NOTIC: [2] file_get_contents(qrcode.png): failed to open stream: No such file or directory /data/wwwroot/default/TP/ThinkPHP/Library/Org/Phpqrcode/CreateRq.class.php 第 47 行.
NOTIC: [2] imagecreatefromstring(): Empty string or invalid image /data/wwwroot/default/TP/ThinkPHP/Library/Org/Phpqrcode/CreateRq.class.php 第 47 行.
NOTIC: [2] file_get_contents(logo.png): failed to open stream: No such file or directory /data/wwwroot/default/TP/ThinkPHP/Library/Org/Phpqrcode/CreateRq.class.php 第 48 行.
NOTIC: [2] imagecreatefromstring(): Empty string or invalid image /data/wwwroot/default/TP/ThinkPHP/Library/Org/Phpqrcode/CreateRq.class.php 第 48 行.
NOTIC: [2] imagesx() expects parameter 1 to be resource, boolean given /data/wwwroot/default/TP/ThinkPHP/Library/Org/Phpqrcode/CreateRq.class.php 第 49 行.
NOTIC: [2] imagesy() expects parameter 1 to be resource, boolean given /data/wwwroot/default/TP/ThinkPHP/Library/Org/Phpqrcode/CreateRq.class.php 第 50 行.
NOTIC: [2] imagesx() expects parameter 1 to be resource, boolean given /data/wwwroot/default/TP/ThinkPHP/Library/Org/Phpqrcode/CreateRq.class.php 第 51 行.
NOTIC: [2] imagesy() expects parameter 1 to be resource, boolean given /data/wwwroot/default/TP/ThinkPHP/Library/Org/Phpqrcode/CreateRq.class.php 第 52 行.
NOTIC: [2] Division by zero /data/wwwroot/default/TP/ThinkPHP/Library/Org/Phpqrcode/CreateRq.class.php 第 54 行.
NOTIC: [2] imagecopyresampled() expects parameter 1 to be resource, boolean given /data/wwwroot/default/TP/ThinkPHP/Library/Org/Phpqrcode/CreateRq.class.php 第 59 行.
INFO: [ view_parse ] --START--
INFO: [ template_filter ] --START--
INFO: Run Behavior\ContentReplaceBehavior [ RunTime:0.000206s ]
INFO: [ template_filter ] --END-- [ RunTime:0.000240s ]
NOTIC: [8] Undefined variable: businessInfo /data/wwwroot/default/TP/Application/Runtime/Cache/Admin/74f6fe415f18fd02ce20d992e13e8704.php 第 60 行.
INFO: Run Behavior\ParseTemplateBehavior [ RunTime:0.004979s ]
INFO: [ view_parse ] --END-- [ RunTime:0.004998s ]
INFO: [ view_filter ] --START--
INFO: Run Behavior\WriteHtmlCacheBehavior [ RunTime:0.000046s ]
INFO: [ view_filter ] --END-- [ RunTime:0.000059s ]
INFO: [ app_end ] --START--
INFO: Run Behavior\ShowPageTraceBehavior [ RunTime:0.000051s ]
INFO: [ app_end ] --END-- [ RunTime:0.000075s ]

[ 2017-12-04T14:18:09+08:00 ] 1.85.217.0 /TP/index.php/Admin/RqCode/showRq
INFO: [ app_init ] --START--
INFO: Run Behavior\BuildLiteBehavior [ RunTime:0.000009s ]
INFO: [ app_init ] --END-- [ RunTime:0.000076s ]
INFO: [ app_begin ] --START--
INFO: Run Behavior\ReadHtmlCacheBehavior [ RunTime:0.000040s ]
INFO: [ app_begin ] --END-- [ RunTime:0.000064s ]
NOTIC: [2] file_get_contents(qrcode.png): failed to open stream: No such file or directory /data/wwwroot/default/TP/ThinkPHP/Library/Org/Phpqrcode/CreateRq.class.php 第 47 行.
NOTIC: [2] imagecreatefromstring(): Empty string or invalid image /data/wwwroot/default/TP/ThinkPHP/Library/Org/Phpqrcode/CreateRq.class.php 第 47 行.
NOTIC: [2] file_get_contents(logo.png): failed to open stream: No such file or directory /data/wwwroot/default/TP/ThinkPHP/Library/Org/Phpqrcode/CreateRq.class.php 第 48 行.
NOTIC: [2] imagecreatefromstring(): Empty string or invalid image /data/wwwroot/default/TP/ThinkPHP/Library/Org/Phpqrcode/CreateRq.class.php 第 48 行.
NOTIC: [2] imagesx() expects parameter 1 to be resource, boolean given /data/wwwroot/default/TP/ThinkPHP/Library/Org/Phpqrcode/CreateRq.class.php 第 49 行.
NOTIC: [2] imagesy() expects parameter 1 to be resource, boolean given /data/wwwroot/default/TP/ThinkPHP/Library/Org/Phpqrcode/CreateRq.class.php 第 50 行.
NOTIC: [2] imagesx() expects parameter 1 to be resource, boolean given /data/wwwroot/default/TP/ThinkPHP/Library/Org/Phpqrcode/CreateRq.class.php 第 51 行.
NOTIC: [2] imagesy() expects parameter 1 to be resource, boolean given /data/wwwroot/default/TP/ThinkPHP/Library/Org/Phpqrcode/CreateRq.class.php 第 52 行.
NOTIC: [2] Division by zero /data/wwwroot/default/TP/ThinkPHP/Library/Org/Phpqrcode/CreateRq.class.php 第 54 行.
NOTIC: [2] imagecopyresampled() expects parameter 1 to be resource, boolean given /data/wwwroot/default/TP/ThinkPHP/Library/Org/Phpqrcode/CreateRq.class.php 第 59 行.
INFO: [ view_parse ] --START--
INFO: [ template_filter ] --START--
INFO: Run Behavior\ContentReplaceBehavior [ RunTime:0.000203s ]
INFO: [ template_filter ] --END-- [ RunTime:0.000253s ]
NOTIC: [8] Undefined variable: businessInfo /data/wwwroot/default/TP/Application/Runtime/Cache/Admin/74f6fe415f18fd02ce20d992e13e8704.php 第 60 行.
INFO: Run Behavior\ParseTemplateBehavior [ RunTime:0.005042s ]
INFO: [ view_parse ] --END-- [ RunTime:0.005073s ]
INFO: [ view_filter ] --START--
INFO: Run Behavior\WriteHtmlCacheBehavior [ RunTime:0.000049s ]
INFO: [ view_filter ] --END-- [ RunTime:0.000062s ]
INFO: [ app_end ] --START--
INFO: Run Behavior\ShowPageTraceBehavior [ RunTime:0.000050s ]
INFO: [ app_end ] --END-- [ RunTime:0.000073s ]

[ 2017-12-04T14:18:58+08:00 ] 1.85.217.0 /TP/index.php/Admin/RqCode/showRq
INFO: [ app_init ] --START--
INFO: Run Behavior\BuildLiteBehavior [ RunTime:0.000006s ]
INFO: [ app_init ] --END-- [ RunTime:0.000071s ]
INFO: [ app_begin ] --START--
INFO: Run Behavior\ReadHtmlCacheBehavior [ RunTime:0.000033s ]
INFO: [ app_begin ] --END-- [ RunTime:0.000051s ]
NOTIC: [2] file_get_contents(qrcode.png): failed to open stream: No such file or directory /data/wwwroot/default/TP/ThinkPHP/Library/Org/Phpqrcode/CreateRq.class.php 第 47 行.
NOTIC: [2] imagecreatefromstring(): Empty string or invalid image /data/wwwroot/default/TP/ThinkPHP/Library/Org/Phpqrcode/CreateRq.class.php 第 47 行.
NOTIC: [2] file_get_contents(logo.png): failed to open stream: No such file or directory /data/wwwroot/default/TP/ThinkPHP/Library/Org/Phpqrcode/CreateRq.class.php 第 48 行.
NOTIC: [2] imagecreatefromstring(): Empty string or invalid image /data/wwwroot/default/TP/ThinkPHP/Library/Org/Phpqrcode/CreateRq.class.php 第 48 行.
NOTIC: [2] imagesx() expects parameter 1 to be resource, boolean given /data/wwwroot/default/TP/ThinkPHP/Library/Org/Phpqrcode/CreateRq.class.php 第 49 行.
NOTIC: [2] imagesy() expects parameter 1 to be resource, boolean given /data/wwwroot/default/TP/ThinkPHP/Library/Org/Phpqrcode/CreateRq.class.php 第 50 行.
NOTIC: [2] imagesx() expects parameter 1 to be resource, boolean given /data/wwwroot/default/TP/ThinkPHP/Library/Org/Phpqrcode/CreateRq.class.php 第 51 行.
NOTIC: [2] imagesy() expects parameter 1 to be resource, boolean given /data/wwwroot/default/TP/ThinkPHP/Library/Org/Phpqrcode/CreateRq.class.php 第 52 行.
NOTIC: [2] Division by zero /data/wwwroot/default/TP/ThinkPHP/Library/Org/Phpqrcode/CreateRq.class.php 第 54 行.
NOTIC: [2] imagecopyresampled() expects parameter 1 to be resource, boolean given /data/wwwroot/default/TP/ThinkPHP/Library/Org/Phpqrcode/CreateRq.class.php 第 59 行.
INFO: [ view_parse ] --START--
INFO: [ template_filter ] --START--
INFO: Run Behavior\ContentReplaceBehavior [ RunTime:0.000223s ]
INFO: [ template_filter ] --END-- [ RunTime:0.000260s ]
NOTIC: [8] Undefined variable: businessInfo /data/wwwroot/default/TP/Application/Runtime/Cache/Admin/74f6fe415f18fd02ce20d992e13e8704.php 第 60 行.
INFO: Run Behavior\ParseTemplateBehavior [ RunTime:0.004917s ]
INFO: [ view_parse ] --END-- [ RunTime:0.004936s ]
INFO: [ view_filter ] --START--
INFO: Run Behavior\WriteHtmlCacheBehavior [ RunTime:0.000048s ]
INFO: [ view_filter ] --END-- [ RunTime:0.000060s ]
INFO: [ app_end ] --START--
INFO: Run Behavior\ShowPageTraceBehavior [ RunTime:0.000051s ]
INFO: [ app_end ] --END-- [ RunTime:0.000091s ]

[ 2017-12-04T14:18:59+08:00 ] 1.85.217.0 /TP/index.php/Admin/RqCode/showRq
INFO: [ app_init ] --START--
INFO: Run Behavior\BuildLiteBehavior [ RunTime:0.000007s ]
INFO: [ app_init ] --END-- [ RunTime:0.000060s ]
INFO: [ app_begin ] --START--
INFO: Run Behavior\ReadHtmlCacheBehavior [ RunTime:0.000051s ]
INFO: [ app_begin ] --END-- [ RunTime:0.000074s ]
NOTIC: [2] file_get_contents(qrcode.png): failed to open stream: No such file or directory /data/wwwroot/default/TP/ThinkPHP/Library/Org/Phpqrcode/CreateRq.class.php 第 47 行.
NOTIC: [2] imagecreatefromstring(): Empty string or invalid image /data/wwwroot/default/TP/ThinkPHP/Library/Org/Phpqrcode/CreateRq.class.php 第 47 行.
NOTIC: [2] file_get_contents(logo.png): failed to open stream: No such file or directory /data/wwwroot/default/TP/ThinkPHP/Library/Org/Phpqrcode/CreateRq.class.php 第 48 行.
NOTIC: [2] imagecreatefromstring(): Empty string or invalid image /data/wwwroot/default/TP/ThinkPHP/Library/Org/Phpqrcode/CreateRq.class.php 第 48 行.
NOTIC: [2] imagesx() expects parameter 1 to be resource, boolean given /data/wwwroot/default/TP/ThinkPHP/Library/Org/Phpqrcode/CreateRq.class.php 第 49 行.
NOTIC: [2] imagesy() expects parameter 1 to be resource, boolean given /data/wwwroot/default/TP/ThinkPHP/Library/Org/Phpqrcode/CreateRq.class.php 第 50 行.
NOTIC: [2] imagesx() expects parameter 1 to be resource, boolean given /data/wwwroot/default/TP/ThinkPHP/Library/Org/Phpqrcode/CreateRq.class.php 第 51 行.
NOTIC: [2] imagesy() expects parameter 1 to be resource, boolean given /data/wwwroot/default/TP/ThinkPHP/Library/Org/Phpqrcode/CreateRq.class.php 第 52 行.
NOTIC: [2] Division by zero /data/wwwroot/default/TP/ThinkPHP/Library/Org/Phpqrcode/CreateRq.class.php 第 54 行.
NOTIC: [2] imagecopyresampled() expects parameter 1 to be resource, boolean given /data/wwwroot/default/TP/ThinkPHP/Library/Org/Phpqrcode/CreateRq.class.php 第 59 行.
INFO: [ view_parse ] --START--
INFO: [ template_filter ] --START--
INFO: Run Behavior\ContentReplaceBehavior [ RunTime:0.000199s ]
INFO: [ template_filter ] --END-- [ RunTime:0.000243s ]
NOTIC: [8] Undefined variable: businessInfo /data/wwwroot/default/TP/Application/Runtime/Cache/Admin/74f6fe415f18fd02ce20d992e13e8704.php 第 60 行.
INFO: Run Behavior\ParseTemplateBehavior [ RunTime:0.010978s ]
INFO: [ view_parse ] --END-- [ RunTime:0.010997s ]
INFO: [ view_filter ] --START--
INFO: Run Behavior\WriteHtmlCacheBehavior [ RunTime:0.000055s ]
INFO: [ view_filter ] --END-- [ RunTime:0.000071s ]
INFO: [ app_end ] --START--
INFO: Run Behavior\ShowPageTraceBehavior [ RunTime:0.000058s ]
INFO: [ app_end ] --END-- [ RunTime:0.000084s ]

[ 2017-12-04T14:19:00+08:00 ] 1.85.217.0 /TP/index.php/Admin/RqCode/showRq
INFO: [ app_init ] --START--
INFO: Run Behavior\BuildLiteBehavior [ RunTime:0.000007s ]
INFO: [ app_init ] --END-- [ RunTime:0.000058s ]
INFO: [ app_begin ] --START--
INFO: Run Behavior\ReadHtmlCacheBehavior [ RunTime:0.000038s ]
INFO: [ app_begin ] --END-- [ RunTime:0.000058s ]
NOTIC: [2] file_get_contents(qrcode.png): failed to open stream: No such file or directory /data/wwwroot/default/TP/ThinkPHP/Library/Org/Phpqrcode/CreateRq.class.php 第 47 行.
NOTIC: [2] imagecreatefromstring(): Empty string or invalid image /data/wwwroot/default/TP/ThinkPHP/Library/Org/Phpqrcode/CreateRq.class.php 第 47 行.
NOTIC: [2] file_get_contents(logo.png): failed to open stream: No such file or directory /data/wwwroot/default/TP/ThinkPHP/Library/Org/Phpqrcode/CreateRq.class.php 第 48 行.
NOTIC: [2] imagecreatefromstring(): Empty string or invalid image /data/wwwroot/default/TP/ThinkPHP/Library/Org/Phpqrcode/CreateRq.class.php 第 48 行.
NOTIC: [2] imagesx() expects parameter 1 to be resource, boolean given /data/wwwroot/default/TP/ThinkPHP/Library/Org/Phpqrcode/CreateRq.class.php 第 49 行.
NOTIC: [2] imagesy() expects parameter 1 to be resource, boolean given /data/wwwroot/default/TP/ThinkPHP/Library/Org/Phpqrcode/CreateRq.class.php 第 50 行.
NOTIC: [2] imagesx() expects parameter 1 to be resource, boolean given /data/wwwroot/default/TP/ThinkPHP/Library/Org/Phpqrcode/CreateRq.class.php 第 51 行.
NOTIC: [2] imagesy() expects parameter 1 to be resource, boolean given /data/wwwroot/default/TP/ThinkPHP/Library/Org/Phpqrcode/CreateRq.class.php 第 52 行.
NOTIC: [2] Division by zero /data/wwwroot/default/TP/ThinkPHP/Library/Org/Phpqrcode/CreateRq.class.php 第 54 行.
NOTIC: [2] imagecopyresampled() expects parameter 1 to be resource, boolean given /data/wwwroot/default/TP/ThinkPHP/Library/Org/Phpqrcode/CreateRq.class.php 第 59 行.
INFO: [ view_parse ] --START--
INFO: [ template_filter ] --START--
INFO: Run Behavior\ContentReplaceBehavior [ RunTime:0.000201s ]
INFO: [ template_filter ] --END-- [ RunTime:0.000267s ]
NOTIC: [8] Undefined variable: businessInfo /data/wwwroot/default/TP/Application/Runtime/Cache/Admin/74f6fe415f18fd02ce20d992e13e8704.php 第 60 行.
INFO: Run Behavior\ParseTemplateBehavior [ RunTime:0.004672s ]
INFO: [ view_parse ] --END-- [ RunTime:0.004690s ]
INFO: [ view_filter ] --START--
INFO: Run Behavior\WriteHtmlCacheBehavior [ RunTime:0.000049s ]
INFO: [ view_filter ] --END-- [ RunTime:0.000062s ]
INFO: [ app_end ] --START--
INFO: Run Behavior\ShowPageTraceBehavior [ RunTime:0.000045s ]
INFO: [ app_end ] --END-- [ RunTime:0.000068s ]

[ 2017-12-04T14:20:15+08:00 ] 1.85.217.0 /TP/index.php/Admin/RqCode/showRq
INFO: [ app_init ] --START--
INFO: Run Behavior\BuildLiteBehavior [ RunTime:0.000009s ]
INFO: [ app_init ] --END-- [ RunTime:0.000082s ]
INFO: [ app_begin ] --START--
INFO: Run Behavior\ReadHtmlCacheBehavior [ RunTime:0.000046s ]
INFO: [ app_begin ] --END-- [ RunTime:0.000097s ]
NOTIC: [2] file_get_contents(qrcode.png): failed to open stream: No such file or directory /data/wwwroot/default/TP/ThinkPHP/Library/Org/Phpqrcode/CreateRq.class.php 第 47 行.
NOTIC: [2] imagecreatefromstring(): Empty string or invalid image /data/wwwroot/default/TP/ThinkPHP/Library/Org/Phpqrcode/CreateRq.class.php 第 47 行.
NOTIC: [2] file_get_contents(logo.png): failed to open stream: No such file or directory /data/wwwroot/default/TP/ThinkPHP/Library/Org/Phpqrcode/CreateRq.class.php 第 48 行.
NOTIC: [2] imagecreatefromstring(): Empty string or invalid image /data/wwwroot/default/TP/ThinkPHP/Library/Org/Phpqrcode/CreateRq.class.php 第 48 行.
NOTIC: [2] imagesx() expects parameter 1 to be resource, boolean given /data/wwwroot/default/TP/ThinkPHP/Library/Org/Phpqrcode/CreateRq.class.php 第 49 行.
NOTIC: [2] imagesy() expects parameter 1 to be resource, boolean given /data/wwwroot/default/TP/ThinkPHP/Library/Org/Phpqrcode/CreateRq.class.php 第 50 行.
NOTIC: [2] imagesx() expects parameter 1 to be resource, boolean given /data/wwwroot/default/TP/ThinkPHP/Library/Org/Phpqrcode/CreateRq.class.php 第 51 行.
NOTIC: [2] imagesy() expects parameter 1 to be resource, boolean given /data/wwwroot/default/TP/ThinkPHP/Library/Org/Phpqrcode/CreateRq.class.php 第 52 行.
NOTIC: [2] Division by zero /data/wwwroot/default/TP/ThinkPHP/Library/Org/Phpqrcode/CreateRq.class.php 第 54 行.
NOTIC: [2] imagecopyresampled() expects parameter 1 to be resource, boolean given /data/wwwroot/default/TP/ThinkPHP/Library/Org/Phpqrcode/CreateRq.class.php 第 59 行.
INFO: [ view_parse ] --START--
INFO: [ template_filter ] --START--
INFO: Run Behavior\ContentReplaceBehavior [ RunTime:0.000200s ]
INFO: [ template_filter ] --END-- [ RunTime:0.000240s ]
NOTIC: [8] Undefined variable: businessInfo /data/wwwroot/default/TP/Application/Runtime/Cache/Admin/74f6fe415f18fd02ce20d992e13e8704.php 第 60 行.
INFO: Run Behavior\ParseTemplateBehavior [ RunTime:0.005267s ]
INFO: [ view_parse ] --END-- [ RunTime:0.005291s ]
INFO: [ view_filter ] --START--
INFO: Run Behavior\WriteHtmlCacheBehavior [ RunTime:0.000061s ]
INFO: [ view_filter ] --END-- [ RunTime:0.000079s ]
INFO: [ app_end ] --START--
INFO: Run Behavior\ShowPageTraceBehavior [ RunTime:0.000064s ]
INFO: [ app_end ] --END-- [ RunTime:0.000093s ]

[ 2017-12-04T14:20:34+08:00 ] 1.85.217.0 /TP/index.php/Admin/RqCode/showRq
INFO: [ app_init ] --START--
INFO: Run Behavior\BuildLiteBehavior [ RunTime:0.000011s ]
INFO: [ app_init ] --END-- [ RunTime:0.000099s ]
INFO: [ app_begin ] --START--
INFO: Run Behavior\ReadHtmlCacheBehavior [ RunTime:0.000057s ]
INFO: [ app_begin ] --END-- [ RunTime:0.000097s ]
NOTIC: [2] file_get_contents(qrcode.png): failed to open stream: No such file or directory /data/wwwroot/default/TP/ThinkPHP/Library/Org/Phpqrcode/CreateRq.class.php 第 47 行.
NOTIC: [2] imagecreatefromstring(): Empty string or invalid image /data/wwwroot/default/TP/ThinkPHP/Library/Org/Phpqrcode/CreateRq.class.php 第 47 行.
NOTIC: [2] file_get_contents(logo.png): failed to open stream: No such file or directory /data/wwwroot/default/TP/ThinkPHP/Library/Org/Phpqrcode/CreateRq.class.php 第 48 行.
NOTIC: [2] imagecreatefromstring(): Empty string or invalid image /data/wwwroot/default/TP/ThinkPHP/Library/Org/Phpqrcode/CreateRq.class.php 第 48 行.
NOTIC: [2] imagesx() expects parameter 1 to be resource, boolean given /data/wwwroot/default/TP/ThinkPHP/Library/Org/Phpqrcode/CreateRq.class.php 第 49 行.
NOTIC: [2] imagesy() expects parameter 1 to be resource, boolean given /data/wwwroot/default/TP/ThinkPHP/Library/Org/Phpqrcode/CreateRq.class.php 第 50 行.
NOTIC: [2] imagesx() expects parameter 1 to be resource, boolean given /data/wwwroot/default/TP/ThinkPHP/Library/Org/Phpqrcode/CreateRq.class.php 第 51 行.
NOTIC: [2] imagesy() expects parameter 1 to be resource, boolean given /data/wwwroot/default/TP/ThinkPHP/Library/Org/Phpqrcode/CreateRq.class.php 第 52 行.
NOTIC: [2] Division by zero /data/wwwroot/default/TP/ThinkPHP/Library/Org/Phpqrcode/CreateRq.class.php 第 54 行.
NOTIC: [2] imagecopyresampled() expects parameter 1 to be resource, boolean given /data/wwwroot/default/TP/ThinkPHP/Library/Org/Phpqrcode/CreateRq.class.php 第 59 行.
INFO: [ view_parse ] --START--
INFO: [ template_filter ] --START--
INFO: Run Behavior\ContentReplaceBehavior [ RunTime:0.000213s ]
INFO: [ template_filter ] --END-- [ RunTime:0.000263s ]
NOTIC: [8] Undefined variable: businessInfo /data/wwwroot/default/TP/Application/Runtime/Cache/Admin/74f6fe415f18fd02ce20d992e13e8704.php 第 60 行.
INFO: Run Behavior\ParseTemplateBehavior [ RunTime:0.005297s ]
INFO: [ view_parse ] --END-- [ RunTime:0.005326s ]
INFO: [ view_filter ] --START--
INFO: Run Behavior\WriteHtmlCacheBehavior [ RunTime:0.000070s ]
INFO: [ view_filter ] --END-- [ RunTime:0.000093s ]
INFO: [ app_end ] --START--
INFO: Run Behavior\ShowPageTraceBehavior [ RunTime:0.000076s ]
INFO: [ app_end ] --END-- [ RunTime:0.000113s ]

[ 2017-12-04T14:20:38+08:00 ] 1.85.217.0 /TP/index.php/Admin/RqCode/showRq
INFO: [ app_init ] --START--
INFO: Run Behavior\BuildLiteBehavior [ RunTime:0.000009s ]
INFO: [ app_init ] --END-- [ RunTime:0.000081s ]
INFO: [ app_begin ] --START--
INFO: Run Behavior\ReadHtmlCacheBehavior [ RunTime:0.000050s ]
INFO: [ app_begin ] --END-- [ RunTime:0.000075s ]
NOTIC: [2] file_get_contents(qrcode.png): failed to open stream: No such file or directory /data/wwwroot/default/TP/ThinkPHP/Library/Org/Phpqrcode/CreateRq.class.php 第 47 行.
NOTIC: [2] imagecreatefromstring(): Empty string or invalid image /data/wwwroot/default/TP/ThinkPHP/Library/Org/Phpqrcode/CreateRq.class.php 第 47 行.
NOTIC: [2] file_get_contents(logo.png): failed to open stream: No such file or directory /data/wwwroot/default/TP/ThinkPHP/Library/Org/Phpqrcode/CreateRq.class.php 第 48 行.
NOTIC: [2] imagecreatefromstring(): Empty string or invalid image /data/wwwroot/default/TP/ThinkPHP/Library/Org/Phpqrcode/CreateRq.class.php 第 48 行.
NOTIC: [2] imagesx() expects parameter 1 to be resource, boolean given /data/wwwroot/default/TP/ThinkPHP/Library/Org/Phpqrcode/CreateRq.class.php 第 49 行.
NOTIC: [2] imagesy() expects parameter 1 to be resource, boolean given /data/wwwroot/default/TP/ThinkPHP/Library/Org/Phpqrcode/CreateRq.class.php 第 50 行.
NOTIC: [2] imagesx() expects parameter 1 to be resource, boolean given /data/wwwroot/default/TP/ThinkPHP/Library/Org/Phpqrcode/CreateRq.class.php 第 51 行.
NOTIC: [2] imagesy() expects parameter 1 to be resource, boolean given /data/wwwroot/default/TP/ThinkPHP/Library/Org/Phpqrcode/CreateRq.class.php 第 52 行.
NOTIC: [2] Division by zero /data/wwwroot/default/TP/ThinkPHP/Library/Org/Phpqrcode/CreateRq.class.php 第 54 行.
NOTIC: [2] imagecopyresampled() expects parameter 1 to be resource, boolean given /data/wwwroot/default/TP/ThinkPHP/Library/Org/Phpqrcode/CreateRq.class.php 第 59 行.
INFO: [ view_parse ] --START--
INFO: [ template_filter ] --START--
INFO: Run Behavior\ContentReplaceBehavior [ RunTime:0.000208s ]
INFO: [ template_filter ] --END-- [ RunTime:0.000255s ]
NOTIC: [8] Undefined variable: businessInfo /data/wwwroot/default/TP/Application/Runtime/Cache/Admin/74f6fe415f18fd02ce20d992e13e8704.php 第 60 行.
INFO: Run Behavior\ParseTemplateBehavior [ RunTime:0.005696s ]
INFO: [ view_parse ] --END-- [ RunTime:0.005725s ]
INFO: [ view_filter ] --START--
INFO: Run Behavior\WriteHtmlCacheBehavior [ RunTime:0.000060s ]
INFO: [ view_filter ] --END-- [ RunTime:0.000078s ]
INFO: [ app_end ] --START--
INFO: Run Behavior\ShowPageTraceBehavior [ RunTime:0.000103s ]
INFO: [ app_end ] --END-- [ RunTime:0.000150s ]

[ 2017-12-04T14:20:42+08:00 ] 1.85.217.0 /TP/index.php/Admin/RqCode/showRq
INFO: [ app_init ] --START--
INFO: Run Behavior\BuildLiteBehavior [ RunTime:0.000006s ]
INFO: [ app_init ] --END-- [ RunTime:0.000065s ]
INFO: [ app_begin ] --START--
INFO: Run Behavior\ReadHtmlCacheBehavior [ RunTime:0.000046s ]
INFO: [ app_begin ] --END-- [ RunTime:0.000075s ]
NOTIC: [2] file_get_contents(qrcode.png): failed to open stream: No such file or directory /data/wwwroot/default/TP/ThinkPHP/Library/Org/Phpqrcode/CreateRq.class.php 第 47 行.
NOTIC: [2] imagecreatefromstring(): Empty string or invalid image /data/wwwroot/default/TP/ThinkPHP/Library/Org/Phpqrcode/CreateRq.class.php 第 47 行.
NOTIC: [2] file_get_contents(logo.png): failed to open stream: No such file or directory /data/wwwroot/default/TP/ThinkPHP/Library/Org/Phpqrcode/CreateRq.class.php 第 48 行.
NOTIC: [2] imagecreatefromstring(): Empty string or invalid image /data/wwwroot/default/TP/ThinkPHP/Library/Org/Phpqrcode/CreateRq.class.php 第 48 行.
NOTIC: [2] imagesx() expects parameter 1 to be resource, boolean given /data/wwwroot/default/TP/ThinkPHP/Library/Org/Phpqrcode/CreateRq.class.php 第 49 行.
NOTIC: [2] imagesy() expects parameter 1 to be resource, boolean given /data/wwwroot/default/TP/ThinkPHP/Library/Org/Phpqrcode/CreateRq.class.php 第 50 行.
NOTIC: [2] imagesx() expects parameter 1 to be resource, boolean given /data/wwwroot/default/TP/ThinkPHP/Library/Org/Phpqrcode/CreateRq.class.php 第 51 行.
NOTIC: [2] imagesy() expects parameter 1 to be resource, boolean given /data/wwwroot/default/TP/ThinkPHP/Library/Org/Phpqrcode/CreateRq.class.php 第 52 行.
NOTIC: [2] Division by zero /data/wwwroot/default/TP/ThinkPHP/Library/Org/Phpqrcode/CreateRq.class.php 第 54 行.
NOTIC: [2] imagecopyresampled() expects parameter 1 to be resource, boolean given /data/wwwroot/default/TP/ThinkPHP/Library/Org/Phpqrcode/CreateRq.class.php 第 59 行.
INFO: [ view_parse ] --START--
INFO: [ template_filter ] --START--
INFO: Run Behavior\ContentReplaceBehavior [ RunTime:0.000189s ]
INFO: [ template_filter ] --END-- [ RunTime:0.000220s ]
NOTIC: [8] Undefined variable: businessInfo /data/wwwroot/default/TP/Application/Runtime/Cache/Admin/74f6fe415f18fd02ce20d992e13e8704.php 第 60 行.
INFO: Run Behavior\ParseTemplateBehavior [ RunTime:0.004778s ]
INFO: [ view_parse ] --END-- [ RunTime:0.004795s ]
INFO: [ view_filter ] --START--
INFO: Run Behavior\WriteHtmlCacheBehavior [ RunTime:0.000041s ]
INFO: [ view_filter ] --END-- [ RunTime:0.000053s ]
INFO: [ app_end ] --START--
INFO: Run Behavior\ShowPageTraceBehavior [ RunTime:0.000048s ]
INFO: [ app_end ] --END-- [ RunTime:0.000072s ]

