[ 2017-12-01T14:11:51+08:00 ] ::1 /TP/index.php/Admin/Index/toGo
INFO: [ app_init ] --START--
INFO: Run Behavior\BuildLiteBehavior [ RunTime:0.000000s ]
INFO: [ app_init ] --END-- [ RunTime:0.001000s ]
INFO: [ app_begin ] --START--
INFO: Run Behavior\ReadHtmlCacheBehavior [ RunTime:0.008001s ]
INFO: [ app_begin ] --END-- [ RunTime:0.008001s ]
SQL: SHOW COLUMNS FROM `business` [ RunTime:0.0000s ]
SQL: SELECT `business_id` FROM `business`  [ RunTime:0.0000s ]
SQL: SHOW COLUMNS FROM `consume_list` [ RunTime:0.0000s ]
SQL: SELECT * FROM `consume_list` WHERE ( consume_time < 1512140400 and consume_time > 1512057600 and business_id=1 )  [ RunTime:0.0000s ]
SQL: SHOW COLUMNS FROM `users_integral_list` [ RunTime:0.0000s ]
SQL: SHOW COLUMNS FROM `b_turnover_in_the_day` [ RunTime:0.0010s ]
SQL: SELECT * FROM `b_turnover_in_the_day` WHERE ( b_turnover_in_the_day_time <= 1512140400 and b_turnover_in_the_day_time > 1512057600 and business_id=1 )  [ RunTime:0.0000s ]
SQL: SELECT * FROM `consume_list` WHERE ( consume_time < 1512140400 and consume_time > 1512057600 and business_id=1 )  [ RunTime:0.0010s ]
SQL: INSERT INTO `b_turnover_in_the_day` (`b_turnover_in_the_day_money`,`business_id`,`b_turnover_in_the_day_integral_new`,`b_turnover_in_the_day_integral_ord`,`b_turnover_in_the_day_time`,`b_turnover_in_the_day_info`) VALUES ('0','1','0','0','1512140400','无') [ RunTime:0.0000s ]
NOTIC: [2] Missing argument 1 for Admin\Controller\IndexController::getBusiness_info(), called in D:\wamp64\www\TP\Application\Admin\Controller\IndexController.class.php on line 92 and defined D:\wamp64\www\TP\Application\Admin\Controller\IndexController.class.php 第 127 行.
SQL: SHOW COLUMNS FROM `business_info` [ RunTime:0.0010s ]
SQL: SELECT * FROM `b_turnover_in_the_day`  [ RunTime:0.0010s ]
SQL: SELECT * FROM `business_info` WHERE `business_id` = 3 LIMIT 1   [ RunTime:0.0010s ]
SQL: UPDATE `business_info` SET `business_id`='3',`business_info_total`='400' WHERE `business_info_id` = 36 [ RunTime:0.0000s ]
SQL: SELECT * FROM `business_info` WHERE `business_id` = 2 LIMIT 1   [ RunTime:0.0000s ]
SQL: UPDATE `business_info` SET `business_id`='2',`business_info_total`='2800' WHERE `business_info_id` = 37 [ RunTime:0.0000s ]
SQL: SELECT * FROM `business_info` WHERE `business_id` = 1 LIMIT 1   [ RunTime:0.0000s ]
SQL: UPDATE `business_info` SET `business_id`='1',`business_info_total`='80' WHERE `business_info_id` = 38 [ RunTime:0.0000s ]
SQL: SELECT * FROM `business_info` WHERE `business_id` = 1 LIMIT 1   [ RunTime:0.0010s ]
SQL: UPDATE `business_info` SET `business_id`='1',`business_info_total`='80' WHERE `business_info_id` = 38 [ RunTime:0.0010s ]
SQL: SHOW COLUMNS FROM `users_integral` [ RunTime:0.0010s ]
SQL: SELECT * FROM `users_integral`  [ RunTime:0.0000s ]
SQL: SELECT * FROM `users_integral_list` WHERE `business_id` = 1  [ RunTime:0.0000s ]
SQL: SELECT `b_turnover_in_the_day_integral_new`,`b_turnover_in_the_day_money` FROM `b_turnover_in_the_day` WHERE `business_id` = 1 LIMIT 1   [ RunTime:0.0000s ]
SQL: SELECT * FROM `users_integral_list` WHERE ( users_integral_addtime <= 1512140400 and users_integral_addtime > 1512057600 and business_id=1 )  [ RunTime:0.0010s ]
SQL: SELECT * FROM `consume_list` WHERE ( consume_time < 1512140400 and consume_time > 1512057600 and business_id=2 )  [ RunTime:0.0010s ]
SQL: SELECT * FROM `b_turnover_in_the_day` WHERE ( b_turnover_in_the_day_time <= 1512140400 and b_turnover_in_the_day_time > 1512057600 and business_id=2 )  [ RunTime:0.0010s ]
SQL: SELECT * FROM `consume_list` WHERE ( consume_time < 1512140400 and consume_time > 1512057600 and business_id=2 )  [ RunTime:0.0000s ]
SQL: INSERT INTO `b_turnover_in_the_day` (`b_turnover_in_the_day_money`,`business_id`,`b_turnover_in_the_day_integral_new`,`b_turnover_in_the_day_integral_ord`,`b_turnover_in_the_day_time`,`b_turnover_in_the_day_info`) VALUES ('0','2','0','0','1512140400','无') [ RunTime:0.0000s ]
NOTIC: [2] Missing argument 1 for Admin\Controller\IndexController::getBusiness_info(), called in D:\wamp64\www\TP\Application\Admin\Controller\IndexController.class.php on line 92 and defined D:\wamp64\www\TP\Application\Admin\Controller\IndexController.class.php 第 127 行.
SQL: SELECT * FROM `b_turnover_in_the_day`  [ RunTime:0.0000s ]
SQL: SELECT * FROM `business_info` WHERE `business_id` = 3 LIMIT 1   [ RunTime:0.0010s ]
SQL: UPDATE `business_info` SET `business_id`='3',`business_info_total`='500' WHERE `business_info_id` = 36 [ RunTime:0.0000s ]
SQL: SELECT * FROM `business_info` WHERE `business_id` = 2 LIMIT 1   [ RunTime:0.0000s ]
SQL: UPDATE `business_info` SET `business_id`='2',`business_info_total`='3500' WHERE `business_info_id` = 37 [ RunTime:0.0000s ]
SQL: SELECT * FROM `business_info` WHERE `business_id` = 1 LIMIT 1   [ RunTime:0.0000s ]
SQL: UPDATE `business_info` SET `business_id`='1',`business_info_total`='100' WHERE `business_info_id` = 38 [ RunTime:0.0000s ]
SQL: SELECT * FROM `business_info` WHERE `business_id` = 1 LIMIT 1   [ RunTime:0.0010s ]
SQL: UPDATE `business_info` SET `business_id`='1',`business_info_total`='100' WHERE `business_info_id` = 38 [ RunTime:0.0000s ]
SQL: SELECT * FROM `business_info` WHERE `business_id` = 2 LIMIT 1   [ RunTime:0.0000s ]
SQL: UPDATE `business_info` SET `business_id`='2',`business_info_total`='3500' WHERE `business_info_id` = 37 [ RunTime:0.0000s ]
SQL: SELECT * FROM `users_integral`  [ RunTime:0.0010s ]
SQL: SELECT * FROM `users_integral_list` WHERE `business_id` = 2  [ RunTime:0.0000s ]
SQL: SELECT `b_turnover_in_the_day_integral_new`,`b_turnover_in_the_day_money` FROM `b_turnover_in_the_day` WHERE `business_id` = 2 LIMIT 1   [ RunTime:0.0000s ]
SQL: SELECT * FROM `users_integral_list` WHERE ( users_integral_addtime <= 1512140400 and users_integral_addtime > 1512057600 and business_id=2 )  [ RunTime:0.0010s ]
SQL: SELECT * FROM `consume_list` WHERE ( consume_time < 1512140400 and consume_time > 1512057600 and business_id=3 )  [ RunTime:0.0000s ]
SQL: SELECT * FROM `b_turnover_in_the_day` WHERE ( b_turnover_in_the_day_time <= 1512140400 and b_turnover_in_the_day_time > 1512057600 and business_id=3 )  [ RunTime:0.0000s ]
SQL: SELECT * FROM `consume_list` WHERE ( consume_time < 1512140400 and consume_time > 1512057600 and business_id=3 )  [ RunTime:0.0010s ]
SQL: INSERT INTO `b_turnover_in_the_day` (`b_turnover_in_the_day_money`,`business_id`,`b_turnover_in_the_day_integral_new`,`b_turnover_in_the_day_integral_ord`,`b_turnover_in_the_day_time`,`b_turnover_in_the_day_info`) VALUES ('0','3','0','0','1512140400','无') [ RunTime:0.0010s ]
NOTIC: [2] Missing argument 1 for Admin\Controller\IndexController::getBusiness_info(), called in D:\wamp64\www\TP\Application\Admin\Controller\IndexController.class.php on line 92 and defined D:\wamp64\www\TP\Application\Admin\Controller\IndexController.class.php 第 127 行.
SQL: SELECT * FROM `b_turnover_in_the_day`  [ RunTime:0.0010s ]
SQL: SELECT * FROM `business_info` WHERE `business_id` = 3 LIMIT 1   [ RunTime:0.0010s ]
SQL: UPDATE `business_info` SET `business_id`='3',`business_info_total`='600' WHERE `business_info_id` = 36 [ RunTime:0.0010s ]
SQL: SELECT * FROM `business_info` WHERE `business_id` = 2 LIMIT 1   [ RunTime:0.0000s ]
SQL: UPDATE `business_info` SET `business_id`='2',`business_info_total`='4200' WHERE `business_info_id` = 37 [ RunTime:0.0000s ]
SQL: SELECT * FROM `business_info` WHERE `business_id` = 1 LIMIT 1   [ RunTime:0.0000s ]
SQL: UPDATE `business_info` SET `business_id`='1',`business_info_total`='120' WHERE `business_info_id` = 38 [ RunTime:0.0000s ]
SQL: SELECT * FROM `business_info` WHERE `business_id` = 1 LIMIT 1   [ RunTime:0.0000s ]
SQL: UPDATE `business_info` SET `business_id`='1',`business_info_total`='120' WHERE `business_info_id` = 38 [ RunTime:0.0000s ]
SQL: SELECT * FROM `business_info` WHERE `business_id` = 2 LIMIT 1   [ RunTime:0.0010s ]
SQL: UPDATE `business_info` SET `business_id`='2',`business_info_total`='4200' WHERE `business_info_id` = 37 [ RunTime:0.0000s ]
SQL: SELECT * FROM `business_info` WHERE `business_id` = 3 LIMIT 1   [ RunTime:0.0010s ]
SQL: UPDATE `business_info` SET `business_id`='3',`business_info_total`='600' WHERE `business_info_id` = 36 [ RunTime:0.0000s ]
SQL: SELECT * FROM `users_integral`  [ RunTime:0.0000s ]
SQL: SELECT * FROM `users_integral_list` WHERE `business_id` = 3  [ RunTime:0.0000s ]
SQL: SELECT `b_turnover_in_the_day_integral_new`,`b_turnover_in_the_day_money` FROM `b_turnover_in_the_day` WHERE `business_id` = 3 LIMIT 1   [ RunTime:0.0000s ]
SQL: SELECT * FROM `users_integral_list` WHERE ( users_integral_addtime <= 1512140400 and users_integral_addtime > 1512057600 and business_id=3 )  [ RunTime:0.0000s ]
INFO: [ app_end ] --START--
INFO: Run Behavior\ShowPageTraceBehavior [ RunTime:0.001000s ]
INFO: [ app_end ] --END-- [ RunTime:0.001000s ]

