[ 2017-12-09T02:10:18+08:00 ] ::1 /TP/index.php/Users
INFO: [ app_init ] --START--
INFO: Run Behavior\BuildLiteBehavior [ RunTime:0.000000s ]
INFO: [ app_init ] --END-- [ RunTime:0.001000s ]
INFO: [ app_begin ] --START--
INFO: Run Behavior\ReadHtmlCacheBehavior [ RunTime:0.003000s ]
INFO: [ app_begin ] --END-- [ RunTime:0.003000s ]
INFO: [ view_parse ] --START--
INFO: [ template_filter ] --START--
INFO: Run Behavior\ContentReplaceBehavior [ RunTime:0.010000s ]
INFO: [ template_filter ] --END-- [ RunTime:0.010000s ]
INFO: Run Behavior\ParseTemplateBehavior [ RunTime:0.038002s ]
INFO: [ view_parse ] --END-- [ RunTime:0.039002s ]
INFO: [ view_filter ] --START--
INFO: Run Behavior\WriteHtmlCacheBehavior [ RunTime:0.002000s ]
INFO: [ view_filter ] --END-- [ RunTime:0.002000s ]
INFO: [ app_end ] --START--
INFO: Run Behavior\ShowPageTraceBehavior [ RunTime:0.001001s ]
INFO: [ app_end ] --END-- [ RunTime:0.002001s ]

[ 2017-12-09T02:10:27+08:00 ] ::1 /TP/index.php/Users/Users/register
INFO: [ app_init ] --START--
INFO: Run Behavior\BuildLiteBehavior [ RunTime:0.000000s ]
INFO: [ app_init ] --END-- [ RunTime:0.000000s ]
INFO: [ app_begin ] --START--
INFO: Run Behavior\ReadHtmlCacheBehavior [ RunTime:0.001000s ]
INFO: [ app_begin ] --END-- [ RunTime:0.001000s ]
INFO: [ view_parse ] --START--
INFO: [ template_filter ] --START--
INFO: Run Behavior\ContentReplaceBehavior [ RunTime:0.000000s ]
INFO: [ template_filter ] --END-- [ RunTime:0.000000s ]
INFO: Run Behavior\ParseTemplateBehavior [ RunTime:0.009000s ]
INFO: [ view_parse ] --END-- [ RunTime:0.009000s ]
INFO: [ view_filter ] --START--
INFO: Run Behavior\WriteHtmlCacheBehavior [ RunTime:0.000000s ]
INFO: [ view_filter ] --END-- [ RunTime:0.001001s ]
INFO: [ app_end ] --START--
INFO: Run Behavior\ShowPageTraceBehavior [ RunTime:0.000000s ]
INFO: [ app_end ] --END-- [ RunTime:0.001000s ]

[ 2017-12-09T02:12:19+08:00 ] ::1 /TP/index.php/Users/Users/doRegister
INFO: [ app_init ] --START--
INFO: Run Behavior\BuildLiteBehavior [ RunTime:0.000000s ]
INFO: [ app_init ] --END-- [ RunTime:0.001000s ]
INFO: [ app_begin ] --START--
INFO: Run Behavior\ReadHtmlCacheBehavior [ RunTime:0.000000s ]
INFO: [ app_begin ] --END-- [ RunTime:0.001000s ]
SQL: SHOW COLUMNS FROM `users` [ RunTime:0.1090s ]
SQL: SELECT * FROM `users` WHERE `users_phone` = '18396861521' LIMIT 1   [ RunTime:0.0250s ]
SQL: INSERT INTO `users` (`users_name`,`users_phone`,`users_pass`) VALUES ('唐僧','18396861521','e10adc3949ba59abbe56e057f20f883e') [ RunTime:0.0040s ]
INFO: [ view_parse ] --START--
INFO: [ template_filter ] --START--
INFO: Run Behavior\ContentReplaceBehavior [ RunTime:0.001000s ]
INFO: [ template_filter ] --END-- [ RunTime:0.001000s ]
INFO: Run Behavior\ParseTemplateBehavior [ RunTime:0.019001s ]
INFO: [ view_parse ] --END-- [ RunTime:0.019001s ]
INFO: [ view_filter ] --START--
INFO: Run Behavior\WriteHtmlCacheBehavior [ RunTime:0.002000s ]
INFO: [ view_filter ] --END-- [ RunTime:0.003001s ]
INFO: [ app_end ] --START--
INFO: Run Behavior\ShowPageTraceBehavior [ RunTime:0.002000s ]
INFO: [ app_end ] --END-- [ RunTime:0.002000s ]

[ 2017-12-09T02:12:20+08:00 ] ::1 /TP/index.php/Users/Users/index.html
INFO: [ app_init ] --START--
INFO: Run Behavior\BuildLiteBehavior [ RunTime:0.000000s ]
INFO: [ app_init ] --END-- [ RunTime:0.000000s ]
INFO: [ app_begin ] --START--
INFO: Run Behavior\ReadHtmlCacheBehavior [ RunTime:0.002000s ]
INFO: [ app_begin ] --END-- [ RunTime:0.002000s ]
INFO: [ view_parse ] --START--
INFO: [ template_filter ] --START--
INFO: Run Behavior\ContentReplaceBehavior [ RunTime:0.000000s ]
INFO: [ template_filter ] --END-- [ RunTime:0.000000s ]
INFO: Run Behavior\ParseTemplateBehavior [ RunTime:0.017001s ]
INFO: [ view_parse ] --END-- [ RunTime:0.018001s ]
INFO: [ view_filter ] --START--
INFO: Run Behavior\WriteHtmlCacheBehavior [ RunTime:0.001000s ]
INFO: [ view_filter ] --END-- [ RunTime:0.001000s ]
INFO: [ app_end ] --START--
INFO: Run Behavior\ShowPageTraceBehavior [ RunTime:0.001000s ]
INFO: [ app_end ] --END-- [ RunTime:0.001000s ]

[ 2017-12-09T02:12:22+08:00 ] ::1 /TP/index.php/Users/Users/register
INFO: [ app_init ] --START--
INFO: Run Behavior\BuildLiteBehavior [ RunTime:0.000000s ]
INFO: [ app_init ] --END-- [ RunTime:0.000000s ]
INFO: [ app_begin ] --START--
INFO: Run Behavior\ReadHtmlCacheBehavior [ RunTime:0.001000s ]
INFO: [ app_begin ] --END-- [ RunTime:0.002000s ]
INFO: [ view_parse ] --START--
INFO: [ template_filter ] --START--
INFO: Run Behavior\ContentReplaceBehavior [ RunTime:0.001000s ]
INFO: [ template_filter ] --END-- [ RunTime:0.001000s ]
INFO: Run Behavior\ParseTemplateBehavior [ RunTime:0.025002s ]
INFO: [ view_parse ] --END-- [ RunTime:0.026002s ]
INFO: [ view_filter ] --START--
INFO: Run Behavior\WriteHtmlCacheBehavior [ RunTime:0.000000s ]
INFO: [ view_filter ] --END-- [ RunTime:0.000000s ]
INFO: [ app_end ] --START--
INFO: Run Behavior\ShowPageTraceBehavior [ RunTime:0.000000s ]
INFO: [ app_end ] --END-- [ RunTime:0.000000s ]

[ 2017-12-09T02:12:46+08:00 ] ::1 /TP/index.php/Users/Users/doRegister
INFO: [ app_init ] --START--
INFO: Run Behavior\BuildLiteBehavior [ RunTime:0.000000s ]
INFO: [ app_init ] --END-- [ RunTime:0.001000s ]
INFO: [ app_begin ] --START--
INFO: Run Behavior\ReadHtmlCacheBehavior [ RunTime:0.001000s ]
INFO: [ app_begin ] --END-- [ RunTime:0.002000s ]
SQL: SHOW COLUMNS FROM `users` [ RunTime:0.0050s ]
SQL: SELECT * FROM `users` WHERE `users_phone` = '18396861522' LIMIT 1   [ RunTime:0.0010s ]
SQL: INSERT INTO `users` (`users_name`,`users_phone`,`users_pass`) VALUES ('悟空','18396861522','e10adc3949ba59abbe56e057f20f883e') [ RunTime:0.0010s ]
INFO: [ view_parse ] --START--
INFO: [ template_filter ] --START--
INFO: Run Behavior\ContentReplaceBehavior [ RunTime:0.000000s ]
INFO: [ template_filter ] --END-- [ RunTime:0.000000s ]
INFO: Run Behavior\ParseTemplateBehavior [ RunTime:0.006001s ]
INFO: [ view_parse ] --END-- [ RunTime:0.006001s ]
INFO: [ view_filter ] --START--
INFO: Run Behavior\WriteHtmlCacheBehavior [ RunTime:0.000000s ]
INFO: [ view_filter ] --END-- [ RunTime:0.000000s ]
INFO: [ app_end ] --START--
INFO: Run Behavior\ShowPageTraceBehavior [ RunTime:0.001000s ]
INFO: [ app_end ] --END-- [ RunTime:0.001000s ]

[ 2017-12-09T02:12:47+08:00 ] ::1 /TP/index.php/Users/Users/index.html
INFO: [ app_init ] --START--
INFO: Run Behavior\BuildLiteBehavior [ RunTime:0.000000s ]
INFO: [ app_init ] --END-- [ RunTime:0.001000s ]
INFO: [ app_begin ] --START--
INFO: Run Behavior\ReadHtmlCacheBehavior [ RunTime:0.001001s ]
INFO: [ app_begin ] --END-- [ RunTime:0.001001s ]
INFO: [ view_parse ] --START--
INFO: [ template_filter ] --START--
INFO: Run Behavior\ContentReplaceBehavior [ RunTime:0.001000s ]
INFO: [ template_filter ] --END-- [ RunTime:0.001000s ]
INFO: Run Behavior\ParseTemplateBehavior [ RunTime:0.019001s ]
INFO: [ view_parse ] --END-- [ RunTime:0.020001s ]
INFO: [ view_filter ] --START--
INFO: Run Behavior\WriteHtmlCacheBehavior [ RunTime:0.001001s ]
INFO: [ view_filter ] --END-- [ RunTime:0.002001s ]
INFO: [ app_end ] --START--
INFO: Run Behavior\ShowPageTraceBehavior [ RunTime:0.001000s ]
INFO: [ app_end ] --END-- [ RunTime:0.001000s ]

[ 2017-12-09T02:12:49+08:00 ] ::1 /TP/index.php/Users/Users/register
INFO: [ app_init ] --START--
INFO: Run Behavior\BuildLiteBehavior [ RunTime:0.000000s ]
INFO: [ app_init ] --END-- [ RunTime:0.001000s ]
INFO: [ app_begin ] --START--
INFO: Run Behavior\ReadHtmlCacheBehavior [ RunTime:0.004000s ]
INFO: [ app_begin ] --END-- [ RunTime:0.004000s ]
INFO: [ view_parse ] --START--
INFO: [ template_filter ] --START--
INFO: Run Behavior\ContentReplaceBehavior [ RunTime:0.000000s ]
INFO: [ template_filter ] --END-- [ RunTime:0.000000s ]
INFO: Run Behavior\ParseTemplateBehavior [ RunTime:0.009001s ]
INFO: [ view_parse ] --END-- [ RunTime:0.009001s ]
INFO: [ view_filter ] --START--
INFO: Run Behavior\WriteHtmlCacheBehavior [ RunTime:0.001000s ]
INFO: [ view_filter ] --END-- [ RunTime:0.001000s ]
INFO: [ app_end ] --START--
INFO: Run Behavior\ShowPageTraceBehavior [ RunTime:0.001000s ]
INFO: [ app_end ] --END-- [ RunTime:0.001000s ]

[ 2017-12-09T02:13:39+08:00 ] ::1 /TP/index.php/Users/Users/doRegister
INFO: [ app_init ] --START--
INFO: Run Behavior\BuildLiteBehavior [ RunTime:0.000000s ]
INFO: [ app_init ] --END-- [ RunTime:0.001000s ]
INFO: [ app_begin ] --START--
INFO: Run Behavior\ReadHtmlCacheBehavior [ RunTime:0.002000s ]
INFO: [ app_begin ] --END-- [ RunTime:0.002000s ]
SQL: SHOW COLUMNS FROM `users` [ RunTime:0.0050s ]
SQL: SELECT * FROM `users` WHERE `users_phone` = '18396861523' LIMIT 1   [ RunTime:0.0010s ]
SQL: INSERT INTO `users` (`users_name`,`users_phone`,`users_pass`) VALUES ('沙僧','18396861523','e10adc3949ba59abbe56e057f20f883e') [ RunTime:0.0000s ]
INFO: [ view_parse ] --START--
INFO: [ template_filter ] --START--
INFO: Run Behavior\ContentReplaceBehavior [ RunTime:0.001000s ]
INFO: [ template_filter ] --END-- [ RunTime:0.001000s ]
INFO: Run Behavior\ParseTemplateBehavior [ RunTime:0.006000s ]
INFO: [ view_parse ] --END-- [ RunTime:0.006000s ]
INFO: [ view_filter ] --START--
INFO: Run Behavior\WriteHtmlCacheBehavior [ RunTime:0.000000s ]
INFO: [ view_filter ] --END-- [ RunTime:0.000000s ]
INFO: [ app_end ] --START--
INFO: Run Behavior\ShowPageTraceBehavior [ RunTime:0.000000s ]
INFO: [ app_end ] --END-- [ RunTime:0.000000s ]

[ 2017-12-09T02:13:40+08:00 ] ::1 /TP/index.php/Users/Users/index.html
INFO: [ app_init ] --START--
INFO: Run Behavior\BuildLiteBehavior [ RunTime:0.000000s ]
INFO: [ app_init ] --END-- [ RunTime:0.002001s ]
INFO: [ app_begin ] --START--
INFO: Run Behavior\ReadHtmlCacheBehavior [ RunTime:0.000000s ]
INFO: [ app_begin ] --END-- [ RunTime:0.000000s ]
INFO: [ view_parse ] --START--
INFO: [ template_filter ] --START--
INFO: Run Behavior\ContentReplaceBehavior [ RunTime:0.000000s ]
INFO: [ template_filter ] --END-- [ RunTime:0.000000s ]
INFO: Run Behavior\ParseTemplateBehavior [ RunTime:0.007000s ]
INFO: [ view_parse ] --END-- [ RunTime:0.007000s ]
INFO: [ view_filter ] --START--
INFO: Run Behavior\WriteHtmlCacheBehavior [ RunTime:0.000000s ]
INFO: [ view_filter ] --END-- [ RunTime:0.000000s ]
INFO: [ app_end ] --START--
INFO: Run Behavior\ShowPageTraceBehavior [ RunTime:0.002000s ]
INFO: [ app_end ] --END-- [ RunTime:0.002000s ]

[ 2017-12-09T02:13:42+08:00 ] ::1 /TP/index.php/Users/Users/register
INFO: [ app_init ] --START--
INFO: Run Behavior\BuildLiteBehavior [ RunTime:0.000000s ]
INFO: [ app_init ] --END-- [ RunTime:0.002000s ]
INFO: [ app_begin ] --START--
INFO: Run Behavior\ReadHtmlCacheBehavior [ RunTime:0.000000s ]
INFO: [ app_begin ] --END-- [ RunTime:0.001001s ]
INFO: [ view_parse ] --START--
INFO: [ template_filter ] --START--
INFO: Run Behavior\ContentReplaceBehavior [ RunTime:0.000000s ]
INFO: [ template_filter ] --END-- [ RunTime:0.000000s ]
INFO: Run Behavior\ParseTemplateBehavior [ RunTime:0.008000s ]
INFO: [ view_parse ] --END-- [ RunTime:0.008000s ]
INFO: [ view_filter ] --START--
INFO: Run Behavior\WriteHtmlCacheBehavior [ RunTime:0.001000s ]
INFO: [ view_filter ] --END-- [ RunTime:0.001000s ]
INFO: [ app_end ] --START--
INFO: Run Behavior\ShowPageTraceBehavior [ RunTime:0.001000s ]
INFO: [ app_end ] --END-- [ RunTime:0.001000s ]

[ 2017-12-09T02:14:02+08:00 ] ::1 /TP/index.php/Users/Users/doRegister
INFO: [ app_init ] --START--
INFO: Run Behavior\BuildLiteBehavior [ RunTime:0.000000s ]
INFO: [ app_init ] --END-- [ RunTime:0.001000s ]
INFO: [ app_begin ] --START--
INFO: Run Behavior\ReadHtmlCacheBehavior [ RunTime:0.001000s ]
INFO: [ app_begin ] --END-- [ RunTime:0.001000s ]
SQL: SHOW COLUMNS FROM `users` [ RunTime:0.0030s ]
SQL: SELECT * FROM `users` WHERE `users_phone` = '18396861513' LIMIT 1   [ RunTime:0.0010s ]
INFO: [ app_end ] --START--
INFO: Run Behavior\ShowPageTraceBehavior [ RunTime:0.002000s ]
INFO: [ app_end ] --END-- [ RunTime:0.002000s ]

[ 2017-12-09T02:14:24+08:00 ] ::1 /TP/index.php/Users/Users/doRegister
INFO: [ app_init ] --START--
INFO: Run Behavior\BuildLiteBehavior [ RunTime:0.000000s ]
INFO: [ app_init ] --END-- [ RunTime:0.001000s ]
INFO: [ app_begin ] --START--
INFO: Run Behavior\ReadHtmlCacheBehavior [ RunTime:0.001000s ]
INFO: [ app_begin ] --END-- [ RunTime:0.001000s ]
SQL: SHOW COLUMNS FROM `users` [ RunTime:0.0030s ]
SQL: SELECT * FROM `users` WHERE `users_phone` = '18396861524' LIMIT 1   [ RunTime:0.0010s ]
SQL: INSERT INTO `users` (`users_name`,`users_phone`,`users_pass`) VALUES ('八戒','18396861524','e10adc3949ba59abbe56e057f20f883e') [ RunTime:0.0010s ]
INFO: [ view_parse ] --START--
INFO: [ template_filter ] --START--
INFO: Run Behavior\ContentReplaceBehavior [ RunTime:0.000000s ]
INFO: [ template_filter ] --END-- [ RunTime:0.001000s ]
INFO: Run Behavior\ParseTemplateBehavior [ RunTime:0.024001s ]
INFO: [ view_parse ] --END-- [ RunTime:0.027001s ]
INFO: [ view_filter ] --START--
INFO: Run Behavior\WriteHtmlCacheBehavior [ RunTime:0.007000s ]
INFO: [ view_filter ] --END-- [ RunTime:0.007000s ]
INFO: [ app_end ] --START--
INFO: Run Behavior\ShowPageTraceBehavior [ RunTime:0.008000s ]
INFO: [ app_end ] --END-- [ RunTime:0.008000s ]

[ 2017-12-09T02:14:25+08:00 ] ::1 /TP/index.php/Users/Users/index.html
INFO: [ app_init ] --START--
INFO: Run Behavior\BuildLiteBehavior [ RunTime:0.000000s ]
INFO: [ app_init ] --END-- [ RunTime:0.001000s ]
INFO: [ app_begin ] --START--
INFO: Run Behavior\ReadHtmlCacheBehavior [ RunTime:0.001000s ]
INFO: [ app_begin ] --END-- [ RunTime:0.001000s ]
INFO: [ view_parse ] --START--
INFO: [ template_filter ] --START--
INFO: Run Behavior\ContentReplaceBehavior [ RunTime:0.000000s ]
INFO: [ template_filter ] --END-- [ RunTime:0.000000s ]
INFO: Run Behavior\ParseTemplateBehavior [ RunTime:0.007001s ]
INFO: [ view_parse ] --END-- [ RunTime:0.007001s ]
INFO: [ view_filter ] --START--
INFO: Run Behavior\WriteHtmlCacheBehavior [ RunTime:0.001000s ]
INFO: [ view_filter ] --END-- [ RunTime:0.001000s ]
INFO: [ app_end ] --START--
INFO: Run Behavior\ShowPageTraceBehavior [ RunTime:0.003000s ]
INFO: [ app_end ] --END-- [ RunTime:0.003000s ]

[ 2017-12-09T03:05:40+08:00 ] ::1 /TP/index.php/Users/Users/dologin
INFO: [ app_init ] --START--
INFO: Run Behavior\BuildLiteBehavior [ RunTime:0.000000s ]
INFO: [ app_init ] --END-- [ RunTime:0.002000s ]
INFO: [ app_begin ] --START--
INFO: Run Behavior\ReadHtmlCacheBehavior [ RunTime:0.001000s ]
INFO: [ app_begin ] --END-- [ RunTime:0.001000s ]
SQL: SHOW COLUMNS FROM `users` [ RunTime:0.0010s ]
SQL: SELECT * FROM `users` WHERE `users_pass` = 'e10adc3949ba59abbe56e057f20f883e' AND `users_phone` = '18396861521' LIMIT 1   [ RunTime:0.0010s ]
SQL: SHOW COLUMNS FROM `consume_list` [ RunTime:0.0010s ]
SQL: SHOW COLUMNS FROM `users_integral_list` [ RunTime:0.0030s ]
SQL: SELECT SUM(consume_money) AS tp_sum FROM `consume_list` WHERE `users_id` = 19 LIMIT 1   [ RunTime:0.0000s ]
SQL: SELECT SUM(users_get_integral) AS tp_sum FROM `users_integral_list` WHERE `users_id` = 19 LIMIT 1   [ RunTime:0.0000s ]
NOTIC: [8] curl_setopt(): CURLOPT_SSL_VERIFYHOST no longer accepts the value 1, value 2 will be used instead D:\wamp64\www\TP\ThinkPHP\Library\Org\Wxsdk\Jssdk.class.php 第 97 行.
NOTIC: [8] Trying to get property of non-object D:\wamp64\www\TP\ThinkPHP\Library\Org\Wxsdk\Jssdk.class.php 第 78 行.
NOTIC: [8] curl_setopt(): CURLOPT_SSL_VERIFYHOST no longer accepts the value 1, value 2 will be used instead D:\wamp64\www\TP\ThinkPHP\Library\Org\Wxsdk\Jssdk.class.php 第 97 行.
NOTIC: [8] Trying to get property of non-object D:\wamp64\www\TP\ThinkPHP\Library\Org\Wxsdk\Jssdk.class.php 第 57 行.
INFO: [ view_parse ] --START--
INFO: [ template_filter ] --START--
INFO: Run Behavior\ContentReplaceBehavior [ RunTime:0.000000s ]
INFO: [ template_filter ] --END-- [ RunTime:0.000000s ]
INFO: Run Behavior\ParseTemplateBehavior [ RunTime:0.020001s ]
INFO: [ view_parse ] --END-- [ RunTime:0.020001s ]
INFO: [ view_filter ] --START--
INFO: Run Behavior\WriteHtmlCacheBehavior [ RunTime:0.004000s ]
INFO: [ view_filter ] --END-- [ RunTime:0.005000s ]
INFO: [ app_end ] --START--
INFO: Run Behavior\ShowPageTraceBehavior [ RunTime:0.004001s ]
INFO: [ app_end ] --END-- [ RunTime:0.004001s ]

[ 2017-12-09T03:05:43+08:00 ] ::1 /TP/index.php/Users/Index/payment
INFO: [ app_init ] --START--
INFO: Run Behavior\BuildLiteBehavior [ RunTime:0.000000s ]
INFO: [ app_init ] --END-- [ RunTime:0.001000s ]
INFO: [ app_begin ] --START--
INFO: Run Behavior\ReadHtmlCacheBehavior [ RunTime:0.001000s ]
INFO: [ app_begin ] --END-- [ RunTime:0.001000s ]
SQL: SHOW COLUMNS FROM `business` [ RunTime:0.0010s ]
SQL: SELECT * FROM `business`  [ RunTime:0.0010s ]
SQL: SHOW COLUMNS FROM `users_integral` [ RunTime:0.0010s ]
SQL: SELECT `users_integral_num` FROM `users_integral` WHERE `users_id` = 19 AND `business_id` = 2 LIMIT 1   [ RunTime:0.0010s ]
INFO: [ view_parse ] --START--
INFO: [ template_filter ] --START--
INFO: Run Behavior\ContentReplaceBehavior [ RunTime:0.000000s ]
INFO: [ template_filter ] --END-- [ RunTime:0.000000s ]
INFO: Run Behavior\ParseTemplateBehavior [ RunTime:0.027001s ]
INFO: [ view_parse ] --END-- [ RunTime:0.027001s ]
INFO: [ view_filter ] --START--
INFO: Run Behavior\WriteHtmlCacheBehavior [ RunTime:0.000000s ]
INFO: [ view_filter ] --END-- [ RunTime:0.000000s ]
INFO: [ app_end ] --START--
INFO: Run Behavior\ShowPageTraceBehavior [ RunTime:0.001001s ]
INFO: [ app_end ] --END-- [ RunTime:0.001001s ]

[ 2017-12-09T03:05:58+08:00 ] ::1 /TP/index.php/Users/Bunsiness/getMoney
INFO: [ app_init ] --START--
INFO: Run Behavior\BuildLiteBehavior [ RunTime:0.000000s ]
INFO: [ app_init ] --END-- [ RunTime:0.001000s ]
INFO: [ app_begin ] --START--
INFO: Run Behavior\ReadHtmlCacheBehavior [ RunTime:0.008000s ]
INFO: [ app_begin ] --END-- [ RunTime:0.008000s ]
SQL: SHOW COLUMNS FROM `users_integral` [ RunTime:0.0010s ]
SQL: SELECT `users_integral_num` FROM `users_integral` WHERE `users_id` = 19 AND `business_id` = 2 LIMIT 1   [ RunTime:0.0000s ]
SQL: SHOW COLUMNS FROM `coupons` [ RunTime:0.0010s ]
SQL: SELECT a.coupons_money,get_coupons.get_coupons_id FROM coupons a INNER JOIN get_coupons ON get_coupons.coupons_id= a.coupons_id  WHERE a.business_id = 2 AND get_coupons.users_id = '19' AND ( a.coupons_satisfy >= 200  ) ORDER BY a.coupons_satisfy desc LIMIT 1   [ RunTime:0.0030s ]
NOTIC: [8] Undefined offset: 0 D:\wamp64\www\TP\Application\Users\Controller\CouponsController.class.php 第 53 行.
SQL: SHOW COLUMNS FROM `consume_list` [ RunTime:0.0000s ]
SQL: INSERT INTO `consume_list` (`users_id`,`business_id`,`consume_money`,`consume_time`) VALUES ('19','2','200','1512759958') [ RunTime:0.0000s ]
NOTIC: [8] Use of undefined constant ture - assumed 'ture' D:\wamp64\www\TP\Application\Users\Controller\BunsinessController.class.php 第 104 行.
SQL: SELECT `users_integral_num` FROM `users_integral` WHERE `business_id` = 2 AND `users_id` = 19 LIMIT 1   [ RunTime:0.0000s ]
SQL: UPDATE `users_integral` SET `users_integral_num`='0' WHERE `business_id` = 2 AND `users_id` = 19 [ RunTime:0.0010s ]
SQL: SHOW COLUMNS FROM `get_coupons` [ RunTime:0.0010s ]
INFO: [ view_parse ] --START--
INFO: [ template_filter ] --START--
INFO: Run Behavior\ContentReplaceBehavior [ RunTime:0.000000s ]
INFO: [ template_filter ] --END-- [ RunTime:0.000000s ]
INFO: Run Behavior\ParseTemplateBehavior [ RunTime:0.018001s ]
INFO: [ view_parse ] --END-- [ RunTime:0.018001s ]
INFO: [ view_filter ] --START--
INFO: Run Behavior\WriteHtmlCacheBehavior [ RunTime:0.001000s ]
INFO: [ view_filter ] --END-- [ RunTime:0.001000s ]
INFO: [ app_end ] --START--
INFO: Run Behavior\ShowPageTraceBehavior [ RunTime:0.002000s ]
INFO: [ app_end ] --END-- [ RunTime:0.002000s ]

[ 2017-12-09T03:06:00+08:00 ] ::1 /TP/index.php/Users/Users/index.html
INFO: [ app_init ] --START--
INFO: Run Behavior\BuildLiteBehavior [ RunTime:0.000000s ]
INFO: [ app_init ] --END-- [ RunTime:0.001000s ]
INFO: [ app_begin ] --START--
INFO: Run Behavior\ReadHtmlCacheBehavior [ RunTime:0.007001s ]
INFO: [ app_begin ] --END-- [ RunTime:0.007001s ]
SQL: SHOW COLUMNS FROM `consume_list` [ RunTime:0.0010s ]
SQL: SHOW COLUMNS FROM `users_integral_list` [ RunTime:0.0020s ]
SQL: SELECT SUM(consume_money) AS tp_sum FROM `consume_list` WHERE `users_id` = 19 LIMIT 1   [ RunTime:0.0010s ]
SQL: SELECT SUM(users_get_integral) AS tp_sum FROM `users_integral_list` WHERE `users_id` = 19 LIMIT 1   [ RunTime:0.0000s ]
NOTIC: [8] curl_setopt(): CURLOPT_SSL_VERIFYHOST no longer accepts the value 1, value 2 will be used instead D:\wamp64\www\TP\ThinkPHP\Library\Org\Wxsdk\Jssdk.class.php 第 97 行.
NOTIC: [8] Trying to get property of non-object D:\wamp64\www\TP\ThinkPHP\Library\Org\Wxsdk\Jssdk.class.php 第 78 行.
NOTIC: [8] curl_setopt(): CURLOPT_SSL_VERIFYHOST no longer accepts the value 1, value 2 will be used instead D:\wamp64\www\TP\ThinkPHP\Library\Org\Wxsdk\Jssdk.class.php 第 97 行.
NOTIC: [8] Trying to get property of non-object D:\wamp64\www\TP\ThinkPHP\Library\Org\Wxsdk\Jssdk.class.php 第 57 行.
INFO: [ view_parse ] --START--
INFO: [ template_filter ] --START--
INFO: Run Behavior\ContentReplaceBehavior [ RunTime:0.000000s ]
INFO: [ template_filter ] --END-- [ RunTime:0.000000s ]
INFO: Run Behavior\ParseTemplateBehavior [ RunTime:0.039002s ]
INFO: [ view_parse ] --END-- [ RunTime:0.041003s ]
INFO: [ view_filter ] --START--
INFO: Run Behavior\WriteHtmlCacheBehavior [ RunTime:0.001000s ]
INFO: [ view_filter ] --END-- [ RunTime:0.005000s ]
INFO: [ app_end ] --START--
INFO: Run Behavior\ShowPageTraceBehavior [ RunTime:0.004000s ]
INFO: [ app_end ] --END-- [ RunTime:0.004000s ]

[ 2017-12-09T03:06:04+08:00 ] ::1 /TP/index.php/Users/Index/payment
INFO: [ app_init ] --START--
INFO: Run Behavior\BuildLiteBehavior [ RunTime:0.000000s ]
INFO: [ app_init ] --END-- [ RunTime:0.000000s ]
INFO: [ app_begin ] --START--
INFO: Run Behavior\ReadHtmlCacheBehavior [ RunTime:0.001001s ]
INFO: [ app_begin ] --END-- [ RunTime:0.001001s ]
SQL: SHOW COLUMNS FROM `business` [ RunTime:0.0020s ]
SQL: SELECT * FROM `business`  [ RunTime:0.0010s ]
SQL: SHOW COLUMNS FROM `users_integral` [ RunTime:0.0010s ]
SQL: SELECT `users_integral_num` FROM `users_integral` WHERE `users_id` = 19 AND `business_id` = 2 LIMIT 1   [ RunTime:0.0000s ]
INFO: [ view_parse ] --START--
INFO: [ template_filter ] --START--
INFO: Run Behavior\ContentReplaceBehavior [ RunTime:0.000000s ]
INFO: [ template_filter ] --END-- [ RunTime:0.001000s ]
INFO: Run Behavior\ParseTemplateBehavior [ RunTime:0.011000s ]
INFO: [ view_parse ] --END-- [ RunTime:0.011000s ]
INFO: [ view_filter ] --START--
INFO: Run Behavior\WriteHtmlCacheBehavior [ RunTime:0.001000s ]
INFO: [ view_filter ] --END-- [ RunTime:0.001000s ]
INFO: [ app_end ] --START--
INFO: Run Behavior\ShowPageTraceBehavior [ RunTime:0.001000s ]
INFO: [ app_end ] --END-- [ RunTime:0.001000s ]

[ 2017-12-09T03:06:11+08:00 ] ::1 /TP/index.php/Users/Bunsiness/getMoney
INFO: [ app_init ] --START--
INFO: Run Behavior\BuildLiteBehavior [ RunTime:0.000000s ]
INFO: [ app_init ] --END-- [ RunTime:0.000000s ]
INFO: [ app_begin ] --START--
INFO: Run Behavior\ReadHtmlCacheBehavior [ RunTime:0.001001s ]
INFO: [ app_begin ] --END-- [ RunTime:0.001001s ]
SQL: SHOW COLUMNS FROM `users_integral` [ RunTime:0.0020s ]
SQL: SELECT `users_integral_num` FROM `users_integral` WHERE `users_id` = 19 AND `business_id` = 2 LIMIT 1   [ RunTime:0.0060s ]
SQL: SHOW COLUMNS FROM `coupons` [ RunTime:0.0020s ]
SQL: SELECT a.coupons_money,get_coupons.get_coupons_id FROM coupons a INNER JOIN get_coupons ON get_coupons.coupons_id= a.coupons_id  WHERE a.business_id = 2 AND get_coupons.users_id = '19' AND ( a.coupons_satisfy >= 140  ) ORDER BY a.coupons_satisfy desc LIMIT 1   [ RunTime:0.0020s ]
NOTIC: [8] Undefined offset: 0 D:\wamp64\www\TP\Application\Users\Controller\CouponsController.class.php 第 53 行.
SQL: SHOW COLUMNS FROM `consume_list` [ RunTime:0.0010s ]
SQL: INSERT INTO `consume_list` (`users_id`,`business_id`,`consume_money`,`consume_time`) VALUES ('19','2','140','1512759971') [ RunTime:0.0010s ]
NOTIC: [8] Use of undefined constant ture - assumed 'ture' D:\wamp64\www\TP\Application\Users\Controller\BunsinessController.class.php 第 104 行.
SQL: SELECT `users_integral_num` FROM `users_integral` WHERE `business_id` = 2 AND `users_id` = 19 LIMIT 1   [ RunTime:0.0010s ]
SQL: UPDATE `users_integral` SET `users_integral_num`='0' WHERE `business_id` = 2 AND `users_id` = 19 [ RunTime:0.0000s ]
SQL: SHOW COLUMNS FROM `get_coupons` [ RunTime:0.0010s ]
INFO: [ view_parse ] --START--
INFO: [ template_filter ] --START--
INFO: Run Behavior\ContentReplaceBehavior [ RunTime:0.000000s ]
INFO: [ template_filter ] --END-- [ RunTime:0.000000s ]
INFO: Run Behavior\ParseTemplateBehavior [ RunTime:0.007000s ]
INFO: [ view_parse ] --END-- [ RunTime:0.007000s ]
INFO: [ view_filter ] --START--
INFO: Run Behavior\WriteHtmlCacheBehavior [ RunTime:0.000000s ]
INFO: [ view_filter ] --END-- [ RunTime:0.000000s ]
INFO: [ app_end ] --START--
INFO: Run Behavior\ShowPageTraceBehavior [ RunTime:0.001000s ]
INFO: [ app_end ] --END-- [ RunTime:0.001000s ]

[ 2017-12-09T03:06:13+08:00 ] ::1 /TP/index.php/Users/Users/index.html
INFO: [ app_init ] --START--
INFO: Run Behavior\BuildLiteBehavior [ RunTime:0.000000s ]
INFO: [ app_init ] --END-- [ RunTime:0.001001s ]
INFO: [ app_begin ] --START--
INFO: Run Behavior\ReadHtmlCacheBehavior [ RunTime:0.001000s ]
INFO: [ app_begin ] --END-- [ RunTime:0.001000s ]
SQL: SHOW COLUMNS FROM `consume_list` [ RunTime:0.0000s ]
SQL: SHOW COLUMNS FROM `users_integral_list` [ RunTime:0.0020s ]
SQL: SELECT SUM(consume_money) AS tp_sum FROM `consume_list` WHERE `users_id` = 19 LIMIT 1   [ RunTime:0.0000s ]
SQL: SELECT SUM(users_get_integral) AS tp_sum FROM `users_integral_list` WHERE `users_id` = 19 LIMIT 1   [ RunTime:0.0000s ]
NOTIC: [8] curl_setopt(): CURLOPT_SSL_VERIFYHOST no longer accepts the value 1, value 2 will be used instead D:\wamp64\www\TP\ThinkPHP\Library\Org\Wxsdk\Jssdk.class.php 第 97 行.
NOTIC: [8] Trying to get property of non-object D:\wamp64\www\TP\ThinkPHP\Library\Org\Wxsdk\Jssdk.class.php 第 78 行.
NOTIC: [8] curl_setopt(): CURLOPT_SSL_VERIFYHOST no longer accepts the value 1, value 2 will be used instead D:\wamp64\www\TP\ThinkPHP\Library\Org\Wxsdk\Jssdk.class.php 第 97 行.
NOTIC: [8] Trying to get property of non-object D:\wamp64\www\TP\ThinkPHP\Library\Org\Wxsdk\Jssdk.class.php 第 57 行.
INFO: [ view_parse ] --START--
INFO: [ template_filter ] --START--
INFO: Run Behavior\ContentReplaceBehavior [ RunTime:0.000000s ]
INFO: [ template_filter ] --END-- [ RunTime:0.000000s ]
INFO: Run Behavior\ParseTemplateBehavior [ RunTime:0.008001s ]
INFO: [ view_parse ] --END-- [ RunTime:0.008001s ]
INFO: [ view_filter ] --START--
INFO: Run Behavior\WriteHtmlCacheBehavior [ RunTime:0.001000s ]
INFO: [ view_filter ] --END-- [ RunTime:0.001000s ]
INFO: [ app_end ] --START--
INFO: Run Behavior\ShowPageTraceBehavior [ RunTime:0.001000s ]
INFO: [ app_end ] --END-- [ RunTime:0.001000s ]

[ 2017-12-09T03:06:15+08:00 ] ::1 /TP/index.php/Users/Index/payment
INFO: [ app_init ] --START--
INFO: Run Behavior\BuildLiteBehavior [ RunTime:0.000000s ]
INFO: [ app_init ] --END-- [ RunTime:0.001000s ]
INFO: [ app_begin ] --START--
INFO: Run Behavior\ReadHtmlCacheBehavior [ RunTime:0.001000s ]
INFO: [ app_begin ] --END-- [ RunTime:0.001000s ]
SQL: SHOW COLUMNS FROM `business` [ RunTime:0.0010s ]
SQL: SELECT * FROM `business`  [ RunTime:0.0010s ]
SQL: SHOW COLUMNS FROM `users_integral` [ RunTime:0.0010s ]
SQL: SELECT `users_integral_num` FROM `users_integral` WHERE `users_id` = 19 AND `business_id` = 2 LIMIT 1   [ RunTime:0.0000s ]
INFO: [ view_parse ] --START--
INFO: [ template_filter ] --START--
INFO: Run Behavior\ContentReplaceBehavior [ RunTime:0.000000s ]
INFO: [ template_filter ] --END-- [ RunTime:0.000000s ]
INFO: Run Behavior\ParseTemplateBehavior [ RunTime:0.016001s ]
INFO: [ view_parse ] --END-- [ RunTime:0.017001s ]
INFO: [ view_filter ] --START--
INFO: Run Behavior\WriteHtmlCacheBehavior [ RunTime:0.001000s ]
INFO: [ view_filter ] --END-- [ RunTime:0.001000s ]
INFO: [ app_end ] --START--
INFO: Run Behavior\ShowPageTraceBehavior [ RunTime:0.001000s ]
INFO: [ app_end ] --END-- [ RunTime:0.001000s ]

[ 2017-12-09T03:06:20+08:00 ] ::1 /TP/index.php/Users/Bunsiness/getMoney
INFO: [ app_init ] --START--
INFO: Run Behavior\BuildLiteBehavior [ RunTime:0.000000s ]
INFO: [ app_init ] --END-- [ RunTime:0.002000s ]
INFO: [ app_begin ] --START--
INFO: Run Behavior\ReadHtmlCacheBehavior [ RunTime:0.003000s ]
INFO: [ app_begin ] --END-- [ RunTime:0.005000s ]
SQL: SHOW COLUMNS FROM `users_integral` [ RunTime:0.0010s ]
SQL: SELECT `users_integral_num` FROM `users_integral` WHERE `users_id` = 19 AND `business_id` = 2 LIMIT 1   [ RunTime:0.0010s ]
SQL: SHOW COLUMNS FROM `coupons` [ RunTime:0.0010s ]
SQL: SELECT a.coupons_money,get_coupons.get_coupons_id FROM coupons a INNER JOIN get_coupons ON get_coupons.coupons_id= a.coupons_id  WHERE a.business_id = 2 AND get_coupons.users_id = '19' AND ( a.coupons_satisfy >= 160  ) ORDER BY a.coupons_satisfy desc LIMIT 1   [ RunTime:0.0010s ]
NOTIC: [8] Undefined offset: 0 D:\wamp64\www\TP\Application\Users\Controller\CouponsController.class.php 第 53 行.
SQL: SHOW COLUMNS FROM `consume_list` [ RunTime:0.0010s ]
SQL: INSERT INTO `consume_list` (`users_id`,`business_id`,`consume_money`,`consume_time`) VALUES ('19','2','160','1512759980') [ RunTime:0.0000s ]
NOTIC: [8] Use of undefined constant ture - assumed 'ture' D:\wamp64\www\TP\Application\Users\Controller\BunsinessController.class.php 第 104 行.
SQL: SELECT `users_integral_num` FROM `users_integral` WHERE `business_id` = 2 AND `users_id` = 19 LIMIT 1   [ RunTime:0.0000s ]
SQL: UPDATE `users_integral` SET `users_integral_num`='0' WHERE `business_id` = 2 AND `users_id` = 19 [ RunTime:0.0000s ]
SQL: SHOW COLUMNS FROM `get_coupons` [ RunTime:0.0010s ]
INFO: [ view_parse ] --START--
INFO: [ template_filter ] --START--
INFO: Run Behavior\ContentReplaceBehavior [ RunTime:0.000000s ]
INFO: [ template_filter ] --END-- [ RunTime:0.000000s ]
INFO: Run Behavior\ParseTemplateBehavior [ RunTime:0.009000s ]
INFO: [ view_parse ] --END-- [ RunTime:0.009000s ]
INFO: [ view_filter ] --START--
INFO: Run Behavior\WriteHtmlCacheBehavior [ RunTime:0.001000s ]
INFO: [ view_filter ] --END-- [ RunTime:0.001000s ]
INFO: [ app_end ] --START--
INFO: Run Behavior\ShowPageTraceBehavior [ RunTime:0.001000s ]
INFO: [ app_end ] --END-- [ RunTime:0.001000s ]

[ 2017-12-09T03:06:21+08:00 ] ::1 /TP/index.php/Users/Users/index.html
INFO: [ app_init ] --START--
INFO: Run Behavior\BuildLiteBehavior [ RunTime:0.000000s ]
INFO: [ app_init ] --END-- [ RunTime:0.001000s ]
INFO: [ app_begin ] --START--
INFO: Run Behavior\ReadHtmlCacheBehavior [ RunTime:0.001000s ]
INFO: [ app_begin ] --END-- [ RunTime:0.001000s ]
SQL: SHOW COLUMNS FROM `consume_list` [ RunTime:0.0010s ]
SQL: SHOW COLUMNS FROM `users_integral_list` [ RunTime:0.0010s ]
SQL: SELECT SUM(consume_money) AS tp_sum FROM `consume_list` WHERE `users_id` = 19 LIMIT 1   [ RunTime:0.0010s ]
SQL: SELECT SUM(users_get_integral) AS tp_sum FROM `users_integral_list` WHERE `users_id` = 19 LIMIT 1   [ RunTime:0.0000s ]
NOTIC: [8] curl_setopt(): CURLOPT_SSL_VERIFYHOST no longer accepts the value 1, value 2 will be used instead D:\wamp64\www\TP\ThinkPHP\Library\Org\Wxsdk\Jssdk.class.php 第 97 行.
NOTIC: [8] Trying to get property of non-object D:\wamp64\www\TP\ThinkPHP\Library\Org\Wxsdk\Jssdk.class.php 第 78 行.
NOTIC: [8] curl_setopt(): CURLOPT_SSL_VERIFYHOST no longer accepts the value 1, value 2 will be used instead D:\wamp64\www\TP\ThinkPHP\Library\Org\Wxsdk\Jssdk.class.php 第 97 行.
NOTIC: [8] Trying to get property of non-object D:\wamp64\www\TP\ThinkPHP\Library\Org\Wxsdk\Jssdk.class.php 第 57 行.
INFO: [ view_parse ] --START--
INFO: [ template_filter ] --START--
INFO: Run Behavior\ContentReplaceBehavior [ RunTime:0.000000s ]
INFO: [ template_filter ] --END-- [ RunTime:0.001000s ]
INFO: Run Behavior\ParseTemplateBehavior [ RunTime:0.017001s ]
INFO: [ view_parse ] --END-- [ RunTime:0.017001s ]
INFO: [ view_filter ] --START--
INFO: Run Behavior\WriteHtmlCacheBehavior [ RunTime:0.014001s ]
INFO: [ view_filter ] --END-- [ RunTime:0.014001s ]
INFO: [ app_end ] --START--
INFO: Run Behavior\ShowPageTraceBehavior [ RunTime:0.003000s ]
INFO: [ app_end ] --END-- [ RunTime:0.006000s ]

[ 2017-12-09T03:06:23+08:00 ] ::1 /TP/index.php/Users/Index/payment
INFO: [ app_init ] --START--
INFO: Run Behavior\BuildLiteBehavior [ RunTime:0.000000s ]
INFO: [ app_init ] --END-- [ RunTime:0.001000s ]
INFO: [ app_begin ] --START--
INFO: Run Behavior\ReadHtmlCacheBehavior [ RunTime:0.002000s ]
INFO: [ app_begin ] --END-- [ RunTime:0.002000s ]
SQL: SHOW COLUMNS FROM `business` [ RunTime:0.0040s ]
SQL: SELECT * FROM `business`  [ RunTime:0.0010s ]
SQL: SHOW COLUMNS FROM `users_integral` [ RunTime:0.0030s ]
SQL: SELECT `users_integral_num` FROM `users_integral` WHERE `users_id` = 19 AND `business_id` = 2 LIMIT 1   [ RunTime:0.0010s ]
INFO: [ view_parse ] --START--
INFO: [ template_filter ] --START--
INFO: Run Behavior\ContentReplaceBehavior [ RunTime:0.000000s ]
INFO: [ template_filter ] --END-- [ RunTime:0.000000s ]
INFO: Run Behavior\ParseTemplateBehavior [ RunTime:0.011000s ]
INFO: [ view_parse ] --END-- [ RunTime:0.011000s ]
INFO: [ view_filter ] --START--
INFO: Run Behavior\WriteHtmlCacheBehavior [ RunTime:0.001000s ]
INFO: [ view_filter ] --END-- [ RunTime:0.001000s ]
INFO: [ app_end ] --START--
INFO: Run Behavior\ShowPageTraceBehavior [ RunTime:0.001000s ]
INFO: [ app_end ] --END-- [ RunTime:0.001000s ]

[ 2017-12-09T03:06:27+08:00 ] ::1 /TP/index.php/Users/Bunsiness/getMoney
INFO: [ app_init ] --START--
INFO: Run Behavior\BuildLiteBehavior [ RunTime:0.000000s ]
INFO: [ app_init ] --END-- [ RunTime:0.001000s ]
INFO: [ app_begin ] --START--
INFO: Run Behavior\ReadHtmlCacheBehavior [ RunTime:0.001000s ]
INFO: [ app_begin ] --END-- [ RunTime:0.001000s ]
SQL: SHOW COLUMNS FROM `users_integral` [ RunTime:0.0010s ]
SQL: SELECT `users_integral_num` FROM `users_integral` WHERE `users_id` = 19 AND `business_id` = 2 LIMIT 1   [ RunTime:0.0010s ]
SQL: SHOW COLUMNS FROM `coupons` [ RunTime:0.0060s ]
SQL: SELECT a.coupons_money,get_coupons.get_coupons_id FROM coupons a INNER JOIN get_coupons ON get_coupons.coupons_id= a.coupons_id  WHERE a.business_id = 2 AND get_coupons.users_id = '19' AND ( a.coupons_satisfy >= 500  ) ORDER BY a.coupons_satisfy desc LIMIT 1   [ RunTime:0.0030s ]
NOTIC: [8] Undefined offset: 0 D:\wamp64\www\TP\Application\Users\Controller\CouponsController.class.php 第 53 行.
SQL: SHOW COLUMNS FROM `consume_list` [ RunTime:0.0010s ]
SQL: INSERT INTO `consume_list` (`users_id`,`business_id`,`consume_money`,`consume_time`) VALUES ('19','2','500','1512759987') [ RunTime:0.0000s ]
NOTIC: [8] Use of undefined constant ture - assumed 'ture' D:\wamp64\www\TP\Application\Users\Controller\BunsinessController.class.php 第 104 行.
SQL: SELECT `users_integral_num` FROM `users_integral` WHERE `business_id` = 2 AND `users_id` = 19 LIMIT 1   [ RunTime:0.0000s ]
SQL: UPDATE `users_integral` SET `users_integral_num`='0' WHERE `business_id` = 2 AND `users_id` = 19 [ RunTime:0.0010s ]
SQL: SHOW COLUMNS FROM `get_coupons` [ RunTime:0.0000s ]
INFO: [ view_parse ] --START--
INFO: [ template_filter ] --START--
INFO: Run Behavior\ContentReplaceBehavior [ RunTime:0.000000s ]
INFO: [ template_filter ] --END-- [ RunTime:0.000000s ]
INFO: Run Behavior\ParseTemplateBehavior [ RunTime:0.011001s ]
INFO: [ view_parse ] --END-- [ RunTime:0.011001s ]
INFO: [ view_filter ] --START--
INFO: Run Behavior\WriteHtmlCacheBehavior [ RunTime:0.001000s ]
INFO: [ view_filter ] --END-- [ RunTime:0.001000s ]
INFO: [ app_end ] --START--
INFO: Run Behavior\ShowPageTraceBehavior [ RunTime:0.001000s ]
INFO: [ app_end ] --END-- [ RunTime:0.001000s ]

[ 2017-12-09T03:06:29+08:00 ] ::1 /TP/index.php/Users/Users/index.html
INFO: [ app_init ] --START--
INFO: Run Behavior\BuildLiteBehavior [ RunTime:0.000000s ]
INFO: [ app_init ] --END-- [ RunTime:0.002000s ]
INFO: [ app_begin ] --START--
INFO: Run Behavior\ReadHtmlCacheBehavior [ RunTime:0.002000s ]
INFO: [ app_begin ] --END-- [ RunTime:0.002000s ]
SQL: SHOW COLUMNS FROM `consume_list` [ RunTime:0.0020s ]
SQL: SHOW COLUMNS FROM `users_integral_list` [ RunTime:0.0010s ]
SQL: SELECT SUM(consume_money) AS tp_sum FROM `consume_list` WHERE `users_id` = 19 LIMIT 1   [ RunTime:0.0000s ]
SQL: SELECT SUM(users_get_integral) AS tp_sum FROM `users_integral_list` WHERE `users_id` = 19 LIMIT 1   [ RunTime:0.0000s ]
NOTIC: [8] curl_setopt(): CURLOPT_SSL_VERIFYHOST no longer accepts the value 1, value 2 will be used instead D:\wamp64\www\TP\ThinkPHP\Library\Org\Wxsdk\Jssdk.class.php 第 97 行.
NOTIC: [8] Trying to get property of non-object D:\wamp64\www\TP\ThinkPHP\Library\Org\Wxsdk\Jssdk.class.php 第 78 行.
NOTIC: [8] curl_setopt(): CURLOPT_SSL_VERIFYHOST no longer accepts the value 1, value 2 will be used instead D:\wamp64\www\TP\ThinkPHP\Library\Org\Wxsdk\Jssdk.class.php 第 97 行.
NOTIC: [8] Trying to get property of non-object D:\wamp64\www\TP\ThinkPHP\Library\Org\Wxsdk\Jssdk.class.php 第 57 行.
INFO: [ view_parse ] --START--
INFO: [ template_filter ] --START--
INFO: Run Behavior\ContentReplaceBehavior [ RunTime:0.000000s ]
INFO: [ template_filter ] --END-- [ RunTime:0.001000s ]
INFO: Run Behavior\ParseTemplateBehavior [ RunTime:0.011001s ]
INFO: [ view_parse ] --END-- [ RunTime:0.011001s ]
INFO: [ view_filter ] --START--
INFO: Run Behavior\WriteHtmlCacheBehavior [ RunTime:0.000000s ]
INFO: [ view_filter ] --END-- [ RunTime:0.000000s ]
INFO: [ app_end ] --START--
INFO: Run Behavior\ShowPageTraceBehavior [ RunTime:0.000000s ]
INFO: [ app_end ] --END-- [ RunTime:0.000000s ]

[ 2017-12-09T05:08:19+08:00 ] ::1 /TP/index.php/Users/Users/index.html
INFO: [ app_init ] --START--
INFO: Run Behavior\BuildLiteBehavior [ RunTime:0.000000s ]
INFO: [ app_init ] --END-- [ RunTime:0.001000s ]
INFO: [ app_begin ] --START--
INFO: Run Behavior\ReadHtmlCacheBehavior [ RunTime:0.001000s ]
INFO: [ app_begin ] --END-- [ RunTime:0.001000s ]
SQL: SHOW COLUMNS FROM `consume_list` [ RunTime:0.0010s ]
SQL: SHOW COLUMNS FROM `users_integral_list` [ RunTime:0.0020s ]
SQL: SELECT SUM(consume_money) AS tp_sum FROM `consume_list` WHERE `users_id` = 19 LIMIT 1   [ RunTime:0.0010s ]
SQL: SELECT SUM(users_get_integral) AS tp_sum FROM `users_integral_list` WHERE `users_id` = 19 LIMIT 1   [ RunTime:0.0010s ]
NOTIC: [8] curl_setopt(): CURLOPT_SSL_VERIFYHOST no longer accepts the value 1, value 2 will be used instead D:\wamp64\www\TP\ThinkPHP\Library\Org\Wxsdk\Jssdk.class.php 第 97 行.
NOTIC: [8] Trying to get property of non-object D:\wamp64\www\TP\ThinkPHP\Library\Org\Wxsdk\Jssdk.class.php 第 78 行.
NOTIC: [8] curl_setopt(): CURLOPT_SSL_VERIFYHOST no longer accepts the value 1, value 2 will be used instead D:\wamp64\www\TP\ThinkPHP\Library\Org\Wxsdk\Jssdk.class.php 第 97 行.
NOTIC: [8] Trying to get property of non-object D:\wamp64\www\TP\ThinkPHP\Library\Org\Wxsdk\Jssdk.class.php 第 57 行.
INFO: [ view_parse ] --START--
INFO: [ template_filter ] --START--
INFO: Run Behavior\ContentReplaceBehavior [ RunTime:0.001000s ]
INFO: [ template_filter ] --END-- [ RunTime:0.002000s ]
INFO: Run Behavior\ParseTemplateBehavior [ RunTime:0.043002s ]
INFO: [ view_parse ] --END-- [ RunTime:0.043002s ]
INFO: [ view_filter ] --START--
INFO: Run Behavior\WriteHtmlCacheBehavior [ RunTime:0.003000s ]
INFO: [ view_filter ] --END-- [ RunTime:0.003000s ]
INFO: [ app_end ] --START--
INFO: Run Behavior\ShowPageTraceBehavior [ RunTime:0.002000s ]
INFO: [ app_end ] --END-- [ RunTime:0.002000s ]

