[ 2017-12-15T10:42:19+08:00 ] ::1 /TP/index.php/Users
INFO: [ app_init ] --START--
INFO: Run Behavior\BuildLiteBehavior [ RunTime:0.000000s ]
INFO: [ app_init ] --END-- [ RunTime:0.001000s ]
INFO: [ app_begin ] --START--
INFO: Run Behavior\ReadHtmlCacheBehavior [ RunTime:0.001000s ]
INFO: [ app_begin ] --END-- [ RunTime:0.001000s ]
INFO: [ view_parse ] --START--
INFO: [ template_filter ] --START--
INFO: Run Behavior\ContentReplaceBehavior [ RunTime:0.001000s ]
INFO: [ template_filter ] --END-- [ RunTime:0.001000s ]
INFO: Run Behavior\ParseTemplateBehavior [ RunTime:0.010001s ]
INFO: [ view_parse ] --END-- [ RunTime:0.010001s ]
INFO: [ view_filter ] --START--
INFO: Run Behavior\WriteHtmlCacheBehavior [ RunTime:0.001000s ]
INFO: [ view_filter ] --END-- [ RunTime:0.001000s ]
INFO: [ app_end ] --START--
INFO: Run Behavior\ShowPageTraceBehavior [ RunTime:0.001000s ]
INFO: [ app_end ] --END-- [ RunTime:0.002000s ]

[ 2017-12-15T10:42:39+08:00 ] ::1 /TP/index.php/Users/Users/dologin
INFO: [ app_init ] --START--
INFO: Run Behavior\BuildLiteBehavior [ RunTime:0.000000s ]
INFO: [ app_init ] --END-- [ RunTime:0.001000s ]
INFO: [ app_begin ] --START--
INFO: Run Behavior\ReadHtmlCacheBehavior [ RunTime:0.001000s ]
INFO: [ app_begin ] --END-- [ RunTime:0.001000s ]
SQL: SHOW COLUMNS FROM `users` [ RunTime:0.0030s ]
SQL: SELECT * FROM `users` WHERE `users_pass` = 'e10adc3949ba59abbe56e057f20f883e' AND `users_phone` = '18396861513' LIMIT 1   [ RunTime:0.0050s ]
SQL: SHOW COLUMNS FROM `consume_list` [ RunTime:0.0030s ]
SQL: SHOW COLUMNS FROM `users_integral_list` [ RunTime:0.0030s ]
SQL: SELECT SUM(consume_money) AS tp_sum FROM `consume_list` WHERE `users_id` = 23 LIMIT 1   [ RunTime:0.0030s ]
SQL: SELECT SUM(users_get_integral) AS tp_sum FROM `users_integral_list` WHERE `users_id` = 23 LIMIT 1   [ RunTime:0.0000s ]
NOTIC: [8] curl_setopt(): CURLOPT_SSL_VERIFYHOST no longer accepts the value 1, value 2 will be used instead D:\wamp64\www\TP\ThinkPHP\Library\Org\Wxsdk\Jssdk.class.php 第 97 行.
NOTIC: [8] Trying to get property of non-object D:\wamp64\www\TP\ThinkPHP\Library\Org\Wxsdk\Jssdk.class.php 第 78 行.
NOTIC: [8] curl_setopt(): CURLOPT_SSL_VERIFYHOST no longer accepts the value 1, value 2 will be used instead D:\wamp64\www\TP\ThinkPHP\Library\Org\Wxsdk\Jssdk.class.php 第 97 行.
NOTIC: [8] Trying to get property of non-object D:\wamp64\www\TP\ThinkPHP\Library\Org\Wxsdk\Jssdk.class.php 第 57 行.
INFO: [ view_parse ] --START--
INFO: [ template_filter ] --START--
INFO: Run Behavior\ContentReplaceBehavior [ RunTime:0.000000s ]
INFO: [ template_filter ] --END-- [ RunTime:0.000000s ]
INFO: Run Behavior\ParseTemplateBehavior [ RunTime:0.024001s ]
INFO: [ view_parse ] --END-- [ RunTime:0.025001s ]
INFO: [ view_filter ] --START--
INFO: Run Behavior\WriteHtmlCacheBehavior [ RunTime:0.001000s ]
INFO: [ view_filter ] --END-- [ RunTime:0.001000s ]
INFO: [ app_end ] --START--
INFO: Run Behavior\ShowPageTraceBehavior [ RunTime:0.002000s ]
INFO: [ app_end ] --END-- [ RunTime:0.002000s ]

[ 2017-12-15T10:48:47+08:00 ] ::1 /TP/index.php/Users
INFO: [ app_init ] --START--
INFO: Run Behavior\BuildLiteBehavior [ RunTime:0.000000s ]
INFO: [ app_init ] --END-- [ RunTime:0.000000s ]
INFO: [ app_begin ] --START--
INFO: Run Behavior\ReadHtmlCacheBehavior [ RunTime:0.001000s ]
INFO: [ app_begin ] --END-- [ RunTime:0.001000s ]
SQL: SHOW COLUMNS FROM `consume_list` [ RunTime:0.0010s ]
SQL: SHOW COLUMNS FROM `users_integral_list` [ RunTime:0.0010s ]
SQL: SELECT SUM(consume_money) AS tp_sum FROM `consume_list` WHERE `users_id` = 23 LIMIT 1   [ RunTime:0.0010s ]
SQL: SELECT SUM(users_get_integral) AS tp_sum FROM `users_integral_list` WHERE `users_id` = 23 LIMIT 1   [ RunTime:0.0000s ]
NOTIC: [8] curl_setopt(): CURLOPT_SSL_VERIFYHOST no longer accepts the value 1, value 2 will be used instead D:\wamp64\www\TP\ThinkPHP\Library\Org\Wxsdk\Jssdk.class.php 第 97 行.
NOTIC: [8] Trying to get property of non-object D:\wamp64\www\TP\ThinkPHP\Library\Org\Wxsdk\Jssdk.class.php 第 78 行.
NOTIC: [8] curl_setopt(): CURLOPT_SSL_VERIFYHOST no longer accepts the value 1, value 2 will be used instead D:\wamp64\www\TP\ThinkPHP\Library\Org\Wxsdk\Jssdk.class.php 第 97 行.
NOTIC: [8] Trying to get property of non-object D:\wamp64\www\TP\ThinkPHP\Library\Org\Wxsdk\Jssdk.class.php 第 57 行.
INFO: [ view_parse ] --START--
INFO: [ template_filter ] --START--
INFO: Run Behavior\ContentReplaceBehavior [ RunTime:0.000000s ]
INFO: [ template_filter ] --END-- [ RunTime:0.000000s ]
INFO: Run Behavior\ParseTemplateBehavior [ RunTime:0.029002s ]
INFO: [ view_parse ] --END-- [ RunTime:0.030002s ]
INFO: [ view_filter ] --START--
INFO: Run Behavior\WriteHtmlCacheBehavior [ RunTime:0.001000s ]
INFO: [ view_filter ] --END-- [ RunTime:0.003000s ]
INFO: [ app_end ] --START--
INFO: Run Behavior\ShowPageTraceBehavior [ RunTime:0.003000s ]
INFO: [ app_end ] --END-- [ RunTime:0.003000s ]

