[ 2017-12-19T21:34:44+08:00 ] ::1 /TP/index.php/Users
INFO: [ app_init ] --START--
INFO: Run Behavior\BuildLiteBehavior [ RunTime:0.001000s ]
INFO: [ app_init ] --END-- [ RunTime:0.001000s ]
INFO: [ app_begin ] --START--
INFO: Run Behavior\ReadHtmlCacheBehavior [ RunTime:0.001000s ]
INFO: [ app_begin ] --END-- [ RunTime:0.001000s ]
INFO: [ view_parse ] --START--
INFO: [ template_filter ] --START--
INFO: Run Behavior\ContentReplaceBehavior [ RunTime:0.000000s ]
INFO: [ template_filter ] --END-- [ RunTime:0.000000s ]
INFO: Run Behavior\ParseTemplateBehavior [ RunTime:0.015000s ]
INFO: [ view_parse ] --END-- [ RunTime:0.015000s ]
INFO: [ view_filter ] --START--
INFO: Run Behavior\WriteHtmlCacheBehavior [ RunTime:0.003001s ]
INFO: [ view_filter ] --END-- [ RunTime:0.003001s ]
INFO: [ app_end ] --START--
INFO: Run Behavior\ShowPageTraceBehavior [ RunTime:0.003000s ]
INFO: [ app_end ] --END-- [ RunTime:0.004000s ]

[ 2017-12-19T21:35:14+08:00 ] ::1 /TP/index.php/Users/Users/dologin
INFO: [ app_init ] --START--
INFO: Run Behavior\BuildLiteBehavior [ RunTime:0.000000s ]
INFO: [ app_init ] --END-- [ RunTime:0.001000s ]
INFO: [ app_begin ] --START--
INFO: Run Behavior\ReadHtmlCacheBehavior [ RunTime:0.001000s ]
INFO: [ app_begin ] --END-- [ RunTime:0.001000s ]
SQL: SHOW COLUMNS FROM `users` [ RunTime:0.0010s ]
SQL: SELECT * FROM `users` WHERE `users_pass` = 'e10adc3949ba59abbe56e057f20f883e' AND `users_phone` = '15853636263' LIMIT 1   [ RunTime:0.0000s ]
SQL: SHOW COLUMNS FROM `consume_list` [ RunTime:0.0010s ]
SQL: SHOW COLUMNS FROM `users_integral_list` [ RunTime:0.0010s ]
SQL: SHOW COLUMNS FROM `users_integral` [ RunTime:0.0010s ]
SQL: SELECT SUM(consume_money) AS tp_sum FROM `consume_list` WHERE `users_id` = 24 LIMIT 1   [ RunTime:0.0000s ]
SQL: SELECT SUM(users_integral_num) AS tp_sum FROM `users_integral` WHERE `users_id` = 24 LIMIT 1   [ RunTime:0.0000s ]
NOTIC: [8] curl_setopt(): CURLOPT_SSL_VERIFYHOST no longer accepts the value 1, value 2 will be used instead D:\wamp64\www\TP\ThinkPHP\Library\Org\Wxsdk\Jssdk.class.php 第 97 行.
NOTIC: [8] Trying to get property of non-object D:\wamp64\www\TP\ThinkPHP\Library\Org\Wxsdk\Jssdk.class.php 第 78 行.
NOTIC: [8] curl_setopt(): CURLOPT_SSL_VERIFYHOST no longer accepts the value 1, value 2 will be used instead D:\wamp64\www\TP\ThinkPHP\Library\Org\Wxsdk\Jssdk.class.php 第 97 行.
NOTIC: [8] Trying to get property of non-object D:\wamp64\www\TP\ThinkPHP\Library\Org\Wxsdk\Jssdk.class.php 第 57 行.
INFO: [ view_parse ] --START--
INFO: [ template_filter ] --START--
INFO: Run Behavior\ContentReplaceBehavior [ RunTime:0.000000s ]
INFO: [ template_filter ] --END-- [ RunTime:0.001000s ]
INFO: Run Behavior\ParseTemplateBehavior [ RunTime:0.028002s ]
INFO: [ view_parse ] --END-- [ RunTime:0.029002s ]
INFO: [ view_filter ] --START--
INFO: Run Behavior\WriteHtmlCacheBehavior [ RunTime:0.002000s ]
INFO: [ view_filter ] --END-- [ RunTime:0.002000s ]
INFO: [ app_end ] --START--
INFO: Run Behavior\ShowPageTraceBehavior [ RunTime:0.003000s ]
INFO: [ app_end ] --END-- [ RunTime:0.003000s ]

[ 2017-12-19T21:35:22+08:00 ] ::1 /TP/index.php/Users/Users/income
INFO: [ app_init ] --START--
INFO: Run Behavior\BuildLiteBehavior [ RunTime:0.000000s ]
INFO: [ app_init ] --END-- [ RunTime:0.001000s ]
INFO: [ app_begin ] --START--
INFO: Run Behavior\ReadHtmlCacheBehavior [ RunTime:0.001000s ]
INFO: [ app_begin ] --END-- [ RunTime:0.001000s ]
SQL: SHOW COLUMNS FROM `users_integral` [ RunTime:0.0010s ]
SQL: SELECT `business_name`,`users_integral_total_amount`,business.business_id FROM `users_integral` INNER JOIN business ON users_integral.business_id = business.business_id  WHERE `users_id` = '24'  [ RunTime:0.0030s ]
INFO: [ view_parse ] --START--
INFO: [ template_filter ] --START--
INFO: Run Behavior\ContentReplaceBehavior [ RunTime:0.000000s ]
INFO: [ template_filter ] --END-- [ RunTime:0.000000s ]
INFO: Run Behavior\ParseTemplateBehavior [ RunTime:0.007001s ]
INFO: [ view_parse ] --END-- [ RunTime:0.007001s ]
INFO: [ view_filter ] --START--
INFO: Run Behavior\WriteHtmlCacheBehavior [ RunTime:0.001000s ]
INFO: [ view_filter ] --END-- [ RunTime:0.001000s ]
INFO: [ app_end ] --START--
INFO: Run Behavior\ShowPageTraceBehavior [ RunTime:0.000000s ]
INFO: [ app_end ] --END-- [ RunTime:0.000000s ]

[ 2017-12-19T21:35:37+08:00 ] ::1 /TP/index.php/Users/Users/pay
INFO: [ app_init ] --START--
INFO: Run Behavior\BuildLiteBehavior [ RunTime:0.000000s ]
INFO: [ app_init ] --END-- [ RunTime:0.000000s ]
INFO: [ app_begin ] --START--
INFO: Run Behavior\ReadHtmlCacheBehavior [ RunTime:0.001000s ]
INFO: [ app_begin ] --END-- [ RunTime:0.001000s ]
SQL: SHOW COLUMNS FROM `consume_list` [ RunTime:0.0010s ]
SQL: SELECT `business_name`,`consume_money`,`consume_time` FROM `consume_list` INNER JOIN business ON consume_list.business_id = business.business_id  WHERE `users_id` = '24'  [ RunTime:0.0010s ]
INFO: [ view_parse ] --START--
INFO: [ template_filter ] --START--
INFO: Run Behavior\ContentReplaceBehavior [ RunTime:0.000000s ]
INFO: [ template_filter ] --END-- [ RunTime:0.000000s ]
INFO: Run Behavior\ParseTemplateBehavior [ RunTime:0.009000s ]
INFO: [ view_parse ] --END-- [ RunTime:0.009000s ]
INFO: [ view_filter ] --START--
INFO: Run Behavior\WriteHtmlCacheBehavior [ RunTime:0.000000s ]
INFO: [ view_filter ] --END-- [ RunTime:0.000000s ]
INFO: [ app_end ] --START--
INFO: Run Behavior\ShowPageTraceBehavior [ RunTime:0.001001s ]
INFO: [ app_end ] --END-- [ RunTime:0.001001s ]

[ 2017-12-19T21:35:56+08:00 ] ::1 /TP/index.php/Users/Users/incomeDetail
INFO: [ app_init ] --START--
INFO: Run Behavior\BuildLiteBehavior [ RunTime:0.000000s ]
INFO: [ app_init ] --END-- [ RunTime:0.000000s ]
INFO: [ app_begin ] --START--
INFO: Run Behavior\ReadHtmlCacheBehavior [ RunTime:0.001000s ]
INFO: [ app_begin ] --END-- [ RunTime:0.001000s ]
SQL: SHOW COLUMNS FROM `users_integral_list` [ RunTime:0.0010s ]
SQL: SELECT * FROM `users_integral_list` WHERE `users_id` = 24 ORDER BY users_integral_addtime desc  [ RunTime:0.0000s ]
INFO: [ app_end ] --START--
INFO: Run Behavior\ShowPageTraceBehavior [ RunTime:0.001000s ]
INFO: [ app_end ] --END-- [ RunTime:0.001000s ]

[ 2017-12-19T21:36:11+08:00 ] ::1 /TP/index.php/Users/Users/incomeDetail
INFO: [ app_init ] --START--
INFO: Run Behavior\BuildLiteBehavior [ RunTime:0.000000s ]
INFO: [ app_init ] --END-- [ RunTime:0.001000s ]
INFO: [ app_begin ] --START--
INFO: Run Behavior\ReadHtmlCacheBehavior [ RunTime:0.000000s ]
INFO: [ app_begin ] --END-- [ RunTime:0.000000s ]
SQL: SHOW COLUMNS FROM `users_integral_list` [ RunTime:0.0020s ]
SQL: SELECT * FROM `users_integral_list` WHERE `users_id` = 24 ORDER BY users_integral_addtime desc  [ RunTime:0.0000s ]
INFO: [ app_end ] --START--
INFO: Run Behavior\ShowPageTraceBehavior [ RunTime:0.001000s ]
INFO: [ app_end ] --END-- [ RunTime:0.001000s ]

[ 2017-12-19T21:40:20+08:00 ] ::1 /TP/index.php/Users/Users/incomeDetail
INFO: [ app_init ] --START--
INFO: Run Behavior\BuildLiteBehavior [ RunTime:0.000000s ]
INFO: [ app_init ] --END-- [ RunTime:0.001000s ]
INFO: [ app_begin ] --START--
INFO: Run Behavior\ReadHtmlCacheBehavior [ RunTime:0.001000s ]
INFO: [ app_begin ] --END-- [ RunTime:0.001000s ]
SQL: SHOW COLUMNS FROM `users_integral_list` [ RunTime:0.0010s ]
ERR: 1052:Column 'users_id' in where clause is ambiguous
 [ SQL语句 ] : SELECT * FROM `users_integral_list` INNER JOIN consume_list ON consume_list.consume_list_id = users_integral_list.consume_list_id  WHERE `users_id` = '24' ORDER BY users_integral_addtime desc 
ERR: 1052:Column 'users_id' in where clause is ambiguous
 [ SQL语句 ] : SELECT * FROM `users_integral_list` INNER JOIN consume_list ON consume_list.consume_list_id = users_integral_list.consume_list_id  WHERE `users_id` = '24' ORDER BY users_integral_addtime desc 

[ 2017-12-19T21:41:04+08:00 ] ::1 /TP/index.php/Users/Users/incomeDetail
INFO: [ app_init ] --START--
INFO: Run Behavior\BuildLiteBehavior [ RunTime:0.000000s ]
INFO: [ app_init ] --END-- [ RunTime:0.001000s ]
INFO: [ app_begin ] --START--
INFO: Run Behavior\ReadHtmlCacheBehavior [ RunTime:0.001000s ]
INFO: [ app_begin ] --END-- [ RunTime:0.001000s ]
SQL: SHOW COLUMNS FROM `users_integral_list` [ RunTime:0.0010s ]
NOTIC: [2] Missing argument 1 for Think\Model::where(), called in D:\wamp64\www\TP\Application\Users\Controller\UsersController.class.php on line 172 and defined D:\wamp64\www\TP\ThinkPHP\Library\Think\Model.class.php 第 1797 行.
NOTIC: [8] Undefined variable: where D:\wamp64\www\TP\ThinkPHP\Library\Think\Model.class.php 第 1805 行.
NOTIC: [8] Undefined variable: where D:\wamp64\www\TP\ThinkPHP\Library\Think\Model.class.php 第 1808 行.
NOTIC: [8] Undefined variable: where D:\wamp64\www\TP\ThinkPHP\Library\Think\Model.class.php 第 1816 行.
SQL: SELECT * FROM `users_integral_list` INNER JOIN consume_list ON consume_list.consume_list_id = users_integral_list.consume_list_id  ORDER BY users_integral_addtime desc  [ RunTime:0.0010s ]
INFO: [ app_end ] --START--
INFO: Run Behavior\ShowPageTraceBehavior [ RunTime:0.001000s ]
INFO: [ app_end ] --END-- [ RunTime:0.001000s ]

[ 2017-12-19T21:41:41+08:00 ] ::1 /TP/index.php/Users/Users/incomeDetail
INFO: [ app_init ] --START--
INFO: Run Behavior\BuildLiteBehavior [ RunTime:0.000000s ]
INFO: [ app_init ] --END-- [ RunTime:0.000000s ]
INFO: [ app_begin ] --START--
INFO: Run Behavior\ReadHtmlCacheBehavior [ RunTime:0.001000s ]
INFO: [ app_begin ] --END-- [ RunTime:0.001000s ]
SQL: SHOW COLUMNS FROM `users_integral_list` [ RunTime:0.0020s ]
SQL: SELECT * FROM `users_integral_list` INNER JOIN consume_list ON consume_list.consume_list_id = users_integral_list.consume_list_id  WHERE users_integral_list.users_id = '24' ORDER BY users_integral_addtime desc  [ RunTime:0.0020s ]
INFO: [ app_end ] --START--
INFO: Run Behavior\ShowPageTraceBehavior [ RunTime:0.001000s ]
INFO: [ app_end ] --END-- [ RunTime:0.001000s ]

[ 2017-12-19T21:44:04+08:00 ] ::1 /TP/index.php/Users/Users/incomeDetail
INFO: [ app_init ] --START--
INFO: Run Behavior\BuildLiteBehavior [ RunTime:0.000000s ]
INFO: [ app_init ] --END-- [ RunTime:0.001000s ]
INFO: [ app_begin ] --START--
INFO: Run Behavior\ReadHtmlCacheBehavior [ RunTime:0.001000s ]
INFO: [ app_begin ] --END-- [ RunTime:0.001000s ]
SQL: SHOW COLUMNS FROM `users_integral_list` [ RunTime:0.0010s ]
ERR: 1055:Expression #1 of SELECT list is not in GROUP BY clause and contains nonaggregated column 'huike.users_integral_list.users_integral_id' which is not functionally dependent on columns in GROUP BY clause; this is incompatible with sql_mode=only_full_group_by
 [ SQL语句 ] : SELECT * FROM `users_integral_list` INNER JOIN consume_list ON consume_list.consume_list_id = users_integral_list.consume_list_id  WHERE users_integral_list.users_id = '24' GROUP BY users_integral_list.users_integral_addtime ORDER BY users_integral_list.users_integral_addtime desc 
ERR: 1055:Expression #1 of SELECT list is not in GROUP BY clause and contains nonaggregated column 'huike.users_integral_list.users_integral_id' which is not functionally dependent on columns in GROUP BY clause; this is incompatible with sql_mode=only_full_group_by
 [ SQL语句 ] : SELECT * FROM `users_integral_list` INNER JOIN consume_list ON consume_list.consume_list_id = users_integral_list.consume_list_id  WHERE users_integral_list.users_id = '24' GROUP BY users_integral_list.users_integral_addtime ORDER BY users_integral_list.users_integral_addtime desc 

[ 2017-12-19T21:44:28+08:00 ] ::1 /TP/index.php/Users/Users/incomeDetail
INFO: [ app_init ] --START--
INFO: Run Behavior\BuildLiteBehavior [ RunTime:0.000000s ]
INFO: [ app_init ] --END-- [ RunTime:0.001000s ]
INFO: [ app_begin ] --START--
INFO: Run Behavior\ReadHtmlCacheBehavior [ RunTime:0.001000s ]
INFO: [ app_begin ] --END-- [ RunTime:0.001000s ]
SQL: SHOW COLUMNS FROM `users_integral_list` [ RunTime:0.0010s ]
SQL: SELECT * FROM `users_integral_list` INNER JOIN consume_list ON consume_list.consume_list_id = users_integral_list.consume_list_id  WHERE users_integral_list.users_id = '24' ORDER BY users_integral_list.users_integral_addtime desc  [ RunTime:0.0000s ]
INFO: [ app_end ] --START--
INFO: Run Behavior\ShowPageTraceBehavior [ RunTime:0.001000s ]
INFO: [ app_end ] --END-- [ RunTime:0.001000s ]

[ 2017-12-19T21:46:30+08:00 ] ::1 /TP/index.php/Users/Users/incomeDetail
INFO: [ app_init ] --START--
INFO: Run Behavior\BuildLiteBehavior [ RunTime:0.000000s ]
INFO: [ app_init ] --END-- [ RunTime:0.001000s ]
INFO: [ app_begin ] --START--
INFO: Run Behavior\ReadHtmlCacheBehavior [ RunTime:0.001000s ]
INFO: [ app_begin ] --END-- [ RunTime:0.001000s ]
SQL: SHOW COLUMNS FROM `users_integral_list` [ RunTime:0.0010s ]
ERR: 1054:Unknown column 'consume_list' in 'field list'
 [ SQL语句 ] : SELECT consume_list.consume_money,`consume_list`,consume_list.consume_money FROM `users_integral_list` INNER JOIN consume_list ON consume_list.consume_list_id = users_integral_list.consume_list_id  WHERE users_integral_list.users_id = '24' ORDER BY users_integral_list.users_integral_addtime desc 
ERR: 1054:Unknown column 'consume_list' in 'field list'
 [ SQL语句 ] : SELECT consume_list.consume_money,`consume_list`,consume_list.consume_money FROM `users_integral_list` INNER JOIN consume_list ON consume_list.consume_list_id = users_integral_list.consume_list_id  WHERE users_integral_list.users_id = '24' ORDER BY users_integral_list.users_integral_addtime desc 

[ 2017-12-19T21:46:37+08:00 ] ::1 /TP/index.php/Users/Users/incomeDetail
INFO: [ app_init ] --START--
INFO: Run Behavior\BuildLiteBehavior [ RunTime:0.000000s ]
INFO: [ app_init ] --END-- [ RunTime:0.001000s ]
INFO: [ app_begin ] --START--
INFO: Run Behavior\ReadHtmlCacheBehavior [ RunTime:0.002000s ]
INFO: [ app_begin ] --END-- [ RunTime:0.002000s ]
SQL: SHOW COLUMNS FROM `users_integral_list` [ RunTime:0.0000s ]
ERR: 1054:Unknown column 'consume_list' in 'field list'
 [ SQL语句 ] : SELECT consume_list.consume_money,`consume_list` FROM `users_integral_list` INNER JOIN consume_list ON consume_list.consume_list_id = users_integral_list.consume_list_id  WHERE users_integral_list.users_id = '24' ORDER BY users_integral_list.users_integral_addtime desc 
ERR: 1054:Unknown column 'consume_list' in 'field list'
 [ SQL语句 ] : SELECT consume_list.consume_money,`consume_list` FROM `users_integral_list` INNER JOIN consume_list ON consume_list.consume_list_id = users_integral_list.consume_list_id  WHERE users_integral_list.users_id = '24' ORDER BY users_integral_list.users_integral_addtime desc 

[ 2017-12-19T21:46:44+08:00 ] ::1 /TP/index.php/Users/Users/incomeDetail
INFO: [ app_init ] --START--
INFO: Run Behavior\BuildLiteBehavior [ RunTime:0.000000s ]
INFO: [ app_init ] --END-- [ RunTime:0.000000s ]
INFO: [ app_begin ] --START--
INFO: Run Behavior\ReadHtmlCacheBehavior [ RunTime:0.001000s ]
INFO: [ app_begin ] --END-- [ RunTime:0.001000s ]
SQL: SHOW COLUMNS FROM `users_integral_list` [ RunTime:0.0010s ]
SQL: SELECT consume_list.consume_money FROM `users_integral_list` INNER JOIN consume_list ON consume_list.consume_list_id = users_integral_list.consume_list_id  WHERE users_integral_list.users_id = '24' ORDER BY users_integral_list.users_integral_addtime desc  [ RunTime:0.0010s ]
INFO: [ app_end ] --START--
INFO: Run Behavior\ShowPageTraceBehavior [ RunTime:0.001000s ]
INFO: [ app_end ] --END-- [ RunTime:0.001000s ]

[ 2017-12-19T21:55:16+08:00 ] ::1 /TP/index.php/Users/Users/incomeDetail
INFO: [ app_init ] --START--
INFO: Run Behavior\BuildLiteBehavior [ RunTime:0.000000s ]
INFO: [ app_init ] --END-- [ RunTime:0.001000s ]
INFO: [ app_begin ] --START--
INFO: Run Behavior\ReadHtmlCacheBehavior [ RunTime:0.001000s ]
INFO: [ app_begin ] --END-- [ RunTime:0.002000s ]
SQL: SHOW COLUMNS FROM `users_integral_list` [ RunTime:0.0010s ]
SQL: SELECT consume_list.consume_money FROM `users_integral_list` INNER JOIN consume_list ON consume_list.consume_list_id = users_integral_list.consume_list_id  WHERE users_integral_list.users_id = '24' ORDER BY users_integral_list.users_integral_addtime desc  [ RunTime:0.0000s ]
NOTIC: [8] Undefined index: consume_time D:\wamp64\www\TP\Application\Users\Controller\UsersController.class.php 第 179 行.
NOTIC: [2] date() expects parameter 2 to be integer, string given D:\wamp64\www\TP\Application\Users\Controller\UsersController.class.php 第 179 行.
NOTIC: [8] Undefined index: users_integral_addtime D:\wamp64\www\TP\Application\Users\Controller\UsersController.class.php 第 181 行.
NOTIC: [2] date() expects parameter 2 to be integer, string given D:\wamp64\www\TP\Application\Users\Controller\UsersController.class.php 第 181 行.
NOTIC: [8] Undefined index: users_get_integral D:\wamp64\www\TP\Application\Users\Controller\UsersController.class.php 第 182 行.
NOTIC: [8] Undefined index: consume_time D:\wamp64\www\TP\Application\Users\Controller\UsersController.class.php 第 179 行.
NOTIC: [2] date() expects parameter 2 to be integer, string given D:\wamp64\www\TP\Application\Users\Controller\UsersController.class.php 第 179 行.
NOTIC: [8] Undefined index: users_integral_addtime D:\wamp64\www\TP\Application\Users\Controller\UsersController.class.php 第 181 行.
NOTIC: [2] date() expects parameter 2 to be integer, string given D:\wamp64\www\TP\Application\Users\Controller\UsersController.class.php 第 181 行.
NOTIC: [8] Undefined index: users_get_integral D:\wamp64\www\TP\Application\Users\Controller\UsersController.class.php 第 182 行.
NOTIC: [8] Undefined index: consume_time D:\wamp64\www\TP\Application\Users\Controller\UsersController.class.php 第 179 行.
NOTIC: [2] date() expects parameter 2 to be integer, string given D:\wamp64\www\TP\Application\Users\Controller\UsersController.class.php 第 179 行.
NOTIC: [8] Undefined index: users_integral_addtime D:\wamp64\www\TP\Application\Users\Controller\UsersController.class.php 第 181 行.
NOTIC: [2] date() expects parameter 2 to be integer, string given D:\wamp64\www\TP\Application\Users\Controller\UsersController.class.php 第 181 行.
NOTIC: [8] Undefined index: users_get_integral D:\wamp64\www\TP\Application\Users\Controller\UsersController.class.php 第 182 行.
NOTIC: [8] Undefined index: consume_time D:\wamp64\www\TP\Application\Users\Controller\UsersController.class.php 第 179 行.
NOTIC: [2] date() expects parameter 2 to be integer, string given D:\wamp64\www\TP\Application\Users\Controller\UsersController.class.php 第 179 行.
NOTIC: [8] Undefined index: users_integral_addtime D:\wamp64\www\TP\Application\Users\Controller\UsersController.class.php 第 181 行.
NOTIC: [2] date() expects parameter 2 to be integer, string given D:\wamp64\www\TP\Application\Users\Controller\UsersController.class.php 第 181 行.
NOTIC: [8] Undefined index: users_get_integral D:\wamp64\www\TP\Application\Users\Controller\UsersController.class.php 第 182 行.
NOTIC: [8] Undefined index: consume_time D:\wamp64\www\TP\Application\Users\Controller\UsersController.class.php 第 179 行.
NOTIC: [2] date() expects parameter 2 to be integer, string given D:\wamp64\www\TP\Application\Users\Controller\UsersController.class.php 第 179 行.
NOTIC: [8] Undefined index: users_integral_addtime D:\wamp64\www\TP\Application\Users\Controller\UsersController.class.php 第 181 行.
NOTIC: [2] date() expects parameter 2 to be integer, string given D:\wamp64\www\TP\Application\Users\Controller\UsersController.class.php 第 181 行.
NOTIC: [8] Undefined index: users_get_integral D:\wamp64\www\TP\Application\Users\Controller\UsersController.class.php 第 182 行.
INFO: [ app_end ] --START--
INFO: Run Behavior\ShowPageTraceBehavior [ RunTime:0.001000s ]
INFO: [ app_end ] --END-- [ RunTime:0.001000s ]

[ 2017-12-19T21:55:38+08:00 ] ::1 /TP/index.php/Users/Users/incomeDetail
INFO: [ app_init ] --START--
INFO: Run Behavior\BuildLiteBehavior [ RunTime:0.000000s ]
INFO: [ app_init ] --END-- [ RunTime:0.001000s ]
INFO: [ app_begin ] --START--
INFO: Run Behavior\ReadHtmlCacheBehavior [ RunTime:0.001000s ]
INFO: [ app_begin ] --END-- [ RunTime:0.001000s ]
SQL: SHOW COLUMNS FROM `users_integral_list` [ RunTime:0.0010s ]
SQL: SELECT consume_list.consume_money FROM `users_integral_list` INNER JOIN consume_list ON consume_list.consume_list_id = users_integral_list.consume_list_id  WHERE users_integral_list.users_id = '24' ORDER BY users_integral_list.users_integral_addtime desc  [ RunTime:0.0000s ]
NOTIC: [8] Undefined index: consume_time D:\wamp64\www\TP\Application\Users\Controller\UsersController.class.php 第 180 行.
NOTIC: [2] date() expects parameter 2 to be integer, string given D:\wamp64\www\TP\Application\Users\Controller\UsersController.class.php 第 180 行.
NOTIC: [8] Undefined index: users_integral_addtime D:\wamp64\www\TP\Application\Users\Controller\UsersController.class.php 第 182 行.
NOTIC: [2] date() expects parameter 2 to be integer, string given D:\wamp64\www\TP\Application\Users\Controller\UsersController.class.php 第 182 行.
NOTIC: [8] Undefined index: users_get_integral D:\wamp64\www\TP\Application\Users\Controller\UsersController.class.php 第 183 行.
NOTIC: [8] Undefined index: consume_time D:\wamp64\www\TP\Application\Users\Controller\UsersController.class.php 第 180 行.
NOTIC: [2] date() expects parameter 2 to be integer, string given D:\wamp64\www\TP\Application\Users\Controller\UsersController.class.php 第 180 行.
NOTIC: [8] Undefined index: users_integral_addtime D:\wamp64\www\TP\Application\Users\Controller\UsersController.class.php 第 182 行.
NOTIC: [2] date() expects parameter 2 to be integer, string given D:\wamp64\www\TP\Application\Users\Controller\UsersController.class.php 第 182 行.
NOTIC: [8] Undefined index: users_get_integral D:\wamp64\www\TP\Application\Users\Controller\UsersController.class.php 第 183 行.
NOTIC: [8] Undefined index: consume_time D:\wamp64\www\TP\Application\Users\Controller\UsersController.class.php 第 180 行.
NOTIC: [2] date() expects parameter 2 to be integer, string given D:\wamp64\www\TP\Application\Users\Controller\UsersController.class.php 第 180 行.
NOTIC: [8] Undefined index: users_integral_addtime D:\wamp64\www\TP\Application\Users\Controller\UsersController.class.php 第 182 行.
NOTIC: [2] date() expects parameter 2 to be integer, string given D:\wamp64\www\TP\Application\Users\Controller\UsersController.class.php 第 182 行.
NOTIC: [8] Undefined index: users_get_integral D:\wamp64\www\TP\Application\Users\Controller\UsersController.class.php 第 183 行.
NOTIC: [8] Undefined index: consume_time D:\wamp64\www\TP\Application\Users\Controller\UsersController.class.php 第 180 行.
NOTIC: [2] date() expects parameter 2 to be integer, string given D:\wamp64\www\TP\Application\Users\Controller\UsersController.class.php 第 180 行.
NOTIC: [8] Undefined index: users_integral_addtime D:\wamp64\www\TP\Application\Users\Controller\UsersController.class.php 第 182 行.
NOTIC: [2] date() expects parameter 2 to be integer, string given D:\wamp64\www\TP\Application\Users\Controller\UsersController.class.php 第 182 行.
NOTIC: [8] Undefined index: users_get_integral D:\wamp64\www\TP\Application\Users\Controller\UsersController.class.php 第 183 行.
NOTIC: [8] Undefined index: consume_time D:\wamp64\www\TP\Application\Users\Controller\UsersController.class.php 第 180 行.
NOTIC: [2] date() expects parameter 2 to be integer, string given D:\wamp64\www\TP\Application\Users\Controller\UsersController.class.php 第 180 行.
NOTIC: [8] Undefined index: users_integral_addtime D:\wamp64\www\TP\Application\Users\Controller\UsersController.class.php 第 182 行.
NOTIC: [2] date() expects parameter 2 to be integer, string given D:\wamp64\www\TP\Application\Users\Controller\UsersController.class.php 第 182 行.
NOTIC: [8] Undefined index: users_get_integral D:\wamp64\www\TP\Application\Users\Controller\UsersController.class.php 第 183 行.
INFO: [ app_end ] --START--
INFO: Run Behavior\ShowPageTraceBehavior [ RunTime:0.001000s ]
INFO: [ app_end ] --END-- [ RunTime:0.001000s ]

[ 2017-12-19T21:55:48+08:00 ] ::1 /TP/index.php/Users/Users/incomeDetail
INFO: [ app_init ] --START--
INFO: Run Behavior\BuildLiteBehavior [ RunTime:0.000000s ]
INFO: [ app_init ] --END-- [ RunTime:0.001000s ]
INFO: [ app_begin ] --START--
INFO: Run Behavior\ReadHtmlCacheBehavior [ RunTime:0.001000s ]
INFO: [ app_begin ] --END-- [ RunTime:0.001000s ]
SQL: SHOW COLUMNS FROM `users_integral_list` [ RunTime:0.0000s ]
NOTIC: [2] Missing argument 1 for Think\Model::field(), called in D:\wamp64\www\TP\Application\Users\Controller\UsersController.class.php on line 174 and defined D:\wamp64\www\TP\ThinkPHP\Library\Think\Model.class.php 第 1740 行.
NOTIC: [8] Undefined variable: field D:\wamp64\www\TP\ThinkPHP\Library\Think\Model.class.php 第 1741 行.
NOTIC: [8] Undefined variable: field D:\wamp64\www\TP\ThinkPHP\Library\Think\Model.class.php 第 1751 行.
SQL: SELECT * FROM `users_integral_list` INNER JOIN consume_list ON consume_list.consume_list_id = users_integral_list.consume_list_id  WHERE users_integral_list.users_id = '24' ORDER BY users_integral_list.users_integral_addtime desc  [ RunTime:0.0010s ]
NOTIC: [2] date() expects parameter 2 to be integer, string given D:\wamp64\www\TP\Application\Users\Controller\UsersController.class.php 第 180 行.
NOTIC: [2] date() expects parameter 2 to be integer, string given D:\wamp64\www\TP\Application\Users\Controller\UsersController.class.php 第 182 行.
NOTIC: [2] date() expects parameter 2 to be integer, string given D:\wamp64\www\TP\Application\Users\Controller\UsersController.class.php 第 180 行.
NOTIC: [2] date() expects parameter 2 to be integer, string given D:\wamp64\www\TP\Application\Users\Controller\UsersController.class.php 第 182 行.
NOTIC: [2] date() expects parameter 2 to be integer, string given D:\wamp64\www\TP\Application\Users\Controller\UsersController.class.php 第 180 行.
NOTIC: [2] date() expects parameter 2 to be integer, string given D:\wamp64\www\TP\Application\Users\Controller\UsersController.class.php 第 182 行.
NOTIC: [2] date() expects parameter 2 to be integer, string given D:\wamp64\www\TP\Application\Users\Controller\UsersController.class.php 第 180 行.
NOTIC: [2] date() expects parameter 2 to be integer, string given D:\wamp64\www\TP\Application\Users\Controller\UsersController.class.php 第 182 行.
NOTIC: [2] date() expects parameter 2 to be integer, string given D:\wamp64\www\TP\Application\Users\Controller\UsersController.class.php 第 180 行.
NOTIC: [2] date() expects parameter 2 to be integer, string given D:\wamp64\www\TP\Application\Users\Controller\UsersController.class.php 第 182 行.
INFO: [ app_end ] --START--
INFO: Run Behavior\ShowPageTraceBehavior [ RunTime:0.001000s ]
INFO: [ app_end ] --END-- [ RunTime:0.002000s ]

[ 2017-12-19T21:56:54+08:00 ] ::1 /TP/index.php/Users/Users/incomeDetail
INFO: [ app_init ] --START--
INFO: Run Behavior\BuildLiteBehavior [ RunTime:0.000000s ]
INFO: [ app_init ] --END-- [ RunTime:0.001000s ]
INFO: [ app_begin ] --START--
INFO: Run Behavior\ReadHtmlCacheBehavior [ RunTime:0.001000s ]
INFO: [ app_begin ] --END-- [ RunTime:0.001000s ]
SQL: SHOW COLUMNS FROM `users_integral_list` [ RunTime:0.0010s ]
NOTIC: [2] Missing argument 1 for Think\Model::field(), called in D:\wamp64\www\TP\Application\Users\Controller\UsersController.class.php on line 174 and defined D:\wamp64\www\TP\ThinkPHP\Library\Think\Model.class.php 第 1740 行.
NOTIC: [8] Undefined variable: field D:\wamp64\www\TP\ThinkPHP\Library\Think\Model.class.php 第 1741 行.
NOTIC: [8] Undefined variable: field D:\wamp64\www\TP\ThinkPHP\Library\Think\Model.class.php 第 1751 行.
SQL: SELECT * FROM `users_integral_list` INNER JOIN consume_list ON consume_list.consume_list_id = users_integral_list.consume_list_id  WHERE users_integral_list.users_id = '24' ORDER BY users_integral_list.users_integral_addtime desc  [ RunTime:0.0010s ]
INFO: [ app_end ] --START--
INFO: Run Behavior\ShowPageTraceBehavior [ RunTime:0.001000s ]
INFO: [ app_end ] --END-- [ RunTime:0.001000s ]

[ 2017-12-19T21:57:07+08:00 ] ::1 /TP/index.php/Users/Users/incomeDetail
INFO: [ app_init ] --START--
INFO: Run Behavior\BuildLiteBehavior [ RunTime:0.000000s ]
INFO: [ app_init ] --END-- [ RunTime:0.001000s ]
INFO: [ app_begin ] --START--
INFO: Run Behavior\ReadHtmlCacheBehavior [ RunTime:0.001001s ]
INFO: [ app_begin ] --END-- [ RunTime:0.001001s ]
SQL: SHOW COLUMNS FROM `users_integral_list` [ RunTime:0.0010s ]
NOTIC: [2] Missing argument 1 for Think\Model::field(), called in D:\wamp64\www\TP\Application\Users\Controller\UsersController.class.php on line 174 and defined D:\wamp64\www\TP\ThinkPHP\Library\Think\Model.class.php 第 1740 行.
NOTIC: [8] Undefined variable: field D:\wamp64\www\TP\ThinkPHP\Library\Think\Model.class.php 第 1741 行.
NOTIC: [8] Undefined variable: field D:\wamp64\www\TP\ThinkPHP\Library\Think\Model.class.php 第 1751 行.
SQL: SELECT * FROM `users_integral_list` INNER JOIN consume_list ON consume_list.consume_list_id = users_integral_list.consume_list_id  WHERE users_integral_list.users_id = '24' ORDER BY users_integral_list.users_integral_addtime desc  [ RunTime:0.0010s ]
INFO: [ app_end ] --START--
INFO: Run Behavior\ShowPageTraceBehavior [ RunTime:0.001000s ]
INFO: [ app_end ] --END-- [ RunTime:0.001000s ]

[ 2017-12-19T22:02:49+08:00 ] ::1 /TP/index.php/Users/
INFO: [ app_init ] --START--
INFO: Run Behavior\BuildLiteBehavior [ RunTime:0.000000s ]
INFO: [ app_init ] --END-- [ RunTime:0.000000s ]
INFO: [ app_begin ] --START--
INFO: Run Behavior\ReadHtmlCacheBehavior [ RunTime:0.001000s ]
INFO: [ app_begin ] --END-- [ RunTime:0.001000s ]
SQL: SHOW COLUMNS FROM `consume_list` [ RunTime:0.0010s ]
SQL: SHOW COLUMNS FROM `users_integral_list` [ RunTime:0.0010s ]
SQL: SHOW COLUMNS FROM `users_integral` [ RunTime:0.0010s ]
SQL: SELECT SUM(consume_money) AS tp_sum FROM `consume_list` WHERE `users_id` = 24 LIMIT 1   [ RunTime:0.0000s ]
SQL: SELECT SUM(users_integral_num) AS tp_sum FROM `users_integral` WHERE `users_id` = 24 LIMIT 1   [ RunTime:0.0000s ]
NOTIC: [8] curl_setopt(): CURLOPT_SSL_VERIFYHOST no longer accepts the value 1, value 2 will be used instead D:\wamp64\www\TP\ThinkPHP\Library\Org\Wxsdk\Jssdk.class.php 第 97 行.
NOTIC: [8] Trying to get property of non-object D:\wamp64\www\TP\ThinkPHP\Library\Org\Wxsdk\Jssdk.class.php 第 78 行.
NOTIC: [8] curl_setopt(): CURLOPT_SSL_VERIFYHOST no longer accepts the value 1, value 2 will be used instead D:\wamp64\www\TP\ThinkPHP\Library\Org\Wxsdk\Jssdk.class.php 第 97 行.
NOTIC: [8] Trying to get property of non-object D:\wamp64\www\TP\ThinkPHP\Library\Org\Wxsdk\Jssdk.class.php 第 57 行.
INFO: [ view_parse ] --START--
INFO: [ template_filter ] --START--
INFO: Run Behavior\ContentReplaceBehavior [ RunTime:0.000000s ]
INFO: [ template_filter ] --END-- [ RunTime:0.001000s ]
INFO: Run Behavior\ParseTemplateBehavior [ RunTime:0.026001s ]
INFO: [ view_parse ] --END-- [ RunTime:0.027001s ]
INFO: [ view_filter ] --START--
INFO: Run Behavior\WriteHtmlCacheBehavior [ RunTime:0.001001s ]
INFO: [ view_filter ] --END-- [ RunTime:0.001001s ]
INFO: [ app_end ] --START--
INFO: Run Behavior\ShowPageTraceBehavior [ RunTime:0.001000s ]
INFO: [ app_end ] --END-- [ RunTime:0.001000s ]

[ 2017-12-19T22:02:51+08:00 ] ::1 /TP/index.php/Users/Users/income
INFO: [ app_init ] --START--
INFO: Run Behavior\BuildLiteBehavior [ RunTime:0.000000s ]
INFO: [ app_init ] --END-- [ RunTime:0.000000s ]
INFO: [ app_begin ] --START--
INFO: Run Behavior\ReadHtmlCacheBehavior [ RunTime:0.000000s ]
INFO: [ app_begin ] --END-- [ RunTime:0.000000s ]
SQL: SHOW COLUMNS FROM `users_integral` [ RunTime:0.0010s ]
SQL: SELECT `business_name`,`users_integral_total_amount`,business.business_id FROM `users_integral` INNER JOIN business ON users_integral.business_id = business.business_id  WHERE `users_id` = '24'  [ RunTime:0.0010s ]
INFO: [ view_parse ] --START--
INFO: [ template_filter ] --START--
INFO: Run Behavior\ContentReplaceBehavior [ RunTime:0.000000s ]
INFO: [ template_filter ] --END-- [ RunTime:0.000000s ]
INFO: Run Behavior\ParseTemplateBehavior [ RunTime:0.007000s ]
INFO: [ view_parse ] --END-- [ RunTime:0.007000s ]
INFO: [ view_filter ] --START--
INFO: Run Behavior\WriteHtmlCacheBehavior [ RunTime:0.000000s ]
INFO: [ view_filter ] --END-- [ RunTime:0.000000s ]
INFO: [ app_end ] --START--
INFO: Run Behavior\ShowPageTraceBehavior [ RunTime:0.000000s ]
INFO: [ app_end ] --END-- [ RunTime:0.000000s ]

[ 2017-12-19T22:03:10+08:00 ] ::1 /TP/index.php/Users/Users/pay
INFO: [ app_init ] --START--
INFO: Run Behavior\BuildLiteBehavior [ RunTime:0.000000s ]
INFO: [ app_init ] --END-- [ RunTime:0.001000s ]
INFO: [ app_begin ] --START--
INFO: Run Behavior\ReadHtmlCacheBehavior [ RunTime:0.001000s ]
INFO: [ app_begin ] --END-- [ RunTime:0.001000s ]
SQL: SHOW COLUMNS FROM `consume_list` [ RunTime:0.0010s ]
SQL: SELECT `business_name`,`consume_money`,`consume_time` FROM `consume_list` INNER JOIN business ON consume_list.business_id = business.business_id  WHERE `users_id` = '24'  [ RunTime:0.0000s ]
INFO: [ view_parse ] --START--
INFO: [ template_filter ] --START--
INFO: Run Behavior\ContentReplaceBehavior [ RunTime:0.000000s ]
INFO: [ template_filter ] --END-- [ RunTime:0.000000s ]
INFO: Run Behavior\ParseTemplateBehavior [ RunTime:0.008000s ]
INFO: [ view_parse ] --END-- [ RunTime:0.008000s ]
INFO: [ view_filter ] --START--
INFO: Run Behavior\WriteHtmlCacheBehavior [ RunTime:0.000000s ]
INFO: [ view_filter ] --END-- [ RunTime:0.000000s ]
INFO: [ app_end ] --START--
INFO: Run Behavior\ShowPageTraceBehavior [ RunTime:0.001000s ]
INFO: [ app_end ] --END-- [ RunTime:0.001000s ]

[ 2017-12-19T22:05:37+08:00 ] ::1 /TP/index.php/Users/Users/incomeDetail
INFO: [ app_init ] --START--
INFO: Run Behavior\BuildLiteBehavior [ RunTime:0.000000s ]
INFO: [ app_init ] --END-- [ RunTime:0.001000s ]
INFO: [ app_begin ] --START--
INFO: Run Behavior\ReadHtmlCacheBehavior [ RunTime:0.001001s ]
INFO: [ app_begin ] --END-- [ RunTime:0.001001s ]
SQL: SHOW COLUMNS FROM `users_integral_list` [ RunTime:0.0010s ]
ERR: 1054:Unknown column '$users_integral_list.users_get_integral' in 'field list'
 [ SQL语句 ] : SELECT consume_list.consume_time,consume_list.consume_money,users_integral_list.users_integral_addtime,$users_integral_list.users_get_integral FROM `users_integral_list` INNER JOIN consume_list ON consume_list.consume_list_id = users_integral_list.consume_list_id  WHERE users_integral_list.users_id = '24' ORDER BY users_integral_list.users_integral_addtime desc 
ERR: 1054:Unknown column '$users_integral_list.users_get_integral' in 'field list'
 [ SQL语句 ] : SELECT consume_list.consume_time,consume_list.consume_money,users_integral_list.users_integral_addtime,$users_integral_list.users_get_integral FROM `users_integral_list` INNER JOIN consume_list ON consume_list.consume_list_id = users_integral_list.consume_list_id  WHERE users_integral_list.users_id = '24' ORDER BY users_integral_list.users_integral_addtime desc 

[ 2017-12-19T22:05:42+08:00 ] ::1 /TP/index.php/Users/Users/incomeDetail
INFO: [ app_init ] --START--
INFO: Run Behavior\BuildLiteBehavior [ RunTime:0.000000s ]
INFO: [ app_init ] --END-- [ RunTime:0.001000s ]
INFO: [ app_begin ] --START--
INFO: Run Behavior\ReadHtmlCacheBehavior [ RunTime:0.001000s ]
INFO: [ app_begin ] --END-- [ RunTime:0.001000s ]
SQL: SHOW COLUMNS FROM `users_integral_list` [ RunTime:0.0010s ]
SQL: SELECT consume_list.consume_time,consume_list.consume_money,users_integral_list.users_integral_addtime,users_integral_list.users_get_integral FROM `users_integral_list` INNER JOIN consume_list ON consume_list.consume_list_id = users_integral_list.consume_list_id  WHERE users_integral_list.users_id = '24' ORDER BY users_integral_list.users_integral_addtime desc  [ RunTime:0.0010s ]
INFO: [ app_end ] --START--
INFO: Run Behavior\ShowPageTraceBehavior [ RunTime:0.002000s ]
INFO: [ app_end ] --END-- [ RunTime:0.002000s ]

[ 2017-12-19T22:07:24+08:00 ] ::1 /TP/index.php/Users/Users/incomeDetail
INFO: [ app_init ] --START--
INFO: Run Behavior\BuildLiteBehavior [ RunTime:0.000000s ]
INFO: [ app_init ] --END-- [ RunTime:0.001000s ]
INFO: [ app_begin ] --START--
INFO: Run Behavior\ReadHtmlCacheBehavior [ RunTime:0.001000s ]
INFO: [ app_begin ] --END-- [ RunTime:0.001000s ]
SQL: SHOW COLUMNS FROM `users_integral_list` [ RunTime:0.0000s ]
SQL: SELECT consume_list.consume_time,consume_list.consume_money,users_integral_list.users_integral_addtime,users_integral_list.users_get_integral FROM `users_integral_list` INNER JOIN consume_list ON consume_list.consume_list_id = users_integral_list.consume_list_id  WHERE users_integral_list.users_id = '24' ORDER BY users_integral_list.users_integral_addtime desc  [ RunTime:0.0000s ]
INFO: [ view_parse ] --START--
INFO: [ template_filter ] --START--
INFO: Run Behavior\ContentReplaceBehavior [ RunTime:0.000000s ]
INFO: [ template_filter ] --END-- [ RunTime:0.001000s ]
NOTIC: [8] Undefined index: share_desc D:\wamp64\www\TP\Application\Runtime\Cache\Users\b4b0244274322cb4ff46ff3024a77dfb.php 第 51 行.
INFO: Run Behavior\ParseTemplateBehavior [ RunTime:0.006000s ]
INFO: [ view_parse ] --END-- [ RunTime:0.006000s ]
INFO: [ view_filter ] --START--
INFO: Run Behavior\WriteHtmlCacheBehavior [ RunTime:0.000000s ]
INFO: [ view_filter ] --END-- [ RunTime:0.000000s ]
INFO: [ app_end ] --START--
INFO: Run Behavior\ShowPageTraceBehavior [ RunTime:0.001000s ]
INFO: [ app_end ] --END-- [ RunTime:0.001000s ]

[ 2017-12-19T22:07:24+08:00 ] ::1 /TP/index.php/Users/Users/js/bootstrap.min.js
INFO: [ app_init ] --START--
INFO: Run Behavior\BuildLiteBehavior [ RunTime:0.000000s ]
INFO: [ app_init ] --END-- [ RunTime:0.000000s ]
INFO: [ app_begin ] --START--
INFO: Run Behavior\ReadHtmlCacheBehavior [ RunTime:0.001000s ]
INFO: [ app_begin ] --END-- [ RunTime:0.001000s ]
ERR: 非法操作:js

[ 2017-12-19T22:07:29+08:00 ] ::1 /TP/index.php/Users/Users/js/bootstrap.min.js
INFO: [ app_init ] --START--
INFO: Run Behavior\BuildLiteBehavior [ RunTime:0.000000s ]
INFO: [ app_init ] --END-- [ RunTime:0.001000s ]
INFO: [ app_begin ] --START--
INFO: Run Behavior\ReadHtmlCacheBehavior [ RunTime:0.001000s ]
INFO: [ app_begin ] --END-- [ RunTime:0.001000s ]
ERR: 非法操作:js

[ 2017-12-19T22:07:56+08:00 ] ::1 /TP/index.php/Users/
INFO: [ app_init ] --START--
INFO: Run Behavior\BuildLiteBehavior [ RunTime:0.000000s ]
INFO: [ app_init ] --END-- [ RunTime:0.001001s ]
INFO: [ app_begin ] --START--
INFO: Run Behavior\ReadHtmlCacheBehavior [ RunTime:0.001000s ]
INFO: [ app_begin ] --END-- [ RunTime:0.001000s ]
SQL: SHOW COLUMNS FROM `consume_list` [ RunTime:0.0010s ]
SQL: SHOW COLUMNS FROM `users_integral_list` [ RunTime:0.0010s ]
SQL: SHOW COLUMNS FROM `users_integral` [ RunTime:0.0010s ]
SQL: SELECT SUM(consume_money) AS tp_sum FROM `consume_list` WHERE `users_id` = 24 LIMIT 1   [ RunTime:0.0000s ]
SQL: SELECT SUM(users_integral_num) AS tp_sum FROM `users_integral` WHERE `users_id` = 24 LIMIT 1   [ RunTime:0.0000s ]
NOTIC: [8] curl_setopt(): CURLOPT_SSL_VERIFYHOST no longer accepts the value 1, value 2 will be used instead D:\wamp64\www\TP\ThinkPHP\Library\Org\Wxsdk\Jssdk.class.php 第 97 行.
NOTIC: [8] Trying to get property of non-object D:\wamp64\www\TP\ThinkPHP\Library\Org\Wxsdk\Jssdk.class.php 第 78 行.
NOTIC: [8] curl_setopt(): CURLOPT_SSL_VERIFYHOST no longer accepts the value 1, value 2 will be used instead D:\wamp64\www\TP\ThinkPHP\Library\Org\Wxsdk\Jssdk.class.php 第 97 行.
NOTIC: [8] Trying to get property of non-object D:\wamp64\www\TP\ThinkPHP\Library\Org\Wxsdk\Jssdk.class.php 第 57 行.
INFO: [ view_parse ] --START--
INFO: [ template_filter ] --START--
INFO: Run Behavior\ContentReplaceBehavior [ RunTime:0.000000s ]
INFO: [ template_filter ] --END-- [ RunTime:0.000000s ]
INFO: Run Behavior\ParseTemplateBehavior [ RunTime:0.012001s ]
INFO: [ view_parse ] --END-- [ RunTime:0.013001s ]
INFO: [ view_filter ] --START--
INFO: Run Behavior\WriteHtmlCacheBehavior [ RunTime:0.000000s ]
INFO: [ view_filter ] --END-- [ RunTime:0.001000s ]
INFO: [ app_end ] --START--
INFO: Run Behavior\ShowPageTraceBehavior [ RunTime:0.001000s ]
INFO: [ app_end ] --END-- [ RunTime:0.001000s ]

[ 2017-12-19T22:07:59+08:00 ] ::1 /TP/index.php/Users/Users/incomeDetail
INFO: [ app_init ] --START--
INFO: Run Behavior\BuildLiteBehavior [ RunTime:0.000000s ]
INFO: [ app_init ] --END-- [ RunTime:0.000000s ]
INFO: [ app_begin ] --START--
INFO: Run Behavior\ReadHtmlCacheBehavior [ RunTime:0.000000s ]
INFO: [ app_begin ] --END-- [ RunTime:0.000000s ]
SQL: SHOW COLUMNS FROM `users_integral_list` [ RunTime:0.0010s ]
SQL: SELECT consume_list.consume_time,consume_list.consume_money,users_integral_list.users_integral_addtime,users_integral_list.users_get_integral FROM `users_integral_list` INNER JOIN consume_list ON consume_list.consume_list_id = users_integral_list.consume_list_id  WHERE users_integral_list.users_id = '24' ORDER BY users_integral_list.users_integral_addtime desc  [ RunTime:0.0010s ]
INFO: [ view_parse ] --START--
INFO: [ template_filter ] --START--
INFO: Run Behavior\ContentReplaceBehavior [ RunTime:0.000000s ]
INFO: [ template_filter ] --END-- [ RunTime:0.000000s ]
INFO: Run Behavior\ParseTemplateBehavior [ RunTime:0.007000s ]
INFO: [ view_parse ] --END-- [ RunTime:0.007000s ]
INFO: [ view_filter ] --START--
INFO: Run Behavior\WriteHtmlCacheBehavior [ RunTime:0.000000s ]
INFO: [ view_filter ] --END-- [ RunTime:0.000000s ]
INFO: [ app_end ] --START--
INFO: Run Behavior\ShowPageTraceBehavior [ RunTime:0.001000s ]
INFO: [ app_end ] --END-- [ RunTime:0.001000s ]

[ 2017-12-19T22:14:28+08:00 ] ::1 /TP/index.php/Users/Users/incomeDetail
INFO: [ app_init ] --START--
INFO: Run Behavior\BuildLiteBehavior [ RunTime:0.000000s ]
INFO: [ app_init ] --END-- [ RunTime:0.000000s ]
INFO: [ app_begin ] --START--
INFO: Run Behavior\ReadHtmlCacheBehavior [ RunTime:0.000000s ]
INFO: [ app_begin ] --END-- [ RunTime:0.001000s ]
SQL: SHOW COLUMNS FROM `users_integral_list` [ RunTime:0.0010s ]
SQL: SELECT consume_list.consume_time,consume_list.consume_money,users_integral_list.users_integral_addtime,users_integral_list.users_get_integral FROM `users_integral_list` INNER JOIN consume_list ON consume_list.consume_list_id = users_integral_list.consume_list_id  WHERE users_integral_list.users_id = '24' ORDER BY users_integral_list.users_integral_addtime desc  [ RunTime:0.0010s ]
INFO: [ view_parse ] --START--
INFO: [ template_filter ] --START--
INFO: Run Behavior\ContentReplaceBehavior [ RunTime:0.001000s ]
INFO: [ template_filter ] --END-- [ RunTime:0.001000s ]
NOTIC: [8] Undefined index: person D:\wamp64\www\TP\Application\Runtime\Cache\Users\0f70cb87abb99eabd31333d88001653e.php 第 19 行.
NOTIC: [8] Undefined index: list D:\wamp64\www\TP\Application\Runtime\Cache\Users\0f70cb87abb99eabd31333d88001653e.php 第 22 行.
INFO: Run Behavior\ParseTemplateBehavior [ RunTime:0.009001s ]
INFO: [ view_parse ] --END-- [ RunTime:0.009001s ]
INFO: [ view_filter ] --START--
INFO: Run Behavior\WriteHtmlCacheBehavior [ RunTime:0.001000s ]
INFO: [ view_filter ] --END-- [ RunTime:0.001000s ]
INFO: [ app_end ] --START--
INFO: Run Behavior\ShowPageTraceBehavior [ RunTime:0.000000s ]
INFO: [ app_end ] --END-- [ RunTime:0.001000s ]

[ 2017-12-19T22:14:46+08:00 ] ::1 /TP/index.php/Users/Users/incomeDetail
INFO: [ app_init ] --START--
INFO: Run Behavior\BuildLiteBehavior [ RunTime:0.000000s ]
INFO: [ app_init ] --END-- [ RunTime:0.000000s ]
INFO: [ app_begin ] --START--
INFO: Run Behavior\ReadHtmlCacheBehavior [ RunTime:0.001000s ]
INFO: [ app_begin ] --END-- [ RunTime:0.001000s ]
SQL: SHOW COLUMNS FROM `users_integral_list` [ RunTime:0.0020s ]
SQL: SELECT consume_list.consume_time,consume_list.consume_money,users_integral_list.users_integral_addtime,users_integral_list.users_get_integral FROM `users_integral_list` INNER JOIN consume_list ON consume_list.consume_list_id = users_integral_list.consume_list_id  WHERE users_integral_list.users_id = '24' ORDER BY users_integral_list.users_integral_addtime desc  [ RunTime:0.0020s ]
INFO: [ view_parse ] --START--
INFO: [ template_filter ] --START--
INFO: Run Behavior\ContentReplaceBehavior [ RunTime:0.000000s ]
INFO: [ template_filter ] --END-- [ RunTime:0.000000s ]
NOTIC: [8] Undefined index: person D:\wamp64\www\TP\Application\Runtime\Cache\Users\0f70cb87abb99eabd31333d88001653e.php 第 19 行.
NOTIC: [8] Undefined index: list D:\wamp64\www\TP\Application\Runtime\Cache\Users\0f70cb87abb99eabd31333d88001653e.php 第 22 行.
INFO: Run Behavior\ParseTemplateBehavior [ RunTime:0.006000s ]
INFO: [ view_parse ] --END-- [ RunTime:0.007000s ]
INFO: [ view_filter ] --START--
INFO: Run Behavior\WriteHtmlCacheBehavior [ RunTime:0.000000s ]
INFO: [ view_filter ] --END-- [ RunTime:0.000000s ]
INFO: [ app_end ] --START--
INFO: Run Behavior\ShowPageTraceBehavior [ RunTime:0.001000s ]
INFO: [ app_end ] --END-- [ RunTime:0.001000s ]

[ 2017-12-19T22:15:00+08:00 ] ::1 /TP/index.php/Users/Users/incomeDetail
INFO: [ app_init ] --START--
INFO: Run Behavior\BuildLiteBehavior [ RunTime:0.000000s ]
INFO: [ app_init ] --END-- [ RunTime:0.000000s ]
INFO: [ app_begin ] --START--
INFO: Run Behavior\ReadHtmlCacheBehavior [ RunTime:0.000000s ]
INFO: [ app_begin ] --END-- [ RunTime:0.000000s ]
SQL: SHOW COLUMNS FROM `users_integral_list` [ RunTime:0.0010s ]
SQL: SELECT consume_list.consume_time,consume_list.consume_money,users_integral_list.users_integral_addtime,users_integral_list.users_get_integral FROM `users_integral_list` INNER JOIN consume_list ON consume_list.consume_list_id = users_integral_list.consume_list_id  WHERE users_integral_list.users_id = '24' ORDER BY users_integral_list.users_integral_addtime desc  [ RunTime:0.0010s ]
INFO: [ view_parse ] --START--
INFO: [ template_filter ] --START--
INFO: Run Behavior\ContentReplaceBehavior [ RunTime:0.000000s ]
INFO: [ template_filter ] --END-- [ RunTime:0.000000s ]
NOTIC: [8] Undefined index: list D:\wamp64\www\TP\Application\Runtime\Cache\Users\0f70cb87abb99eabd31333d88001653e.php 第 21 行.
INFO: Run Behavior\ParseTemplateBehavior [ RunTime:0.007000s ]
INFO: [ view_parse ] --END-- [ RunTime:0.007000s ]
INFO: [ view_filter ] --START--
INFO: Run Behavior\WriteHtmlCacheBehavior [ RunTime:0.000000s ]
INFO: [ view_filter ] --END-- [ RunTime:0.000000s ]
INFO: [ app_end ] --START--
INFO: Run Behavior\ShowPageTraceBehavior [ RunTime:0.001000s ]
INFO: [ app_end ] --END-- [ RunTime:0.001000s ]

[ 2017-12-19T22:15:16+08:00 ] ::1 /TP/index.php/Users/Users/incomeDetail
INFO: [ app_init ] --START--
INFO: Run Behavior\BuildLiteBehavior [ RunTime:0.000000s ]
INFO: [ app_init ] --END-- [ RunTime:0.001000s ]
INFO: [ app_begin ] --START--
INFO: Run Behavior\ReadHtmlCacheBehavior [ RunTime:0.001000s ]
INFO: [ app_begin ] --END-- [ RunTime:0.001000s ]
SQL: SHOW COLUMNS FROM `users_integral_list` [ RunTime:0.0010s ]
SQL: SELECT consume_list.consume_time,consume_list.consume_money,users_integral_list.users_integral_addtime,users_integral_list.users_get_integral FROM `users_integral_list` INNER JOIN consume_list ON consume_list.consume_list_id = users_integral_list.consume_list_id  WHERE users_integral_list.users_id = '24' ORDER BY users_integral_list.users_integral_addtime desc  [ RunTime:0.0010s ]
INFO: [ view_parse ] --START--
INFO: [ template_filter ] --START--
INFO: Run Behavior\ContentReplaceBehavior [ RunTime:0.001000s ]
INFO: [ template_filter ] --END-- [ RunTime:0.001000s ]
NOTIC: [8] Undefined index: list D:\wamp64\www\TP\Application\Runtime\Cache\Users\0f70cb87abb99eabd31333d88001653e.php 第 21 行.
INFO: Run Behavior\ParseTemplateBehavior [ RunTime:0.011001s ]
INFO: [ view_parse ] --END-- [ RunTime:0.011001s ]
INFO: [ view_filter ] --START--
INFO: Run Behavior\WriteHtmlCacheBehavior [ RunTime:0.000000s ]
INFO: [ view_filter ] --END-- [ RunTime:0.001000s ]
INFO: [ app_end ] --START--
INFO: Run Behavior\ShowPageTraceBehavior [ RunTime:0.001000s ]
INFO: [ app_end ] --END-- [ RunTime:0.001000s ]

[ 2017-12-19T22:16:01+08:00 ] ::1 /TP/index.php/Users/Users/incomeDetail
INFO: [ app_init ] --START--
INFO: Run Behavior\BuildLiteBehavior [ RunTime:0.000000s ]
INFO: [ app_init ] --END-- [ RunTime:0.001000s ]
INFO: [ app_begin ] --START--
INFO: Run Behavior\ReadHtmlCacheBehavior [ RunTime:0.001000s ]
INFO: [ app_begin ] --END-- [ RunTime:0.001000s ]
SQL: SHOW COLUMNS FROM `users_integral_list` [ RunTime:0.0010s ]
SQL: SELECT consume_list.consume_time,consume_list.consume_money,users_integral_list.users_integral_addtime,users_integral_list.users_get_integral FROM `users_integral_list` INNER JOIN consume_list ON consume_list.consume_list_id = users_integral_list.consume_list_id  WHERE users_integral_list.users_id = '24' ORDER BY users_integral_list.users_integral_addtime desc  [ RunTime:0.0010s ]
INFO: [ view_parse ] --START--
INFO: [ template_filter ] --START--
INFO: Run Behavior\ContentReplaceBehavior [ RunTime:0.000000s ]
INFO: [ template_filter ] --END-- [ RunTime:0.000000s ]
NOTIC: [8] Undefined index: business_name D:\wamp64\www\TP\Application\Runtime\Cache\Users\0f70cb87abb99eabd31333d88001653e.php 第 21 行.
NOTIC: [8] Undefined index: business_name D:\wamp64\www\TP\Application\Runtime\Cache\Users\0f70cb87abb99eabd31333d88001653e.php 第 21 行.
NOTIC: [8] Undefined index: business_name D:\wamp64\www\TP\Application\Runtime\Cache\Users\0f70cb87abb99eabd31333d88001653e.php 第 21 行.
NOTIC: [8] Undefined index: business_name D:\wamp64\www\TP\Application\Runtime\Cache\Users\0f70cb87abb99eabd31333d88001653e.php 第 21 行.
NOTIC: [8] Undefined index: business_name D:\wamp64\www\TP\Application\Runtime\Cache\Users\0f70cb87abb99eabd31333d88001653e.php 第 21 行.
INFO: Run Behavior\ParseTemplateBehavior [ RunTime:0.008001s ]
INFO: [ view_parse ] --END-- [ RunTime:0.008001s ]
INFO: [ view_filter ] --START--
INFO: Run Behavior\WriteHtmlCacheBehavior [ RunTime:0.000000s ]
INFO: [ view_filter ] --END-- [ RunTime:0.001000s ]
INFO: [ app_end ] --START--
INFO: Run Behavior\ShowPageTraceBehavior [ RunTime:0.000000s ]
INFO: [ app_end ] --END-- [ RunTime:0.000000s ]

[ 2017-12-19T22:18:08+08:00 ] ::1 /TP/index.php/Users/Users/incomeDetail
INFO: [ app_init ] --START--
INFO: Run Behavior\BuildLiteBehavior [ RunTime:0.000000s ]
INFO: [ app_init ] --END-- [ RunTime:0.000000s ]
INFO: [ app_begin ] --START--
INFO: Run Behavior\ReadHtmlCacheBehavior [ RunTime:0.001000s ]
INFO: [ app_begin ] --END-- [ RunTime:0.001000s ]
SQL: SHOW COLUMNS FROM `users_integral_list` [ RunTime:0.0000s ]
SQL: SELECT consume_list.consume_time,consume_list.consume_money,users_integral_list.users_integral_addtime,users_integral_list.users_get_integral FROM `users_integral_list` INNER JOIN consume_list ON consume_list.consume_list_id = users_integral_list.consume_list_id  WHERE users_integral_list.users_id = '24' ORDER BY users_integral_list.users_integral_addtime desc  [ RunTime:0.0000s ]
INFO: [ view_parse ] --START--
INFO: [ template_filter ] --START--
INFO: Run Behavior\ContentReplaceBehavior [ RunTime:0.000000s ]
INFO: [ template_filter ] --END-- [ RunTime:0.000000s ]
NOTIC: [8] Undefined index: business_name D:\wamp64\www\TP\Application\Runtime\Cache\Users\0f70cb87abb99eabd31333d88001653e.php 第 21 行.
NOTIC: [8] Undefined index: business_name D:\wamp64\www\TP\Application\Runtime\Cache\Users\0f70cb87abb99eabd31333d88001653e.php 第 21 行.
NOTIC: [8] Undefined index: business_name D:\wamp64\www\TP\Application\Runtime\Cache\Users\0f70cb87abb99eabd31333d88001653e.php 第 21 行.
NOTIC: [8] Undefined index: business_name D:\wamp64\www\TP\Application\Runtime\Cache\Users\0f70cb87abb99eabd31333d88001653e.php 第 21 行.
NOTIC: [8] Undefined index: business_name D:\wamp64\www\TP\Application\Runtime\Cache\Users\0f70cb87abb99eabd31333d88001653e.php 第 21 行.
INFO: Run Behavior\ParseTemplateBehavior [ RunTime:0.007000s ]
INFO: [ view_parse ] --END-- [ RunTime:0.007000s ]
INFO: [ view_filter ] --START--
INFO: Run Behavior\WriteHtmlCacheBehavior [ RunTime:0.001000s ]
INFO: [ view_filter ] --END-- [ RunTime:0.001000s ]
INFO: [ app_end ] --START--
INFO: Run Behavior\ShowPageTraceBehavior [ RunTime:0.001000s ]
INFO: [ app_end ] --END-- [ RunTime:0.001000s ]

[ 2017-12-19T22:18:14+08:00 ] ::1 /TP/index.php/Users/Users/incomeDetail
INFO: [ app_init ] --START--
INFO: Run Behavior\BuildLiteBehavior [ RunTime:0.000000s ]
INFO: [ app_init ] --END-- [ RunTime:0.001000s ]
INFO: [ app_begin ] --START--
INFO: Run Behavior\ReadHtmlCacheBehavior [ RunTime:0.001000s ]
INFO: [ app_begin ] --END-- [ RunTime:0.001000s ]
SQL: SHOW COLUMNS FROM `users_integral_list` [ RunTime:0.0010s ]
SQL: SELECT consume_list.consume_time,consume_list.consume_money,users_integral_list.users_integral_addtime,users_integral_list.users_get_integral FROM `users_integral_list` INNER JOIN consume_list ON consume_list.consume_list_id = users_integral_list.consume_list_id  WHERE users_integral_list.users_id = '24' ORDER BY users_integral_list.users_integral_addtime desc  [ RunTime:0.0000s ]
INFO: [ view_parse ] --START--
INFO: [ template_filter ] --START--
INFO: Run Behavior\ContentReplaceBehavior [ RunTime:0.000000s ]
INFO: [ template_filter ] --END-- [ RunTime:0.000000s ]
NOTIC: [8] Undefined index: business_name D:\wamp64\www\TP\Application\Runtime\Cache\Users\0f70cb87abb99eabd31333d88001653e.php 第 21 行.
NOTIC: [8] Undefined index: business_name D:\wamp64\www\TP\Application\Runtime\Cache\Users\0f70cb87abb99eabd31333d88001653e.php 第 21 行.
NOTIC: [8] Undefined index: business_name D:\wamp64\www\TP\Application\Runtime\Cache\Users\0f70cb87abb99eabd31333d88001653e.php 第 21 行.
NOTIC: [8] Undefined index: business_name D:\wamp64\www\TP\Application\Runtime\Cache\Users\0f70cb87abb99eabd31333d88001653e.php 第 21 行.
NOTIC: [8] Undefined index: business_name D:\wamp64\www\TP\Application\Runtime\Cache\Users\0f70cb87abb99eabd31333d88001653e.php 第 21 行.
INFO: Run Behavior\ParseTemplateBehavior [ RunTime:0.009000s ]
INFO: [ view_parse ] --END-- [ RunTime:0.009000s ]
INFO: [ view_filter ] --START--
INFO: Run Behavior\WriteHtmlCacheBehavior [ RunTime:0.001000s ]
INFO: [ view_filter ] --END-- [ RunTime:0.001000s ]
INFO: [ app_end ] --START--
INFO: Run Behavior\ShowPageTraceBehavior [ RunTime:0.001000s ]
INFO: [ app_end ] --END-- [ RunTime:0.001000s ]

[ 2017-12-19T22:20:52+08:00 ] ::1 /TP/index.php/Users/Users/incomeDetail
INFO: [ app_init ] --START--
INFO: Run Behavior\BuildLiteBehavior [ RunTime:0.000000s ]
INFO: [ app_init ] --END-- [ RunTime:0.001000s ]
INFO: [ app_begin ] --START--
INFO: Run Behavior\ReadHtmlCacheBehavior [ RunTime:0.001000s ]
INFO: [ app_begin ] --END-- [ RunTime:0.002000s ]
SQL: SHOW COLUMNS FROM `users_integral_list` [ RunTime:0.0010s ]
SQL: SELECT consume_list.consume_time,consume_list.consume_money,users_integral_list.users_integral_addtime,users_integral_list.users_get_integral FROM `users_integral_list` INNER JOIN consume_list ON consume_list.consume_list_id = users_integral_list.consume_list_id  WHERE users_integral_list.users_id = '24' ORDER BY users_integral_list.users_integral_addtime desc  [ RunTime:0.0010s ]
INFO: [ view_parse ] --START--
INFO: [ template_filter ] --START--
INFO: Run Behavior\ContentReplaceBehavior [ RunTime:0.000000s ]
INFO: [ template_filter ] --END-- [ RunTime:0.000000s ]
INFO: Run Behavior\ParseTemplateBehavior [ RunTime:0.007000s ]
INFO: [ view_parse ] --END-- [ RunTime:0.007000s ]
INFO: [ view_filter ] --START--
INFO: Run Behavior\WriteHtmlCacheBehavior [ RunTime:0.000000s ]
INFO: [ view_filter ] --END-- [ RunTime:0.000000s ]
INFO: [ app_end ] --START--
INFO: Run Behavior\ShowPageTraceBehavior [ RunTime:0.001000s ]
INFO: [ app_end ] --END-- [ RunTime:0.001000s ]

[ 2017-12-19T22:21:20+08:00 ] ::1 /TP/index.php/Users/Users/incomeDetail
INFO: [ app_init ] --START--
INFO: Run Behavior\BuildLiteBehavior [ RunTime:0.000000s ]
INFO: [ app_init ] --END-- [ RunTime:0.001000s ]
INFO: [ app_begin ] --START--
INFO: Run Behavior\ReadHtmlCacheBehavior [ RunTime:0.001000s ]
INFO: [ app_begin ] --END-- [ RunTime:0.001000s ]
SQL: SHOW COLUMNS FROM `users_integral_list` [ RunTime:0.0010s ]
SQL: SELECT consume_list.consume_time,consume_list.consume_money,users_integral_list.users_integral_addtime,users_integral_list.users_get_integral FROM `users_integral_list` INNER JOIN consume_list ON consume_list.consume_list_id = users_integral_list.consume_list_id  WHERE users_integral_list.users_id = '24' ORDER BY users_integral_list.users_integral_addtime desc  [ RunTime:0.0000s ]
INFO: [ view_parse ] --START--
INFO: [ template_filter ] --START--
INFO: Run Behavior\ContentReplaceBehavior [ RunTime:0.000000s ]
INFO: [ template_filter ] --END-- [ RunTime:0.000000s ]
INFO: Run Behavior\ParseTemplateBehavior [ RunTime:0.008001s ]
INFO: [ view_parse ] --END-- [ RunTime:0.008001s ]
INFO: [ view_filter ] --START--
INFO: Run Behavior\WriteHtmlCacheBehavior [ RunTime:0.000000s ]
INFO: [ view_filter ] --END-- [ RunTime:0.000000s ]
INFO: [ app_end ] --START--
INFO: Run Behavior\ShowPageTraceBehavior [ RunTime:0.001000s ]
INFO: [ app_end ] --END-- [ RunTime:0.001000s ]

[ 2017-12-19T22:21:36+08:00 ] ::1 /TP/index.php/Users/Users/incomeDetail
INFO: [ app_init ] --START--
INFO: Run Behavior\BuildLiteBehavior [ RunTime:0.000000s ]
INFO: [ app_init ] --END-- [ RunTime:0.000000s ]
INFO: [ app_begin ] --START--
INFO: Run Behavior\ReadHtmlCacheBehavior [ RunTime:0.001000s ]
INFO: [ app_begin ] --END-- [ RunTime:0.001000s ]
SQL: SHOW COLUMNS FROM `users_integral_list` [ RunTime:0.0010s ]
SQL: SELECT consume_list.consume_time,consume_list.consume_money,users_integral_list.users_integral_addtime,users_integral_list.users_get_integral FROM `users_integral_list` INNER JOIN consume_list ON consume_list.consume_list_id = users_integral_list.consume_list_id  WHERE users_integral_list.users_id = '24' ORDER BY users_integral_list.users_integral_addtime desc  [ RunTime:0.0010s ]
INFO: [ view_parse ] --START--
INFO: [ template_filter ] --START--
INFO: Run Behavior\ContentReplaceBehavior [ RunTime:0.000000s ]
INFO: [ template_filter ] --END-- [ RunTime:0.000000s ]
INFO: Run Behavior\ParseTemplateBehavior [ RunTime:0.008000s ]
INFO: [ view_parse ] --END-- [ RunTime:0.008000s ]
INFO: [ view_filter ] --START--
INFO: Run Behavior\WriteHtmlCacheBehavior [ RunTime:0.000000s ]
INFO: [ view_filter ] --END-- [ RunTime:0.000000s ]
INFO: [ app_end ] --START--
INFO: Run Behavior\ShowPageTraceBehavior [ RunTime:0.001000s ]
INFO: [ app_end ] --END-- [ RunTime:0.001000s ]

[ 2017-12-19T22:22:28+08:00 ] ::1 /TP/index.php/Users/Users/incomeDetail
INFO: [ app_init ] --START--
INFO: Run Behavior\BuildLiteBehavior [ RunTime:0.000000s ]
INFO: [ app_init ] --END-- [ RunTime:0.001000s ]
INFO: [ app_begin ] --START--
INFO: Run Behavior\ReadHtmlCacheBehavior [ RunTime:0.000000s ]
INFO: [ app_begin ] --END-- [ RunTime:0.001000s ]
SQL: SHOW COLUMNS FROM `users_integral_list` [ RunTime:0.0010s ]
SQL: SELECT consume_list.consume_time,consume_list.consume_money,users_integral_list.users_integral_addtime,users_integral_list.users_get_integral FROM `users_integral_list` INNER JOIN consume_list ON consume_list.consume_list_id = users_integral_list.consume_list_id  WHERE users_integral_list.users_id = '24' ORDER BY users_integral_list.users_integral_addtime desc  [ RunTime:0.0010s ]
INFO: [ view_parse ] --START--
INFO: [ template_filter ] --START--
INFO: Run Behavior\ContentReplaceBehavior [ RunTime:0.001000s ]
INFO: [ template_filter ] --END-- [ RunTime:0.001000s ]
INFO: Run Behavior\ParseTemplateBehavior [ RunTime:0.008001s ]
INFO: [ view_parse ] --END-- [ RunTime:0.008001s ]
INFO: [ view_filter ] --START--
INFO: Run Behavior\WriteHtmlCacheBehavior [ RunTime:0.000000s ]
INFO: [ view_filter ] --END-- [ RunTime:0.001000s ]
INFO: [ app_end ] --START--
INFO: Run Behavior\ShowPageTraceBehavior [ RunTime:0.000000s ]
INFO: [ app_end ] --END-- [ RunTime:0.000000s ]

[ 2017-12-19T22:24:25+08:00 ] ::1 /TP/index.php/Users/Users/incomeDetail
INFO: [ app_init ] --START--
INFO: Run Behavior\BuildLiteBehavior [ RunTime:0.000000s ]
INFO: [ app_init ] --END-- [ RunTime:0.000000s ]
INFO: [ app_begin ] --START--
INFO: Run Behavior\ReadHtmlCacheBehavior [ RunTime:0.001000s ]
INFO: [ app_begin ] --END-- [ RunTime:0.001000s ]
SQL: SHOW COLUMNS FROM `users_integral_list` [ RunTime:0.0010s ]
SQL: SELECT consume_list.consume_time,consume_list.consume_money,users_integral_list.users_integral_addtime,users_integral_list.users_get_integral FROM `users_integral_list` INNER JOIN consume_list ON consume_list.consume_list_id = users_integral_list.consume_list_id  WHERE users_integral_list.users_id = '24' ORDER BY users_integral_list.users_integral_addtime desc  [ RunTime:0.0000s ]
INFO: [ view_parse ] --START--
INFO: [ template_filter ] --START--
INFO: Run Behavior\ContentReplaceBehavior [ RunTime:0.000000s ]
INFO: [ template_filter ] --END-- [ RunTime:0.000000s ]
INFO: Run Behavior\ParseTemplateBehavior [ RunTime:0.006001s ]
INFO: [ view_parse ] --END-- [ RunTime:0.006001s ]
INFO: [ view_filter ] --START--
INFO: Run Behavior\WriteHtmlCacheBehavior [ RunTime:0.001000s ]
INFO: [ view_filter ] --END-- [ RunTime:0.001000s ]
INFO: [ app_end ] --START--
INFO: Run Behavior\ShowPageTraceBehavior [ RunTime:0.000000s ]
INFO: [ app_end ] --END-- [ RunTime:0.001000s ]

[ 2017-12-19T22:24:34+08:00 ] ::1 /TP/index.php/Users/Users/incomeDetail
INFO: [ app_init ] --START--
INFO: Run Behavior\BuildLiteBehavior [ RunTime:0.000000s ]
INFO: [ app_init ] --END-- [ RunTime:0.001000s ]
INFO: [ app_begin ] --START--
INFO: Run Behavior\ReadHtmlCacheBehavior [ RunTime:0.001000s ]
INFO: [ app_begin ] --END-- [ RunTime:0.001000s ]
SQL: SHOW COLUMNS FROM `users_integral_list` [ RunTime:0.0010s ]
SQL: SELECT consume_list.consume_time,consume_list.consume_money,users_integral_list.users_integral_addtime,users_integral_list.users_get_integral FROM `users_integral_list` INNER JOIN consume_list ON consume_list.consume_list_id = users_integral_list.consume_list_id  WHERE users_integral_list.users_id = '24' ORDER BY users_integral_list.users_integral_addtime desc  [ RunTime:0.0010s ]
INFO: [ view_parse ] --START--
INFO: [ template_filter ] --START--
INFO: Run Behavior\ContentReplaceBehavior [ RunTime:0.000000s ]
INFO: [ template_filter ] --END-- [ RunTime:0.000000s ]
INFO: Run Behavior\ParseTemplateBehavior [ RunTime:0.009000s ]
INFO: [ view_parse ] --END-- [ RunTime:0.009000s ]
INFO: [ view_filter ] --START--
INFO: Run Behavior\WriteHtmlCacheBehavior [ RunTime:0.000000s ]
INFO: [ view_filter ] --END-- [ RunTime:0.001001s ]
INFO: [ app_end ] --START--
INFO: Run Behavior\ShowPageTraceBehavior [ RunTime:0.000000s ]
INFO: [ app_end ] --END-- [ RunTime:0.000000s ]

[ 2017-12-19T22:25:29+08:00 ] ::1 /TP/index.php/Users/Users/incomeDetail
INFO: [ app_init ] --START--
INFO: Run Behavior\BuildLiteBehavior [ RunTime:0.000000s ]
INFO: [ app_init ] --END-- [ RunTime:0.001000s ]
INFO: [ app_begin ] --START--
INFO: Run Behavior\ReadHtmlCacheBehavior [ RunTime:0.001000s ]
INFO: [ app_begin ] --END-- [ RunTime:0.001000s ]
SQL: SHOW COLUMNS FROM `users_integral_list` [ RunTime:0.0000s ]
SQL: SELECT consume_list.consume_time,consume_list.consume_money,users_integral_list.users_integral_addtime,users_integral_list.users_get_integral FROM `users_integral_list` INNER JOIN consume_list ON consume_list.consume_list_id = users_integral_list.consume_list_id  WHERE users_integral_list.users_id = '24' ORDER BY users_integral_list.users_integral_addtime desc  [ RunTime:0.0000s ]
INFO: [ view_parse ] --START--
INFO: [ template_filter ] --START--
INFO: Run Behavior\ContentReplaceBehavior [ RunTime:0.000000s ]
INFO: [ template_filter ] --END-- [ RunTime:0.000000s ]
INFO: Run Behavior\ParseTemplateBehavior [ RunTime:0.007000s ]
INFO: [ view_parse ] --END-- [ RunTime:0.007000s ]
INFO: [ view_filter ] --START--
INFO: Run Behavior\WriteHtmlCacheBehavior [ RunTime:0.001000s ]
INFO: [ view_filter ] --END-- [ RunTime:0.001000s ]
INFO: [ app_end ] --START--
INFO: Run Behavior\ShowPageTraceBehavior [ RunTime:0.001000s ]
INFO: [ app_end ] --END-- [ RunTime:0.001000s ]

[ 2017-12-19T22:25:52+08:00 ] ::1 /TP/index.php/Users/Users/incomeDetail
INFO: [ app_init ] --START--
INFO: Run Behavior\BuildLiteBehavior [ RunTime:0.000000s ]
INFO: [ app_init ] --END-- [ RunTime:0.001000s ]
INFO: [ app_begin ] --START--
INFO: Run Behavior\ReadHtmlCacheBehavior [ RunTime:0.001000s ]
INFO: [ app_begin ] --END-- [ RunTime:0.001000s ]
SQL: SHOW COLUMNS FROM `users_integral_list` [ RunTime:0.0010s ]
SQL: SELECT consume_list.consume_time,consume_list.consume_money,users_integral_list.users_integral_addtime,users_integral_list.users_get_integral FROM `users_integral_list` INNER JOIN consume_list ON consume_list.consume_list_id = users_integral_list.consume_list_id  WHERE users_integral_list.users_id = '24' ORDER BY users_integral_list.users_integral_addtime desc  [ RunTime:0.0010s ]
INFO: [ view_parse ] --START--
INFO: [ template_filter ] --START--
INFO: Run Behavior\ContentReplaceBehavior [ RunTime:0.000000s ]
INFO: [ template_filter ] --END-- [ RunTime:0.000000s ]
INFO: Run Behavior\ParseTemplateBehavior [ RunTime:0.006000s ]
INFO: [ view_parse ] --END-- [ RunTime:0.006000s ]
INFO: [ view_filter ] --START--
INFO: Run Behavior\WriteHtmlCacheBehavior [ RunTime:0.000000s ]
INFO: [ view_filter ] --END-- [ RunTime:0.000000s ]
INFO: [ app_end ] --START--
INFO: Run Behavior\ShowPageTraceBehavior [ RunTime:0.001001s ]
INFO: [ app_end ] --END-- [ RunTime:0.001001s ]

[ 2017-12-19T22:26:09+08:00 ] ::1 /TP/index.php/Users/Users/incomeDetail
INFO: [ app_init ] --START--
INFO: Run Behavior\BuildLiteBehavior [ RunTime:0.000000s ]
INFO: [ app_init ] --END-- [ RunTime:0.001000s ]
INFO: [ app_begin ] --START--
INFO: Run Behavior\ReadHtmlCacheBehavior [ RunTime:0.001000s ]
INFO: [ app_begin ] --END-- [ RunTime:0.001000s ]
SQL: SHOW COLUMNS FROM `users_integral_list` [ RunTime:0.0010s ]
SQL: SELECT consume_list.consume_time,consume_list.consume_money,users_integral_list.users_integral_addtime,users_integral_list.users_get_integral FROM `users_integral_list` INNER JOIN consume_list ON consume_list.consume_list_id = users_integral_list.consume_list_id  WHERE users_integral_list.users_id = '24' ORDER BY users_integral_list.users_integral_addtime desc  [ RunTime:0.0010s ]
INFO: [ view_parse ] --START--
INFO: [ template_filter ] --START--
INFO: Run Behavior\ContentReplaceBehavior [ RunTime:0.000000s ]
INFO: [ template_filter ] --END-- [ RunTime:0.000000s ]
INFO: Run Behavior\ParseTemplateBehavior [ RunTime:0.008000s ]
INFO: [ view_parse ] --END-- [ RunTime:0.008000s ]
INFO: [ view_filter ] --START--
INFO: Run Behavior\WriteHtmlCacheBehavior [ RunTime:0.000000s ]
INFO: [ view_filter ] --END-- [ RunTime:0.000000s ]
INFO: [ app_end ] --START--
INFO: Run Behavior\ShowPageTraceBehavior [ RunTime:0.000000s ]
INFO: [ app_end ] --END-- [ RunTime:0.001000s ]

[ 2017-12-19T22:27:13+08:00 ] ::1 /TP/index.php/Users/Users/incomeDetail
INFO: [ app_init ] --START--
INFO: Run Behavior\BuildLiteBehavior [ RunTime:0.000000s ]
INFO: [ app_init ] --END-- [ RunTime:0.001000s ]
INFO: [ app_begin ] --START--
INFO: Run Behavior\ReadHtmlCacheBehavior [ RunTime:0.001000s ]
INFO: [ app_begin ] --END-- [ RunTime:0.001000s ]
SQL: SHOW COLUMNS FROM `users_integral_list` [ RunTime:0.0000s ]
SQL: SELECT consume_list.consume_time,consume_list.consume_money,users_integral_list.users_integral_addtime,users_integral_list.users_get_integral FROM `users_integral_list` INNER JOIN consume_list ON consume_list.consume_list_id = users_integral_list.consume_list_id  WHERE users_integral_list.users_id = '24' ORDER BY users_integral_list.users_integral_addtime desc  [ RunTime:0.0000s ]
INFO: [ view_parse ] --START--
INFO: [ template_filter ] --START--
INFO: Run Behavior\ContentReplaceBehavior [ RunTime:0.000000s ]
INFO: [ template_filter ] --END-- [ RunTime:0.000000s ]
INFO: Run Behavior\ParseTemplateBehavior [ RunTime:0.007000s ]
INFO: [ view_parse ] --END-- [ RunTime:0.007000s ]
INFO: [ view_filter ] --START--
INFO: Run Behavior\WriteHtmlCacheBehavior [ RunTime:0.000000s ]
INFO: [ view_filter ] --END-- [ RunTime:0.000000s ]
INFO: [ app_end ] --START--
INFO: Run Behavior\ShowPageTraceBehavior [ RunTime:0.001000s ]
INFO: [ app_end ] --END-- [ RunTime:0.001000s ]

[ 2017-12-19T22:27:14+08:00 ] ::1 /TP/index.php/Users/Users/index
INFO: [ app_init ] --START--
INFO: Run Behavior\BuildLiteBehavior [ RunTime:0.000000s ]
INFO: [ app_init ] --END-- [ RunTime:0.000000s ]
INFO: [ app_begin ] --START--
INFO: Run Behavior\ReadHtmlCacheBehavior [ RunTime:0.000000s ]
INFO: [ app_begin ] --END-- [ RunTime:0.000000s ]
SQL: SHOW COLUMNS FROM `consume_list` [ RunTime:0.0010s ]
SQL: SHOW COLUMNS FROM `users_integral_list` [ RunTime:0.0010s ]
SQL: SHOW COLUMNS FROM `users_integral` [ RunTime:0.0010s ]
SQL: SELECT SUM(consume_money) AS tp_sum FROM `consume_list` WHERE `users_id` = 24 LIMIT 1   [ RunTime:0.0010s ]
SQL: SELECT SUM(users_integral_num) AS tp_sum FROM `users_integral` WHERE `users_id` = 24 LIMIT 1   [ RunTime:0.0000s ]
NOTIC: [8] curl_setopt(): CURLOPT_SSL_VERIFYHOST no longer accepts the value 1, value 2 will be used instead D:\wamp64\www\TP\ThinkPHP\Library\Org\Wxsdk\Jssdk.class.php 第 97 行.
NOTIC: [8] Trying to get property of non-object D:\wamp64\www\TP\ThinkPHP\Library\Org\Wxsdk\Jssdk.class.php 第 78 行.
NOTIC: [8] curl_setopt(): CURLOPT_SSL_VERIFYHOST no longer accepts the value 1, value 2 will be used instead D:\wamp64\www\TP\ThinkPHP\Library\Org\Wxsdk\Jssdk.class.php 第 97 行.
NOTIC: [8] Trying to get property of non-object D:\wamp64\www\TP\ThinkPHP\Library\Org\Wxsdk\Jssdk.class.php 第 57 行.
INFO: [ view_parse ] --START--
INFO: [ template_filter ] --START--
INFO: Run Behavior\ContentReplaceBehavior [ RunTime:0.000000s ]
INFO: [ template_filter ] --END-- [ RunTime:0.000000s ]
INFO: Run Behavior\ParseTemplateBehavior [ RunTime:0.014000s ]
INFO: [ view_parse ] --END-- [ RunTime:0.015001s ]
INFO: [ view_filter ] --START--
INFO: Run Behavior\WriteHtmlCacheBehavior [ RunTime:0.001000s ]
INFO: [ view_filter ] --END-- [ RunTime:0.001000s ]
INFO: [ app_end ] --START--
INFO: Run Behavior\ShowPageTraceBehavior [ RunTime:0.001000s ]
INFO: [ app_end ] --END-- [ RunTime:0.002000s ]

[ 2017-12-19T22:28:23+08:00 ] ::1 /TP/index.php/Users/Users/index
INFO: [ app_init ] --START--
INFO: Run Behavior\BuildLiteBehavior [ RunTime:0.000000s ]
INFO: [ app_init ] --END-- [ RunTime:0.001000s ]
INFO: [ app_begin ] --START--
INFO: Run Behavior\ReadHtmlCacheBehavior [ RunTime:0.000000s ]
INFO: [ app_begin ] --END-- [ RunTime:0.000000s ]
SQL: SHOW COLUMNS FROM `consume_list` [ RunTime:0.0010s ]
SQL: SHOW COLUMNS FROM `users_integral_list` [ RunTime:0.0010s ]
SQL: SHOW COLUMNS FROM `users_integral` [ RunTime:0.0010s ]
SQL: SELECT SUM(consume_money) AS tp_sum FROM `consume_list` WHERE `users_id` = 24 LIMIT 1   [ RunTime:0.0010s ]
SQL: SELECT SUM(users_integral_num) AS tp_sum FROM `users_integral` WHERE `users_id` = 24 LIMIT 1   [ RunTime:0.0000s ]
NOTIC: [8] curl_setopt(): CURLOPT_SSL_VERIFYHOST no longer accepts the value 1, value 2 will be used instead D:\wamp64\www\TP\ThinkPHP\Library\Org\Wxsdk\Jssdk.class.php 第 97 行.
NOTIC: [8] Trying to get property of non-object D:\wamp64\www\TP\ThinkPHP\Library\Org\Wxsdk\Jssdk.class.php 第 78 行.
NOTIC: [8] curl_setopt(): CURLOPT_SSL_VERIFYHOST no longer accepts the value 1, value 2 will be used instead D:\wamp64\www\TP\ThinkPHP\Library\Org\Wxsdk\Jssdk.class.php 第 97 行.
NOTIC: [8] Trying to get property of non-object D:\wamp64\www\TP\ThinkPHP\Library\Org\Wxsdk\Jssdk.class.php 第 57 行.
INFO: [ view_parse ] --START--
INFO: [ template_filter ] --START--
INFO: Run Behavior\ContentReplaceBehavior [ RunTime:0.001000s ]
INFO: [ template_filter ] --END-- [ RunTime:0.001000s ]
INFO: Run Behavior\ParseTemplateBehavior [ RunTime:0.022001s ]
INFO: [ view_parse ] --END-- [ RunTime:0.022001s ]
INFO: [ view_filter ] --START--
INFO: Run Behavior\WriteHtmlCacheBehavior [ RunTime:0.000000s ]
INFO: [ view_filter ] --END-- [ RunTime:0.000000s ]
INFO: [ app_end ] --START--
INFO: Run Behavior\ShowPageTraceBehavior [ RunTime:0.001000s ]
INFO: [ app_end ] --END-- [ RunTime:0.001000s ]

[ 2017-12-19T22:28:25+08:00 ] ::1 /TP/index.php/Users/Users/income
INFO: [ app_init ] --START--
INFO: Run Behavior\BuildLiteBehavior [ RunTime:0.000000s ]
INFO: [ app_init ] --END-- [ RunTime:0.001000s ]
INFO: [ app_begin ] --START--
INFO: Run Behavior\ReadHtmlCacheBehavior [ RunTime:0.001000s ]
INFO: [ app_begin ] --END-- [ RunTime:0.001000s ]
SQL: SHOW COLUMNS FROM `users_integral` [ RunTime:0.0000s ]
SQL: SELECT `business_name`,`users_integral_total_amount`,business.business_id FROM `users_integral` INNER JOIN business ON users_integral.business_id = business.business_id  WHERE `users_id` = '24'  [ RunTime:0.0000s ]
INFO: [ view_parse ] --START--
INFO: [ template_filter ] --START--
INFO: Run Behavior\ContentReplaceBehavior [ RunTime:0.000000s ]
INFO: [ template_filter ] --END-- [ RunTime:0.000000s ]
INFO: Run Behavior\ParseTemplateBehavior [ RunTime:0.007000s ]
INFO: [ view_parse ] --END-- [ RunTime:0.007000s ]
INFO: [ view_filter ] --START--
INFO: Run Behavior\WriteHtmlCacheBehavior [ RunTime:0.001000s ]
INFO: [ view_filter ] --END-- [ RunTime:0.001000s ]
INFO: [ app_end ] --START--
INFO: Run Behavior\ShowPageTraceBehavior [ RunTime:0.001000s ]
INFO: [ app_end ] --END-- [ RunTime:0.001000s ]

[ 2017-12-19T22:36:34+08:00 ] ::1 /TP/index.php/Users/Users/index
INFO: [ app_init ] --START--
INFO: Run Behavior\BuildLiteBehavior [ RunTime:0.000000s ]
INFO: [ app_init ] --END-- [ RunTime:0.001000s ]
INFO: [ app_begin ] --START--
INFO: Run Behavior\ReadHtmlCacheBehavior [ RunTime:0.001000s ]
INFO: [ app_begin ] --END-- [ RunTime:0.001000s ]
SQL: SHOW COLUMNS FROM `consume_list` [ RunTime:0.0010s ]
SQL: SHOW COLUMNS FROM `users_integral_list` [ RunTime:0.0000s ]
SQL: SHOW COLUMNS FROM `users_integral` [ RunTime:0.0010s ]
SQL: SELECT SUM(consume_money) AS tp_sum FROM `consume_list` WHERE `users_id` = 24 LIMIT 1   [ RunTime:0.0000s ]
SQL: SELECT SUM(users_integral_num) AS tp_sum FROM `users_integral` WHERE `users_id` = 24 LIMIT 1   [ RunTime:0.0010s ]
NOTIC: [8] curl_setopt(): CURLOPT_SSL_VERIFYHOST no longer accepts the value 1, value 2 will be used instead D:\wamp64\www\TP\ThinkPHP\Library\Org\Wxsdk\Jssdk.class.php 第 97 行.
NOTIC: [8] Trying to get property of non-object D:\wamp64\www\TP\ThinkPHP\Library\Org\Wxsdk\Jssdk.class.php 第 78 行.
NOTIC: [8] curl_setopt(): CURLOPT_SSL_VERIFYHOST no longer accepts the value 1, value 2 will be used instead D:\wamp64\www\TP\ThinkPHP\Library\Org\Wxsdk\Jssdk.class.php 第 97 行.
NOTIC: [8] Trying to get property of non-object D:\wamp64\www\TP\ThinkPHP\Library\Org\Wxsdk\Jssdk.class.php 第 57 行.
INFO: [ view_parse ] --START--
INFO: [ template_filter ] --START--
INFO: Run Behavior\ContentReplaceBehavior [ RunTime:0.000000s ]
INFO: [ template_filter ] --END-- [ RunTime:0.000000s ]
INFO: Run Behavior\ParseTemplateBehavior [ RunTime:0.026002s ]
INFO: [ view_parse ] --END-- [ RunTime:0.026002s ]
INFO: [ view_filter ] --START--
INFO: Run Behavior\WriteHtmlCacheBehavior [ RunTime:0.002000s ]
INFO: [ view_filter ] --END-- [ RunTime:0.002000s ]
INFO: [ app_end ] --START--
INFO: Run Behavior\ShowPageTraceBehavior [ RunTime:0.002000s ]
INFO: [ app_end ] --END-- [ RunTime:0.003000s ]

[ 2017-12-19T22:36:37+08:00 ] ::1 /TP/index.php/Users/Users/incomeDetail
INFO: [ app_init ] --START--
INFO: Run Behavior\BuildLiteBehavior [ RunTime:0.000000s ]
INFO: [ app_init ] --END-- [ RunTime:0.001000s ]
INFO: [ app_begin ] --START--
INFO: Run Behavior\ReadHtmlCacheBehavior [ RunTime:0.002000s ]
INFO: [ app_begin ] --END-- [ RunTime:0.002000s ]
SQL: SHOW COLUMNS FROM `users_integral_list` [ RunTime:0.0010s ]
SQL: SELECT consume_list.consume_time,consume_list.consume_money,users_integral_list.users_integral_addtime,users_integral_list.users_get_integral FROM `users_integral_list` INNER JOIN consume_list ON consume_list.consume_list_id = users_integral_list.consume_list_id  WHERE users_integral_list.users_id = '24' ORDER BY users_integral_list.users_integral_addtime desc  [ RunTime:0.0010s ]
INFO: [ view_parse ] --START--
INFO: [ template_filter ] --START--
INFO: Run Behavior\ContentReplaceBehavior [ RunTime:0.000000s ]
INFO: [ template_filter ] --END-- [ RunTime:0.000000s ]
INFO: Run Behavior\ParseTemplateBehavior [ RunTime:0.008000s ]
INFO: [ view_parse ] --END-- [ RunTime:0.008000s ]
INFO: [ view_filter ] --START--
INFO: Run Behavior\WriteHtmlCacheBehavior [ RunTime:0.000000s ]
INFO: [ view_filter ] --END-- [ RunTime:0.001000s ]
INFO: [ app_end ] --START--
INFO: Run Behavior\ShowPageTraceBehavior [ RunTime:0.000000s ]
INFO: [ app_end ] --END-- [ RunTime:0.000000s ]

[ 2017-12-19T22:36:45+08:00 ] ::1 /TP/index.php/Users/Users/incomeDetail
INFO: [ app_init ] --START--
INFO: Run Behavior\BuildLiteBehavior [ RunTime:0.000000s ]
INFO: [ app_init ] --END-- [ RunTime:0.000000s ]
INFO: [ app_begin ] --START--
INFO: Run Behavior\ReadHtmlCacheBehavior [ RunTime:0.001000s ]
INFO: [ app_begin ] --END-- [ RunTime:0.001000s ]
SQL: SHOW COLUMNS FROM `users_integral_list` [ RunTime:0.0010s ]
SQL: SELECT consume_list.consume_time,consume_list.consume_money,users_integral_list.users_integral_addtime,users_integral_list.users_get_integral FROM `users_integral_list` INNER JOIN consume_list ON consume_list.consume_list_id = users_integral_list.consume_list_id  WHERE users_integral_list.users_id = '24' ORDER BY users_integral_list.users_integral_addtime desc  [ RunTime:0.0010s ]
INFO: [ view_parse ] --START--
INFO: [ template_filter ] --START--
INFO: Run Behavior\ContentReplaceBehavior [ RunTime:0.000000s ]
INFO: [ template_filter ] --END-- [ RunTime:0.000000s ]
INFO: Run Behavior\ParseTemplateBehavior [ RunTime:0.007001s ]
INFO: [ view_parse ] --END-- [ RunTime:0.007001s ]
INFO: [ view_filter ] --START--
INFO: Run Behavior\WriteHtmlCacheBehavior [ RunTime:0.001000s ]
INFO: [ view_filter ] --END-- [ RunTime:0.001000s ]
INFO: [ app_end ] --START--
INFO: Run Behavior\ShowPageTraceBehavior [ RunTime:0.000000s ]
INFO: [ app_end ] --END-- [ RunTime:0.000000s ]

[ 2017-12-19T22:37:36+08:00 ] ::1 /TP/index.php/Users/Users/incomeDetail
INFO: [ app_init ] --START--
INFO: Run Behavior\BuildLiteBehavior [ RunTime:0.000000s ]
INFO: [ app_init ] --END-- [ RunTime:0.001000s ]
INFO: [ app_begin ] --START--
INFO: Run Behavior\ReadHtmlCacheBehavior [ RunTime:0.001000s ]
INFO: [ app_begin ] --END-- [ RunTime:0.001000s ]
SQL: SHOW COLUMNS FROM `users_integral_list` [ RunTime:0.0000s ]
SQL: SELECT consume_list.consume_time,consume_list.consume_money,users_integral_list.users_integral_addtime,users_integral_list.users_get_integral FROM `users_integral_list` INNER JOIN consume_list ON consume_list.consume_list_id = users_integral_list.consume_list_id  WHERE users_integral_list.users_id = '24' ORDER BY users_integral_list.users_integral_addtime desc  [ RunTime:0.0000s ]
INFO: [ view_parse ] --START--
INFO: [ template_filter ] --START--
INFO: Run Behavior\ContentReplaceBehavior [ RunTime:0.000000s ]
INFO: [ template_filter ] --END-- [ RunTime:0.000000s ]
INFO: Run Behavior\ParseTemplateBehavior [ RunTime:0.006000s ]
INFO: [ view_parse ] --END-- [ RunTime:0.006000s ]
INFO: [ view_filter ] --START--
INFO: Run Behavior\WriteHtmlCacheBehavior [ RunTime:0.001000s ]
INFO: [ view_filter ] --END-- [ RunTime:0.001000s ]
INFO: [ app_end ] --START--
INFO: Run Behavior\ShowPageTraceBehavior [ RunTime:0.001001s ]
INFO: [ app_end ] --END-- [ RunTime:0.001001s ]

