[ 2017-12-13T19:29:12+08:00 ] ::1 /TP/index.php/Users
INFO: [ app_init ] --START--
INFO: Run Behavior\BuildLiteBehavior [ RunTime:0.000000s ]
INFO: [ app_init ] --END-- [ RunTime:0.001000s ]
INFO: [ app_begin ] --START--
INFO: Run Behavior\ReadHtmlCacheBehavior [ RunTime:0.001000s ]
INFO: [ app_begin ] --END-- [ RunTime:0.001000s ]
INFO: [ view_parse ] --START--
INFO: [ template_filter ] --START--
INFO: Run Behavior\ContentReplaceBehavior [ RunTime:0.000000s ]
INFO: [ template_filter ] --END-- [ RunTime:0.000000s ]
INFO: Run Behavior\ParseTemplateBehavior [ RunTime:0.008000s ]
INFO: [ view_parse ] --END-- [ RunTime:0.008000s ]
INFO: [ view_filter ] --START--
INFO: Run Behavior\WriteHtmlCacheBehavior [ RunTime:0.001001s ]
INFO: [ view_filter ] --END-- [ RunTime:0.001001s ]
INFO: [ app_end ] --START--
INFO: Run Behavior\ShowPageTraceBehavior [ RunTime:0.002000s ]
INFO: [ app_end ] --END-- [ RunTime:0.002000s ]

[ 2017-12-13T19:29:50+08:00 ] ::1 /TP/index.php/Users/Users/dologin
INFO: [ app_init ] --START--
INFO: Run Behavior\BuildLiteBehavior [ RunTime:0.000000s ]
INFO: [ app_init ] --END-- [ RunTime:0.000000s ]
INFO: [ app_begin ] --START--
INFO: Run Behavior\ReadHtmlCacheBehavior [ RunTime:0.001000s ]
INFO: [ app_begin ] --END-- [ RunTime:0.001000s ]
SQL: SHOW COLUMNS FROM `users` [ RunTime:0.0020s ]
SQL: SELECT * FROM `users` WHERE `users_pass` = 'e10adc3949ba59abbe56e057f20f883e' AND `users_phone` = '15853636263' LIMIT 1   [ RunTime:0.0000s ]
SQL: SHOW COLUMNS FROM `consume_list` [ RunTime:0.0010s ]
SQL: SHOW COLUMNS FROM `users_integral_list` [ RunTime:0.0010s ]
SQL: SELECT SUM(consume_money) AS tp_sum FROM `consume_list` WHERE `users_id` = 24 LIMIT 1   [ RunTime:0.0010s ]
SQL: SELECT SUM(users_get_integral) AS tp_sum FROM `users_integral_list` WHERE `users_id` = 24 LIMIT 1   [ RunTime:0.0000s ]
NOTIC: [8] curl_setopt(): CURLOPT_SSL_VERIFYHOST no longer accepts the value 1, value 2 will be used instead D:\wamp64\www\TP\ThinkPHP\Library\Org\Wxsdk\Jssdk.class.php 第 97 行.
NOTIC: [8] Trying to get property of non-object D:\wamp64\www\TP\ThinkPHP\Library\Org\Wxsdk\Jssdk.class.php 第 78 行.
NOTIC: [8] curl_setopt(): CURLOPT_SSL_VERIFYHOST no longer accepts the value 1, value 2 will be used instead D:\wamp64\www\TP\ThinkPHP\Library\Org\Wxsdk\Jssdk.class.php 第 97 行.
NOTIC: [8] Trying to get property of non-object D:\wamp64\www\TP\ThinkPHP\Library\Org\Wxsdk\Jssdk.class.php 第 57 行.
INFO: [ view_parse ] --START--
INFO: [ template_filter ] --START--
INFO: Run Behavior\ContentReplaceBehavior [ RunTime:0.000000s ]
INFO: [ template_filter ] --END-- [ RunTime:0.001000s ]
INFO: Run Behavior\ParseTemplateBehavior [ RunTime:0.023001s ]
INFO: [ view_parse ] --END-- [ RunTime:0.023001s ]
INFO: [ view_filter ] --START--
INFO: Run Behavior\WriteHtmlCacheBehavior [ RunTime:0.002000s ]
INFO: [ view_filter ] --END-- [ RunTime:0.002000s ]
INFO: [ app_end ] --START--
INFO: Run Behavior\ShowPageTraceBehavior [ RunTime:0.003001s ]
INFO: [ app_end ] --END-- [ RunTime:0.003001s ]

[ 2017-12-13T19:29:54+08:00 ] ::1 /TP/index.php/Users/Index/payment
INFO: [ app_init ] --START--
INFO: Run Behavior\BuildLiteBehavior [ RunTime:0.000000s ]
INFO: [ app_init ] --END-- [ RunTime:0.001000s ]
INFO: [ app_begin ] --START--
INFO: Run Behavior\ReadHtmlCacheBehavior [ RunTime:0.001000s ]
INFO: [ app_begin ] --END-- [ RunTime:0.001000s ]
SQL: SHOW COLUMNS FROM `business` [ RunTime:0.0030s ]
SQL: SELECT * FROM `business`  [ RunTime:0.0000s ]
SQL: SHOW COLUMNS FROM `users_integral` [ RunTime:0.0020s ]
SQL: SELECT `users_integral_num` FROM `users_integral` WHERE `users_id` = 24 AND `business_id` = 2 LIMIT 1   [ RunTime:0.0010s ]
INFO: [ view_parse ] --START--
INFO: [ template_filter ] --START--
INFO: Run Behavior\ContentReplaceBehavior [ RunTime:0.000000s ]
INFO: [ template_filter ] --END-- [ RunTime:0.000000s ]
NOTIC: [2] Illegal string offset 'business_id' D:\wamp64\www\TP\Application\Runtime\Cache\Users\052ec892046f1e7494eb44f5406ac965.php 第 17 行.
NOTIC: [2] Illegal string offset 'business_name' D:\wamp64\www\TP\Application\Runtime\Cache\Users\052ec892046f1e7494eb44f5406ac965.php 第 17 行.
INFO: Run Behavior\ParseTemplateBehavior [ RunTime:0.007001s ]
INFO: [ view_parse ] --END-- [ RunTime:0.007001s ]
INFO: [ view_filter ] --START--
INFO: Run Behavior\WriteHtmlCacheBehavior [ RunTime:0.001000s ]
INFO: [ view_filter ] --END-- [ RunTime:0.001000s ]
INFO: [ app_end ] --START--
INFO: Run Behavior\ShowPageTraceBehavior [ RunTime:0.001000s ]
INFO: [ app_end ] --END-- [ RunTime:0.001000s ]

[ 2017-12-13T19:30:02+08:00 ] ::1 /TP/index.php/Users/Bunsiness/getMoney
INFO: [ app_init ] --START--
INFO: Run Behavior\BuildLiteBehavior [ RunTime:0.000000s ]
INFO: [ app_init ] --END-- [ RunTime:0.001000s ]
INFO: [ app_begin ] --START--
INFO: Run Behavior\ReadHtmlCacheBehavior [ RunTime:0.001000s ]
INFO: [ app_begin ] --END-- [ RunTime:0.001000s ]
SQL: SHOW COLUMNS FROM `users_integral` [ RunTime:0.0020s ]
SQL: SELECT `users_integral_num` FROM `users_integral` WHERE `users_id` = 24 AND `business_id` = 2 LIMIT 1   [ RunTime:0.0010s ]
SQL: SHOW COLUMNS FROM `coupons` [ RunTime:0.0020s ]
SQL: SELECT a.coupons_money,get_coupons.get_coupons_id FROM coupons a INNER JOIN get_coupons ON get_coupons.coupons_id= a.coupons_id  WHERE a.business_id = 2 AND get_coupons.users_id = '24' AND ( a.coupons_satisfy >= 100  ) ORDER BY a.coupons_satisfy desc LIMIT 1   [ RunTime:0.0020s ]
NOTIC: [8] Undefined offset: 0 D:\wamp64\www\TP\Application\Users\Controller\CouponsController.class.php 第 53 行.
SQL: SHOW COLUMNS FROM `consume_list` [ RunTime:0.0010s ]
SQL: INSERT INTO `consume_list` (`users_id`,`business_id`,`consume_money`,`consume_time`) VALUES ('24','2','100','1513164602') [ RunTime:0.0010s ]
NOTIC: [8] Use of undefined constant ture - assumed 'ture' D:\wamp64\www\TP\Application\Users\Controller\BunsinessController.class.php 第 104 行.
SQL: SELECT `users_integral_num` FROM `users_integral` WHERE `business_id` = 2 AND `users_id` = 24 LIMIT 1   [ RunTime:0.0000s ]
SQL: UPDATE `users_integral` SET `users_integral_num`='9' WHERE `business_id` = 2 AND `users_id` = 24 [ RunTime:0.0010s ]
SQL: SHOW COLUMNS FROM `get_coupons` [ RunTime:0.0000s ]
INFO: [ view_parse ] --START--
INFO: [ template_filter ] --START--
INFO: Run Behavior\ContentReplaceBehavior [ RunTime:0.000000s ]
INFO: [ template_filter ] --END-- [ RunTime:0.000000s ]
INFO: Run Behavior\ParseTemplateBehavior [ RunTime:0.007000s ]
INFO: [ view_parse ] --END-- [ RunTime:0.007000s ]
INFO: [ view_filter ] --START--
INFO: Run Behavior\WriteHtmlCacheBehavior [ RunTime:0.000000s ]
INFO: [ view_filter ] --END-- [ RunTime:0.000000s ]
INFO: [ app_end ] --START--
INFO: Run Behavior\ShowPageTraceBehavior [ RunTime:0.000000s ]
INFO: [ app_end ] --END-- [ RunTime:0.001000s ]

[ 2017-12-13T19:30:04+08:00 ] ::1 /TP/index.php/Users/Users/index.html
INFO: [ app_init ] --START--
INFO: Run Behavior\BuildLiteBehavior [ RunTime:0.000000s ]
INFO: [ app_init ] --END-- [ RunTime:0.000000s ]
INFO: [ app_begin ] --START--
INFO: Run Behavior\ReadHtmlCacheBehavior [ RunTime:0.000000s ]
INFO: [ app_begin ] --END-- [ RunTime:0.000000s ]
SQL: SHOW COLUMNS FROM `consume_list` [ RunTime:0.0030s ]
SQL: SHOW COLUMNS FROM `users_integral_list` [ RunTime:0.0020s ]
SQL: SELECT SUM(consume_money) AS tp_sum FROM `consume_list` WHERE `users_id` = 24 LIMIT 1   [ RunTime:0.0010s ]
SQL: SELECT SUM(users_get_integral) AS tp_sum FROM `users_integral_list` WHERE `users_id` = 24 LIMIT 1   [ RunTime:0.0010s ]
NOTIC: [8] curl_setopt(): CURLOPT_SSL_VERIFYHOST no longer accepts the value 1, value 2 will be used instead D:\wamp64\www\TP\ThinkPHP\Library\Org\Wxsdk\Jssdk.class.php 第 97 行.
NOTIC: [8] Trying to get property of non-object D:\wamp64\www\TP\ThinkPHP\Library\Org\Wxsdk\Jssdk.class.php 第 78 行.
NOTIC: [8] curl_setopt(): CURLOPT_SSL_VERIFYHOST no longer accepts the value 1, value 2 will be used instead D:\wamp64\www\TP\ThinkPHP\Library\Org\Wxsdk\Jssdk.class.php 第 97 行.
NOTIC: [8] Trying to get property of non-object D:\wamp64\www\TP\ThinkPHP\Library\Org\Wxsdk\Jssdk.class.php 第 57 行.
INFO: [ view_parse ] --START--
INFO: [ template_filter ] --START--
INFO: Run Behavior\ContentReplaceBehavior [ RunTime:0.000000s ]
INFO: [ template_filter ] --END-- [ RunTime:0.000000s ]
INFO: Run Behavior\ParseTemplateBehavior [ RunTime:0.018001s ]
INFO: [ view_parse ] --END-- [ RunTime:0.018001s ]
INFO: [ view_filter ] --START--
INFO: Run Behavior\WriteHtmlCacheBehavior [ RunTime:0.002000s ]
INFO: [ view_filter ] --END-- [ RunTime:0.002000s ]
INFO: [ app_end ] --START--
INFO: Run Behavior\ShowPageTraceBehavior [ RunTime:0.001000s ]
INFO: [ app_end ] --END-- [ RunTime:0.001000s ]

[ 2017-12-13T19:30:12+08:00 ] ::1 /TP/index.php/Users/Users/income
INFO: [ app_init ] --START--
INFO: Run Behavior\BuildLiteBehavior [ RunTime:0.000000s ]
INFO: [ app_init ] --END-- [ RunTime:0.001000s ]
INFO: [ app_begin ] --START--
INFO: Run Behavior\ReadHtmlCacheBehavior [ RunTime:0.001000s ]
INFO: [ app_begin ] --END-- [ RunTime:0.001000s ]
SQL: SHOW COLUMNS FROM `users_integral` [ RunTime:0.0020s ]
SQL: SELECT `business_name`,`users_integral_total_amount`,business.business_id FROM `users_integral` INNER JOIN business ON users_integral.business_id = business.business_id  WHERE `users_id` = '24'  [ RunTime:0.0010s ]
INFO: [ view_parse ] --START--
INFO: [ template_filter ] --START--
INFO: Run Behavior\ContentReplaceBehavior [ RunTime:0.000000s ]
INFO: [ template_filter ] --END-- [ RunTime:0.000000s ]
INFO: Run Behavior\ParseTemplateBehavior [ RunTime:0.008001s ]
INFO: [ view_parse ] --END-- [ RunTime:0.008001s ]
INFO: [ view_filter ] --START--
INFO: Run Behavior\WriteHtmlCacheBehavior [ RunTime:0.001000s ]
INFO: [ view_filter ] --END-- [ RunTime:0.001000s ]
INFO: [ app_end ] --START--
INFO: Run Behavior\ShowPageTraceBehavior [ RunTime:0.001000s ]
INFO: [ app_end ] --END-- [ RunTime:0.001000s ]

[ 2017-12-13T19:32:42+08:00 ] ::1 /TP/index.php/Users/Users/income
INFO: [ app_init ] --START--
INFO: Run Behavior\BuildLiteBehavior [ RunTime:0.000000s ]
INFO: [ app_init ] --END-- [ RunTime:0.002001s ]
INFO: [ app_begin ] --START--
INFO: Run Behavior\ReadHtmlCacheBehavior [ RunTime:0.001000s ]
INFO: [ app_begin ] --END-- [ RunTime:0.001000s ]
SQL: SHOW COLUMNS FROM `users_integral` [ RunTime:0.0020s ]
SQL: SELECT `business_name`,`users_integral_total_amount`,business.business_id FROM `users_integral` INNER JOIN business ON users_integral.business_id = business.business_id  WHERE `users_id` = '24'  [ RunTime:0.0010s ]
INFO: [ view_parse ] --START--
INFO: [ template_filter ] --START--
INFO: Run Behavior\ContentReplaceBehavior [ RunTime:0.000000s ]
INFO: [ template_filter ] --END-- [ RunTime:0.000000s ]
INFO: Run Behavior\ParseTemplateBehavior [ RunTime:0.008000s ]
INFO: [ view_parse ] --END-- [ RunTime:0.008000s ]
INFO: [ view_filter ] --START--
INFO: Run Behavior\WriteHtmlCacheBehavior [ RunTime:0.001000s ]
INFO: [ view_filter ] --END-- [ RunTime:0.001000s ]
INFO: [ app_end ] --START--
INFO: Run Behavior\ShowPageTraceBehavior [ RunTime:0.001000s ]
INFO: [ app_end ] --END-- [ RunTime:0.001000s ]

[ 2017-12-13T19:33:18+08:00 ] ::1 /TP/index.php/Users/Users/pay
INFO: [ app_init ] --START--
INFO: Run Behavior\BuildLiteBehavior [ RunTime:0.000000s ]
INFO: [ app_init ] --END-- [ RunTime:0.001000s ]
INFO: [ app_begin ] --START--
INFO: Run Behavior\ReadHtmlCacheBehavior [ RunTime:0.001000s ]
INFO: [ app_begin ] --END-- [ RunTime:0.001000s ]
SQL: SHOW COLUMNS FROM `consume_list` [ RunTime:0.0030s ]
SQL: SELECT `business_name`,`consume_money`,`consume_time` FROM `consume_list` INNER JOIN business ON consume_list.business_id = business.business_id  WHERE `users_id` = '24'  [ RunTime:0.0010s ]
INFO: [ view_parse ] --START--
INFO: [ template_filter ] --START--
INFO: Run Behavior\ContentReplaceBehavior [ RunTime:0.000000s ]
INFO: [ template_filter ] --END-- [ RunTime:0.000000s ]
INFO: Run Behavior\ParseTemplateBehavior [ RunTime:0.007000s ]
INFO: [ view_parse ] --END-- [ RunTime:0.008000s ]
INFO: [ view_filter ] --START--
INFO: Run Behavior\WriteHtmlCacheBehavior [ RunTime:0.000000s ]
INFO: [ view_filter ] --END-- [ RunTime:0.000000s ]
INFO: [ app_end ] --START--
INFO: Run Behavior\ShowPageTraceBehavior [ RunTime:0.001000s ]
INFO: [ app_end ] --END-- [ RunTime:0.001000s ]

[ 2017-12-13T21:21:57+08:00 ] ::1 /TP/index.php/Users
INFO: [ app_init ] --START--
INFO: Run Behavior\BuildLiteBehavior [ RunTime:0.000000s ]
INFO: [ app_init ] --END-- [ RunTime:0.001000s ]
INFO: [ app_begin ] --START--
INFO: Run Behavior\ReadHtmlCacheBehavior [ RunTime:0.001000s ]
INFO: [ app_begin ] --END-- [ RunTime:0.001000s ]
SQL: SHOW COLUMNS FROM `consume_list` [ RunTime:0.0010s ]
SQL: SHOW COLUMNS FROM `users_integral_list` [ RunTime:0.0020s ]
SQL: SELECT SUM(consume_money) AS tp_sum FROM `consume_list` WHERE `users_id` = 24 LIMIT 1   [ RunTime:0.0000s ]
SQL: SELECT SUM(users_get_integral) AS tp_sum FROM `users_integral_list` WHERE `users_id` = 24 LIMIT 1   [ RunTime:0.0010s ]
NOTIC: [8] curl_setopt(): CURLOPT_SSL_VERIFYHOST no longer accepts the value 1, value 2 will be used instead D:\wamp64\www\TP\ThinkPHP\Library\Org\Wxsdk\Jssdk.class.php 第 97 行.
NOTIC: [8] Trying to get property of non-object D:\wamp64\www\TP\ThinkPHP\Library\Org\Wxsdk\Jssdk.class.php 第 78 行.
NOTIC: [8] curl_setopt(): CURLOPT_SSL_VERIFYHOST no longer accepts the value 1, value 2 will be used instead D:\wamp64\www\TP\ThinkPHP\Library\Org\Wxsdk\Jssdk.class.php 第 97 行.
NOTIC: [8] Trying to get property of non-object D:\wamp64\www\TP\ThinkPHP\Library\Org\Wxsdk\Jssdk.class.php 第 57 行.
INFO: [ view_parse ] --START--
INFO: [ template_filter ] --START--
INFO: Run Behavior\ContentReplaceBehavior [ RunTime:0.000000s ]
INFO: [ template_filter ] --END-- [ RunTime:0.000000s ]
INFO: Run Behavior\ParseTemplateBehavior [ RunTime:0.009001s ]
INFO: [ view_parse ] --END-- [ RunTime:0.009001s ]
INFO: [ view_filter ] --START--
INFO: Run Behavior\WriteHtmlCacheBehavior [ RunTime:0.001000s ]
INFO: [ view_filter ] --END-- [ RunTime:0.001000s ]
INFO: [ app_end ] --START--
INFO: Run Behavior\ShowPageTraceBehavior [ RunTime:0.001000s ]
INFO: [ app_end ] --END-- [ RunTime:0.001000s ]

[ 2017-12-13T21:28:10+08:00 ] ::1 /TP/index.php/Users
INFO: [ app_init ] --START--
INFO: Run Behavior\BuildLiteBehavior [ RunTime:0.000000s ]
INFO: [ app_init ] --END-- [ RunTime:0.001000s ]
INFO: [ app_begin ] --START--
INFO: Run Behavior\ReadHtmlCacheBehavior [ RunTime:0.000000s ]
INFO: [ app_begin ] --END-- [ RunTime:0.000000s ]
SQL: SHOW COLUMNS FROM `consume_list` [ RunTime:0.0010s ]
SQL: SHOW COLUMNS FROM `users_integral_list` [ RunTime:0.0010s ]
SQL: SELECT SUM(consume_money) AS tp_sum FROM `consume_list` WHERE `users_id` = 24 LIMIT 1   [ RunTime:0.0000s ]
SQL: SELECT SUM(users_get_integral) AS tp_sum FROM `users_integral_list` WHERE `users_id` = 24 LIMIT 1   [ RunTime:0.0000s ]
NOTIC: [8] curl_setopt(): CURLOPT_SSL_VERIFYHOST no longer accepts the value 1, value 2 will be used instead D:\wamp64\www\TP\ThinkPHP\Library\Org\Wxsdk\Jssdk.class.php 第 97 行.
NOTIC: [8] Trying to get property of non-object D:\wamp64\www\TP\ThinkPHP\Library\Org\Wxsdk\Jssdk.class.php 第 78 行.
NOTIC: [8] curl_setopt(): CURLOPT_SSL_VERIFYHOST no longer accepts the value 1, value 2 will be used instead D:\wamp64\www\TP\ThinkPHP\Library\Org\Wxsdk\Jssdk.class.php 第 97 行.
NOTIC: [8] Trying to get property of non-object D:\wamp64\www\TP\ThinkPHP\Library\Org\Wxsdk\Jssdk.class.php 第 57 行.
INFO: [ view_parse ] --START--
INFO: [ template_filter ] --START--
INFO: Run Behavior\ContentReplaceBehavior [ RunTime:0.000000s ]
INFO: [ template_filter ] --END-- [ RunTime:0.000000s ]
INFO: Run Behavior\ParseTemplateBehavior [ RunTime:0.010001s ]
INFO: [ view_parse ] --END-- [ RunTime:0.010001s ]
INFO: [ view_filter ] --START--
INFO: Run Behavior\WriteHtmlCacheBehavior [ RunTime:0.001000s ]
INFO: [ view_filter ] --END-- [ RunTime:0.001000s ]
INFO: [ app_end ] --START--
INFO: Run Behavior\ShowPageTraceBehavior [ RunTime:0.001000s ]
INFO: [ app_end ] --END-- [ RunTime:0.002000s ]

[ 2017-12-13T21:28:55+08:00 ] ::1 /TP/index.php/Users/Index/payment
INFO: [ app_init ] --START--
INFO: Run Behavior\BuildLiteBehavior [ RunTime:0.000000s ]
INFO: [ app_init ] --END-- [ RunTime:0.001000s ]
INFO: [ app_begin ] --START--
INFO: Run Behavior\ReadHtmlCacheBehavior [ RunTime:0.001000s ]
INFO: [ app_begin ] --END-- [ RunTime:0.001000s ]
SQL: SHOW COLUMNS FROM `business` [ RunTime:0.0010s ]
SQL: SELECT * FROM `business`  [ RunTime:0.0000s ]
SQL: SHOW COLUMNS FROM `users_integral` [ RunTime:0.0010s ]
SQL: SELECT `users_integral_num` FROM `users_integral` WHERE `users_id` = 24 AND `business_id` = 2 LIMIT 1   [ RunTime:0.0000s ]
INFO: [ view_parse ] --START--
INFO: [ template_filter ] --START--
INFO: Run Behavior\ContentReplaceBehavior [ RunTime:0.000000s ]
INFO: [ template_filter ] --END-- [ RunTime:0.000000s ]
NOTIC: [2] Illegal string offset 'business_id' D:\wamp64\www\TP\Application\Runtime\Cache\Users\052ec892046f1e7494eb44f5406ac965.php 第 17 行.
NOTIC: [2] Illegal string offset 'business_name' D:\wamp64\www\TP\Application\Runtime\Cache\Users\052ec892046f1e7494eb44f5406ac965.php 第 17 行.
INFO: Run Behavior\ParseTemplateBehavior [ RunTime:0.008000s ]
INFO: [ view_parse ] --END-- [ RunTime:0.008000s ]
INFO: [ view_filter ] --START--
INFO: Run Behavior\WriteHtmlCacheBehavior [ RunTime:0.001000s ]
INFO: [ view_filter ] --END-- [ RunTime:0.001000s ]
INFO: [ app_end ] --START--
INFO: Run Behavior\ShowPageTraceBehavior [ RunTime:0.000000s ]
INFO: [ app_end ] --END-- [ RunTime:0.000000s ]

[ 2017-12-13T21:29:04+08:00 ] ::1 /TP/index.php/Users/Bunsiness/getMoney
INFO: [ app_init ] --START--
INFO: Run Behavior\BuildLiteBehavior [ RunTime:0.000000s ]
INFO: [ app_init ] --END-- [ RunTime:0.001000s ]
INFO: [ app_begin ] --START--
INFO: Run Behavior\ReadHtmlCacheBehavior [ RunTime:0.001000s ]
INFO: [ app_begin ] --END-- [ RunTime:0.001000s ]
SQL: SHOW COLUMNS FROM `users_integral` [ RunTime:0.0010s ]
SQL: SELECT `users_integral_num` FROM `users_integral` WHERE `users_id` = 24 AND `business_id` = 2 LIMIT 1   [ RunTime:0.0010s ]
SQL: SHOW COLUMNS FROM `coupons` [ RunTime:0.0020s ]
SQL: SELECT a.coupons_money,get_coupons.get_coupons_id FROM coupons a INNER JOIN get_coupons ON get_coupons.coupons_id= a.coupons_id  WHERE a.business_id = 2 AND get_coupons.users_id = '24' AND ( a.coupons_satisfy >= 300  ) ORDER BY a.coupons_satisfy desc LIMIT 1   [ RunTime:0.0010s ]
NOTIC: [8] Undefined offset: 0 D:\wamp64\www\TP\Application\Users\Controller\CouponsController.class.php 第 53 行.
SQL: SHOW COLUMNS FROM `consume_list` [ RunTime:0.0010s ]
SQL: INSERT INTO `consume_list` (`users_id`,`business_id`,`consume_money`,`consume_time`) VALUES ('24','2','300','1513171744') [ RunTime:0.0000s ]
NOTIC: [8] Use of undefined constant ture - assumed 'ture' D:\wamp64\www\TP\Application\Users\Controller\BunsinessController.class.php 第 104 行.
SQL: SELECT `users_integral_num` FROM `users_integral` WHERE `business_id` = 2 AND `users_id` = 24 LIMIT 1   [ RunTime:0.0000s ]
SQL: UPDATE `users_integral` SET `users_integral_num`='7' WHERE `business_id` = 2 AND `users_id` = 24 [ RunTime:0.0000s ]
SQL: SHOW COLUMNS FROM `get_coupons` [ RunTime:0.0010s ]
INFO: [ view_parse ] --START--
INFO: [ template_filter ] --START--
INFO: Run Behavior\ContentReplaceBehavior [ RunTime:0.000000s ]
INFO: [ template_filter ] --END-- [ RunTime:0.000000s ]
INFO: Run Behavior\ParseTemplateBehavior [ RunTime:0.007001s ]
INFO: [ view_parse ] --END-- [ RunTime:0.007001s ]
INFO: [ view_filter ] --START--
INFO: Run Behavior\WriteHtmlCacheBehavior [ RunTime:0.000000s ]
INFO: [ view_filter ] --END-- [ RunTime:0.001000s ]
INFO: [ app_end ] --START--
INFO: Run Behavior\ShowPageTraceBehavior [ RunTime:0.001000s ]
INFO: [ app_end ] --END-- [ RunTime:0.001000s ]

[ 2017-12-13T21:29:06+08:00 ] ::1 /TP/index.php/Users/Users/index.html
INFO: [ app_init ] --START--
INFO: Run Behavior\BuildLiteBehavior [ RunTime:0.000000s ]
INFO: [ app_init ] --END-- [ RunTime:0.001000s ]
INFO: [ app_begin ] --START--
INFO: Run Behavior\ReadHtmlCacheBehavior [ RunTime:0.001000s ]
INFO: [ app_begin ] --END-- [ RunTime:0.001000s ]
SQL: SHOW COLUMNS FROM `consume_list` [ RunTime:0.0010s ]
SQL: SHOW COLUMNS FROM `users_integral_list` [ RunTime:0.0010s ]
SQL: SELECT SUM(consume_money) AS tp_sum FROM `consume_list` WHERE `users_id` = 24 LIMIT 1   [ RunTime:0.0000s ]
SQL: SELECT SUM(users_get_integral) AS tp_sum FROM `users_integral_list` WHERE `users_id` = 24 LIMIT 1   [ RunTime:0.0000s ]
NOTIC: [8] curl_setopt(): CURLOPT_SSL_VERIFYHOST no longer accepts the value 1, value 2 will be used instead D:\wamp64\www\TP\ThinkPHP\Library\Org\Wxsdk\Jssdk.class.php 第 97 行.
NOTIC: [8] Trying to get property of non-object D:\wamp64\www\TP\ThinkPHP\Library\Org\Wxsdk\Jssdk.class.php 第 78 行.
NOTIC: [8] curl_setopt(): CURLOPT_SSL_VERIFYHOST no longer accepts the value 1, value 2 will be used instead D:\wamp64\www\TP\ThinkPHP\Library\Org\Wxsdk\Jssdk.class.php 第 97 行.
NOTIC: [8] Trying to get property of non-object D:\wamp64\www\TP\ThinkPHP\Library\Org\Wxsdk\Jssdk.class.php 第 57 行.
INFO: [ view_parse ] --START--
INFO: [ template_filter ] --START--
INFO: Run Behavior\ContentReplaceBehavior [ RunTime:0.000000s ]
INFO: [ template_filter ] --END-- [ RunTime:0.001001s ]
INFO: Run Behavior\ParseTemplateBehavior [ RunTime:0.019001s ]
INFO: [ view_parse ] --END-- [ RunTime:0.020001s ]
INFO: [ view_filter ] --START--
INFO: Run Behavior\WriteHtmlCacheBehavior [ RunTime:0.001000s ]
INFO: [ view_filter ] --END-- [ RunTime:0.002000s ]
INFO: [ app_end ] --START--
INFO: Run Behavior\ShowPageTraceBehavior [ RunTime:0.002000s ]
INFO: [ app_end ] --END-- [ RunTime:0.003000s ]

[ 2017-12-13T21:29:08+08:00 ] ::1 /TP/index.php/Users/Index/payment
INFO: [ app_init ] --START--
INFO: Run Behavior\BuildLiteBehavior [ RunTime:0.000000s ]
INFO: [ app_init ] --END-- [ RunTime:0.001000s ]
INFO: [ app_begin ] --START--
INFO: Run Behavior\ReadHtmlCacheBehavior [ RunTime:0.001000s ]
INFO: [ app_begin ] --END-- [ RunTime:0.001000s ]
SQL: SHOW COLUMNS FROM `business` [ RunTime:0.0010s ]
SQL: SELECT * FROM `business`  [ RunTime:0.0000s ]
SQL: SHOW COLUMNS FROM `users_integral` [ RunTime:0.0000s ]
SQL: SELECT `users_integral_num` FROM `users_integral` WHERE `users_id` = 24 AND `business_id` = 2 LIMIT 1   [ RunTime:0.0010s ]
INFO: [ view_parse ] --START--
INFO: [ template_filter ] --START--
INFO: Run Behavior\ContentReplaceBehavior [ RunTime:0.000000s ]
INFO: [ template_filter ] --END-- [ RunTime:0.001000s ]
NOTIC: [2] Illegal string offset 'business_id' D:\wamp64\www\TP\Application\Runtime\Cache\Users\052ec892046f1e7494eb44f5406ac965.php 第 17 行.
NOTIC: [2] Illegal string offset 'business_name' D:\wamp64\www\TP\Application\Runtime\Cache\Users\052ec892046f1e7494eb44f5406ac965.php 第 17 行.
INFO: Run Behavior\ParseTemplateBehavior [ RunTime:0.007000s ]
INFO: [ view_parse ] --END-- [ RunTime:0.007000s ]
INFO: [ view_filter ] --START--
INFO: Run Behavior\WriteHtmlCacheBehavior [ RunTime:0.001000s ]
INFO: [ view_filter ] --END-- [ RunTime:0.001000s ]
INFO: [ app_end ] --START--
INFO: Run Behavior\ShowPageTraceBehavior [ RunTime:0.001000s ]
INFO: [ app_end ] --END-- [ RunTime:0.001000s ]

[ 2017-12-13T21:29:11+08:00 ] ::1 /TP/index.php/Users/Bunsiness/getMoney
INFO: [ app_init ] --START--
INFO: Run Behavior\BuildLiteBehavior [ RunTime:0.000000s ]
INFO: [ app_init ] --END-- [ RunTime:0.000000s ]
INFO: [ app_begin ] --START--
INFO: Run Behavior\ReadHtmlCacheBehavior [ RunTime:0.001000s ]
INFO: [ app_begin ] --END-- [ RunTime:0.001000s ]
SQL: SHOW COLUMNS FROM `users_integral` [ RunTime:0.0010s ]
SQL: SELECT `users_integral_num` FROM `users_integral` WHERE `users_id` = 24 AND `business_id` = 2 LIMIT 1   [ RunTime:0.0000s ]
SQL: SHOW COLUMNS FROM `coupons` [ RunTime:0.0020s ]
SQL: SELECT a.coupons_money,get_coupons.get_coupons_id FROM coupons a INNER JOIN get_coupons ON get_coupons.coupons_id= a.coupons_id  WHERE a.business_id = 2 AND get_coupons.users_id = '24' AND ( a.coupons_satisfy >= 700  ) ORDER BY a.coupons_satisfy desc LIMIT 1   [ RunTime:0.0000s ]
NOTIC: [8] Undefined offset: 0 D:\wamp64\www\TP\Application\Users\Controller\CouponsController.class.php 第 53 行.
SQL: SHOW COLUMNS FROM `consume_list` [ RunTime:0.0010s ]
SQL: INSERT INTO `consume_list` (`users_id`,`business_id`,`consume_money`,`consume_time`) VALUES ('24','2','700','1513171751') [ RunTime:0.0000s ]
NOTIC: [8] Use of undefined constant ture - assumed 'ture' D:\wamp64\www\TP\Application\Users\Controller\BunsinessController.class.php 第 104 行.
SQL: SELECT `users_integral_num` FROM `users_integral` WHERE `business_id` = 2 AND `users_id` = 24 LIMIT 1   [ RunTime:0.0000s ]
SQL: UPDATE `users_integral` SET `users_integral_num`='7' WHERE `business_id` = 2 AND `users_id` = 24 [ RunTime:0.0000s ]
SQL: SHOW COLUMNS FROM `get_coupons` [ RunTime:0.0010s ]
INFO: [ view_parse ] --START--
INFO: [ template_filter ] --START--
INFO: Run Behavior\ContentReplaceBehavior [ RunTime:0.000000s ]
INFO: [ template_filter ] --END-- [ RunTime:0.000000s ]
INFO: Run Behavior\ParseTemplateBehavior [ RunTime:0.006001s ]
INFO: [ view_parse ] --END-- [ RunTime:0.006001s ]
INFO: [ view_filter ] --START--
INFO: Run Behavior\WriteHtmlCacheBehavior [ RunTime:0.000000s ]
INFO: [ view_filter ] --END-- [ RunTime:0.000000s ]
INFO: [ app_end ] --START--
INFO: Run Behavior\ShowPageTraceBehavior [ RunTime:0.001000s ]
INFO: [ app_end ] --END-- [ RunTime:0.001000s ]

[ 2017-12-13T21:29:13+08:00 ] ::1 /TP/index.php/Users/Users/index.html
INFO: [ app_init ] --START--
INFO: Run Behavior\BuildLiteBehavior [ RunTime:0.000000s ]
INFO: [ app_init ] --END-- [ RunTime:0.001000s ]
INFO: [ app_begin ] --START--
INFO: Run Behavior\ReadHtmlCacheBehavior [ RunTime:0.001000s ]
INFO: [ app_begin ] --END-- [ RunTime:0.002000s ]
SQL: SHOW COLUMNS FROM `consume_list` [ RunTime:0.0010s ]
SQL: SHOW COLUMNS FROM `users_integral_list` [ RunTime:0.0010s ]
SQL: SELECT SUM(consume_money) AS tp_sum FROM `consume_list` WHERE `users_id` = 24 LIMIT 1   [ RunTime:0.0000s ]
SQL: SELECT SUM(users_get_integral) AS tp_sum FROM `users_integral_list` WHERE `users_id` = 24 LIMIT 1   [ RunTime:0.0000s ]
NOTIC: [8] curl_setopt(): CURLOPT_SSL_VERIFYHOST no longer accepts the value 1, value 2 will be used instead D:\wamp64\www\TP\ThinkPHP\Library\Org\Wxsdk\Jssdk.class.php 第 97 行.
NOTIC: [8] Trying to get property of non-object D:\wamp64\www\TP\ThinkPHP\Library\Org\Wxsdk\Jssdk.class.php 第 78 行.
NOTIC: [8] curl_setopt(): CURLOPT_SSL_VERIFYHOST no longer accepts the value 1, value 2 will be used instead D:\wamp64\www\TP\ThinkPHP\Library\Org\Wxsdk\Jssdk.class.php 第 97 行.
NOTIC: [8] Trying to get property of non-object D:\wamp64\www\TP\ThinkPHP\Library\Org\Wxsdk\Jssdk.class.php 第 57 行.
INFO: [ view_parse ] --START--
INFO: [ template_filter ] --START--
INFO: Run Behavior\ContentReplaceBehavior [ RunTime:0.000000s ]
INFO: [ template_filter ] --END-- [ RunTime:0.001000s ]
INFO: Run Behavior\ParseTemplateBehavior [ RunTime:0.024002s ]
INFO: [ view_parse ] --END-- [ RunTime:0.025002s ]
INFO: [ view_filter ] --START--
INFO: Run Behavior\WriteHtmlCacheBehavior [ RunTime:0.001000s ]
INFO: [ view_filter ] --END-- [ RunTime:0.001000s ]
INFO: [ app_end ] --START--
INFO: Run Behavior\ShowPageTraceBehavior [ RunTime:0.002000s ]
INFO: [ app_end ] --END-- [ RunTime:0.002000s ]

[ 2017-12-13T21:34:04+08:00 ] ::1 /TP/index.php/Users
INFO: [ app_init ] --START--
INFO: Run Behavior\BuildLiteBehavior [ RunTime:0.000000s ]
INFO: [ app_init ] --END-- [ RunTime:0.001001s ]
INFO: [ app_begin ] --START--
INFO: Run Behavior\ReadHtmlCacheBehavior [ RunTime:0.001000s ]
INFO: [ app_begin ] --END-- [ RunTime:0.001000s ]
SQL: SHOW COLUMNS FROM `consume_list` [ RunTime:0.0010s ]
SQL: SHOW COLUMNS FROM `users_integral_list` [ RunTime:0.0010s ]
SQL: SELECT SUM(consume_money) AS tp_sum FROM `consume_list` WHERE `users_id` = 24 LIMIT 1   [ RunTime:0.0000s ]
SQL: SELECT SUM(users_get_integral) AS tp_sum FROM `users_integral_list` WHERE `users_id` = 24 LIMIT 1   [ RunTime:0.0010s ]
NOTIC: [8] curl_setopt(): CURLOPT_SSL_VERIFYHOST no longer accepts the value 1, value 2 will be used instead D:\wamp64\www\TP\ThinkPHP\Library\Org\Wxsdk\Jssdk.class.php 第 97 行.
NOTIC: [8] Trying to get property of non-object D:\wamp64\www\TP\ThinkPHP\Library\Org\Wxsdk\Jssdk.class.php 第 78 行.
NOTIC: [8] curl_setopt(): CURLOPT_SSL_VERIFYHOST no longer accepts the value 1, value 2 will be used instead D:\wamp64\www\TP\ThinkPHP\Library\Org\Wxsdk\Jssdk.class.php 第 97 行.
NOTIC: [8] Trying to get property of non-object D:\wamp64\www\TP\ThinkPHP\Library\Org\Wxsdk\Jssdk.class.php 第 57 行.
INFO: [ view_parse ] --START--
INFO: [ template_filter ] --START--
INFO: Run Behavior\ContentReplaceBehavior [ RunTime:0.000000s ]
INFO: [ template_filter ] --END-- [ RunTime:0.000000s ]
INFO: Run Behavior\ParseTemplateBehavior [ RunTime:0.025001s ]
INFO: [ view_parse ] --END-- [ RunTime:0.026002s ]
INFO: [ view_filter ] --START--
INFO: Run Behavior\WriteHtmlCacheBehavior [ RunTime:0.003000s ]
INFO: [ view_filter ] --END-- [ RunTime:0.003000s ]
INFO: [ app_end ] --START--
INFO: Run Behavior\ShowPageTraceBehavior [ RunTime:0.003000s ]
INFO: [ app_end ] --END-- [ RunTime:0.003000s ]

